[0.024s] Invoking command in '/home/akun/workspace/CAR/1_URDF_ws/build/robot': CMAKE_PREFIX_PATH=${CMAKE_PREFIX_PATH}:/home/akun/workspace/CAR/simulation_ws/install/cmd_vel_smooth:/opt/ros/humble /usr/bin/cmake --build /home/akun/workspace/CAR/1_URDF_ws/build/robot -- -j32 -l32
[0.077s] Invoked command in '/home/akun/workspace/CAR/1_URDF_ws/build/robot' returned '0': CMAKE_PREFIX_PATH=${CMAKE_PREFIX_PATH}:/home/akun/workspace/CAR/simulation_ws/install/cmd_vel_smooth:/opt/ros/humble /usr/bin/cmake --build /home/akun/workspace/CAR/1_URDF_ws/build/robot -- -j32 -l32
[0.085s] Invoking command in '/home/akun/workspace/CAR/1_URDF_ws/build/robot': CMAKE_PREFIX_PATH=${CMAKE_PREFIX_PATH}:/home/akun/workspace/CAR/simulation_ws/install/cmd_vel_smooth:/opt/ros/humble /usr/bin/cmake --install /home/akun/workspace/CAR/1_URDF_ws/build/robot
[0.090s] -- Install configuration: ""
[0.090s] -- Up-to-date: /home/akun/workspace/CAR/1_URDF_ws/install/robot/share/robot/launch
[0.090s] -- Up-to-date: /home/akun/workspace/CAR/1_URDF_ws/install/robot/share/robot/launch/my_launch.py
[0.090s] -- Up-to-date: /home/akun/workspace/CAR/1_URDF_ws/install/robot/share/robot/launch/gazebo_sim.launch.py
[0.090s] -- Up-to-date: /home/akun/workspace/CAR/1_URDF_ws/install/robot/share/robot/urdf
[0.090s] -- Up-to-date: /home/akun/workspace/CAR/1_URDF_ws/install/robot/share/robot/urdf/first_robot.xacro
[0.090s] -- Up-to-date: /home/akun/workspace/CAR/1_URDF_ws/install/robot/share/robot/urdf/robot
[0.091s] -- Up-to-date: /home/akun/workspace/CAR/1_URDF_ws/install/robot/share/robot/urdf/robot/sensor
[0.091s] -- Up-to-date: /home/akun/workspace/CAR/1_URDF_ws/install/robot/share/robot/urdf/robot/sensor/laser.urdf.xacro
[0.091s] -- Up-to-date: /home/akun/workspace/CAR/1_URDF_ws/install/robot/share/robot/urdf/robot/sensor/imu.urdf.xacro
[0.091s] -- Up-to-date: /home/akun/workspace/CAR/1_URDF_ws/install/robot/share/robot/urdf/robot/sensor/camera.urdf.xacro
[0.091s] -- Up-to-date: /home/akun/workspace/CAR/1_URDF_ws/install/robot/share/robot/urdf/robot/sensor/laser_back.urdf.xacro
[0.091s] -- Up-to-date: /home/akun/workspace/CAR/1_URDF_ws/install/robot/share/robot/urdf/robot/common_inertial.xacro
[0.091s] -- Up-to-date: /home/akun/workspace/CAR/1_URDF_ws/install/robot/share/robot/urdf/robot/base.urdf.xacro
[0.091s] -- Up-to-date: /home/akun/workspace/CAR/1_URDF_ws/install/robot/share/robot/urdf/robot/actor
[0.091s] -- Installing: /home/akun/workspace/CAR/1_URDF_ws/install/robot/share/robot/urdf/robot/actor/wheel_congdong.urdf.xacro
[0.093s] -- Up-to-date: /home/akun/workspace/CAR/1_URDF_ws/install/robot/share/robot/urdf/robot/actor/wheel.urdf.xacro
[0.093s] -- Up-to-date: /home/akun/workspace/CAR/1_URDF_ws/install/robot/share/robot/urdf/robot/robot.urdf.xacro
[0.093s] -- Up-to-date: /home/akun/workspace/CAR/1_URDF_ws/install/robot/share/robot/urdf/robot/plugins
[0.093s] -- Installing: /home/akun/workspace/CAR/1_URDF_ws/install/robot/share/robot/urdf/robot/plugins/gazebo_control_plugin.xacro
[0.094s] -- Up-to-date: /home/akun/workspace/CAR/1_URDF_ws/install/robot/share/robot/urdf/robot/plugins/gazebo_laser_plugin_back.xacro
[0.094s] -- Up-to-date: /home/akun/workspace/CAR/1_URDF_ws/install/robot/share/robot/urdf/robot/plugins/gazebo_laser_plugin.xacro
[0.095s] -- Up-to-date: /home/akun/workspace/CAR/1_URDF_ws/install/robot/share/robot/urdf/robot/plugins/gazebo_imu_plugin.xacro
[0.095s] -- Up-to-date: /home/akun/workspace/CAR/1_URDF_ws/install/robot/share/robot/urdf/first_robot.pdf
[0.095s] -- Up-to-date: /home/akun/workspace/CAR/1_URDF_ws/install/robot/share/robot/urdf/first_robot.urdf
[0.095s] -- Up-to-date: /home/akun/workspace/CAR/1_URDF_ws/install/robot/share/robot/urdf/first_robot.gv
[0.095s] -- Up-to-date: /home/akun/workspace/CAR/1_URDF_ws/install/robot/share/robot/rviz_config
[0.095s] -- Up-to-date: /home/akun/workspace/CAR/1_URDF_ws/install/robot/share/robot/rviz_config/robot_model.rviz
[0.096s] -- Up-to-date: /home/akun/workspace/CAR/1_URDF_ws/install/robot/share/robot/world
[0.096s] -- Up-to-date: /home/akun/workspace/CAR/1_URDF_ws/install/robot/share/robot/world/custom_world2.world
[0.096s] -- Up-to-date: /home/akun/workspace/CAR/1_URDF_ws/install/robot/share/robot/world/room
[0.096s] -- Up-to-date: /home/akun/workspace/CAR/1_URDF_ws/install/robot/share/robot/world/room/model.sdf
[0.096s] -- Up-to-date: /home/akun/workspace/CAR/1_URDF_ws/install/robot/share/robot/world/room/model.config
[0.096s] -- Up-to-date: /home/akun/workspace/CAR/1_URDF_ws/install/robot/share/robot/world/custom_world.world
[0.096s] -- Up-to-date: /home/akun/workspace/CAR/1_URDF_ws/install/robot/share/robot/world/meshes
[0.096s] -- Up-to-date: /home/akun/workspace/CAR/1_URDF_ws/install/robot/share/robot/world/meshes/RMUL2024_world
[0.096s] -- Up-to-date: /home/akun/workspace/CAR/1_URDF_ws/install/robot/share/robot/world/meshes/RMUL2024_world/meshes
[0.097s] -- Up-to-date: /home/akun/workspace/CAR/1_URDF_ws/install/robot/share/robot/world/meshes/RMUL2024_world/meshes/RMUL_2024.stl
[0.097s] -- Up-to-date: /home/akun/workspace/CAR/1_URDF_ws/install/robot/share/robot/world/meshes/mid360.stl
[0.097s] -- Up-to-date: /home/akun/workspace/CAR/1_URDF_ws/install/robot/share/robot/world/meshes/RMUC2024_world
[0.097s] -- Up-to-date: /home/akun/workspace/CAR/1_URDF_ws/install/robot/share/robot/world/meshes/RMUC2024_world/model.sdf
[0.097s] -- Up-to-date: /home/akun/workspace/CAR/1_URDF_ws/install/robot/share/robot/world/meshes/RMUC2024_world/meshes
[0.097s] -- Up-to-date: /home/akun/workspace/CAR/1_URDF_ws/install/robot/share/robot/world/meshes/RMUC2024_world/meshes/RMUC_2024.stl
[0.097s] -- Up-to-date: /home/akun/workspace/CAR/1_URDF_ws/install/robot/share/robot/world/meshes/RMUC2024_world/model.config
[0.097s] -- Up-to-date: /home/akun/workspace/CAR/1_URDF_ws/install/robot/share/robot/world/meshes/obstacles
[0.097s] -- Up-to-date: /home/akun/workspace/CAR/1_URDF_ws/install/robot/share/robot/world/meshes/obstacles/obstacle11
[0.097s] -- Up-to-date: /home/akun/workspace/CAR/1_URDF_ws/install/robot/share/robot/world/meshes/obstacles/obstacle11/model.sdf
[0.097s] -- Up-to-date: /home/akun/workspace/CAR/1_URDF_ws/install/robot/share/robot/world/meshes/obstacles/obstacle11/model.config
[0.098s] -- Up-to-date: /home/akun/workspace/CAR/1_URDF_ws/install/robot/share/robot/world/meshes/obstacles/obstacle10
[0.098s] -- Up-to-date: /home/akun/workspace/CAR/1_URDF_ws/install/robot/share/robot/world/meshes/obstacles/obstacle10/model.sdf
[0.098s] -- Up-to-date: /home/akun/workspace/CAR/1_URDF_ws/install/robot/share/robot/world/meshes/obstacles/obstacle10/model.config
[0.098s] -- Up-to-date: /home/akun/workspace/CAR/1_URDF_ws/install/robot/share/robot/world/meshes/obstacles/obstacle1
[0.098s] -- Up-to-date: /home/akun/workspace/CAR/1_URDF_ws/install/robot/share/robot/world/meshes/obstacles/obstacle1/model.sdf
[0.098s] -- Up-to-date: /home/akun/workspace/CAR/1_URDF_ws/install/robot/share/robot/world/meshes/obstacles/obstacle1/model.config
[0.098s] -- Up-to-date: /home/akun/workspace/CAR/1_URDF_ws/install/robot/share/robot/world/meshes/obstacles/obstacle9
[0.098s] -- Up-to-date: /home/akun/workspace/CAR/1_URDF_ws/install/robot/share/robot/world/meshes/obstacles/obstacle9/model.sdf
[0.098s] -- Up-to-date: /home/akun/workspace/CAR/1_URDF_ws/install/robot/share/robot/world/meshes/obstacles/obstacle9/model.config
[0.098s] -- Up-to-date: /home/akun/workspace/CAR/1_URDF_ws/install/robot/share/robot/world/meshes/obstacles/obstacle3
[0.098s] -- Up-to-date: /home/akun/workspace/CAR/1_URDF_ws/install/robot/share/robot/world/meshes/obstacles/obstacle3/model.sdf
[0.098s] -- Up-to-date: /home/akun/workspace/CAR/1_URDF_ws/install/robot/share/robot/world/meshes/obstacles/obstacle3/model.config
[0.099s] -- Up-to-date: /home/akun/workspace/CAR/1_URDF_ws/install/robot/share/robot/world/meshes/obstacles/obstacle_plugin
[0.099s] -- Up-to-date: /home/akun/workspace/CAR/1_URDF_ws/install/robot/share/robot/world/meshes/obstacles/obstacle_plugin/obstacle6.cc
[0.099s] -- Up-to-date: /home/akun/workspace/CAR/1_URDF_ws/install/robot/share/robot/world/meshes/obstacles/obstacle_plugin/obstacle3.cc
[0.099s] -- Up-to-date: /home/akun/workspace/CAR/1_URDF_ws/install/robot/share/robot/world/meshes/obstacles/obstacle_plugin/obstacle8.cc
[0.099s] -- Up-to-date: /home/akun/workspace/CAR/1_URDF_ws/install/robot/share/robot/world/meshes/obstacles/obstacle_plugin/CMakeLists.txt
[0.099s] -- Up-to-date: /home/akun/workspace/CAR/1_URDF_ws/install/robot/share/robot/world/meshes/obstacles/obstacle_plugin/obstacles.cc
[0.099s] -- Up-to-date: /home/akun/workspace/CAR/1_URDF_ws/install/robot/share/robot/world/meshes/obstacles/obstacle_plugin/obstacle4.cc
[0.099s] -- Up-to-date: /home/akun/workspace/CAR/1_URDF_ws/install/robot/share/robot/world/meshes/obstacles/obstacle_plugin/obstacle11.cc
[0.099s] -- Up-to-date: /home/akun/workspace/CAR/1_URDF_ws/install/robot/share/robot/world/meshes/obstacles/obstacle_plugin/obstacle5.cc
[0.099s] -- Up-to-date: /home/akun/workspace/CAR/1_URDF_ws/install/robot/share/robot/world/meshes/obstacles/obstacle_plugin/obstacle2.cc
[0.099s] -- Up-to-date: /home/akun/workspace/CAR/1_URDF_ws/install/robot/share/robot/world/meshes/obstacles/obstacle_plugin/obstacle13.cc
[0.099s] -- Up-to-date: /home/akun/workspace/CAR/1_URDF_ws/install/robot/share/robot/world/meshes/obstacles/obstacle_plugin/obstacle1.cc
[0.100s] -- Up-to-date: /home/akun/workspace/CAR/1_URDF_ws/install/robot/share/robot/world/meshes/obstacles/obstacle_plugin/obstacle7.cc
[0.100s] -- Up-to-date: /home/akun/workspace/CAR/1_URDF_ws/install/robot/share/robot/world/meshes/obstacles/obstacle_plugin/obstacle10.cc
[0.100s] -- Up-to-date: /home/akun/workspace/CAR/1_URDF_ws/install/robot/share/robot/world/meshes/obstacles/obstacle_plugin/obstacle12.cc
[0.100s] -- Up-to-date: /home/akun/workspace/CAR/1_URDF_ws/install/robot/share/robot/world/meshes/obstacles/obstacle_plugin/obstacle9.cc
[0.100s] -- Up-to-date: /home/akun/workspace/CAR/1_URDF_ws/install/robot/share/robot/world/meshes/obstacles/obstacle_plugin/lib
[0.100s] -- Up-to-date: /home/akun/workspace/CAR/1_URDF_ws/install/robot/share/robot/world/meshes/obstacles/obstacle_plugin/lib/libobstacle9.so
[0.100s] -- Up-to-date: /home/akun/workspace/CAR/1_URDF_ws/install/robot/share/robot/world/meshes/obstacles/obstacle_plugin/lib/libobstacles.so
[0.100s] -- Up-to-date: /home/akun/workspace/CAR/1_URDF_ws/install/robot/share/robot/world/meshes/obstacles/obstacle_plugin/lib/libobstacle1.so
[0.100s] -- Up-to-date: /home/akun/workspace/CAR/1_URDF_ws/install/robot/share/robot/world/meshes/obstacles/obstacle_plugin/lib/libobstacle7.so
[0.100s] -- Up-to-date: /home/akun/workspace/CAR/1_URDF_ws/install/robot/share/robot/world/meshes/obstacles/obstacle_plugin/lib/libobstacle11.so
[0.100s] -- Up-to-date: /home/akun/workspace/CAR/1_URDF_ws/install/robot/share/robot/world/meshes/obstacles/obstacle_plugin/lib/libobstacle6.so
[0.101s] -- Up-to-date: /home/akun/workspace/CAR/1_URDF_ws/install/robot/share/robot/world/meshes/obstacles/obstacle_plugin/lib/libobstacle5.so
[0.101s] -- Up-to-date: /home/akun/workspace/CAR/1_URDF_ws/install/robot/share/robot/world/meshes/obstacles/obstacle_plugin/lib/libobstacle3.so
[0.101s] -- Up-to-date: /home/akun/workspace/CAR/1_URDF_ws/install/robot/share/robot/world/meshes/obstacles/obstacle_plugin/lib/libobstacle4.so
[0.101s] -- Up-to-date: /home/akun/workspace/CAR/1_URDF_ws/install/robot/share/robot/world/meshes/obstacles/obstacle_plugin/lib/libobstacle8.so
[0.101s] -- Up-to-date: /home/akun/workspace/CAR/1_URDF_ws/install/robot/share/robot/world/meshes/obstacles/obstacle_plugin/lib/libobstacle2.so
[0.101s] -- Up-to-date: /home/akun/workspace/CAR/1_URDF_ws/install/robot/share/robot/world/meshes/obstacles/obstacle_plugin/lib/libobstacle12.so
[0.101s] -- Up-to-date: /home/akun/workspace/CAR/1_URDF_ws/install/robot/share/robot/world/meshes/obstacles/obstacle_plugin/lib/libobstacle10.so
[0.101s] -- Up-to-date: /home/akun/workspace/CAR/1_URDF_ws/install/robot/share/robot/world/meshes/obstacles/obstacle7
[0.101s] -- Up-to-date: /home/akun/workspace/CAR/1_URDF_ws/install/robot/share/robot/world/meshes/obstacles/obstacle7/model.sdf
[0.101s] -- Up-to-date: /home/akun/workspace/CAR/1_URDF_ws/install/robot/share/robot/world/meshes/obstacles/obstacle7/model.config
[0.101s] -- Up-to-date: /home/akun/workspace/CAR/1_URDF_ws/install/robot/share/robot/world/meshes/obstacles/obstacle5
[0.101s] -- Up-to-date: /home/akun/workspace/CAR/1_URDF_ws/install/robot/share/robot/world/meshes/obstacles/obstacle5/model.sdf
[0.101s] -- Up-to-date: /home/akun/workspace/CAR/1_URDF_ws/install/robot/share/robot/world/meshes/obstacles/obstacle5/model.config
[0.101s] -- Up-to-date: /home/akun/workspace/CAR/1_URDF_ws/install/robot/share/robot/world/meshes/obstacles/obstacle4
[0.102s] -- Up-to-date: /home/akun/workspace/CAR/1_URDF_ws/install/robot/share/robot/world/meshes/obstacles/obstacle4/model.sdf
[0.102s] -- Up-to-date: /home/akun/workspace/CAR/1_URDF_ws/install/robot/share/robot/world/meshes/obstacles/obstacle4/model.config
[0.102s] -- Up-to-date: /home/akun/workspace/CAR/1_URDF_ws/install/robot/share/robot/world/meshes/obstacles/obstacle2
[0.102s] -- Up-to-date: /home/akun/workspace/CAR/1_URDF_ws/install/robot/share/robot/world/meshes/obstacles/obstacle2/model.sdf
[0.102s] -- Up-to-date: /home/akun/workspace/CAR/1_URDF_ws/install/robot/share/robot/world/meshes/obstacles/obstacle2/model.config
[0.102s] -- Up-to-date: /home/akun/workspace/CAR/1_URDF_ws/install/robot/share/robot/world/meshes/obstacles/obstacle8
[0.102s] -- Up-to-date: /home/akun/workspace/CAR/1_URDF_ws/install/robot/share/robot/world/meshes/obstacles/obstacle8/model.sdf
[0.102s] -- Up-to-date: /home/akun/workspace/CAR/1_URDF_ws/install/robot/share/robot/world/meshes/obstacles/obstacle8/model.config
[0.102s] -- Up-to-date: /home/akun/workspace/CAR/1_URDF_ws/install/robot/share/robot/world/meshes/obstacles/obstacle6
[0.102s] -- Up-to-date: /home/akun/workspace/CAR/1_URDF_ws/install/robot/share/robot/world/meshes/obstacles/obstacle6/model.sdf
[0.102s] -- Up-to-date: /home/akun/workspace/CAR/1_URDF_ws/install/robot/share/robot/world/meshes/obstacles/obstacle6/model.config
[0.102s] -- Up-to-date: /home/akun/workspace/CAR/1_URDF_ws/install/robot/share/robot/world/meshes/obstacles/obstacle12
[0.102s] -- Up-to-date: /home/akun/workspace/CAR/1_URDF_ws/install/robot/share/robot/world/meshes/obstacles/obstacle12/model.sdf
[0.102s] -- Up-to-date: /home/akun/workspace/CAR/1_URDF_ws/install/robot/share/robot/world/meshes/obstacles/obstacle12/model.config
[0.102s] -- Up-to-date: /home/akun/workspace/CAR/1_URDF_ws/install/robot/share/robot/world/world
[0.102s] -- Up-to-date: /home/akun/workspace/CAR/1_URDF_ws/install/robot/share/robot/world/world/RMUL2024_world
[0.102s] -- Up-to-date: /home/akun/workspace/CAR/1_URDF_ws/install/robot/share/robot/world/world/RMUL2024_world/model.sdf
[0.102s] -- Up-to-date: /home/akun/workspace/CAR/1_URDF_ws/install/robot/share/robot/world/world/RMUL2024_world/RMUL2024_world.world
[0.102s] -- Up-to-date: /home/akun/workspace/CAR/1_URDF_ws/install/robot/share/robot/world/world/RMUL2024_world/model.config
[0.102s] -- Up-to-date: /home/akun/workspace/CAR/1_URDF_ws/install/robot/share/robot/world/world/RMUL2024_world/RMUL2024_world_dynamic_obstacles.world
[0.102s] -- Up-to-date: /home/akun/workspace/CAR/1_URDF_ws/install/robot/share/robot/world/world/RMUC2024_world
[0.103s] -- Up-to-date: /home/akun/workspace/CAR/1_URDF_ws/install/robot/share/robot/world/world/RMUC2024_world/RMUC2024_world.world
[0.103s] -- Up-to-date: /home/akun/workspace/CAR/1_URDF_ws/install/robot/share/robot/world/custom_room.world
[0.103s] -- Up-to-date: /home/akun/workspace/CAR/1_URDF_ws/install/robot/share/ament_index/resource_index/package_run_dependencies/robot
[0.103s] -- Up-to-date: /home/akun/workspace/CAR/1_URDF_ws/install/robot/share/ament_index/resource_index/parent_prefix_path/robot
[0.103s] -- Up-to-date: /home/akun/workspace/CAR/1_URDF_ws/install/robot/share/robot/environment/ament_prefix_path.sh
[0.103s] -- Up-to-date: /home/akun/workspace/CAR/1_URDF_ws/install/robot/share/robot/environment/ament_prefix_path.dsv
[0.103s] -- Up-to-date: /home/akun/workspace/CAR/1_URDF_ws/install/robot/share/robot/environment/path.sh
[0.103s] -- Up-to-date: /home/akun/workspace/CAR/1_URDF_ws/install/robot/share/robot/environment/path.dsv
[0.103s] -- Up-to-date: /home/akun/workspace/CAR/1_URDF_ws/install/robot/share/robot/local_setup.bash
[0.103s] -- Up-to-date: /home/akun/workspace/CAR/1_URDF_ws/install/robot/share/robot/local_setup.sh
[0.103s] -- Up-to-date: /home/akun/workspace/CAR/1_URDF_ws/install/robot/share/robot/local_setup.zsh
[0.103s] -- Up-to-date: /home/akun/workspace/CAR/1_URDF_ws/install/robot/share/robot/local_setup.dsv
[0.103s] -- Installing: /home/akun/workspace/CAR/1_URDF_ws/install/robot/share/robot/package.dsv
[0.103s] -- Up-to-date: /home/akun/workspace/CAR/1_URDF_ws/install/robot/share/ament_index/resource_index/packages/robot
[0.103s] -- Up-to-date: /home/akun/workspace/CAR/1_URDF_ws/install/robot/share/robot/cmake/robotConfig.cmake
[0.103s] -- Up-to-date: /home/akun/workspace/CAR/1_URDF_ws/install/robot/share/robot/cmake/robotConfig-version.cmake
[0.103s] -- Up-to-date: /home/akun/workspace/CAR/1_URDF_ws/install/robot/share/robot/package.xml
[0.105s] Invoked command in '/home/akun/workspace/CAR/1_URDF_ws/build/robot' returned '0': CMAKE_PREFIX_PATH=${CMAKE_PREFIX_PATH}:/home/akun/workspace/CAR/simulation_ws/install/cmd_vel_smooth:/opt/ros/humble /usr/bin/cmake --install /home/akun/workspace/CAR/1_URDF_ws/build/robot
