[0.016s] Invoking command in '/home/akun/workspace/CAR/1_URDF_ws/build/robot': CMAKE_PREFIX_PATH=${CMAKE_PREFIX_PATH}:/opt/ros/humble /usr/bin/cmake --build /home/akun/workspace/CAR/1_URDF_ws/build/robot -- -j32 -l32
[0.062s] Invoked command in '/home/akun/workspace/CAR/1_URDF_ws/build/robot' returned '0': CMAKE_PREFIX_PATH=${CMAKE_PREFIX_PATH}:/opt/ros/humble /usr/bin/cmake --build /home/akun/workspace/CAR/1_URDF_ws/build/robot -- -j32 -l32
[0.067s] Invoking command in '/home/akun/workspace/CAR/1_URDF_ws/build/robot': CMAKE_PREFIX_PATH=${CMAKE_PREFIX_PATH}:/opt/ros/humble /usr/bin/cmake --install /home/akun/workspace/CAR/1_URDF_ws/build/robot
[0.071s] -- Install configuration: ""
[0.072s] -- Up-to-date: /home/akun/workspace/CAR/1_URDF_ws/install/robot/share/robot/launch
[0.072s] -- Up-to-date: /home/akun/workspace/CAR/1_URDF_ws/install/robot/share/robot/launch/my_launch.py
[0.072s] -- Up-to-date: /home/akun/workspace/CAR/1_URDF_ws/install/robot/share/robot/launch/gazebo_sim.launch.py
[0.072s] -- Up-to-date: /home/akun/workspace/CAR/1_URDF_ws/install/robot/share/robot/urdf
[0.072s] -- Up-to-date: /home/akun/workspace/CAR/1_URDF_ws/install/robot/share/robot/urdf/first_robot.xacro
[0.072s] -- Up-to-date: /home/akun/workspace/CAR/1_URDF_ws/install/robot/share/robot/urdf/robot
[0.072s] -- Up-to-date: /home/akun/workspace/CAR/1_URDF_ws/install/robot/share/robot/urdf/robot/sensor
[0.072s] -- Up-to-date: /home/akun/workspace/CAR/1_URDF_ws/install/robot/share/robot/urdf/robot/sensor/laser.urdf.xacro
[0.072s] -- Up-to-date: /home/akun/workspace/CAR/1_URDF_ws/install/robot/share/robot/urdf/robot/sensor/imu.urdf.xacro
[0.072s] -- Up-to-date: /home/akun/workspace/CAR/1_URDF_ws/install/robot/share/robot/urdf/robot/sensor/camera.urdf.xacro
[0.072s] -- Up-to-date: /home/akun/workspace/CAR/1_URDF_ws/install/robot/share/robot/urdf/robot/sensor/laser_back.urdf.xacro
[0.072s] -- Up-to-date: /home/akun/workspace/CAR/1_URDF_ws/install/robot/share/robot/urdf/robot/common_inertial.xacro
[0.072s] -- Up-to-date: /home/akun/workspace/CAR/1_URDF_ws/install/robot/share/robot/urdf/robot/base.urdf.xacro
[0.072s] -- Up-to-date: /home/akun/workspace/CAR/1_URDF_ws/install/robot/share/robot/urdf/robot/actor
[0.072s] -- Up-to-date: /home/akun/workspace/CAR/1_URDF_ws/install/robot/share/robot/urdf/robot/actor/wheel_congdong.urdf.xacro
[0.073s] -- Up-to-date: /home/akun/workspace/CAR/1_URDF_ws/install/robot/share/robot/urdf/robot/actor/wheel.urdf.xacro
[0.073s] -- Up-to-date: /home/akun/workspace/CAR/1_URDF_ws/install/robot/share/robot/urdf/robot/robot.urdf.xacro
[0.073s] -- Up-to-date: /home/akun/workspace/CAR/1_URDF_ws/install/robot/share/robot/urdf/robot/plugins
[0.073s] -- Up-to-date: /home/akun/workspace/CAR/1_URDF_ws/install/robot/share/robot/urdf/robot/plugins/gazebo_control_plugin.xacro
[0.073s] -- Up-to-date: /home/akun/workspace/CAR/1_URDF_ws/install/robot/share/robot/urdf/robot/plugins/gazebo_laser_plugin_back.xacro
[0.073s] -- Up-to-date: /home/akun/workspace/CAR/1_URDF_ws/install/robot/share/robot/urdf/robot/plugins/gazebo_laser_plugin.xacro
[0.073s] -- Up-to-date: /home/akun/workspace/CAR/1_URDF_ws/install/robot/share/robot/urdf/robot/plugins/gazebo_imu_plugin.xacro
[0.073s] -- Up-to-date: /home/akun/workspace/CAR/1_URDF_ws/install/robot/share/robot/urdf/first_robot.pdf
[0.073s] -- Up-to-date: /home/akun/workspace/CAR/1_URDF_ws/install/robot/share/robot/urdf/first_robot.urdf
[0.073s] -- Up-to-date: /home/akun/workspace/CAR/1_URDF_ws/install/robot/share/robot/urdf/first_robot.gv
[0.073s] -- Up-to-date: /home/akun/workspace/CAR/1_URDF_ws/install/robot/share/robot/rviz_config
[0.073s] -- Up-to-date: /home/akun/workspace/CAR/1_URDF_ws/install/robot/share/robot/rviz_config/robot_model.rviz
[0.073s] -- Up-to-date: /home/akun/workspace/CAR/1_URDF_ws/install/robot/share/robot/world
[0.073s] -- Up-to-date: /home/akun/workspace/CAR/1_URDF_ws/install/robot/share/robot/world/room
[0.073s] -- Up-to-date: /home/akun/workspace/CAR/1_URDF_ws/install/robot/share/robot/world/room/model.sdf
[0.073s] -- Up-to-date: /home/akun/workspace/CAR/1_URDF_ws/install/robot/share/robot/world/room/model.config
[0.073s] -- Up-to-date: /home/akun/workspace/CAR/1_URDF_ws/install/robot/share/robot/world/custom_world.world
[0.073s] -- Up-to-date: /home/akun/workspace/CAR/1_URDF_ws/install/robot/share/robot/world/world
[0.073s] -- Up-to-date: /home/akun/workspace/CAR/1_URDF_ws/install/robot/share/robot/world/custom_room.world
[0.073s] -- Up-to-date: /home/akun/workspace/CAR/1_URDF_ws/install/robot/share/ament_index/resource_index/package_run_dependencies/robot
[0.073s] -- Up-to-date: /home/akun/workspace/CAR/1_URDF_ws/install/robot/share/ament_index/resource_index/parent_prefix_path/robot
[0.073s] -- Up-to-date: /home/akun/workspace/CAR/1_URDF_ws/install/robot/share/robot/environment/ament_prefix_path.sh
[0.073s] -- Up-to-date: /home/akun/workspace/CAR/1_URDF_ws/install/robot/share/robot/environment/ament_prefix_path.dsv
[0.074s] -- Up-to-date: /home/akun/workspace/CAR/1_URDF_ws/install/robot/share/robot/environment/path.sh
[0.074s] -- Up-to-date: /home/akun/workspace/CAR/1_URDF_ws/install/robot/share/robot/environment/path.dsv
[0.074s] -- Up-to-date: /home/akun/workspace/CAR/1_URDF_ws/install/robot/share/robot/local_setup.bash
[0.074s] -- Up-to-date: /home/akun/workspace/CAR/1_URDF_ws/install/robot/share/robot/local_setup.sh
[0.074s] -- Up-to-date: /home/akun/workspace/CAR/1_URDF_ws/install/robot/share/robot/local_setup.zsh
[0.074s] -- Up-to-date: /home/akun/workspace/CAR/1_URDF_ws/install/robot/share/robot/local_setup.dsv
[0.074s] -- Installing: /home/akun/workspace/CAR/1_URDF_ws/install/robot/share/robot/package.dsv
[0.074s] -- Up-to-date: /home/akun/workspace/CAR/1_URDF_ws/install/robot/share/ament_index/resource_index/packages/robot
[0.075s] -- Up-to-date: /home/akun/workspace/CAR/1_URDF_ws/install/robot/share/robot/cmake/robotConfig.cmake
[0.075s] -- Up-to-date: /home/akun/workspace/CAR/1_URDF_ws/install/robot/share/robot/cmake/robotConfig-version.cmake
[0.075s] -- Up-to-date: /home/akun/workspace/CAR/1_URDF_ws/install/robot/share/robot/package.xml
[0.075s] Invoked command in '/home/akun/workspace/CAR/1_URDF_ws/build/robot' returned '0': CMAKE_PREFIX_PATH=${CMAKE_PREFIX_PATH}:/opt/ros/humble /usr/bin/cmake --install /home/akun/workspace/CAR/1_URDF_ws/build/robot
