[0.015s] Invoking command in '/home/akun/workspace/CAR/simulation_ws/build/sim_imu': CMAKE_PREFIX_PATH=${CMAKE_PREFIX_PATH}:/opt/ros/humble /usr/bin/cmake --build /home/akun/workspace/CAR/simulation_ws/build/sim_imu -- -j32 -l32
[0.058s] -- Found ament_cmake: 1.3.12 (/opt/ros/humble/share/ament_cmake/cmake)
[0.148s] -- Found rclcpp: 16.0.14 (/opt/ros/humble/share/rclcpp/cmake)
[0.265s] -- Found rosidl_generator_c: 3.1.7 (/opt/ros/humble/share/rosidl_generator_c/cmake)
[0.267s] -- Found rosidl_adapter: 3.1.7 (/opt/ros/humble/share/rosidl_adapter/cmake)
[0.273s] -- Found rosidl_generator_cpp: 3.1.7 (/opt/ros/humble/share/rosidl_generator_cpp/cmake)
[0.281s] -- Using all available rosidl_typesupport_c: rosidl_typesupport_fastrtps_c;rosidl_typesupport_introspection_c
[0.296s] -- Using all available rosidl_typesupport_cpp: rosidl_typesupport_fastrtps_cpp;rosidl_typesupport_introspection_cpp
[0.329s] -- Found rmw_implementation_cmake: 6.1.2 (/opt/ros/humble/share/rmw_implementation_cmake/cmake)
[0.331s] -- Found rmw_fastrtps_cpp: 6.2.8 (/opt/ros/humble/share/rmw_fastrtps_cpp/cmake)
[4.204s] -- Using RMW implementation 'rmw_fastrtps_cpp' as default
[4.258s] -- Found sensor_msgs: 4.9.0 (/opt/ros/humble/share/sensor_msgs/cmake)
[4.281s] -- Found tf2: 0.25.15 (/opt/ros/humble/share/tf2/cmake)
[4.285s] -- Found tf2_ros: 0.25.16 (/opt/ros/humble/share/tf2_ros/cmake)
[4.353s] -- Found tf2_geometry_msgs: 0.25.16 (/opt/ros/humble/share/tf2_geometry_msgs/cmake)
[4.357s] -- Found eigen3_cmake_module: 0.1.1 (/opt/ros/humble/share/eigen3_cmake_module/cmake)
[4.358s] -- Ensuring Eigen3 include directory is part of orocos-kdl CMake target
[4.360s] -- Found ament_lint_auto: 0.12.14 (/opt/ros/humble/share/ament_lint_auto/cmake)
[4.404s] -- Added test 'cppcheck' to perform static code analysis on C / C++ code
[4.404s] -- Configured cppcheck include dirs: 
[4.404s] -- Configured cppcheck exclude dirs and/or files: 
[4.405s] -- Added test 'lint_cmake' to check CMake code style
[4.406s] -- Added test 'uncrustify' to check C / C++ code style
[4.406s] -- Configured uncrustify additional arguments: 
[4.406s] -- Added test 'xmllint' to check XML markup files
[4.407s] -- Configuring done
[4.417s] -- Generating done
[4.420s] -- Build files have been written to: /home/akun/workspace/CAR/simulation_ws/build/sim_imu
[4.440s] [35m[1mConsolidate compiler generated dependencies of target sim_imu[0m
[4.453s] [ 50%] [32mBuilding CXX object CMakeFiles/sim_imu.dir/src/sim_imu.cpp.o[0m
[6.995s] [100%] [32m[1mLinking CXX executable sim_imu[0m
[7.192s] [100%] Built target sim_imu
