[0.193s] DEBUG:colcon:Command line arguments: ['/usr/bin/colcon', 'build']
[0.194s] DEBUG:colcon:Parsed command line arguments: Namespace(log_base=None, log_level=None, verb_name='build', build_base='build', install_base='install', merge_install=False, symlink_install=False, test_result_base=None, continue_on_error=False, executor='parallel', parallel_workers=32, event_handlers=None, ignore_user_meta=False, metas=['./colcon.meta'], base_paths=['.'], packages_ignore=None, packages_ignore_regex=None, paths=None, packages_up_to=None, packages_up_to_regex=None, packages_above=None, packages_above_and_dependencies=None, packages_above_depth=None, packages_select_by_dep=None, packages_skip_by_dep=None, packages_skip_up_to=None, packages_select_build_failed=False, packages_skip_build_finished=False, packages_select_test_failures=False, packages_skip_test_passed=False, packages_select=None, packages_skip=None, packages_select_regex=None, packages_skip_regex=None, packages_start=None, packages_end=None, allow_overriding=[], cmake_args=None, cmake_target=None, cmake_target_skip_unavailable=False, cmake_clean_cache=False, cmake_clean_first=False, cmake_force_configure=False, ament_cmake_args=None, catkin_cmake_args=None, catkin_skip_building_tests=False, verb_parser=<colcon_defaults.argument_parser.defaults.DefaultArgumentsDecorator object at 0x73052412c040>, verb_extension=<colcon_core.verb.build.BuildVerb object at 0x7305242d0d60>, main=<bound method BuildVerb.main of <colcon_core.verb.build.BuildVerb object at 0x7305242d0d60>>)
[0.334s] Level 1:colcon.colcon_core.package_discovery:discover_packages(colcon_meta) check parameters
[0.335s] Level 1:colcon.colcon_core.package_discovery:discover_packages(recursive) check parameters
[0.335s] Level 1:colcon.colcon_core.package_discovery:discover_packages(ignore) check parameters
[0.335s] Level 1:colcon.colcon_core.package_discovery:discover_packages(path) check parameters
[0.335s] Level 1:colcon.colcon_core.package_discovery:discover_packages(colcon_meta) discover
[0.335s] Level 1:colcon.colcon_core.package_discovery:discover_packages(recursive) discover
[0.335s] INFO:colcon.colcon_core.package_discovery:Crawling recursively for packages in '/home/akun/workspace/CAR/simulation_ws'
[0.335s] Level 1:colcon.colcon_core.package_identification:_identify(.) by extensions ['ignore', 'ignore_ament_install']
[0.335s] Level 1:colcon.colcon_core.package_identification:_identify(.) by extension 'ignore'
[0.335s] Level 1:colcon.colcon_core.package_identification:_identify(.) by extension 'ignore_ament_install'
[0.335s] Level 1:colcon.colcon_core.package_identification:_identify(.) by extensions ['colcon_pkg']
[0.335s] Level 1:colcon.colcon_core.package_identification:_identify(.) by extension 'colcon_pkg'
[0.335s] Level 1:colcon.colcon_core.package_identification:_identify(.) by extensions ['colcon_meta']
[0.335s] Level 1:colcon.colcon_core.package_identification:_identify(.) by extension 'colcon_meta'
[0.335s] Level 1:colcon.colcon_core.package_identification:_identify(.) by extensions ['ros']
[0.335s] Level 1:colcon.colcon_core.package_identification:_identify(.) by extension 'ros'
[0.344s] Level 1:colcon.colcon_core.package_identification:_identify(.) by extensions ['cmake', 'python']
[0.344s] Level 1:colcon.colcon_core.package_identification:_identify(.) by extension 'cmake'
[0.344s] Level 1:colcon.colcon_core.package_identification:_identify(.) by extension 'python'
[0.344s] Level 1:colcon.colcon_core.package_identification:_identify(.) by extensions ['python_setup_py']
[0.344s] Level 1:colcon.colcon_core.package_identification:_identify(.) by extension 'python_setup_py'
[0.344s] Level 1:colcon.colcon_core.package_identification:_identify(build) by extensions ['ignore', 'ignore_ament_install']
[0.344s] Level 1:colcon.colcon_core.package_identification:_identify(build) by extension 'ignore'
[0.344s] Level 1:colcon.colcon_core.package_identification:_identify(build) ignored
[0.344s] Level 1:colcon.colcon_core.package_identification:_identify(convert_time) by extensions ['ignore', 'ignore_ament_install']
[0.345s] Level 1:colcon.colcon_core.package_identification:_identify(convert_time) by extension 'ignore'
[0.345s] Level 1:colcon.colcon_core.package_identification:_identify(convert_time) by extension 'ignore_ament_install'
[0.345s] Level 1:colcon.colcon_core.package_identification:_identify(convert_time) by extensions ['colcon_pkg']
[0.345s] Level 1:colcon.colcon_core.package_identification:_identify(convert_time) by extension 'colcon_pkg'
[0.345s] Level 1:colcon.colcon_core.package_identification:_identify(convert_time) by extensions ['colcon_meta']
[0.345s] Level 1:colcon.colcon_core.package_identification:_identify(convert_time) by extension 'colcon_meta'
[0.345s] Level 1:colcon.colcon_core.package_identification:_identify(convert_time) by extensions ['ros']
[0.345s] Level 1:colcon.colcon_core.package_identification:_identify(convert_time) by extension 'ros'
[0.347s] DEBUG:colcon.colcon_core.package_identification:Package 'convert_time' with type 'ros.ament_cmake' and name 'convert_time'
[0.347s] Level 1:colcon.colcon_core.package_identification:_identify(install) by extensions ['ignore', 'ignore_ament_install']
[0.347s] Level 1:colcon.colcon_core.package_identification:_identify(install) by extension 'ignore'
[0.347s] Level 1:colcon.colcon_core.package_identification:_identify(install) ignored
[0.347s] Level 1:colcon.colcon_core.package_identification:_identify(launch_sim) by extensions ['ignore', 'ignore_ament_install']
[0.348s] Level 1:colcon.colcon_core.package_identification:_identify(launch_sim) by extension 'ignore'
[0.348s] Level 1:colcon.colcon_core.package_identification:_identify(launch_sim) by extension 'ignore_ament_install'
[0.348s] Level 1:colcon.colcon_core.package_identification:_identify(launch_sim) by extensions ['colcon_pkg']
[0.348s] Level 1:colcon.colcon_core.package_identification:_identify(launch_sim) by extension 'colcon_pkg'
[0.348s] Level 1:colcon.colcon_core.package_identification:_identify(launch_sim) by extensions ['colcon_meta']
[0.348s] Level 1:colcon.colcon_core.package_identification:_identify(launch_sim) by extension 'colcon_meta'
[0.348s] Level 1:colcon.colcon_core.package_identification:_identify(launch_sim) by extensions ['ros']
[0.348s] Level 1:colcon.colcon_core.package_identification:_identify(launch_sim) by extension 'ros'
[0.348s] DEBUG:colcon.colcon_core.package_identification:Package 'launch_sim' with type 'ros.ament_cmake' and name 'launch_sim'
[0.349s] Level 1:colcon.colcon_core.package_identification:_identify(log) by extensions ['ignore', 'ignore_ament_install']
[0.349s] Level 1:colcon.colcon_core.package_identification:_identify(log) by extension 'ignore'
[0.349s] Level 1:colcon.colcon_core.package_identification:_identify(log) ignored
[0.349s] Level 1:colcon.colcon_core.package_identification:_identify(sim_imu) by extensions ['ignore', 'ignore_ament_install']
[0.349s] Level 1:colcon.colcon_core.package_identification:_identify(sim_imu) by extension 'ignore'
[0.349s] Level 1:colcon.colcon_core.package_identification:_identify(sim_imu) by extension 'ignore_ament_install'
[0.349s] Level 1:colcon.colcon_core.package_identification:_identify(sim_imu) by extensions ['colcon_pkg']
[0.349s] Level 1:colcon.colcon_core.package_identification:_identify(sim_imu) by extension 'colcon_pkg'
[0.349s] Level 1:colcon.colcon_core.package_identification:_identify(sim_imu) by extensions ['colcon_meta']
[0.349s] Level 1:colcon.colcon_core.package_identification:_identify(sim_imu) by extension 'colcon_meta'
[0.349s] Level 1:colcon.colcon_core.package_identification:_identify(sim_imu) by extensions ['ros']
[0.349s] Level 1:colcon.colcon_core.package_identification:_identify(sim_imu) by extension 'ros'
[0.350s] DEBUG:colcon.colcon_core.package_identification:Package 'sim_imu' with type 'ros.ament_cmake' and name 'sim_imu'
[0.350s] Level 1:colcon.colcon_core.package_discovery:discover_packages(recursive) using defaults
[0.350s] Level 1:colcon.colcon_core.package_discovery:discover_packages(ignore) discover
[0.350s] Level 1:colcon.colcon_core.package_discovery:discover_packages(ignore) using defaults
[0.350s] Level 1:colcon.colcon_core.package_discovery:discover_packages(path) discover
[0.350s] Level 1:colcon.colcon_core.package_discovery:discover_packages(path) using defaults
[0.369s] Level 1:colcon.colcon_core.package_discovery:discover_packages(prefix_path) check parameters
[0.369s] Level 1:colcon.colcon_core.package_discovery:discover_packages(prefix_path) discover
[0.374s] WARNING:colcon.colcon_ros.prefix_path.catkin:The path '/tmp/usr/local' in the environment variable CMAKE_PREFIX_PATH doesn't exist
[0.375s] DEBUG:colcon.colcon_installed_package_information.package_discovery:Found 2 installed packages in /home/akun/workspace/CAR/simulation_ws/install
[0.376s] DEBUG:colcon.colcon_installed_package_information.package_discovery:Found 1 installed packages in /home/akun/workspace/CAR/LIO-SAM/install
[0.376s] DEBUG:colcon.colcon_installed_package_information.package_discovery:Found 2 installed packages in /home/akun/workspace/CAR/1_URDF_ws/install
[0.377s] DEBUG:colcon.colcon_installed_package_information.package_discovery:Found 1 installed packages in /home/akun/workspace/CAR/livox_ros_driver2/install
[0.377s] DEBUG:colcon.colcon_installed_package_information.package_discovery:Found 2 installed packages in /home/akun/workspace/CAR/real_ws/install
[0.378s] DEBUG:colcon.colcon_installed_package_information.package_discovery:Found 2 installed packages in /home/akun/workspace/CAR/yesense_ros2/install
[0.378s] DEBUG:colcon.colcon_installed_package_information.package_discovery:Found 1 installed packages in /home/akun/workspace/CAR/serial_ros2/install
[0.379s] DEBUG:colcon.colcon_installed_package_information.package_discovery:Found 334 installed packages in /opt/ros/humble
[0.385s] Level 1:colcon.colcon_core.package_discovery:discover_packages(prefix_path) using defaults
[0.461s] Level 5:colcon.colcon_core.verb:set package 'convert_time' build argument 'cmake_args' from command line to 'None'
[0.461s] Level 5:colcon.colcon_core.verb:set package 'convert_time' build argument 'cmake_target' from command line to 'None'
[0.461s] Level 5:colcon.colcon_core.verb:set package 'convert_time' build argument 'cmake_target_skip_unavailable' from command line to 'False'
[0.461s] Level 5:colcon.colcon_core.verb:set package 'convert_time' build argument 'cmake_clean_cache' from command line to 'False'
[0.461s] Level 5:colcon.colcon_core.verb:set package 'convert_time' build argument 'cmake_clean_first' from command line to 'False'
[0.461s] Level 5:colcon.colcon_core.verb:set package 'convert_time' build argument 'cmake_force_configure' from command line to 'False'
[0.461s] Level 5:colcon.colcon_core.verb:set package 'convert_time' build argument 'ament_cmake_args' from command line to 'None'
[0.461s] Level 5:colcon.colcon_core.verb:set package 'convert_time' build argument 'catkin_cmake_args' from command line to 'None'
[0.461s] Level 5:colcon.colcon_core.verb:set package 'convert_time' build argument 'catkin_skip_building_tests' from command line to 'False'
[0.461s] DEBUG:colcon.colcon_core.verb:Building package 'convert_time' with the following arguments: {'ament_cmake_args': None, 'build_base': '/home/akun/workspace/CAR/simulation_ws/build/convert_time', 'catkin_cmake_args': None, 'catkin_skip_building_tests': False, 'cmake_args': None, 'cmake_clean_cache': False, 'cmake_clean_first': False, 'cmake_force_configure': False, 'cmake_target': None, 'cmake_target_skip_unavailable': False, 'install_base': '/home/akun/workspace/CAR/simulation_ws/install/convert_time', 'merge_install': False, 'path': '/home/akun/workspace/CAR/simulation_ws/convert_time', 'symlink_install': False, 'test_result_base': None}
[0.461s] Level 5:colcon.colcon_core.verb:set package 'launch_sim' build argument 'cmake_args' from command line to 'None'
[0.461s] Level 5:colcon.colcon_core.verb:set package 'launch_sim' build argument 'cmake_target' from command line to 'None'
[0.461s] Level 5:colcon.colcon_core.verb:set package 'launch_sim' build argument 'cmake_target_skip_unavailable' from command line to 'False'
[0.461s] Level 5:colcon.colcon_core.verb:set package 'launch_sim' build argument 'cmake_clean_cache' from command line to 'False'
[0.461s] Level 5:colcon.colcon_core.verb:set package 'launch_sim' build argument 'cmake_clean_first' from command line to 'False'
[0.461s] Level 5:colcon.colcon_core.verb:set package 'launch_sim' build argument 'cmake_force_configure' from command line to 'False'
[0.461s] Level 5:colcon.colcon_core.verb:set package 'launch_sim' build argument 'ament_cmake_args' from command line to 'None'
[0.461s] Level 5:colcon.colcon_core.verb:set package 'launch_sim' build argument 'catkin_cmake_args' from command line to 'None'
[0.461s] Level 5:colcon.colcon_core.verb:set package 'launch_sim' build argument 'catkin_skip_building_tests' from command line to 'False'
[0.461s] DEBUG:colcon.colcon_core.verb:Building package 'launch_sim' with the following arguments: {'ament_cmake_args': None, 'build_base': '/home/akun/workspace/CAR/simulation_ws/build/launch_sim', 'catkin_cmake_args': None, 'catkin_skip_building_tests': False, 'cmake_args': None, 'cmake_clean_cache': False, 'cmake_clean_first': False, 'cmake_force_configure': False, 'cmake_target': None, 'cmake_target_skip_unavailable': False, 'install_base': '/home/akun/workspace/CAR/simulation_ws/install/launch_sim', 'merge_install': False, 'path': '/home/akun/workspace/CAR/simulation_ws/launch_sim', 'symlink_install': False, 'test_result_base': None}
[0.462s] Level 5:colcon.colcon_core.verb:set package 'sim_imu' build argument 'cmake_args' from command line to 'None'
[0.462s] Level 5:colcon.colcon_core.verb:set package 'sim_imu' build argument 'cmake_target' from command line to 'None'
[0.462s] Level 5:colcon.colcon_core.verb:set package 'sim_imu' build argument 'cmake_target_skip_unavailable' from command line to 'False'
[0.462s] Level 5:colcon.colcon_core.verb:set package 'sim_imu' build argument 'cmake_clean_cache' from command line to 'False'
[0.462s] Level 5:colcon.colcon_core.verb:set package 'sim_imu' build argument 'cmake_clean_first' from command line to 'False'
[0.462s] Level 5:colcon.colcon_core.verb:set package 'sim_imu' build argument 'cmake_force_configure' from command line to 'False'
[0.462s] Level 5:colcon.colcon_core.verb:set package 'sim_imu' build argument 'ament_cmake_args' from command line to 'None'
[0.462s] Level 5:colcon.colcon_core.verb:set package 'sim_imu' build argument 'catkin_cmake_args' from command line to 'None'
[0.462s] Level 5:colcon.colcon_core.verb:set package 'sim_imu' build argument 'catkin_skip_building_tests' from command line to 'False'
[0.462s] DEBUG:colcon.colcon_core.verb:Building package 'sim_imu' with the following arguments: {'ament_cmake_args': None, 'build_base': '/home/akun/workspace/CAR/simulation_ws/build/sim_imu', 'catkin_cmake_args': None, 'catkin_skip_building_tests': False, 'cmake_args': None, 'cmake_clean_cache': False, 'cmake_clean_first': False, 'cmake_force_configure': False, 'cmake_target': None, 'cmake_target_skip_unavailable': False, 'install_base': '/home/akun/workspace/CAR/simulation_ws/install/sim_imu', 'merge_install': False, 'path': '/home/akun/workspace/CAR/simulation_ws/sim_imu', 'symlink_install': False, 'test_result_base': None}
[0.462s] INFO:colcon.colcon_core.executor:Executing jobs using 'parallel' executor
[0.462s] DEBUG:colcon.colcon_parallel_executor.executor.parallel:run_until_complete
[0.462s] INFO:colcon.colcon_ros.task.ament_cmake.build:Building ROS package in '/home/akun/workspace/CAR/simulation_ws/convert_time' with build type 'ament_cmake'
[0.463s] INFO:colcon.colcon_cmake.task.cmake.build:Building CMake package in '/home/akun/workspace/CAR/simulation_ws/convert_time'
[0.465s] INFO:colcon.colcon_core.plugin_system:Skipping extension 'colcon_core.shell.bat': Not used on non-Windows systems
[0.466s] INFO:colcon.colcon_core.shell:Skip shell extension 'powershell' for command environment: Not usable outside of PowerShell
[0.466s] DEBUG:colcon.colcon_core.shell:Skip shell extension 'dsv' for command environment
[0.469s] INFO:colcon.colcon_ros.task.ament_cmake.build:Building ROS package in '/home/akun/workspace/CAR/simulation_ws/launch_sim' with build type 'ament_cmake'
[0.469s] INFO:colcon.colcon_cmake.task.cmake.build:Building CMake package in '/home/akun/workspace/CAR/simulation_ws/launch_sim'
[0.469s] INFO:colcon.colcon_core.shell:Skip shell extension 'powershell' for command environment: Not usable outside of PowerShell
[0.469s] DEBUG:colcon.colcon_core.shell:Skip shell extension 'dsv' for command environment
[0.472s] INFO:colcon.colcon_ros.task.ament_cmake.build:Building ROS package in '/home/akun/workspace/CAR/simulation_ws/sim_imu' with build type 'ament_cmake'
[0.472s] INFO:colcon.colcon_cmake.task.cmake.build:Building CMake package in '/home/akun/workspace/CAR/simulation_ws/sim_imu'
[0.473s] INFO:colcon.colcon_core.shell:Skip shell extension 'powershell' for command environment: Not usable outside of PowerShell
[0.473s] DEBUG:colcon.colcon_core.shell:Skip shell extension 'dsv' for command environment
[0.481s] DEBUG:colcon.colcon_core.event_handler.log_command:Invoking command in '/home/akun/workspace/CAR/simulation_ws/build/convert_time': CMAKE_PREFIX_PATH=${CMAKE_PREFIX_PATH}:/opt/ros/humble /usr/bin/cmake --build /home/akun/workspace/CAR/simulation_ws/build/convert_time -- -j32 -l32
[0.485s] DEBUG:colcon.colcon_core.event_handler.log_command:Invoking command in '/home/akun/workspace/CAR/simulation_ws/build/launch_sim': CMAKE_PREFIX_PATH=${CMAKE_PREFIX_PATH}:/opt/ros/humble /usr/bin/cmake /home/akun/workspace/CAR/simulation_ws/launch_sim -DCMAKE_INSTALL_PREFIX=/home/akun/workspace/CAR/simulation_ws/install/launch_sim
[0.489s] DEBUG:colcon.colcon_core.event_handler.log_command:Invoking command in '/home/akun/workspace/CAR/simulation_ws/build/sim_imu': CMAKE_PREFIX_PATH=${CMAKE_PREFIX_PATH}:/opt/ros/humble /usr/bin/cmake --build /home/akun/workspace/CAR/simulation_ws/build/sim_imu -- -j32 -l32
[0.577s] DEBUG:colcon.colcon_core.event_handler.log_command:Invoked command in '/home/akun/workspace/CAR/simulation_ws/build/convert_time' returned '0': CMAKE_PREFIX_PATH=${CMAKE_PREFIX_PATH}:/opt/ros/humble /usr/bin/cmake --build /home/akun/workspace/CAR/simulation_ws/build/convert_time -- -j32 -l32
[0.585s] DEBUG:colcon.colcon_core.event_handler.log_command:Invoking command in '/home/akun/workspace/CAR/simulation_ws/build/convert_time': CMAKE_PREFIX_PATH=${CMAKE_PREFIX_PATH}:/opt/ros/humble /usr/bin/cmake --install /home/akun/workspace/CAR/simulation_ws/build/convert_time
[0.593s] Level 1:colcon.colcon_core.environment:create_environment_scripts_only(convert_time)
[0.593s] DEBUG:colcon.colcon_core.event_handler.log_command:Invoked command in '/home/akun/workspace/CAR/simulation_ws/build/convert_time' returned '0': CMAKE_PREFIX_PATH=${CMAKE_PREFIX_PATH}:/opt/ros/humble /usr/bin/cmake --install /home/akun/workspace/CAR/simulation_ws/build/convert_time
[0.598s] Level 1:colcon.colcon_core.environment:checking '/home/akun/workspace/CAR/simulation_ws/install/convert_time' for CMake module files
[0.598s] Level 1:colcon.colcon_core.environment:checking '/home/akun/workspace/CAR/simulation_ws/install/convert_time' for CMake config files
[0.598s] Level 1:colcon.colcon_core.shell:create_environment_hook('convert_time', 'cmake_prefix_path')
[0.599s] INFO:colcon.colcon_core.shell:Creating environment hook '/home/akun/workspace/CAR/simulation_ws/install/convert_time/share/convert_time/hook/cmake_prefix_path.ps1'
[0.599s] INFO:colcon.colcon_core.shell:Creating environment descriptor '/home/akun/workspace/CAR/simulation_ws/install/convert_time/share/convert_time/hook/cmake_prefix_path.dsv'
[0.600s] INFO:colcon.colcon_core.shell:Creating environment hook '/home/akun/workspace/CAR/simulation_ws/install/convert_time/share/convert_time/hook/cmake_prefix_path.sh'
[0.601s] Level 1:colcon.colcon_core.environment:checking '/home/akun/workspace/CAR/simulation_ws/install/convert_time/lib'
[0.601s] Level 1:colcon.colcon_core.environment:checking '/home/akun/workspace/CAR/simulation_ws/install/convert_time/bin'
[0.601s] Level 1:colcon.colcon_core.environment:checking '/home/akun/workspace/CAR/simulation_ws/install/convert_time/lib/pkgconfig/convert_time.pc'
[0.601s] Level 1:colcon.colcon_core.environment:checking '/home/akun/workspace/CAR/simulation_ws/install/convert_time/lib/python3.10/site-packages'
[0.601s] Level 1:colcon.colcon_core.environment:checking '/home/akun/workspace/CAR/simulation_ws/install/convert_time/bin'
[0.601s] INFO:colcon.colcon_core.shell:Creating package script '/home/akun/workspace/CAR/simulation_ws/install/convert_time/share/convert_time/package.ps1'
[0.602s] INFO:colcon.colcon_core.shell:Creating package descriptor '/home/akun/workspace/CAR/simulation_ws/install/convert_time/share/convert_time/package.dsv'
[0.602s] INFO:colcon.colcon_core.shell:Creating package script '/home/akun/workspace/CAR/simulation_ws/install/convert_time/share/convert_time/package.sh'
[0.603s] INFO:colcon.colcon_core.shell:Creating package script '/home/akun/workspace/CAR/simulation_ws/install/convert_time/share/convert_time/package.bash'
[0.603s] INFO:colcon.colcon_core.shell:Creating package script '/home/akun/workspace/CAR/simulation_ws/install/convert_time/share/convert_time/package.zsh'
[0.604s] Level 1:colcon.colcon_core.environment:create_file_with_runtime_dependencies(/home/akun/workspace/CAR/simulation_ws/install/convert_time/share/colcon-core/packages/convert_time)
[0.604s] Level 1:colcon.colcon_core.environment:create_environment_scripts_only(convert_time)
[0.604s] Level 1:colcon.colcon_core.environment:checking '/home/akun/workspace/CAR/simulation_ws/install/convert_time' for CMake module files
[0.605s] Level 1:colcon.colcon_core.environment:checking '/home/akun/workspace/CAR/simulation_ws/install/convert_time' for CMake config files
[0.605s] Level 1:colcon.colcon_core.shell:create_environment_hook('convert_time', 'cmake_prefix_path')
[0.605s] INFO:colcon.colcon_core.shell:Creating environment hook '/home/akun/workspace/CAR/simulation_ws/install/convert_time/share/convert_time/hook/cmake_prefix_path.ps1'
[0.605s] INFO:colcon.colcon_core.shell:Creating environment descriptor '/home/akun/workspace/CAR/simulation_ws/install/convert_time/share/convert_time/hook/cmake_prefix_path.dsv'
[0.605s] INFO:colcon.colcon_core.shell:Creating environment hook '/home/akun/workspace/CAR/simulation_ws/install/convert_time/share/convert_time/hook/cmake_prefix_path.sh'
[0.606s] Level 1:colcon.colcon_core.environment:checking '/home/akun/workspace/CAR/simulation_ws/install/convert_time/lib'
[0.606s] Level 1:colcon.colcon_core.environment:checking '/home/akun/workspace/CAR/simulation_ws/install/convert_time/bin'
[0.606s] Level 1:colcon.colcon_core.environment:checking '/home/akun/workspace/CAR/simulation_ws/install/convert_time/lib/pkgconfig/convert_time.pc'
[0.606s] Level 1:colcon.colcon_core.environment:checking '/home/akun/workspace/CAR/simulation_ws/install/convert_time/lib/python3.10/site-packages'
[0.606s] Level 1:colcon.colcon_core.environment:checking '/home/akun/workspace/CAR/simulation_ws/install/convert_time/bin'
[0.606s] INFO:colcon.colcon_core.shell:Creating package script '/home/akun/workspace/CAR/simulation_ws/install/convert_time/share/convert_time/package.ps1'
[0.607s] INFO:colcon.colcon_core.shell:Creating package descriptor '/home/akun/workspace/CAR/simulation_ws/install/convert_time/share/convert_time/package.dsv'
[0.607s] INFO:colcon.colcon_core.shell:Creating package script '/home/akun/workspace/CAR/simulation_ws/install/convert_time/share/convert_time/package.sh'
[0.607s] INFO:colcon.colcon_core.shell:Creating package script '/home/akun/workspace/CAR/simulation_ws/install/convert_time/share/convert_time/package.bash'
[0.607s] INFO:colcon.colcon_core.shell:Creating package script '/home/akun/workspace/CAR/simulation_ws/install/convert_time/share/convert_time/package.zsh'
[0.608s] Level 1:colcon.colcon_core.environment:create_file_with_runtime_dependencies(/home/akun/workspace/CAR/simulation_ws/install/convert_time/share/colcon-core/packages/convert_time)
[1.970s] DEBUG:colcon.colcon_core.event_handler.log_command:Invoked command in '/home/akun/workspace/CAR/simulation_ws/build/launch_sim' returned '0': CMAKE_PREFIX_PATH=${CMAKE_PREFIX_PATH}:/opt/ros/humble /usr/bin/cmake /home/akun/workspace/CAR/simulation_ws/launch_sim -DCMAKE_INSTALL_PREFIX=/home/akun/workspace/CAR/simulation_ws/install/launch_sim
[1.971s] DEBUG:colcon.colcon_core.event_handler.log_command:Invoking command in '/home/akun/workspace/CAR/simulation_ws/build/launch_sim': CMAKE_PREFIX_PATH=${CMAKE_PREFIX_PATH}:/opt/ros/humble /usr/bin/cmake --build /home/akun/workspace/CAR/simulation_ws/build/launch_sim -- -j32 -l32
[1.994s] DEBUG:colcon.colcon_core.event_handler.log_command:Invoked command in '/home/akun/workspace/CAR/simulation_ws/build/launch_sim' returned '0': CMAKE_PREFIX_PATH=${CMAKE_PREFIX_PATH}:/opt/ros/humble /usr/bin/cmake --build /home/akun/workspace/CAR/simulation_ws/build/launch_sim -- -j32 -l32
[1.994s] DEBUG:colcon.colcon_core.event_handler.log_command:Invoking command in '/home/akun/workspace/CAR/simulation_ws/build/launch_sim': CMAKE_PREFIX_PATH=${CMAKE_PREFIX_PATH}:/opt/ros/humble /usr/bin/cmake --install /home/akun/workspace/CAR/simulation_ws/build/launch_sim
[2.003s] Level 1:colcon.colcon_core.environment:create_environment_scripts_only(launch_sim)
[2.003s] Level 1:colcon.colcon_core.environment:checking '/home/akun/workspace/CAR/simulation_ws/install/launch_sim' for CMake module files
[2.003s] DEBUG:colcon.colcon_core.event_handler.log_command:Invoked command in '/home/akun/workspace/CAR/simulation_ws/build/launch_sim' returned '0': CMAKE_PREFIX_PATH=${CMAKE_PREFIX_PATH}:/opt/ros/humble /usr/bin/cmake --install /home/akun/workspace/CAR/simulation_ws/build/launch_sim
[2.003s] Level 1:colcon.colcon_core.environment:checking '/home/akun/workspace/CAR/simulation_ws/install/launch_sim' for CMake config files
[2.003s] Level 1:colcon.colcon_core.shell:create_environment_hook('launch_sim', 'cmake_prefix_path')
[2.003s] INFO:colcon.colcon_core.shell:Creating environment hook '/home/akun/workspace/CAR/simulation_ws/install/launch_sim/share/launch_sim/hook/cmake_prefix_path.ps1'
[2.004s] INFO:colcon.colcon_core.shell:Creating environment descriptor '/home/akun/workspace/CAR/simulation_ws/install/launch_sim/share/launch_sim/hook/cmake_prefix_path.dsv'
[2.004s] INFO:colcon.colcon_core.shell:Creating environment hook '/home/akun/workspace/CAR/simulation_ws/install/launch_sim/share/launch_sim/hook/cmake_prefix_path.sh'
[2.004s] Level 1:colcon.colcon_core.environment:checking '/home/akun/workspace/CAR/simulation_ws/install/launch_sim/bin'
[2.004s] Level 1:colcon.colcon_core.environment:checking '/home/akun/workspace/CAR/simulation_ws/install/launch_sim/lib/pkgconfig/launch_sim.pc'
[2.005s] Level 1:colcon.colcon_core.environment:checking '/home/akun/workspace/CAR/simulation_ws/install/launch_sim/lib/python3.10/site-packages'
[2.005s] Level 1:colcon.colcon_core.environment:checking '/home/akun/workspace/CAR/simulation_ws/install/launch_sim/bin'
[2.005s] INFO:colcon.colcon_core.shell:Creating package script '/home/akun/workspace/CAR/simulation_ws/install/launch_sim/share/launch_sim/package.ps1'
[2.005s] INFO:colcon.colcon_core.shell:Creating package descriptor '/home/akun/workspace/CAR/simulation_ws/install/launch_sim/share/launch_sim/package.dsv'
[2.005s] INFO:colcon.colcon_core.shell:Creating package script '/home/akun/workspace/CAR/simulation_ws/install/launch_sim/share/launch_sim/package.sh'
[2.006s] INFO:colcon.colcon_core.shell:Creating package script '/home/akun/workspace/CAR/simulation_ws/install/launch_sim/share/launch_sim/package.bash'
[2.006s] INFO:colcon.colcon_core.shell:Creating package script '/home/akun/workspace/CAR/simulation_ws/install/launch_sim/share/launch_sim/package.zsh'
[2.006s] Level 1:colcon.colcon_core.environment:create_file_with_runtime_dependencies(/home/akun/workspace/CAR/simulation_ws/install/launch_sim/share/colcon-core/packages/launch_sim)
[2.007s] Level 1:colcon.colcon_core.environment:create_environment_scripts_only(launch_sim)
[2.007s] Level 1:colcon.colcon_core.environment:checking '/home/akun/workspace/CAR/simulation_ws/install/launch_sim' for CMake module files
[2.007s] Level 1:colcon.colcon_core.environment:checking '/home/akun/workspace/CAR/simulation_ws/install/launch_sim' for CMake config files
[2.007s] Level 1:colcon.colcon_core.shell:create_environment_hook('launch_sim', 'cmake_prefix_path')
[2.007s] INFO:colcon.colcon_core.shell:Creating environment hook '/home/akun/workspace/CAR/simulation_ws/install/launch_sim/share/launch_sim/hook/cmake_prefix_path.ps1'
[2.007s] INFO:colcon.colcon_core.shell:Creating environment descriptor '/home/akun/workspace/CAR/simulation_ws/install/launch_sim/share/launch_sim/hook/cmake_prefix_path.dsv'
[2.008s] INFO:colcon.colcon_core.shell:Creating environment hook '/home/akun/workspace/CAR/simulation_ws/install/launch_sim/share/launch_sim/hook/cmake_prefix_path.sh'
[2.008s] Level 1:colcon.colcon_core.environment:checking '/home/akun/workspace/CAR/simulation_ws/install/launch_sim/bin'
[2.008s] Level 1:colcon.colcon_core.environment:checking '/home/akun/workspace/CAR/simulation_ws/install/launch_sim/lib/pkgconfig/launch_sim.pc'
[2.008s] Level 1:colcon.colcon_core.environment:checking '/home/akun/workspace/CAR/simulation_ws/install/launch_sim/lib/python3.10/site-packages'
[2.008s] Level 1:colcon.colcon_core.environment:checking '/home/akun/workspace/CAR/simulation_ws/install/launch_sim/bin'
[2.009s] INFO:colcon.colcon_core.shell:Creating package script '/home/akun/workspace/CAR/simulation_ws/install/launch_sim/share/launch_sim/package.ps1'
[2.009s] INFO:colcon.colcon_core.shell:Creating package descriptor '/home/akun/workspace/CAR/simulation_ws/install/launch_sim/share/launch_sim/package.dsv'
[2.009s] INFO:colcon.colcon_core.shell:Creating package script '/home/akun/workspace/CAR/simulation_ws/install/launch_sim/share/launch_sim/package.sh'
[2.009s] INFO:colcon.colcon_core.shell:Creating package script '/home/akun/workspace/CAR/simulation_ws/install/launch_sim/share/launch_sim/package.bash'
[2.009s] INFO:colcon.colcon_core.shell:Creating package script '/home/akun/workspace/CAR/simulation_ws/install/launch_sim/share/launch_sim/package.zsh'
[2.010s] Level 1:colcon.colcon_core.environment:create_file_with_runtime_dependencies(/home/akun/workspace/CAR/simulation_ws/install/launch_sim/share/colcon-core/packages/launch_sim)
[3.724s] DEBUG:colcon.colcon_core.event_handler.log_command:Invoked command in '/home/akun/workspace/CAR/simulation_ws/build/sim_imu' returned '0': CMAKE_PREFIX_PATH=${CMAKE_PREFIX_PATH}:/opt/ros/humble /usr/bin/cmake --build /home/akun/workspace/CAR/simulation_ws/build/sim_imu -- -j32 -l32
[3.726s] DEBUG:colcon.colcon_core.event_handler.log_command:Invoking command in '/home/akun/workspace/CAR/simulation_ws/build/sim_imu': CMAKE_PREFIX_PATH=${CMAKE_PREFIX_PATH}:/opt/ros/humble /usr/bin/cmake --install /home/akun/workspace/CAR/simulation_ws/build/sim_imu
[3.734s] Level 1:colcon.colcon_core.environment:create_environment_scripts_only(sim_imu)
[3.735s] Level 1:colcon.colcon_core.environment:checking '/home/akun/workspace/CAR/simulation_ws/install/sim_imu' for CMake module files
[3.735s] DEBUG:colcon.colcon_core.event_handler.log_command:Invoked command in '/home/akun/workspace/CAR/simulation_ws/build/sim_imu' returned '0': CMAKE_PREFIX_PATH=${CMAKE_PREFIX_PATH}:/opt/ros/humble /usr/bin/cmake --install /home/akun/workspace/CAR/simulation_ws/build/sim_imu
[3.735s] Level 1:colcon.colcon_core.environment:checking '/home/akun/workspace/CAR/simulation_ws/install/sim_imu' for CMake config files
[3.736s] Level 1:colcon.colcon_core.shell:create_environment_hook('sim_imu', 'cmake_prefix_path')
[3.736s] INFO:colcon.colcon_core.shell:Creating environment hook '/home/akun/workspace/CAR/simulation_ws/install/sim_imu/share/sim_imu/hook/cmake_prefix_path.ps1'
[3.736s] INFO:colcon.colcon_core.shell:Creating environment descriptor '/home/akun/workspace/CAR/simulation_ws/install/sim_imu/share/sim_imu/hook/cmake_prefix_path.dsv'
[3.736s] INFO:colcon.colcon_core.shell:Creating environment hook '/home/akun/workspace/CAR/simulation_ws/install/sim_imu/share/sim_imu/hook/cmake_prefix_path.sh'
[3.737s] Level 1:colcon.colcon_core.environment:checking '/home/akun/workspace/CAR/simulation_ws/install/sim_imu/lib'
[3.737s] Level 1:colcon.colcon_core.environment:checking '/home/akun/workspace/CAR/simulation_ws/install/sim_imu/bin'
[3.737s] Level 1:colcon.colcon_core.environment:checking '/home/akun/workspace/CAR/simulation_ws/install/sim_imu/lib/pkgconfig/sim_imu.pc'
[3.737s] Level 1:colcon.colcon_core.environment:checking '/home/akun/workspace/CAR/simulation_ws/install/sim_imu/lib/python3.10/site-packages'
[3.737s] Level 1:colcon.colcon_core.environment:checking '/home/akun/workspace/CAR/simulation_ws/install/sim_imu/bin'
[3.737s] INFO:colcon.colcon_core.shell:Creating package script '/home/akun/workspace/CAR/simulation_ws/install/sim_imu/share/sim_imu/package.ps1'
[3.738s] INFO:colcon.colcon_core.shell:Creating package descriptor '/home/akun/workspace/CAR/simulation_ws/install/sim_imu/share/sim_imu/package.dsv'
[3.738s] INFO:colcon.colcon_core.shell:Creating package script '/home/akun/workspace/CAR/simulation_ws/install/sim_imu/share/sim_imu/package.sh'
[3.738s] INFO:colcon.colcon_core.shell:Creating package script '/home/akun/workspace/CAR/simulation_ws/install/sim_imu/share/sim_imu/package.bash'
[3.738s] INFO:colcon.colcon_core.shell:Creating package script '/home/akun/workspace/CAR/simulation_ws/install/sim_imu/share/sim_imu/package.zsh'
[3.738s] Level 1:colcon.colcon_core.environment:create_file_with_runtime_dependencies(/home/akun/workspace/CAR/simulation_ws/install/sim_imu/share/colcon-core/packages/sim_imu)
[3.739s] Level 1:colcon.colcon_core.environment:create_environment_scripts_only(sim_imu)
[3.739s] Level 1:colcon.colcon_core.environment:checking '/home/akun/workspace/CAR/simulation_ws/install/sim_imu' for CMake module files
[3.739s] Level 1:colcon.colcon_core.environment:checking '/home/akun/workspace/CAR/simulation_ws/install/sim_imu' for CMake config files
[3.739s] Level 1:colcon.colcon_core.shell:create_environment_hook('sim_imu', 'cmake_prefix_path')
[3.739s] INFO:colcon.colcon_core.shell:Creating environment hook '/home/akun/workspace/CAR/simulation_ws/install/sim_imu/share/sim_imu/hook/cmake_prefix_path.ps1'
[3.739s] INFO:colcon.colcon_core.shell:Creating environment descriptor '/home/akun/workspace/CAR/simulation_ws/install/sim_imu/share/sim_imu/hook/cmake_prefix_path.dsv'
[3.740s] INFO:colcon.colcon_core.shell:Creating environment hook '/home/akun/workspace/CAR/simulation_ws/install/sim_imu/share/sim_imu/hook/cmake_prefix_path.sh'
[3.740s] Level 1:colcon.colcon_core.environment:checking '/home/akun/workspace/CAR/simulation_ws/install/sim_imu/lib'
[3.740s] Level 1:colcon.colcon_core.environment:checking '/home/akun/workspace/CAR/simulation_ws/install/sim_imu/bin'
[3.740s] Level 1:colcon.colcon_core.environment:checking '/home/akun/workspace/CAR/simulation_ws/install/sim_imu/lib/pkgconfig/sim_imu.pc'
[3.740s] Level 1:colcon.colcon_core.environment:checking '/home/akun/workspace/CAR/simulation_ws/install/sim_imu/lib/python3.10/site-packages'
[3.740s] Level 1:colcon.colcon_core.environment:checking '/home/akun/workspace/CAR/simulation_ws/install/sim_imu/bin'
[3.740s] INFO:colcon.colcon_core.shell:Creating package script '/home/akun/workspace/CAR/simulation_ws/install/sim_imu/share/sim_imu/package.ps1'
[3.741s] INFO:colcon.colcon_core.shell:Creating package descriptor '/home/akun/workspace/CAR/simulation_ws/install/sim_imu/share/sim_imu/package.dsv'
[3.741s] INFO:colcon.colcon_core.shell:Creating package script '/home/akun/workspace/CAR/simulation_ws/install/sim_imu/share/sim_imu/package.sh'
[3.741s] INFO:colcon.colcon_core.shell:Creating package script '/home/akun/workspace/CAR/simulation_ws/install/sim_imu/share/sim_imu/package.bash'
[3.741s] INFO:colcon.colcon_core.shell:Creating package script '/home/akun/workspace/CAR/simulation_ws/install/sim_imu/share/sim_imu/package.zsh'
[3.741s] Level 1:colcon.colcon_core.environment:create_file_with_runtime_dependencies(/home/akun/workspace/CAR/simulation_ws/install/sim_imu/share/colcon-core/packages/sim_imu)
[3.741s] DEBUG:colcon.colcon_parallel_executor.executor.parallel:closing loop
[3.742s] DEBUG:colcon.colcon_parallel_executor.executor.parallel:loop closed
[3.742s] DEBUG:colcon.colcon_parallel_executor.executor.parallel:run_until_complete finished with '0'
[3.742s] DEBUG:colcon.colcon_core.event_reactor:joining thread
[3.775s] INFO:colcon.colcon_core.plugin_system:Skipping extension 'colcon_notification.desktop_notification.notify_send': Could not find 'notify-send'
[3.775s] INFO:colcon.colcon_core.plugin_system:Skipping extension 'colcon_notification.desktop_notification.terminal_notifier': Not used on non-Darwin systems
[3.775s] INFO:colcon.colcon_core.plugin_system:Skipping extension 'colcon_notification.desktop_notification.win32': Not used on non-Windows systems
[3.775s] INFO:colcon.colcon_notification.desktop_notification:Sending desktop notification using 'notify2'
[3.776s] DEBUG:colcon.colcon_notification.desktop_notification.notify2:Failed to initialize notify2: org.freedesktop.DBus.Error.FileNotFound: Failed to connect to socket /run/user/1000/bus: No such file or directory
[3.776s] DEBUG:colcon.colcon_core.event_reactor:joined thread
[3.776s] INFO:colcon.colcon_core.shell:Creating prefix script '/home/akun/workspace/CAR/simulation_ws/install/local_setup.ps1'
[3.777s] INFO:colcon.colcon_core.shell:Creating prefix util module '/home/akun/workspace/CAR/simulation_ws/install/_local_setup_util_ps1.py'
[3.778s] INFO:colcon.colcon_core.shell:Creating prefix chain script '/home/akun/workspace/CAR/simulation_ws/install/setup.ps1'
[3.779s] INFO:colcon.colcon_core.shell:Creating prefix script '/home/akun/workspace/CAR/simulation_ws/install/local_setup.sh'
[3.779s] INFO:colcon.colcon_core.shell:Creating prefix util module '/home/akun/workspace/CAR/simulation_ws/install/_local_setup_util_sh.py'
[3.780s] INFO:colcon.colcon_core.shell:Creating prefix chain script '/home/akun/workspace/CAR/simulation_ws/install/setup.sh'
[3.781s] INFO:colcon.colcon_core.shell:Creating prefix script '/home/akun/workspace/CAR/simulation_ws/install/local_setup.bash'
[3.781s] INFO:colcon.colcon_core.shell:Creating prefix chain script '/home/akun/workspace/CAR/simulation_ws/install/setup.bash'
[3.782s] INFO:colcon.colcon_core.shell:Creating prefix script '/home/akun/workspace/CAR/simulation_ws/install/local_setup.zsh'
[3.782s] INFO:colcon.colcon_core.shell:Creating prefix chain script '/home/akun/workspace/CAR/simulation_ws/install/setup.zsh'
