[0.095s] DEBUG:colcon:Command line arguments: ['/usr/bin/colcon', 'build', '--packages-select', 'yesense_std_ros2']
[0.095s] DEBUG:colcon:Parsed command line arguments: Namespace(log_base=None, log_level=None, verb_name='build', build_base='build', install_base='install', merge_install=False, symlink_install=False, test_result_base=None, continue_on_error=False, executor='parallel', parallel_workers=32, event_handlers=None, ignore_user_meta=False, metas=['./colcon.meta'], base_paths=['.'], packages_ignore=None, packages_ignore_regex=None, paths=None, packages_up_to=None, packages_up_to_regex=None, packages_above=None, packages_above_and_dependencies=None, packages_above_depth=None, packages_select_by_dep=None, packages_skip_by_dep=None, packages_skip_up_to=None, packages_select_build_failed=False, packages_skip_build_finished=False, packages_select_test_failures=False, packages_skip_test_passed=False, packages_select=['yesense_std_ros2'], packages_skip=None, packages_select_regex=None, packages_skip_regex=None, packages_start=None, packages_end=None, allow_overriding=[], cmake_args=None, cmake_target=None, cmake_target_skip_unavailable=False, cmake_clean_cache=False, cmake_clean_first=False, cmake_force_configure=False, ament_cmake_args=None, catkin_cmake_args=None, catkin_skip_building_tests=False, verb_parser=<colcon_defaults.argument_parser.defaults.DefaultArgumentsDecorator object at 0x7e24e7a60070>, verb_extension=<colcon_core.verb.build.BuildVerb object at 0x7e24e7bc4d90>, main=<bound method BuildVerb.main of <colcon_core.verb.build.BuildVerb object at 0x7e24e7bc4d90>>)
[0.166s] Level 1:colcon.colcon_core.package_discovery:discover_packages(colcon_meta) check parameters
[0.166s] Level 1:colcon.colcon_core.package_discovery:discover_packages(recursive) check parameters
[0.166s] Level 1:colcon.colcon_core.package_discovery:discover_packages(ignore) check parameters
[0.166s] Level 1:colcon.colcon_core.package_discovery:discover_packages(path) check parameters
[0.166s] Level 1:colcon.colcon_core.package_discovery:discover_packages(colcon_meta) discover
[0.166s] Level 1:colcon.colcon_core.package_discovery:discover_packages(recursive) discover
[0.166s] INFO:colcon.colcon_core.package_discovery:Crawling recursively for packages in '/home/akun/workspace/CAR/yesense_ros2'
[0.166s] Level 1:colcon.colcon_core.package_identification:_identify(.) by extensions ['ignore', 'ignore_ament_install']
[0.166s] Level 1:colcon.colcon_core.package_identification:_identify(.) by extension 'ignore'
[0.167s] Level 1:colcon.colcon_core.package_identification:_identify(.) by extension 'ignore_ament_install'
[0.167s] Level 1:colcon.colcon_core.package_identification:_identify(.) by extensions ['colcon_pkg']
[0.167s] Level 1:colcon.colcon_core.package_identification:_identify(.) by extension 'colcon_pkg'
[0.167s] Level 1:colcon.colcon_core.package_identification:_identify(.) by extensions ['colcon_meta']
[0.167s] Level 1:colcon.colcon_core.package_identification:_identify(.) by extension 'colcon_meta'
[0.167s] Level 1:colcon.colcon_core.package_identification:_identify(.) by extensions ['ros']
[0.167s] Level 1:colcon.colcon_core.package_identification:_identify(.) by extension 'ros'
[0.173s] Level 1:colcon.colcon_core.package_identification:_identify(.) by extensions ['cmake', 'python']
[0.173s] Level 1:colcon.colcon_core.package_identification:_identify(.) by extension 'cmake'
[0.173s] Level 1:colcon.colcon_core.package_identification:_identify(.) by extension 'python'
[0.173s] Level 1:colcon.colcon_core.package_identification:_identify(.) by extensions ['python_setup_py']
[0.173s] Level 1:colcon.colcon_core.package_identification:_identify(.) by extension 'python_setup_py'
[0.173s] Level 1:colcon.colcon_core.package_identification:_identify(build) by extensions ['ignore', 'ignore_ament_install']
[0.173s] Level 1:colcon.colcon_core.package_identification:_identify(build) by extension 'ignore'
[0.173s] Level 1:colcon.colcon_core.package_identification:_identify(build) ignored
[0.173s] Level 1:colcon.colcon_core.package_identification:_identify(install) by extensions ['ignore', 'ignore_ament_install']
[0.173s] Level 1:colcon.colcon_core.package_identification:_identify(install) by extension 'ignore'
[0.173s] Level 1:colcon.colcon_core.package_identification:_identify(install) ignored
[0.173s] Level 1:colcon.colcon_core.package_identification:_identify(log) by extensions ['ignore', 'ignore_ament_install']
[0.173s] Level 1:colcon.colcon_core.package_identification:_identify(log) by extension 'ignore'
[0.173s] Level 1:colcon.colcon_core.package_identification:_identify(log) ignored
[0.173s] Level 1:colcon.colcon_core.package_identification:_identify(yesense_interface) by extensions ['ignore', 'ignore_ament_install']
[0.173s] Level 1:colcon.colcon_core.package_identification:_identify(yesense_interface) by extension 'ignore'
[0.173s] Level 1:colcon.colcon_core.package_identification:_identify(yesense_interface) by extension 'ignore_ament_install'
[0.173s] Level 1:colcon.colcon_core.package_identification:_identify(yesense_interface) by extensions ['colcon_pkg']
[0.173s] Level 1:colcon.colcon_core.package_identification:_identify(yesense_interface) by extension 'colcon_pkg'
[0.173s] Level 1:colcon.colcon_core.package_identification:_identify(yesense_interface) by extensions ['colcon_meta']
[0.173s] Level 1:colcon.colcon_core.package_identification:_identify(yesense_interface) by extension 'colcon_meta'
[0.173s] Level 1:colcon.colcon_core.package_identification:_identify(yesense_interface) by extensions ['ros']
[0.173s] Level 1:colcon.colcon_core.package_identification:_identify(yesense_interface) by extension 'ros'
[0.174s] DEBUG:colcon.colcon_core.package_identification:Package 'yesense_interface' with type 'ros.ament_cmake' and name 'yesense_interface'
[0.174s] Level 1:colcon.colcon_core.package_identification:_identify(yesense_std_ros2) by extensions ['ignore', 'ignore_ament_install']
[0.175s] Level 1:colcon.colcon_core.package_identification:_identify(yesense_std_ros2) by extension 'ignore'
[0.175s] Level 1:colcon.colcon_core.package_identification:_identify(yesense_std_ros2) by extension 'ignore_ament_install'
[0.175s] Level 1:colcon.colcon_core.package_identification:_identify(yesense_std_ros2) by extensions ['colcon_pkg']
[0.175s] Level 1:colcon.colcon_core.package_identification:_identify(yesense_std_ros2) by extension 'colcon_pkg'
[0.175s] Level 1:colcon.colcon_core.package_identification:_identify(yesense_std_ros2) by extensions ['colcon_meta']
[0.175s] Level 1:colcon.colcon_core.package_identification:_identify(yesense_std_ros2) by extension 'colcon_meta'
[0.175s] Level 1:colcon.colcon_core.package_identification:_identify(yesense_std_ros2) by extensions ['ros']
[0.175s] Level 1:colcon.colcon_core.package_identification:_identify(yesense_std_ros2) by extension 'ros'
[0.175s] DEBUG:colcon.colcon_core.package_identification:Package 'yesense_std_ros2' with type 'ros.ament_cmake' and name 'yesense_std_ros2'
[0.175s] Level 1:colcon.colcon_core.package_discovery:discover_packages(recursive) using defaults
[0.175s] Level 1:colcon.colcon_core.package_discovery:discover_packages(ignore) discover
[0.175s] Level 1:colcon.colcon_core.package_discovery:discover_packages(ignore) using defaults
[0.175s] Level 1:colcon.colcon_core.package_discovery:discover_packages(path) discover
[0.175s] Level 1:colcon.colcon_core.package_discovery:discover_packages(path) using defaults
[0.185s] INFO:colcon.colcon_core.package_selection:Skipping not selected package 'yesense_interface' in 'yesense_interface'
[0.185s] Level 1:colcon.colcon_core.package_discovery:discover_packages(prefix_path) check parameters
[0.185s] Level 1:colcon.colcon_core.package_discovery:discover_packages(prefix_path) discover
[0.187s] WARNING:colcon.colcon_ros.prefix_path.catkin:The path '/tmp/usr/local' in the environment variable CMAKE_PREFIX_PATH doesn't exist
[0.187s] DEBUG:colcon.colcon_installed_package_information.package_discovery:Found 2 installed packages in /home/akun/workspace/CAR/yesense_ros2/install
[0.187s] DEBUG:colcon.colcon_installed_package_information.package_discovery:Found 1 installed packages in /home/akun/workspace/CAR/serial_ros2/install
[0.187s] DEBUG:colcon.colcon_installed_package_information.package_discovery:Found 2 installed packages in /home/akun/workspace/CAR/simulation_ws/install
[0.187s] DEBUG:colcon.colcon_installed_package_information.package_discovery:Found 1 installed packages in /home/akun/workspace/CAR/LIO-SAM/install
[0.188s] DEBUG:colcon.colcon_installed_package_information.package_discovery:Found 2 installed packages in /home/akun/workspace/CAR/1_URDF_ws/install
[0.188s] DEBUG:colcon.colcon_installed_package_information.package_discovery:Found 1 installed packages in /home/akun/workspace/CAR/livox_ros_driver2/install
[0.188s] DEBUG:colcon.colcon_installed_package_information.package_discovery:Found 1 installed packages in /home/akun/workspace/CAR/real_ws/install
[0.188s] DEBUG:colcon.colcon_installed_package_information.package_discovery:Found 334 installed packages in /opt/ros/humble
[0.194s] Level 1:colcon.colcon_core.package_discovery:discover_packages(prefix_path) using defaults
[0.215s] Level 5:colcon.colcon_core.verb:set package 'yesense_std_ros2' build argument 'cmake_args' from command line to 'None'
[0.215s] Level 5:colcon.colcon_core.verb:set package 'yesense_std_ros2' build argument 'cmake_target' from command line to 'None'
[0.215s] Level 5:colcon.colcon_core.verb:set package 'yesense_std_ros2' build argument 'cmake_target_skip_unavailable' from command line to 'False'
[0.215s] Level 5:colcon.colcon_core.verb:set package 'yesense_std_ros2' build argument 'cmake_clean_cache' from command line to 'False'
[0.215s] Level 5:colcon.colcon_core.verb:set package 'yesense_std_ros2' build argument 'cmake_clean_first' from command line to 'False'
[0.215s] Level 5:colcon.colcon_core.verb:set package 'yesense_std_ros2' build argument 'cmake_force_configure' from command line to 'False'
[0.215s] Level 5:colcon.colcon_core.verb:set package 'yesense_std_ros2' build argument 'ament_cmake_args' from command line to 'None'
[0.215s] Level 5:colcon.colcon_core.verb:set package 'yesense_std_ros2' build argument 'catkin_cmake_args' from command line to 'None'
[0.215s] Level 5:colcon.colcon_core.verb:set package 'yesense_std_ros2' build argument 'catkin_skip_building_tests' from command line to 'False'
[0.215s] DEBUG:colcon.colcon_core.verb:Building package 'yesense_std_ros2' with the following arguments: {'ament_cmake_args': None, 'build_base': '/home/akun/workspace/CAR/yesense_ros2/build/yesense_std_ros2', 'catkin_cmake_args': None, 'catkin_skip_building_tests': False, 'cmake_args': None, 'cmake_clean_cache': False, 'cmake_clean_first': False, 'cmake_force_configure': False, 'cmake_target': None, 'cmake_target_skip_unavailable': False, 'install_base': '/home/akun/workspace/CAR/yesense_ros2/install/yesense_std_ros2', 'merge_install': False, 'path': '/home/akun/workspace/CAR/yesense_ros2/yesense_std_ros2', 'symlink_install': False, 'test_result_base': None}
[0.215s] INFO:colcon.colcon_core.executor:Executing jobs using 'parallel' executor
[0.216s] DEBUG:colcon.colcon_parallel_executor.executor.parallel:run_until_complete
[0.216s] INFO:colcon.colcon_ros.task.ament_cmake.build:Building ROS package in '/home/akun/workspace/CAR/yesense_ros2/yesense_std_ros2' with build type 'ament_cmake'
[0.216s] INFO:colcon.colcon_cmake.task.cmake.build:Building CMake package in '/home/akun/workspace/CAR/yesense_ros2/yesense_std_ros2'
[0.217s] INFO:colcon.colcon_core.plugin_system:Skipping extension 'colcon_core.shell.bat': Not used on non-Windows systems
[0.217s] INFO:colcon.colcon_core.shell:Skip shell extension 'powershell' for command environment: Not usable outside of PowerShell
[0.217s] DEBUG:colcon.colcon_core.shell:Skip shell extension 'dsv' for command environment
[0.271s] DEBUG:colcon.colcon_core.event_handler.log_command:Invoking command in '/home/akun/workspace/CAR/yesense_ros2/build/yesense_std_ros2': CMAKE_PREFIX_PATH=/home/akun/workspace/CAR/yesense_ros2/install/yesense_interface:/home/akun/workspace/CAR/yesense_ros2/install/yesense_std_ros2:/home/akun/workspace/CAR/serial_ros2/install/serial:/tmp/usr/local:/tmp/usr/local:/home/akun/workspace/CAR/LIO-SAM/install/lio_sam:/home/akun/workspace/CAR/simulation_ws/install/sim_imu:/home/akun/workspace/CAR/simulation_ws/install/convert_time:/home/akun/workspace/CAR/real_ws/install/convert_laser:/home/akun/workspace/CAR/1_URDF_ws/install/ros2_livox_simulation:/home/akun/workspace/CAR/1_URDF_ws/install/robot:/home/akun/workspace/CAR/livox_ros_driver2/install/livox_ros_driver2:/opt/ros/humble /usr/bin/cmake --build /home/akun/workspace/CAR/yesense_ros2/build/yesense_std_ros2 -- -j32 -l32
[5.440s] DEBUG:colcon.colcon_core.event_handler.log_command:Invoked command in '/home/akun/workspace/CAR/yesense_ros2/build/yesense_std_ros2' returned '0': CMAKE_PREFIX_PATH=/home/akun/workspace/CAR/yesense_ros2/install/yesense_interface:/home/akun/workspace/CAR/yesense_ros2/install/yesense_std_ros2:/home/akun/workspace/CAR/serial_ros2/install/serial:/tmp/usr/local:/tmp/usr/local:/home/akun/workspace/CAR/LIO-SAM/install/lio_sam:/home/akun/workspace/CAR/simulation_ws/install/sim_imu:/home/akun/workspace/CAR/simulation_ws/install/convert_time:/home/akun/workspace/CAR/real_ws/install/convert_laser:/home/akun/workspace/CAR/1_URDF_ws/install/ros2_livox_simulation:/home/akun/workspace/CAR/1_URDF_ws/install/robot:/home/akun/workspace/CAR/livox_ros_driver2/install/livox_ros_driver2:/opt/ros/humble /usr/bin/cmake --build /home/akun/workspace/CAR/yesense_ros2/build/yesense_std_ros2 -- -j32 -l32
[5.445s] DEBUG:colcon.colcon_core.event_handler.log_command:Invoking command in '/home/akun/workspace/CAR/yesense_ros2/build/yesense_std_ros2': CMAKE_PREFIX_PATH=/home/akun/workspace/CAR/yesense_ros2/install/yesense_interface:/home/akun/workspace/CAR/yesense_ros2/install/yesense_std_ros2:/home/akun/workspace/CAR/serial_ros2/install/serial:/tmp/usr/local:/tmp/usr/local:/home/akun/workspace/CAR/LIO-SAM/install/lio_sam:/home/akun/workspace/CAR/simulation_ws/install/sim_imu:/home/akun/workspace/CAR/simulation_ws/install/convert_time:/home/akun/workspace/CAR/real_ws/install/convert_laser:/home/akun/workspace/CAR/1_URDF_ws/install/ros2_livox_simulation:/home/akun/workspace/CAR/1_URDF_ws/install/robot:/home/akun/workspace/CAR/livox_ros_driver2/install/livox_ros_driver2:/opt/ros/humble /usr/bin/cmake --install /home/akun/workspace/CAR/yesense_ros2/build/yesense_std_ros2
[5.455s] Level 1:colcon.colcon_core.environment:create_environment_scripts_only(yesense_std_ros2)
[5.455s] DEBUG:colcon.colcon_core.event_handler.log_command:Invoked command in '/home/akun/workspace/CAR/yesense_ros2/build/yesense_std_ros2' returned '0': CMAKE_PREFIX_PATH=/home/akun/workspace/CAR/yesense_ros2/install/yesense_interface:/home/akun/workspace/CAR/yesense_ros2/install/yesense_std_ros2:/home/akun/workspace/CAR/serial_ros2/install/serial:/tmp/usr/local:/tmp/usr/local:/home/akun/workspace/CAR/LIO-SAM/install/lio_sam:/home/akun/workspace/CAR/simulation_ws/install/sim_imu:/home/akun/workspace/CAR/simulation_ws/install/convert_time:/home/akun/workspace/CAR/real_ws/install/convert_laser:/home/akun/workspace/CAR/1_URDF_ws/install/ros2_livox_simulation:/home/akun/workspace/CAR/1_URDF_ws/install/robot:/home/akun/workspace/CAR/livox_ros_driver2/install/livox_ros_driver2:/opt/ros/humble /usr/bin/cmake --install /home/akun/workspace/CAR/yesense_ros2/build/yesense_std_ros2
[5.456s] Level 1:colcon.colcon_core.environment:checking '/home/akun/workspace/CAR/yesense_ros2/install/yesense_std_ros2' for CMake module files
[5.456s] Level 1:colcon.colcon_core.environment:checking '/home/akun/workspace/CAR/yesense_ros2/install/yesense_std_ros2' for CMake config files
[5.456s] Level 1:colcon.colcon_core.shell:create_environment_hook('yesense_std_ros2', 'cmake_prefix_path')
[5.457s] INFO:colcon.colcon_core.shell:Creating environment hook '/home/akun/workspace/CAR/yesense_ros2/install/yesense_std_ros2/share/yesense_std_ros2/hook/cmake_prefix_path.ps1'
[5.457s] INFO:colcon.colcon_core.shell:Creating environment descriptor '/home/akun/workspace/CAR/yesense_ros2/install/yesense_std_ros2/share/yesense_std_ros2/hook/cmake_prefix_path.dsv'
[5.457s] INFO:colcon.colcon_core.shell:Creating environment hook '/home/akun/workspace/CAR/yesense_ros2/install/yesense_std_ros2/share/yesense_std_ros2/hook/cmake_prefix_path.sh'
[5.458s] Level 1:colcon.colcon_core.environment:checking '/home/akun/workspace/CAR/yesense_ros2/install/yesense_std_ros2/lib'
[5.458s] Level 1:colcon.colcon_core.environment:checking '/home/akun/workspace/CAR/yesense_ros2/install/yesense_std_ros2/bin'
[5.458s] Level 1:colcon.colcon_core.environment:checking '/home/akun/workspace/CAR/yesense_ros2/install/yesense_std_ros2/lib/pkgconfig/yesense_std_ros2.pc'
[5.458s] Level 1:colcon.colcon_core.environment:checking '/home/akun/workspace/CAR/yesense_ros2/install/yesense_std_ros2/lib/python3.10/site-packages'
[5.458s] Level 1:colcon.colcon_core.environment:checking '/home/akun/workspace/CAR/yesense_ros2/install/yesense_std_ros2/bin'
[5.458s] INFO:colcon.colcon_core.shell:Creating package script '/home/akun/workspace/CAR/yesense_ros2/install/yesense_std_ros2/share/yesense_std_ros2/package.ps1'
[5.458s] INFO:colcon.colcon_core.shell:Creating package descriptor '/home/akun/workspace/CAR/yesense_ros2/install/yesense_std_ros2/share/yesense_std_ros2/package.dsv'
[5.459s] INFO:colcon.colcon_core.shell:Creating package script '/home/akun/workspace/CAR/yesense_ros2/install/yesense_std_ros2/share/yesense_std_ros2/package.sh'
[5.459s] INFO:colcon.colcon_core.shell:Creating package script '/home/akun/workspace/CAR/yesense_ros2/install/yesense_std_ros2/share/yesense_std_ros2/package.bash'
[5.459s] INFO:colcon.colcon_core.shell:Creating package script '/home/akun/workspace/CAR/yesense_ros2/install/yesense_std_ros2/share/yesense_std_ros2/package.zsh'
[5.460s] Level 1:colcon.colcon_core.environment:create_file_with_runtime_dependencies(/home/akun/workspace/CAR/yesense_ros2/install/yesense_std_ros2/share/colcon-core/packages/yesense_std_ros2)
[5.460s] Level 1:colcon.colcon_core.environment:create_environment_scripts_only(yesense_std_ros2)
[5.460s] Level 1:colcon.colcon_core.environment:checking '/home/akun/workspace/CAR/yesense_ros2/install/yesense_std_ros2' for CMake module files
[5.460s] Level 1:colcon.colcon_core.environment:checking '/home/akun/workspace/CAR/yesense_ros2/install/yesense_std_ros2' for CMake config files
[5.460s] Level 1:colcon.colcon_core.shell:create_environment_hook('yesense_std_ros2', 'cmake_prefix_path')
[5.460s] INFO:colcon.colcon_core.shell:Creating environment hook '/home/akun/workspace/CAR/yesense_ros2/install/yesense_std_ros2/share/yesense_std_ros2/hook/cmake_prefix_path.ps1'
[5.461s] INFO:colcon.colcon_core.shell:Creating environment descriptor '/home/akun/workspace/CAR/yesense_ros2/install/yesense_std_ros2/share/yesense_std_ros2/hook/cmake_prefix_path.dsv'
[5.461s] INFO:colcon.colcon_core.shell:Creating environment hook '/home/akun/workspace/CAR/yesense_ros2/install/yesense_std_ros2/share/yesense_std_ros2/hook/cmake_prefix_path.sh'
[5.461s] Level 1:colcon.colcon_core.environment:checking '/home/akun/workspace/CAR/yesense_ros2/install/yesense_std_ros2/lib'
[5.461s] Level 1:colcon.colcon_core.environment:checking '/home/akun/workspace/CAR/yesense_ros2/install/yesense_std_ros2/bin'
[5.461s] Level 1:colcon.colcon_core.environment:checking '/home/akun/workspace/CAR/yesense_ros2/install/yesense_std_ros2/lib/pkgconfig/yesense_std_ros2.pc'
[5.461s] Level 1:colcon.colcon_core.environment:checking '/home/akun/workspace/CAR/yesense_ros2/install/yesense_std_ros2/lib/python3.10/site-packages'
[5.461s] Level 1:colcon.colcon_core.environment:checking '/home/akun/workspace/CAR/yesense_ros2/install/yesense_std_ros2/bin'
[5.461s] INFO:colcon.colcon_core.shell:Creating package script '/home/akun/workspace/CAR/yesense_ros2/install/yesense_std_ros2/share/yesense_std_ros2/package.ps1'
[5.462s] INFO:colcon.colcon_core.shell:Creating package descriptor '/home/akun/workspace/CAR/yesense_ros2/install/yesense_std_ros2/share/yesense_std_ros2/package.dsv'
[5.462s] INFO:colcon.colcon_core.shell:Creating package script '/home/akun/workspace/CAR/yesense_ros2/install/yesense_std_ros2/share/yesense_std_ros2/package.sh'
[5.462s] INFO:colcon.colcon_core.shell:Creating package script '/home/akun/workspace/CAR/yesense_ros2/install/yesense_std_ros2/share/yesense_std_ros2/package.bash'
[5.462s] INFO:colcon.colcon_core.shell:Creating package script '/home/akun/workspace/CAR/yesense_ros2/install/yesense_std_ros2/share/yesense_std_ros2/package.zsh'
[5.463s] Level 1:colcon.colcon_core.environment:create_file_with_runtime_dependencies(/home/akun/workspace/CAR/yesense_ros2/install/yesense_std_ros2/share/colcon-core/packages/yesense_std_ros2)
[5.463s] DEBUG:colcon.colcon_parallel_executor.executor.parallel:closing loop
[5.463s] DEBUG:colcon.colcon_parallel_executor.executor.parallel:loop closed
[5.463s] DEBUG:colcon.colcon_parallel_executor.executor.parallel:run_until_complete finished with '0'
[5.463s] DEBUG:colcon.colcon_core.event_reactor:joining thread
[5.493s] INFO:colcon.colcon_core.plugin_system:Skipping extension 'colcon_notification.desktop_notification.notify_send': Could not find 'notify-send'
[5.493s] INFO:colcon.colcon_core.plugin_system:Skipping extension 'colcon_notification.desktop_notification.terminal_notifier': Not used on non-Darwin systems
[5.493s] INFO:colcon.colcon_core.plugin_system:Skipping extension 'colcon_notification.desktop_notification.win32': Not used on non-Windows systems
[5.493s] INFO:colcon.colcon_notification.desktop_notification:Sending desktop notification using 'notify2'
[5.493s] DEBUG:colcon.colcon_notification.desktop_notification.notify2:Failed to initialize notify2: org.freedesktop.DBus.Error.FileNotFound: Failed to connect to socket /run/user/1000/bus: No such file or directory
[5.493s] DEBUG:colcon.colcon_core.event_reactor:joined thread
[5.494s] INFO:colcon.colcon_core.shell:Creating prefix script '/home/akun/workspace/CAR/yesense_ros2/install/local_setup.ps1'
[5.494s] INFO:colcon.colcon_core.shell:Creating prefix util module '/home/akun/workspace/CAR/yesense_ros2/install/_local_setup_util_ps1.py'
[5.495s] INFO:colcon.colcon_core.shell:Creating prefix chain script '/home/akun/workspace/CAR/yesense_ros2/install/setup.ps1'
[5.495s] INFO:colcon.colcon_core.shell:Creating prefix script '/home/akun/workspace/CAR/yesense_ros2/install/local_setup.sh'
[5.496s] INFO:colcon.colcon_core.shell:Creating prefix util module '/home/akun/workspace/CAR/yesense_ros2/install/_local_setup_util_sh.py'
[5.496s] INFO:colcon.colcon_core.shell:Creating prefix chain script '/home/akun/workspace/CAR/yesense_ros2/install/setup.sh'
[5.497s] INFO:colcon.colcon_core.shell:Creating prefix script '/home/akun/workspace/CAR/yesense_ros2/install/local_setup.bash'
[5.497s] INFO:colcon.colcon_core.shell:Creating prefix chain script '/home/akun/workspace/CAR/yesense_ros2/install/setup.bash'
[5.498s] INFO:colcon.colcon_core.shell:Creating prefix script '/home/akun/workspace/CAR/yesense_ros2/install/local_setup.zsh'
[5.498s] INFO:colcon.colcon_core.shell:Creating prefix chain script '/home/akun/workspace/CAR/yesense_ros2/install/setup.zsh'
