[0.141s] Invoking command in '/home/akun/workspace/CAR/simulation_ws/build/convert_time': CMAKE_PREFIX_PATH=${CMAKE_PREFIX_PATH}:/home/akun/workspace/CAR/simulation_ws/install/cmd_vel_smooth:/opt/ros/humble /usr/bin/cmake --build /home/akun/workspace/CAR/simulation_ws/build/convert_time -- -j32 -l32
[0.179s] [100%] Built target convert_time
[0.192s] Invoked command in '/home/akun/workspace/CAR/simulation_ws/build/convert_time' returned '0': CMAKE_PREFIX_PATH=${CMAKE_PREFIX_PATH}:/home/akun/workspace/CAR/simulation_ws/install/cmd_vel_smooth:/opt/ros/humble /usr/bin/cmake --build /home/akun/workspace/CAR/simulation_ws/build/convert_time -- -j32 -l32
[0.193s] Invoking command in '/home/akun/workspace/CAR/simulation_ws/build/convert_time': CMAKE_PREFIX_PATH=${CMAKE_PREFIX_PATH}:/home/akun/workspace/CAR/simulation_ws/install/cmd_vel_smooth:/opt/ros/humble /usr/bin/cmake --install /home/akun/workspace/CAR/simulation_ws/build/convert_time
[0.198s] -- Install configuration: ""
[0.198s] -- Up-to-date: /home/akun/workspace/CAR/simulation_ws/install/convert_time/lib/convert_time/convert_time
[0.198s] -- Up-to-date: /home/akun/workspace/CAR/simulation_ws/install/convert_time/share/ament_index/resource_index/package_run_dependencies/convert_time
[0.198s] -- Up-to-date: /home/akun/workspace/CAR/simulation_ws/install/convert_time/share/ament_index/resource_index/parent_prefix_path/convert_time
[0.198s] -- Up-to-date: /home/akun/workspace/CAR/simulation_ws/install/convert_time/share/convert_time/environment/ament_prefix_path.sh
[0.198s] -- Up-to-date: /home/akun/workspace/CAR/simulation_ws/install/convert_time/share/convert_time/environment/ament_prefix_path.dsv
[0.199s] -- Up-to-date: /home/akun/workspace/CAR/simulation_ws/install/convert_time/share/convert_time/environment/path.sh
[0.199s] -- Up-to-date: /home/akun/workspace/CAR/simulation_ws/install/convert_time/share/convert_time/environment/path.dsv
[0.199s] -- Up-to-date: /home/akun/workspace/CAR/simulation_ws/install/convert_time/share/convert_time/local_setup.bash
[0.199s] -- Up-to-date: /home/akun/workspace/CAR/simulation_ws/install/convert_time/share/convert_time/local_setup.sh
[0.199s] -- Up-to-date: /home/akun/workspace/CAR/simulation_ws/install/convert_time/share/convert_time/local_setup.zsh
[0.199s] -- Up-to-date: /home/akun/workspace/CAR/simulation_ws/install/convert_time/share/convert_time/local_setup.dsv
[0.199s] -- Installing: /home/akun/workspace/CAR/simulation_ws/install/convert_time/share/convert_time/package.dsv
[0.199s] -- Up-to-date: /home/akun/workspace/CAR/simulation_ws/install/convert_time/share/ament_index/resource_index/packages/convert_time
[0.199s] -- Up-to-date: /home/akun/workspace/CAR/simulation_ws/install/convert_time/share/convert_time/cmake/convert_timeConfig.cmake
[0.199s] -- Up-to-date: /home/akun/workspace/CAR/simulation_ws/install/convert_time/share/convert_time/cmake/convert_timeConfig-version.cmake
[0.199s] -- Up-to-date: /home/akun/workspace/CAR/simulation_ws/install/convert_time/share/convert_time/package.xml
[0.207s] Invoked command in '/home/akun/workspace/CAR/simulation_ws/build/convert_time' returned '0': CMAKE_PREFIX_PATH=${CMAKE_PREFIX_PATH}:/home/akun/workspace/CAR/simulation_ws/install/cmd_vel_smooth:/opt/ros/humble /usr/bin/cmake --install /home/akun/workspace/CAR/simulation_ws/build/convert_time
