In file included from [01m[K/home/akun/workspace/CAR/1_URDF_ws/src/livox_laser_simulation_RO2/include/ros2_livox/livox_points_plugin.h:14[m[K,
                 from [01m[K/home/akun/workspace/CAR/1_URDF_ws/src/livox_laser_simulation_RO2/src/livox_points_plugin.cpp:12[m[K:
[01m[K/opt/ros/humble/include/sensor_msgs/sensor_msgs/point_cloud_conversion.hpp:47:6:[m[K [01;35m[Kwarning: [m[K#warning POINT_CLOUD_DEPRECATION_MESSAGE [[01;35m[K]8;;https://gcc.gnu.org/onlinedocs/gcc/Warning-Options.html#index-Wcpp-Wcpp]8;;[m[K]
   47 | #    [01;35m[Kwarning[m[K POINT_CLOUD_DEPRECATION_MESSAGE
      |      [01;35m[K^~~~~~~[m[K
In file included from [01m[K/opt/ros/humble/include/rclcpp/rclcpp/logging.hpp:24[m[K,
                 from [01m[K/opt/ros/humble/include/rclcpp/rclcpp/client.hpp:40[m[K,
                 from [01m[K/opt/ros/humble/include/rclcpp/rclcpp/callback_group.hpp:24[m[K,
                 from [01m[K/opt/ros/humble/include/rclcpp/rclcpp/any_executable.hpp:20[m[K,
                 from [01m[K/opt/ros/humble/include/rclcpp/rclcpp/memory_strategy.hpp:25[m[K,
                 from [01m[K/opt/ros/humble/include/rclcpp/rclcpp/memory_strategies.hpp:18[m[K,
                 from [01m[K/opt/ros/humble/include/rclcpp/rclcpp/executor_options.hpp:20[m[K,
                 from [01m[K/opt/ros/humble/include/rclcpp/rclcpp/executor.hpp:37[m[K,
                 from [01m[K/opt/ros/humble/include/rclcpp/rclcpp/executors/multi_threaded_executor.hpp:25[m[K,
                 from [01m[K/opt/ros/humble/include/rclcpp/rclcpp/executors.hpp:21[m[K,
                 from [01m[K/opt/ros/humble/include/rclcpp/rclcpp/rclcpp.hpp:155[m[K,
                 from [01m[K/home/akun/workspace/CAR/1_URDF_ws/src/livox_laser_simulation_RO2/src/livox_points_plugin.cpp:1[m[K:
[01m[K/home/akun/workspace/CAR/1_URDF_ws/src/livox_laser_simulation_RO2/src/livox_points_plugin.cpp:[m[K In member function ‘[01m[Kvirtual void gazebo::LivoxPointsPlugin::OnNewLaserScans()[m[K’:
[01m[K/home/akun/workspace/CAR/1_URDF_ws/src/livox_laser_simulation_RO2/src/livox_points_plugin.cpp:204:49:[m[K [01;35m[Kwarning: [m[Kformat ‘[01m[K%d[m[K’ expects argument of type ‘[01m[Kint[m[K’, but argument 5 has type ‘[01m[Kdouble[m[K’ [[01;35m[K]8;;https://gcc.gnu.org/onlinedocs/gcc/Warning-Options.html#index-Wformat=-Wformat=]8;;[m[K]
  204 |                 rclcpp::get_logger("my_logger"),[01;35m[K"range为:%d"[m[K, [32m[Krange[m[K);
      |                                                 [01;35m[K^~~~~~~~~~~~[m[K  [32m[K~~~~~[m[K
      |                                                               [32m[K|[m[K
      |                                                               [32m[Kdouble[m[K
[01m[K/home/akun/workspace/CAR/1_URDF_ws/src/livox_laser_simulation_RO2/src/livox_points_plugin.cpp:204:59:[m[K [01;36m[Knote: [m[Kformat string is defined here
  204 |                 rclcpp::get_logger("my_logger"),"range为:[01;36m[K%d[m[K", range);
      |                                                          [01;36m[K~^[m[K
      |                                                           [01;36m[K|[m[K
      |                                                           [01;36m[Kint[m[K
      |                                                          [32m[K%f[m[K
