[0.015s] Invoking command in '/home/akun/workspace/CAR/livox_ros_driver2/build/livox_ros_driver2': CMAKE_PREFIX_PATH=${CMAKE_PREFIX_PATH}:/opt/ros/humble /usr/bin/cmake /home/akun/workspace/CAR/livox_ros_driver2/src/livox_ros_driver2 -DCMAKE_INSTALL_PREFIX=/home/akun/workspace/CAR/livox_ros_driver2/install/livox_ros_driver2
[0.056s] -- livox_ros_driver2 version: 1.2.4
[0.057s] -- Found ament_cmake_auto: 1.3.12 (/opt/ros/humble/share/ament_cmake_auto/cmake)
[0.202s] -- Using all available rosidl_typesupport_c: rosidl_typesupport_fastrtps_c;rosidl_typesupport_introspection_c
[0.206s] -- Found rosidl_adapter: 3.1.7 (/opt/ros/humble/share/rosidl_adapter/cmake)
[0.606s] -- Using all available rosidl_typesupport_cpp: rosidl_typesupport_fastrtps_cpp;rosidl_typesupport_introspection_cpp
[0.676s] -- Found rmw_implementation_cmake: 6.1.2 (/opt/ros/humble/share/rmw_implementation_cmake/cmake)
[0.678s] -- Found rmw_fastrtps_cpp: 6.2.8 (/opt/ros/humble/share/rmw_fastrtps_cpp/cmake)
[5.059s] -- Using RMW implementation 'rmw_fastrtps_cpp' as default
[5.189s] -- Eigen found (include: /usr/include/eigen3, version: 3.4.0)
[6.152s] -- FLANN found (include: /usr/include, lib: /usr/lib/x86_64-linux-gnu/libflann_cpp.so)
[7.994s] -- OpenNI found (version: 1.5.4.0, include: /usr/include/ni, lib: /usr/lib/libOpenNI.so;libusb::libusb)
[7.998s] -- OpenNI2 found (version: 2.2.0.33, include: /usr/include/openni2, lib: /usr/lib/x86_64-linux-gnu/libOpenNI2.so;libusb::libusb)
[8.988s] -- Eigen found (include: /usr/include/eigen3, version: 3.4.0)
[8.991s] -- OpenNI found (version: 1.5.4.0, include: /usr/include/ni, lib: /usr/lib/libOpenNI.so;libusb::libusb)
[8.995s] -- OpenNI2 found (version: 2.2.0.33, include: /usr/include/openni2, lib: /usr/lib/x86_64-linux-gnu/libOpenNI2.so;libusb::libusb)
[10.672s] -- Found Qhull version 8.0.2
[11.780s] -- OpenNI found (version: 1.5.4.0, include: /usr/include/ni, lib: /usr/lib/libOpenNI.so;libusb::libusb)
[14.723s] [0m/usr/include/apr-1.0[0m
[14.723s] [0mapr-1[0m
[14.841s] -- Found ament_cmake_ros: 0.10.0 (/opt/ros/humble/share/ament_cmake_ros/cmake)
[14.959s] -- Using all available rosidl_typesupport_c: rosidl_typesupport_fastrtps_c;rosidl_typesupport_introspection_c
[15.111s] -- Using all available rosidl_typesupport_cpp: rosidl_typesupport_fastrtps_cpp;rosidl_typesupport_introspection_cpp
[15.123s] -- Found python_cmake_module: 0.10.0 (/opt/ros/humble/share/python_cmake_module/cmake)
[15.136s] -- Using PYTHON_EXECUTABLE: /usr/bin/python3
[15.136s] -- Using PYTHON_INCLUDE_DIRS: /usr/include/python3.10
[15.136s] -- Using PYTHON_LIBRARIES: /usr/lib/x86_64-linux-gnu/libpython3.10.so
[15.158s] -- Found ament_lint_auto: 0.12.14 (/opt/ros/humble/share/ament_lint_auto/cmake)
[15.175s] -- Added test 'copyright' to check source files copyright and LICENSE
[15.178s] -- Added test 'cppcheck' to perform static code analysis on C / C++ code
[15.178s] -- Configured cppcheck include dirs: /home/akun/workspace/CAR/livox_ros_driver2/src/livox_ros_driver2/3rdparty;/home/akun/workspace/CAR/livox_ros_driver2/src/livox_ros_driver2/src
[15.178s] -- Configured cppcheck exclude dirs and/or files: 
[15.180s] -- Added test 'cpplint' to check C / C++ code against the Google style
[15.180s] -- Configured cpplint exclude dirs and/or files: 
[15.181s] -- Added test 'flake8' to check Python code syntax and style conventions
[15.182s] -- Added test 'lint_cmake' to check CMake code style
[15.182s] -- Added test 'pep257' to check Python code against some of the docstring style conventions in PEP 257
[15.185s] -- Added test 'uncrustify' to check C / C++ code style
[15.185s] -- Configured uncrustify additional arguments: 
[15.185s] -- Added test 'xmllint' to check XML markup files
[15.189s] -- Configuring done
[15.273s] -- Generating done
[15.284s] -- Build files have been written to: /home/akun/workspace/CAR/livox_ros_driver2/build/livox_ros_driver2
[15.294s] Invoked command in '/home/akun/workspace/CAR/livox_ros_driver2/build/livox_ros_driver2' returned '0': CMAKE_PREFIX_PATH=${CMAKE_PREFIX_PATH}:/opt/ros/humble /usr/bin/cmake /home/akun/workspace/CAR/livox_ros_driver2/src/livox_ros_driver2 -DCMAKE_INSTALL_PREFIX=/home/akun/workspace/CAR/livox_ros_driver2/install/livox_ros_driver2
[15.295s] Invoking command in '/home/akun/workspace/CAR/livox_ros_driver2/build/livox_ros_driver2': CMAKE_PREFIX_PATH=${CMAKE_PREFIX_PATH}:/opt/ros/humble /usr/bin/cmake --build /home/akun/workspace/CAR/livox_ros_driver2/build/livox_ros_driver2 -- -j32 -l32
[15.318s] [35m[1mConsolidate compiler generated dependencies of target livox_interfaces2__rosidl_generator_c[0m
[15.319s] [35m[1mConsolidate compiler generated dependencies of target livox_ros_driver2_node[0m
[15.323s] [  1%] Built target livox_interfaces2__cpp
[15.329s] [35m[1mConsolidate compiler generated dependencies of target livox_interfaces2__rosidl_typesupport_cpp[0m
[15.329s] [35m[1mConsolidate compiler generated dependencies of target livox_interfaces2__rosidl_typesupport_fastrtps_cpp[0m
[15.329s] [35m[1mConsolidate compiler generated dependencies of target livox_interfaces2__rosidl_typesupport_introspection_cpp[0m
[15.333s] [  8%] Built target livox_interfaces2__rosidl_generator_c
[15.333s] [  8%] Built target ament_cmake_python_copy_livox_ros_driver2
[15.338s] [35m[1mConsolidate compiler generated dependencies of target livox_interfaces2__rosidl_typesupport_fastrtps_c[0m
[15.338s] [35m[1mConsolidate compiler generated dependencies of target livox_interfaces2__rosidl_typesupport_introspection_c[0m
[15.338s] [35m[1mConsolidate compiler generated dependencies of target livox_interfaces2__rosidl_typesupport_c[0m
[15.339s] [ 15%] Built target livox_interfaces2__rosidl_typesupport_introspection_cpp
[15.339s] [ 24%] Built target livox_interfaces2__rosidl_typesupport_fastrtps_cpp
[15.339s] [ 29%] Built target livox_interfaces2__rosidl_typesupport_cpp
[15.344s] [ 36%] Built target livox_interfaces2__rosidl_typesupport_introspection_c
[15.344s] [ 43%] Built target livox_interfaces2__rosidl_typesupport_c
[15.345s] [ 50%] Built target livox_interfaces2__rosidl_typesupport_fastrtps_c
[15.349s] [ 54%] Built target livox_ros_driver2_node
[15.354s] [35m[1mConsolidate compiler generated dependencies of target livox_ros_driver2[0m
[15.356s] [ 54%] Built target livox_interfaces2
[15.368s] [ 56%] Built target livox_interfaces2__py
[15.374s] [35m[1mConsolidate compiler generated dependencies of target livox_interfaces2__rosidl_generator_py[0m
[15.382s] [ 61%] Built target livox_interfaces2__rosidl_generator_py
[15.388s] [35m[1mConsolidate compiler generated dependencies of target livox_ros_driver2__rosidl_typesupport_fastrtps_c__pyext[0m
[15.388s] [35m[1mConsolidate compiler generated dependencies of target livox_ros_driver2__rosidl_typesupport_introspection_c__pyext[0m
[15.388s] [35m[1mConsolidate compiler generated dependencies of target livox_ros_driver2__rosidl_typesupport_c__pyext[0m
[15.395s] [ 66%] Built target livox_ros_driver2__rosidl_typesupport_introspection_c__pyext
[15.395s] [ 71%] Built target livox_ros_driver2__rosidl_typesupport_fastrtps_c__pyext
[15.395s] [ 71%] Built target livox_ros_driver2__rosidl_typesupport_c__pyext
[15.405s] [100%] Built target livox_ros_driver2
[15.450s] running egg_info
[15.451s] writing livox_ros_driver2.egg-info/PKG-INFO
[15.451s] writing dependency_links to livox_ros_driver2.egg-info/dependency_links.txt
[15.451s] writing top-level names to livox_ros_driver2.egg-info/top_level.txt
[15.453s] reading manifest file 'livox_ros_driver2.egg-info/SOURCES.txt'
[15.454s] writing manifest file 'livox_ros_driver2.egg-info/SOURCES.txt'
[15.468s] [100%] Built target ament_cmake_python_build_livox_ros_driver2_egg
[15.475s] Invoked command in '/home/akun/workspace/CAR/livox_ros_driver2/build/livox_ros_driver2' returned '0': CMAKE_PREFIX_PATH=${CMAKE_PREFIX_PATH}:/opt/ros/humble /usr/bin/cmake --build /home/akun/workspace/CAR/livox_ros_driver2/build/livox_ros_driver2 -- -j32 -l32
[15.480s] Invoking command in '/home/akun/workspace/CAR/livox_ros_driver2/build/livox_ros_driver2': CMAKE_PREFIX_PATH=${CMAKE_PREFIX_PATH}:/opt/ros/humble /usr/bin/cmake --install /home/akun/workspace/CAR/livox_ros_driver2/build/livox_ros_driver2
[15.484s] -- Install configuration: ""
[15.484s] -- Up-to-date: /home/akun/workspace/CAR/livox_ros_driver2/install/livox_ros_driver2/share/ament_index/resource_index/rosidl_interfaces/livox_ros_driver2
[15.484s] -- Up-to-date: /home/akun/workspace/CAR/livox_ros_driver2/install/livox_ros_driver2/include/livox_ros_driver2/livox_ros_driver2
[15.484s] -- Up-to-date: /home/akun/workspace/CAR/livox_ros_driver2/install/livox_ros_driver2/include/livox_ros_driver2/livox_ros_driver2/msg
[15.484s] -- Up-to-date: /home/akun/workspace/CAR/livox_ros_driver2/install/livox_ros_driver2/include/livox_ros_driver2/livox_ros_driver2/msg/detail
[15.485s] -- Up-to-date: /home/akun/workspace/CAR/livox_ros_driver2/install/livox_ros_driver2/include/livox_ros_driver2/livox_ros_driver2/msg/detail/custom_msg__functions.c
[15.485s] -- Up-to-date: /home/akun/workspace/CAR/livox_ros_driver2/install/livox_ros_driver2/include/livox_ros_driver2/livox_ros_driver2/msg/detail/custom_msg__type_support.h
[15.485s] -- Up-to-date: /home/akun/workspace/CAR/livox_ros_driver2/install/livox_ros_driver2/include/livox_ros_driver2/livox_ros_driver2/msg/detail/custom_msg__functions.h
[15.485s] -- Up-to-date: /home/akun/workspace/CAR/livox_ros_driver2/install/livox_ros_driver2/include/livox_ros_driver2/livox_ros_driver2/msg/detail/custom_point__type_support.h
[15.485s] -- Up-to-date: /home/akun/workspace/CAR/livox_ros_driver2/install/livox_ros_driver2/include/livox_ros_driver2/livox_ros_driver2/msg/detail/custom_point__functions.h
[15.485s] -- Up-to-date: /home/akun/workspace/CAR/livox_ros_driver2/install/livox_ros_driver2/include/livox_ros_driver2/livox_ros_driver2/msg/detail/custom_msg__struct.h
[15.485s] -- Up-to-date: /home/akun/workspace/CAR/livox_ros_driver2/install/livox_ros_driver2/include/livox_ros_driver2/livox_ros_driver2/msg/detail/custom_point__functions.c
[15.485s] -- Up-to-date: /home/akun/workspace/CAR/livox_ros_driver2/install/livox_ros_driver2/include/livox_ros_driver2/livox_ros_driver2/msg/detail/custom_point__struct.h
[15.485s] -- Up-to-date: /home/akun/workspace/CAR/livox_ros_driver2/install/livox_ros_driver2/include/livox_ros_driver2/livox_ros_driver2/msg/rosidl_generator_c__visibility_control.h
[15.485s] -- Up-to-date: /home/akun/workspace/CAR/livox_ros_driver2/install/livox_ros_driver2/include/livox_ros_driver2/livox_ros_driver2/msg/custom_msg.h
[15.485s] -- Up-to-date: /home/akun/workspace/CAR/livox_ros_driver2/install/livox_ros_driver2/include/livox_ros_driver2/livox_ros_driver2/msg/custom_point.h
[15.485s] -- Up-to-date: /home/akun/workspace/CAR/livox_ros_driver2/install/livox_ros_driver2/share/livox_ros_driver2/environment/library_path.sh
[15.485s] -- Installing: /home/akun/workspace/CAR/livox_ros_driver2/install/livox_ros_driver2/share/livox_ros_driver2/environment/library_path.dsv
[15.485s] -- Up-to-date: /home/akun/workspace/CAR/livox_ros_driver2/install/livox_ros_driver2/lib/liblivox_ros_driver2__rosidl_generator_c.so
[15.485s] -- Up-to-date: /home/akun/workspace/CAR/livox_ros_driver2/install/livox_ros_driver2/include/livox_ros_driver2/livox_ros_driver2
[15.485s] -- Up-to-date: /home/akun/workspace/CAR/livox_ros_driver2/install/livox_ros_driver2/include/livox_ros_driver2/livox_ros_driver2/msg
[15.485s] -- Up-to-date: /home/akun/workspace/CAR/livox_ros_driver2/install/livox_ros_driver2/include/livox_ros_driver2/livox_ros_driver2/msg/detail
[15.485s] -- Up-to-date: /home/akun/workspace/CAR/livox_ros_driver2/install/livox_ros_driver2/include/livox_ros_driver2/livox_ros_driver2/msg/detail/custom_msg__rosidl_typesupport_fastrtps_c.h
[15.485s] -- Up-to-date: /home/akun/workspace/CAR/livox_ros_driver2/install/livox_ros_driver2/include/livox_ros_driver2/livox_ros_driver2/msg/detail/custom_point__rosidl_typesupport_fastrtps_c.h
[15.485s] -- Up-to-date: /home/akun/workspace/CAR/livox_ros_driver2/install/livox_ros_driver2/include/livox_ros_driver2/livox_ros_driver2/msg/rosidl_typesupport_fastrtps_c__visibility_control.h
[15.486s] -- Up-to-date: /home/akun/workspace/CAR/livox_ros_driver2/install/livox_ros_driver2/lib/liblivox_ros_driver2__rosidl_typesupport_fastrtps_c.so
[15.486s] -- Up-to-date: /home/akun/workspace/CAR/livox_ros_driver2/install/livox_ros_driver2/include/livox_ros_driver2/livox_ros_driver2
[15.486s] -- Up-to-date: /home/akun/workspace/CAR/livox_ros_driver2/install/livox_ros_driver2/include/livox_ros_driver2/livox_ros_driver2/msg
[15.486s] -- Up-to-date: /home/akun/workspace/CAR/livox_ros_driver2/install/livox_ros_driver2/include/livox_ros_driver2/livox_ros_driver2/msg/detail
[15.486s] -- Up-to-date: /home/akun/workspace/CAR/livox_ros_driver2/install/livox_ros_driver2/include/livox_ros_driver2/livox_ros_driver2/msg/detail/custom_point__rosidl_typesupport_introspection_c.h
[15.486s] -- Up-to-date: /home/akun/workspace/CAR/livox_ros_driver2/install/livox_ros_driver2/include/livox_ros_driver2/livox_ros_driver2/msg/detail/custom_msg__type_support.c
[15.486s] -- Up-to-date: /home/akun/workspace/CAR/livox_ros_driver2/install/livox_ros_driver2/include/livox_ros_driver2/livox_ros_driver2/msg/detail/custom_msg__rosidl_typesupport_introspection_c.h
[15.486s] -- Up-to-date: /home/akun/workspace/CAR/livox_ros_driver2/install/livox_ros_driver2/include/livox_ros_driver2/livox_ros_driver2/msg/detail/custom_point__type_support.c
[15.487s] -- Up-to-date: /home/akun/workspace/CAR/livox_ros_driver2/install/livox_ros_driver2/include/livox_ros_driver2/livox_ros_driver2/msg/rosidl_typesupport_introspection_c__visibility_control.h
[15.487s] -- Up-to-date: /home/akun/workspace/CAR/livox_ros_driver2/install/livox_ros_driver2/lib/liblivox_ros_driver2__rosidl_typesupport_introspection_c.so
[15.488s] -- Up-to-date: /home/akun/workspace/CAR/livox_ros_driver2/install/livox_ros_driver2/lib/liblivox_ros_driver2__rosidl_typesupport_c.so
[15.488s] -- Up-to-date: /home/akun/workspace/CAR/livox_ros_driver2/install/livox_ros_driver2/include/livox_ros_driver2/livox_ros_driver2
[15.488s] -- Up-to-date: /home/akun/workspace/CAR/livox_ros_driver2/install/livox_ros_driver2/include/livox_ros_driver2/livox_ros_driver2/msg
[15.488s] -- Up-to-date: /home/akun/workspace/CAR/livox_ros_driver2/install/livox_ros_driver2/include/livox_ros_driver2/livox_ros_driver2/msg/detail
[15.488s] -- Up-to-date: /home/akun/workspace/CAR/livox_ros_driver2/install/livox_ros_driver2/include/livox_ros_driver2/livox_ros_driver2/msg/detail/custom_point__builder.hpp
[15.488s] -- Up-to-date: /home/akun/workspace/CAR/livox_ros_driver2/install/livox_ros_driver2/include/livox_ros_driver2/livox_ros_driver2/msg/detail/custom_msg__traits.hpp
[15.488s] -- Up-to-date: /home/akun/workspace/CAR/livox_ros_driver2/install/livox_ros_driver2/include/livox_ros_driver2/livox_ros_driver2/msg/detail/custom_point__traits.hpp
[15.488s] -- Up-to-date: /home/akun/workspace/CAR/livox_ros_driver2/install/livox_ros_driver2/include/livox_ros_driver2/livox_ros_driver2/msg/detail/custom_msg__struct.hpp
[15.488s] -- Up-to-date: /home/akun/workspace/CAR/livox_ros_driver2/install/livox_ros_driver2/include/livox_ros_driver2/livox_ros_driver2/msg/detail/custom_msg__type_support.hpp
[15.488s] -- Up-to-date: /home/akun/workspace/CAR/livox_ros_driver2/install/livox_ros_driver2/include/livox_ros_driver2/livox_ros_driver2/msg/detail/custom_msg__builder.hpp
[15.488s] -- Up-to-date: /home/akun/workspace/CAR/livox_ros_driver2/install/livox_ros_driver2/include/livox_ros_driver2/livox_ros_driver2/msg/detail/custom_point__type_support.hpp
[15.488s] -- Up-to-date: /home/akun/workspace/CAR/livox_ros_driver2/install/livox_ros_driver2/include/livox_ros_driver2/livox_ros_driver2/msg/detail/custom_point__struct.hpp
[15.488s] -- Up-to-date: /home/akun/workspace/CAR/livox_ros_driver2/install/livox_ros_driver2/include/livox_ros_driver2/livox_ros_driver2/msg/custom_msg.hpp
[15.488s] -- Up-to-date: /home/akun/workspace/CAR/livox_ros_driver2/install/livox_ros_driver2/include/livox_ros_driver2/livox_ros_driver2/msg/rosidl_generator_cpp__visibility_control.hpp
[15.488s] -- Up-to-date: /home/akun/workspace/CAR/livox_ros_driver2/install/livox_ros_driver2/include/livox_ros_driver2/livox_ros_driver2/msg/custom_point.hpp
[15.488s] -- Up-to-date: /home/akun/workspace/CAR/livox_ros_driver2/install/livox_ros_driver2/include/livox_ros_driver2/livox_ros_driver2
[15.488s] -- Up-to-date: /home/akun/workspace/CAR/livox_ros_driver2/install/livox_ros_driver2/include/livox_ros_driver2/livox_ros_driver2/msg
[15.488s] -- Up-to-date: /home/akun/workspace/CAR/livox_ros_driver2/install/livox_ros_driver2/include/livox_ros_driver2/livox_ros_driver2/msg/detail
[15.489s] -- Up-to-date: /home/akun/workspace/CAR/livox_ros_driver2/install/livox_ros_driver2/include/livox_ros_driver2/livox_ros_driver2/msg/detail/custom_msg__rosidl_typesupport_fastrtps_cpp.hpp
[15.489s] -- Up-to-date: /home/akun/workspace/CAR/livox_ros_driver2/install/livox_ros_driver2/include/livox_ros_driver2/livox_ros_driver2/msg/detail/custom_point__rosidl_typesupport_fastrtps_cpp.hpp
[15.489s] -- Up-to-date: /home/akun/workspace/CAR/livox_ros_driver2/install/livox_ros_driver2/include/livox_ros_driver2/livox_ros_driver2/msg/detail/dds_fastrtps
[15.489s] -- Up-to-date: /home/akun/workspace/CAR/livox_ros_driver2/install/livox_ros_driver2/include/livox_ros_driver2/livox_ros_driver2/msg/rosidl_typesupport_fastrtps_cpp__visibility_control.h
[15.489s] -- Up-to-date: /home/akun/workspace/CAR/livox_ros_driver2/install/livox_ros_driver2/lib/liblivox_ros_driver2__rosidl_typesupport_fastrtps_cpp.so
[15.489s] -- Up-to-date: /home/akun/workspace/CAR/livox_ros_driver2/install/livox_ros_driver2/include/livox_ros_driver2/livox_ros_driver2
[15.489s] -- Up-to-date: /home/akun/workspace/CAR/livox_ros_driver2/install/livox_ros_driver2/include/livox_ros_driver2/livox_ros_driver2/msg
[15.489s] -- Up-to-date: /home/akun/workspace/CAR/livox_ros_driver2/install/livox_ros_driver2/include/livox_ros_driver2/livox_ros_driver2/msg/detail
[15.489s] -- Up-to-date: /home/akun/workspace/CAR/livox_ros_driver2/install/livox_ros_driver2/include/livox_ros_driver2/livox_ros_driver2/msg/detail/custom_point__type_support.cpp
[15.489s] -- Up-to-date: /home/akun/workspace/CAR/livox_ros_driver2/install/livox_ros_driver2/include/livox_ros_driver2/livox_ros_driver2/msg/detail/custom_msg__rosidl_typesupport_introspection_cpp.hpp
[15.489s] -- Up-to-date: /home/akun/workspace/CAR/livox_ros_driver2/install/livox_ros_driver2/include/livox_ros_driver2/livox_ros_driver2/msg/detail/custom_point__rosidl_typesupport_introspection_cpp.hpp
[15.489s] -- Up-to-date: /home/akun/workspace/CAR/livox_ros_driver2/install/livox_ros_driver2/include/livox_ros_driver2/livox_ros_driver2/msg/detail/custom_msg__type_support.cpp
[15.489s] -- Up-to-date: /home/akun/workspace/CAR/livox_ros_driver2/install/livox_ros_driver2/lib/liblivox_ros_driver2__rosidl_typesupport_introspection_cpp.so
[15.490s] -- Up-to-date: /home/akun/workspace/CAR/livox_ros_driver2/install/livox_ros_driver2/lib/liblivox_ros_driver2__rosidl_typesupport_cpp.so
[15.490s] -- Up-to-date: /home/akun/workspace/CAR/livox_ros_driver2/install/livox_ros_driver2/share/livox_ros_driver2/environment/pythonpath.sh
[15.490s] -- Installing: /home/akun/workspace/CAR/livox_ros_driver2/install/livox_ros_driver2/share/livox_ros_driver2/environment/pythonpath.dsv
[15.490s] -- Up-to-date: /home/akun/workspace/CAR/livox_ros_driver2/install/livox_ros_driver2/local/lib/python3.10/dist-packages/livox_ros_driver2-1.0.0-py3.10.egg-info
[15.490s] -- Installing: /home/akun/workspace/CAR/livox_ros_driver2/install/livox_ros_driver2/local/lib/python3.10/dist-packages/livox_ros_driver2-1.0.0-py3.10.egg-info/PKG-INFO
[15.490s] -- Installing: /home/akun/workspace/CAR/livox_ros_driver2/install/livox_ros_driver2/local/lib/python3.10/dist-packages/livox_ros_driver2-1.0.0-py3.10.egg-info/SOURCES.txt
[15.490s] -- Installing: /home/akun/workspace/CAR/livox_ros_driver2/install/livox_ros_driver2/local/lib/python3.10/dist-packages/livox_ros_driver2-1.0.0-py3.10.egg-info/top_level.txt
[15.490s] -- Installing: /home/akun/workspace/CAR/livox_ros_driver2/install/livox_ros_driver2/local/lib/python3.10/dist-packages/livox_ros_driver2-1.0.0-py3.10.egg-info/dependency_links.txt
[15.490s] -- Up-to-date: /home/akun/workspace/CAR/livox_ros_driver2/install/livox_ros_driver2/local/lib/python3.10/dist-packages/livox_ros_driver2
[15.490s] -- Up-to-date: /home/akun/workspace/CAR/livox_ros_driver2/install/livox_ros_driver2/local/lib/python3.10/dist-packages/livox_ros_driver2/livox_ros_driver2_s__rosidl_typesupport_c.cpython-310-x86_64-linux-gnu.so
[15.490s] -- Up-to-date: /home/akun/workspace/CAR/livox_ros_driver2/install/livox_ros_driver2/local/lib/python3.10/dist-packages/livox_ros_driver2/_livox_ros_driver2_s.ep.rosidl_typesupport_fastrtps_c.c
[15.490s] -- Up-to-date: /home/akun/workspace/CAR/livox_ros_driver2/install/livox_ros_driver2/local/lib/python3.10/dist-packages/livox_ros_driver2/livox_ros_driver2_s__rosidl_typesupport_introspection_c.cpython-310-x86_64-linux-gnu.so
[15.490s] -- Up-to-date: /home/akun/workspace/CAR/livox_ros_driver2/install/livox_ros_driver2/local/lib/python3.10/dist-packages/livox_ros_driver2/_livox_ros_driver2_s.ep.rosidl_typesupport_c.c
[15.490s] -- Up-to-date: /home/akun/workspace/CAR/livox_ros_driver2/install/livox_ros_driver2/local/lib/python3.10/dist-packages/livox_ros_driver2/msg
[15.490s] -- Up-to-date: /home/akun/workspace/CAR/livox_ros_driver2/install/livox_ros_driver2/local/lib/python3.10/dist-packages/livox_ros_driver2/msg/_custom_point_s.c
[15.490s] -- Up-to-date: /home/akun/workspace/CAR/livox_ros_driver2/install/livox_ros_driver2/local/lib/python3.10/dist-packages/livox_ros_driver2/msg/_custom_msg.py
[15.490s] -- Up-to-date: /home/akun/workspace/CAR/livox_ros_driver2/install/livox_ros_driver2/local/lib/python3.10/dist-packages/livox_ros_driver2/msg/_custom_point.py
[15.490s] -- Up-to-date: /home/akun/workspace/CAR/livox_ros_driver2/install/livox_ros_driver2/local/lib/python3.10/dist-packages/livox_ros_driver2/msg/__init__.py
[15.490s] -- Up-to-date: /home/akun/workspace/CAR/livox_ros_driver2/install/livox_ros_driver2/local/lib/python3.10/dist-packages/livox_ros_driver2/msg/_custom_msg_s.c
[15.490s] -- Installing: /home/akun/workspace/CAR/livox_ros_driver2/install/livox_ros_driver2/local/lib/python3.10/dist-packages/livox_ros_driver2/__init__.py
[15.490s] -- Up-to-date: /home/akun/workspace/CAR/livox_ros_driver2/install/livox_ros_driver2/local/lib/python3.10/dist-packages/livox_ros_driver2/liblivox_interfaces2__rosidl_generator_py.so
[15.491s] -- Up-to-date: /home/akun/workspace/CAR/livox_ros_driver2/install/livox_ros_driver2/local/lib/python3.10/dist-packages/livox_ros_driver2/_livox_ros_driver2_s.ep.rosidl_typesupport_introspection_c.c
[15.491s] -- Up-to-date: /home/akun/workspace/CAR/livox_ros_driver2/install/livox_ros_driver2/local/lib/python3.10/dist-packages/livox_ros_driver2/livox_ros_driver2_s__rosidl_typesupport_fastrtps_c.cpython-310-x86_64-linux-gnu.so
[15.509s] Listing '/home/akun/workspace/CAR/livox_ros_driver2/install/livox_ros_driver2/local/lib/python3.10/dist-packages/livox_ros_driver2'...
[15.509s] Compiling '/home/akun/workspace/CAR/livox_ros_driver2/install/livox_ros_driver2/local/lib/python3.10/dist-packages/livox_ros_driver2/__init__.py'...
[15.509s] Listing '/home/akun/workspace/CAR/livox_ros_driver2/install/livox_ros_driver2/local/lib/python3.10/dist-packages/livox_ros_driver2/msg'...
[15.511s] -- Up-to-date: /home/akun/workspace/CAR/livox_ros_driver2/install/livox_ros_driver2/local/lib/python3.10/dist-packages/livox_ros_driver2/livox_ros_driver2_s__rosidl_typesupport_fastrtps_c.cpython-310-x86_64-linux-gnu.so
[15.512s] -- Up-to-date: /home/akun/workspace/CAR/livox_ros_driver2/install/livox_ros_driver2/local/lib/python3.10/dist-packages/livox_ros_driver2/livox_ros_driver2_s__rosidl_typesupport_introspection_c.cpython-310-x86_64-linux-gnu.so
[15.513s] -- Up-to-date: /home/akun/workspace/CAR/livox_ros_driver2/install/livox_ros_driver2/local/lib/python3.10/dist-packages/livox_ros_driver2/livox_ros_driver2_s__rosidl_typesupport_c.cpython-310-x86_64-linux-gnu.so
[15.513s] -- Up-to-date: /home/akun/workspace/CAR/livox_ros_driver2/install/livox_ros_driver2/lib/liblivox_interfaces2__rosidl_generator_py.so
[15.514s] -- Up-to-date: /home/akun/workspace/CAR/livox_ros_driver2/install/livox_ros_driver2/share/livox_ros_driver2/msg/CustomPoint.idl
[15.514s] -- Up-to-date: /home/akun/workspace/CAR/livox_ros_driver2/install/livox_ros_driver2/share/livox_ros_driver2/msg/CustomMsg.idl
[15.514s] -- Up-to-date: /home/akun/workspace/CAR/livox_ros_driver2/install/livox_ros_driver2/share/livox_ros_driver2/msg/CustomPoint.msg
[15.514s] -- Up-to-date: /home/akun/workspace/CAR/livox_ros_driver2/install/livox_ros_driver2/share/livox_ros_driver2/msg/CustomMsg.msg
[15.514s] -- Up-to-date: /home/akun/workspace/CAR/livox_ros_driver2/install/livox_ros_driver2/lib/livox_ros_driver2/livox_ros_driver2_node
[15.514s] -- Up-to-date: /home/akun/workspace/CAR/livox_ros_driver2/install/livox_ros_driver2/lib/liblivox_ros_driver2.so
[15.514s] -- Up-to-date: /home/akun/workspace/CAR/livox_ros_driver2/install/livox_ros_driver2/share/livox_ros_driver2/config
[15.514s] -- Installing: /home/akun/workspace/CAR/livox_ros_driver2/install/livox_ros_driver2/share/livox_ros_driver2/config/MID360_config.json
[15.514s] -- Up-to-date: /home/akun/workspace/CAR/livox_ros_driver2/install/livox_ros_driver2/share/livox_ros_driver2/config/display_point_cloud_ROS2.rviz
[15.514s] -- Up-to-date: /home/akun/workspace/CAR/livox_ros_driver2/install/livox_ros_driver2/share/livox_ros_driver2/config/mixed_HAP_MID360_config.json
[15.514s] -- Up-to-date: /home/akun/workspace/CAR/livox_ros_driver2/install/livox_ros_driver2/share/livox_ros_driver2/config/display_point_cloud_ROS1.rviz
[15.514s] -- Up-to-date: /home/akun/workspace/CAR/livox_ros_driver2/install/livox_ros_driver2/share/livox_ros_driver2/config/HAP_config.json
[15.514s] -- Up-to-date: /home/akun/workspace/CAR/livox_ros_driver2/install/livox_ros_driver2/share/livox_ros_driver2/launch_ROS2
[15.515s] -- Up-to-date: /home/akun/workspace/CAR/livox_ros_driver2/install/livox_ros_driver2/share/livox_ros_driver2/launch_ROS2/rviz_mixed.py
[15.515s] -- Up-to-date: /home/akun/workspace/CAR/livox_ros_driver2/install/livox_ros_driver2/share/livox_ros_driver2/launch_ROS2/rviz_MID360_launch.py
[15.515s] -- Up-to-date: /home/akun/workspace/CAR/livox_ros_driver2/install/livox_ros_driver2/share/livox_ros_driver2/launch_ROS2/msg_MID360_launch.py
[15.515s] -- Up-to-date: /home/akun/workspace/CAR/livox_ros_driver2/install/livox_ros_driver2/share/livox_ros_driver2/launch_ROS2/rviz_HAP_launch.py
[15.515s] -- Up-to-date: /home/akun/workspace/CAR/livox_ros_driver2/install/livox_ros_driver2/share/livox_ros_driver2/launch_ROS2/msg_HAP_launch.py
[15.515s] -- Up-to-date: /home/akun/workspace/CAR/livox_ros_driver2/install/livox_ros_driver2/share/ament_index/resource_index/package_run_dependencies/livox_ros_driver2
[15.515s] -- Installing: /home/akun/workspace/CAR/livox_ros_driver2/install/livox_ros_driver2/share/ament_index/resource_index/parent_prefix_path/livox_ros_driver2
[15.515s] -- Up-to-date: /home/akun/workspace/CAR/livox_ros_driver2/install/livox_ros_driver2/share/livox_ros_driver2/environment/ament_prefix_path.sh
[15.515s] -- Installing: /home/akun/workspace/CAR/livox_ros_driver2/install/livox_ros_driver2/share/livox_ros_driver2/environment/ament_prefix_path.dsv
[15.515s] -- Up-to-date: /home/akun/workspace/CAR/livox_ros_driver2/install/livox_ros_driver2/share/livox_ros_driver2/environment/path.sh
[15.515s] -- Installing: /home/akun/workspace/CAR/livox_ros_driver2/install/livox_ros_driver2/share/livox_ros_driver2/environment/path.dsv
[15.515s] -- Up-to-date: /home/akun/workspace/CAR/livox_ros_driver2/install/livox_ros_driver2/share/livox_ros_driver2/local_setup.bash
[15.515s] -- Up-to-date: /home/akun/workspace/CAR/livox_ros_driver2/install/livox_ros_driver2/share/livox_ros_driver2/local_setup.sh
[15.515s] -- Up-to-date: /home/akun/workspace/CAR/livox_ros_driver2/install/livox_ros_driver2/share/livox_ros_driver2/local_setup.zsh
[15.515s] -- Installing: /home/akun/workspace/CAR/livox_ros_driver2/install/livox_ros_driver2/share/livox_ros_driver2/local_setup.dsv
[15.515s] -- Installing: /home/akun/workspace/CAR/livox_ros_driver2/install/livox_ros_driver2/share/livox_ros_driver2/package.dsv
[15.515s] -- Up-to-date: /home/akun/workspace/CAR/livox_ros_driver2/install/livox_ros_driver2/share/ament_index/resource_index/packages/livox_ros_driver2
[15.515s] -- Up-to-date: /home/akun/workspace/CAR/livox_ros_driver2/install/livox_ros_driver2/share/livox_ros_driver2/cmake/export_livox_interfaces2__rosidl_generator_cExport.cmake
[15.516s] -- Up-to-date: /home/akun/workspace/CAR/livox_ros_driver2/install/livox_ros_driver2/share/livox_ros_driver2/cmake/export_livox_interfaces2__rosidl_generator_cExport-noconfig.cmake
[15.516s] -- Up-to-date: /home/akun/workspace/CAR/livox_ros_driver2/install/livox_ros_driver2/share/livox_ros_driver2/cmake/export_livox_interfaces2__rosidl_typesupport_fastrtps_cExport.cmake
[15.516s] -- Up-to-date: /home/akun/workspace/CAR/livox_ros_driver2/install/livox_ros_driver2/share/livox_ros_driver2/cmake/export_livox_interfaces2__rosidl_typesupport_fastrtps_cExport-noconfig.cmake
[15.516s] -- Up-to-date: /home/akun/workspace/CAR/livox_ros_driver2/install/livox_ros_driver2/share/livox_ros_driver2/cmake/livox_interfaces2__rosidl_typesupport_introspection_cExport.cmake
[15.516s] -- Up-to-date: /home/akun/workspace/CAR/livox_ros_driver2/install/livox_ros_driver2/share/livox_ros_driver2/cmake/livox_interfaces2__rosidl_typesupport_introspection_cExport-noconfig.cmake
[15.516s] -- Up-to-date: /home/akun/workspace/CAR/livox_ros_driver2/install/livox_ros_driver2/share/livox_ros_driver2/cmake/livox_interfaces2__rosidl_typesupport_cExport.cmake
[15.516s] -- Up-to-date: /home/akun/workspace/CAR/livox_ros_driver2/install/livox_ros_driver2/share/livox_ros_driver2/cmake/livox_interfaces2__rosidl_typesupport_cExport-noconfig.cmake
[15.517s] -- Up-to-date: /home/akun/workspace/CAR/livox_ros_driver2/install/livox_ros_driver2/share/livox_ros_driver2/cmake/export_livox_interfaces2__rosidl_generator_cppExport.cmake
[15.517s] -- Up-to-date: /home/akun/workspace/CAR/livox_ros_driver2/install/livox_ros_driver2/share/livox_ros_driver2/cmake/export_livox_interfaces2__rosidl_typesupport_fastrtps_cppExport.cmake
[15.517s] -- Up-to-date: /home/akun/workspace/CAR/livox_ros_driver2/install/livox_ros_driver2/share/livox_ros_driver2/cmake/export_livox_interfaces2__rosidl_typesupport_fastrtps_cppExport-noconfig.cmake
[15.517s] -- Up-to-date: /home/akun/workspace/CAR/livox_ros_driver2/install/livox_ros_driver2/share/livox_ros_driver2/cmake/livox_interfaces2__rosidl_typesupport_introspection_cppExport.cmake
[15.517s] -- Up-to-date: /home/akun/workspace/CAR/livox_ros_driver2/install/livox_ros_driver2/share/livox_ros_driver2/cmake/livox_interfaces2__rosidl_typesupport_introspection_cppExport-noconfig.cmake
[15.518s] -- Up-to-date: /home/akun/workspace/CAR/livox_ros_driver2/install/livox_ros_driver2/share/livox_ros_driver2/cmake/livox_interfaces2__rosidl_typesupport_cppExport.cmake
[15.518s] -- Up-to-date: /home/akun/workspace/CAR/livox_ros_driver2/install/livox_ros_driver2/share/livox_ros_driver2/cmake/livox_interfaces2__rosidl_typesupport_cppExport-noconfig.cmake
[15.518s] -- Up-to-date: /home/akun/workspace/CAR/livox_ros_driver2/install/livox_ros_driver2/share/livox_ros_driver2/cmake/export_livox_interfaces2__rosidl_generator_pyExport.cmake
[15.518s] -- Up-to-date: /home/akun/workspace/CAR/livox_ros_driver2/install/livox_ros_driver2/share/livox_ros_driver2/cmake/export_livox_interfaces2__rosidl_generator_pyExport-noconfig.cmake
[15.518s] -- Up-to-date: /home/akun/workspace/CAR/livox_ros_driver2/install/livox_ros_driver2/share/ament_index/resource_index/rclcpp_components/livox_ros_driver2
[15.518s] -- Up-to-date: /home/akun/workspace/CAR/livox_ros_driver2/install/livox_ros_driver2/share/livox_ros_driver2/cmake/rosidl_cmake-extras.cmake
[15.519s] -- Up-to-date: /home/akun/workspace/CAR/livox_ros_driver2/install/livox_ros_driver2/share/livox_ros_driver2/cmake/ament_cmake_export_dependencies-extras.cmake
[15.519s] -- Up-to-date: /home/akun/workspace/CAR/livox_ros_driver2/install/livox_ros_driver2/share/livox_ros_driver2/cmake/ament_cmake_export_include_directories-extras.cmake
[15.519s] -- Up-to-date: /home/akun/workspace/CAR/livox_ros_driver2/install/livox_ros_driver2/share/livox_ros_driver2/cmake/ament_cmake_export_libraries-extras.cmake
[15.519s] -- Up-to-date: /home/akun/workspace/CAR/livox_ros_driver2/install/livox_ros_driver2/share/livox_ros_driver2/cmake/ament_cmake_export_targets-extras.cmake
[15.519s] -- Up-to-date: /home/akun/workspace/CAR/livox_ros_driver2/install/livox_ros_driver2/share/livox_ros_driver2/cmake/rosidl_cmake_export_typesupport_targets-extras.cmake
[15.519s] -- Up-to-date: /home/akun/workspace/CAR/livox_ros_driver2/install/livox_ros_driver2/share/livox_ros_driver2/cmake/rosidl_cmake_export_typesupport_libraries-extras.cmake
[15.519s] -- Up-to-date: /home/akun/workspace/CAR/livox_ros_driver2/install/livox_ros_driver2/share/livox_ros_driver2/cmake/livox_ros_driver2Config.cmake
[15.519s] -- Up-to-date: /home/akun/workspace/CAR/livox_ros_driver2/install/livox_ros_driver2/share/livox_ros_driver2/cmake/livox_ros_driver2Config-version.cmake
[15.519s] -- Up-to-date: /home/akun/workspace/CAR/livox_ros_driver2/install/livox_ros_driver2/share/livox_ros_driver2/package.xml
[15.520s] Invoked command in '/home/akun/workspace/CAR/livox_ros_driver2/build/livox_ros_driver2' returned '0': CMAKE_PREFIX_PATH=${CMAKE_PREFIX_PATH}:/opt/ros/humble /usr/bin/cmake --install /home/akun/workspace/CAR/livox_ros_driver2/build/livox_ros_driver2
