[0.111s] DEBUG:colcon:Command line arguments: ['/usr/bin/colcon', 'build']
[0.111s] DEBUG:colcon:Parsed command line arguments: Namespace(log_base=None, log_level=None, verb_name='build', build_base='build', install_base='install', merge_install=False, symlink_install=False, test_result_base=None, continue_on_error=False, executor='parallel', parallel_workers=32, event_handlers=None, ignore_user_meta=False, metas=['./colcon.meta'], base_paths=['.'], packages_ignore=None, packages_ignore_regex=None, paths=None, packages_up_to=None, packages_up_to_regex=None, packages_above=None, packages_above_and_dependencies=None, packages_above_depth=None, packages_select_by_dep=None, packages_skip_by_dep=None, packages_skip_up_to=None, packages_select_build_failed=False, packages_skip_build_finished=False, packages_select_test_failures=False, packages_skip_test_passed=False, packages_select=None, packages_skip=None, packages_select_regex=None, packages_skip_regex=None, packages_start=None, packages_end=None, allow_overriding=[], cmake_args=None, cmake_target=None, cmake_target_skip_unavailable=False, cmake_clean_cache=False, cmake_clean_first=False, cmake_force_configure=False, ament_cmake_args=None, catkin_cmake_args=None, catkin_skip_building_tests=False, verb_parser=<colcon_defaults.argument_parser.defaults.DefaultArgumentsDecorator object at 0x76de7e09b8b0>, verb_extension=<colcon_core.verb.build.BuildVerb object at 0x76de7e2c0580>, main=<bound method BuildVerb.main of <colcon_core.verb.build.BuildVerb object at 0x76de7e2c0580>>)
[0.192s] Level 1:colcon.colcon_core.package_discovery:discover_packages(colcon_meta) check parameters
[0.192s] Level 1:colcon.colcon_core.package_discovery:discover_packages(recursive) check parameters
[0.192s] Level 1:colcon.colcon_core.package_discovery:discover_packages(ignore) check parameters
[0.192s] Level 1:colcon.colcon_core.package_discovery:discover_packages(path) check parameters
[0.192s] Level 1:colcon.colcon_core.package_discovery:discover_packages(colcon_meta) discover
[0.192s] Level 1:colcon.colcon_core.package_discovery:discover_packages(recursive) discover
[0.192s] INFO:colcon.colcon_core.package_discovery:Crawling recursively for packages in '/home/akun/workspace/CAR/simulation_ws'
[0.192s] Level 1:colcon.colcon_core.package_identification:_identify(.) by extensions ['ignore', 'ignore_ament_install']
[0.192s] Level 1:colcon.colcon_core.package_identification:_identify(.) by extension 'ignore'
[0.192s] Level 1:colcon.colcon_core.package_identification:_identify(.) by extension 'ignore_ament_install'
[0.192s] Level 1:colcon.colcon_core.package_identification:_identify(.) by extensions ['colcon_pkg']
[0.192s] Level 1:colcon.colcon_core.package_identification:_identify(.) by extension 'colcon_pkg'
[0.192s] Level 1:colcon.colcon_core.package_identification:_identify(.) by extensions ['colcon_meta']
[0.192s] Level 1:colcon.colcon_core.package_identification:_identify(.) by extension 'colcon_meta'
[0.192s] Level 1:colcon.colcon_core.package_identification:_identify(.) by extensions ['ros']
[0.192s] Level 1:colcon.colcon_core.package_identification:_identify(.) by extension 'ros'
[0.199s] Level 1:colcon.colcon_core.package_identification:_identify(.) by extensions ['cmake', 'python']
[0.199s] Level 1:colcon.colcon_core.package_identification:_identify(.) by extension 'cmake'
[0.199s] Level 1:colcon.colcon_core.package_identification:_identify(.) by extension 'python'
[0.199s] Level 1:colcon.colcon_core.package_identification:_identify(.) by extensions ['python_setup_py']
[0.199s] Level 1:colcon.colcon_core.package_identification:_identify(.) by extension 'python_setup_py'
[0.199s] Level 1:colcon.colcon_core.package_identification:_identify(build) by extensions ['ignore', 'ignore_ament_install']
[0.200s] Level 1:colcon.colcon_core.package_identification:_identify(build) by extension 'ignore'
[0.200s] Level 1:colcon.colcon_core.package_identification:_identify(build) ignored
[0.200s] Level 1:colcon.colcon_core.package_identification:_identify(convert_time) by extensions ['ignore', 'ignore_ament_install']
[0.200s] Level 1:colcon.colcon_core.package_identification:_identify(convert_time) by extension 'ignore'
[0.200s] Level 1:colcon.colcon_core.package_identification:_identify(convert_time) by extension 'ignore_ament_install'
[0.200s] Level 1:colcon.colcon_core.package_identification:_identify(convert_time) by extensions ['colcon_pkg']
[0.200s] Level 1:colcon.colcon_core.package_identification:_identify(convert_time) by extension 'colcon_pkg'
[0.200s] Level 1:colcon.colcon_core.package_identification:_identify(convert_time) by extensions ['colcon_meta']
[0.200s] Level 1:colcon.colcon_core.package_identification:_identify(convert_time) by extension 'colcon_meta'
[0.200s] Level 1:colcon.colcon_core.package_identification:_identify(convert_time) by extensions ['ros']
[0.200s] Level 1:colcon.colcon_core.package_identification:_identify(convert_time) by extension 'ros'
[0.202s] DEBUG:colcon.colcon_core.package_identification:Package 'convert_time' with type 'ros.ament_cmake' and name 'convert_time'
[0.202s] Level 1:colcon.colcon_core.package_identification:_identify(install) by extensions ['ignore', 'ignore_ament_install']
[0.202s] Level 1:colcon.colcon_core.package_identification:_identify(install) by extension 'ignore'
[0.202s] Level 1:colcon.colcon_core.package_identification:_identify(install) ignored
[0.202s] Level 1:colcon.colcon_core.package_identification:_identify(log) by extensions ['ignore', 'ignore_ament_install']
[0.202s] Level 1:colcon.colcon_core.package_identification:_identify(log) by extension 'ignore'
[0.202s] Level 1:colcon.colcon_core.package_identification:_identify(log) ignored
[0.202s] Level 1:colcon.colcon_core.package_identification:_identify(sim_imu) by extensions ['ignore', 'ignore_ament_install']
[0.202s] Level 1:colcon.colcon_core.package_identification:_identify(sim_imu) by extension 'ignore'
[0.202s] Level 1:colcon.colcon_core.package_identification:_identify(sim_imu) by extension 'ignore_ament_install'
[0.202s] Level 1:colcon.colcon_core.package_identification:_identify(sim_imu) by extensions ['colcon_pkg']
[0.202s] Level 1:colcon.colcon_core.package_identification:_identify(sim_imu) by extension 'colcon_pkg'
[0.202s] Level 1:colcon.colcon_core.package_identification:_identify(sim_imu) by extensions ['colcon_meta']
[0.203s] Level 1:colcon.colcon_core.package_identification:_identify(sim_imu) by extension 'colcon_meta'
[0.203s] Level 1:colcon.colcon_core.package_identification:_identify(sim_imu) by extensions ['ros']
[0.203s] Level 1:colcon.colcon_core.package_identification:_identify(sim_imu) by extension 'ros'
[0.203s] DEBUG:colcon.colcon_core.package_identification:Package 'sim_imu' with type 'ros.ament_cmake' and name 'sim_imu'
[0.203s] Level 1:colcon.colcon_core.package_discovery:discover_packages(recursive) using defaults
[0.203s] Level 1:colcon.colcon_core.package_discovery:discover_packages(ignore) discover
[0.203s] Level 1:colcon.colcon_core.package_discovery:discover_packages(ignore) using defaults
[0.203s] Level 1:colcon.colcon_core.package_discovery:discover_packages(path) discover
[0.203s] Level 1:colcon.colcon_core.package_discovery:discover_packages(path) using defaults
[0.215s] Level 1:colcon.colcon_core.package_discovery:discover_packages(prefix_path) check parameters
[0.215s] Level 1:colcon.colcon_core.package_discovery:discover_packages(prefix_path) discover
[0.216s] WARNING:colcon.colcon_core.prefix_path.colcon:The path '/home/akun/workspace/CAR/convert_time_ws/install' in the environment variable COLCON_PREFIX_PATH doesn't exist
[0.216s] WARNING:colcon.colcon_ros.prefix_path.ament:The path '/home/akun/workspace/CAR/convert_time_ws/install/convert_time' in the environment variable AMENT_PREFIX_PATH doesn't exist
[0.216s] WARNING:colcon.colcon_ros.prefix_path.catkin:The path '/home/akun/workspace/CAR/convert_time_ws/install/convert_time' in the environment variable CMAKE_PREFIX_PATH doesn't exist
[0.217s] DEBUG:colcon.colcon_installed_package_information.package_discovery:Found 2 installed packages in /home/akun/workspace/CAR/simulation_ws/install
[0.217s] DEBUG:colcon.colcon_installed_package_information.package_discovery:Found 1 installed packages in /home/akun/workspace/CAR/LIO-SAM/install
[0.217s] DEBUG:colcon.colcon_installed_package_information.package_discovery:Found 2 installed packages in /home/akun/workspace/CAR/1_URDF_ws/install
[0.218s] DEBUG:colcon.colcon_installed_package_information.package_discovery:Found 1 installed packages in /home/akun/workspace/CAR/livox_ros_driver2/install
[0.218s] DEBUG:colcon.colcon_installed_package_information.package_discovery:Found 331 installed packages in /opt/ros/humble
[0.225s] Level 1:colcon.colcon_core.package_discovery:discover_packages(prefix_path) using defaults
[0.250s] Level 5:colcon.colcon_core.verb:set package 'convert_time' build argument 'cmake_args' from command line to 'None'
[0.250s] Level 5:colcon.colcon_core.verb:set package 'convert_time' build argument 'cmake_target' from command line to 'None'
[0.250s] Level 5:colcon.colcon_core.verb:set package 'convert_time' build argument 'cmake_target_skip_unavailable' from command line to 'False'
[0.250s] Level 5:colcon.colcon_core.verb:set package 'convert_time' build argument 'cmake_clean_cache' from command line to 'False'
[0.250s] Level 5:colcon.colcon_core.verb:set package 'convert_time' build argument 'cmake_clean_first' from command line to 'False'
[0.250s] Level 5:colcon.colcon_core.verb:set package 'convert_time' build argument 'cmake_force_configure' from command line to 'False'
[0.250s] Level 5:colcon.colcon_core.verb:set package 'convert_time' build argument 'ament_cmake_args' from command line to 'None'
[0.250s] Level 5:colcon.colcon_core.verb:set package 'convert_time' build argument 'catkin_cmake_args' from command line to 'None'
[0.250s] Level 5:colcon.colcon_core.verb:set package 'convert_time' build argument 'catkin_skip_building_tests' from command line to 'False'
[0.250s] DEBUG:colcon.colcon_core.verb:Building package 'convert_time' with the following arguments: {'ament_cmake_args': None, 'build_base': '/home/akun/workspace/CAR/simulation_ws/build/convert_time', 'catkin_cmake_args': None, 'catkin_skip_building_tests': False, 'cmake_args': None, 'cmake_clean_cache': False, 'cmake_clean_first': False, 'cmake_force_configure': False, 'cmake_target': None, 'cmake_target_skip_unavailable': False, 'install_base': '/home/akun/workspace/CAR/simulation_ws/install/convert_time', 'merge_install': False, 'path': '/home/akun/workspace/CAR/simulation_ws/convert_time', 'symlink_install': False, 'test_result_base': None}
[0.250s] Level 5:colcon.colcon_core.verb:set package 'sim_imu' build argument 'cmake_args' from command line to 'None'
[0.250s] Level 5:colcon.colcon_core.verb:set package 'sim_imu' build argument 'cmake_target' from command line to 'None'
[0.250s] Level 5:colcon.colcon_core.verb:set package 'sim_imu' build argument 'cmake_target_skip_unavailable' from command line to 'False'
[0.250s] Level 5:colcon.colcon_core.verb:set package 'sim_imu' build argument 'cmake_clean_cache' from command line to 'False'
[0.250s] Level 5:colcon.colcon_core.verb:set package 'sim_imu' build argument 'cmake_clean_first' from command line to 'False'
[0.250s] Level 5:colcon.colcon_core.verb:set package 'sim_imu' build argument 'cmake_force_configure' from command line to 'False'
[0.250s] Level 5:colcon.colcon_core.verb:set package 'sim_imu' build argument 'ament_cmake_args' from command line to 'None'
[0.250s] Level 5:colcon.colcon_core.verb:set package 'sim_imu' build argument 'catkin_cmake_args' from command line to 'None'
[0.250s] Level 5:colcon.colcon_core.verb:set package 'sim_imu' build argument 'catkin_skip_building_tests' from command line to 'False'
[0.250s] DEBUG:colcon.colcon_core.verb:Building package 'sim_imu' with the following arguments: {'ament_cmake_args': None, 'build_base': '/home/akun/workspace/CAR/simulation_ws/build/sim_imu', 'catkin_cmake_args': None, 'catkin_skip_building_tests': False, 'cmake_args': None, 'cmake_clean_cache': False, 'cmake_clean_first': False, 'cmake_force_configure': False, 'cmake_target': None, 'cmake_target_skip_unavailable': False, 'install_base': '/home/akun/workspace/CAR/simulation_ws/install/sim_imu', 'merge_install': False, 'path': '/home/akun/workspace/CAR/simulation_ws/sim_imu', 'symlink_install': False, 'test_result_base': None}
[0.250s] INFO:colcon.colcon_core.executor:Executing jobs using 'parallel' executor
[0.251s] DEBUG:colcon.colcon_parallel_executor.executor.parallel:run_until_complete
[0.251s] INFO:colcon.colcon_ros.task.ament_cmake.build:Building ROS package in '/home/akun/workspace/CAR/simulation_ws/convert_time' with build type 'ament_cmake'
[0.251s] INFO:colcon.colcon_cmake.task.cmake.build:Building CMake package in '/home/akun/workspace/CAR/simulation_ws/convert_time'
[0.252s] INFO:colcon.colcon_core.plugin_system:Skipping extension 'colcon_core.shell.bat': Not used on non-Windows systems
[0.252s] INFO:colcon.colcon_core.shell:Skip shell extension 'powershell' for command environment: Not usable outside of PowerShell
[0.252s] DEBUG:colcon.colcon_core.shell:Skip shell extension 'dsv' for command environment
[0.255s] INFO:colcon.colcon_ros.task.ament_cmake.build:Building ROS package in '/home/akun/workspace/CAR/simulation_ws/sim_imu' with build type 'ament_cmake'
[0.255s] INFO:colcon.colcon_cmake.task.cmake.build:Building CMake package in '/home/akun/workspace/CAR/simulation_ws/sim_imu'
[0.255s] INFO:colcon.colcon_core.shell:Skip shell extension 'powershell' for command environment: Not usable outside of PowerShell
[0.255s] DEBUG:colcon.colcon_core.shell:Skip shell extension 'dsv' for command environment
[0.263s] DEBUG:colcon.colcon_core.event_handler.log_command:Invoking command in '/home/akun/workspace/CAR/simulation_ws/build/convert_time': CMAKE_PREFIX_PATH=${CMAKE_PREFIX_PATH}:/opt/ros/humble /usr/bin/cmake --build /home/akun/workspace/CAR/simulation_ws/build/convert_time -- -j32 -l32
[0.266s] DEBUG:colcon.colcon_core.event_handler.log_command:Invoking command in '/home/akun/workspace/CAR/simulation_ws/build/sim_imu': CMAKE_PREFIX_PATH=${CMAKE_PREFIX_PATH}:/opt/ros/humble /usr/bin/cmake --build /home/akun/workspace/CAR/simulation_ws/build/sim_imu -- -j32 -l32
[0.305s] DEBUG:colcon.colcon_core.event_handler.log_command:Invoked command in '/home/akun/workspace/CAR/simulation_ws/build/convert_time' returned '0': CMAKE_PREFIX_PATH=${CMAKE_PREFIX_PATH}:/opt/ros/humble /usr/bin/cmake --build /home/akun/workspace/CAR/simulation_ws/build/convert_time -- -j32 -l32
[0.311s] DEBUG:colcon.colcon_core.event_handler.log_command:Invoking command in '/home/akun/workspace/CAR/simulation_ws/build/convert_time': CMAKE_PREFIX_PATH=${CMAKE_PREFIX_PATH}:/opt/ros/humble /usr/bin/cmake --install /home/akun/workspace/CAR/simulation_ws/build/convert_time
[0.318s] Level 1:colcon.colcon_core.environment:create_environment_scripts_only(convert_time)
[0.319s] DEBUG:colcon.colcon_core.event_handler.log_command:Invoked command in '/home/akun/workspace/CAR/simulation_ws/build/convert_time' returned '0': CMAKE_PREFIX_PATH=${CMAKE_PREFIX_PATH}:/opt/ros/humble /usr/bin/cmake --install /home/akun/workspace/CAR/simulation_ws/build/convert_time
[0.320s] Level 1:colcon.colcon_core.environment:checking '/home/akun/workspace/CAR/simulation_ws/install/convert_time' for CMake module files
[0.320s] Level 1:colcon.colcon_core.environment:checking '/home/akun/workspace/CAR/simulation_ws/install/convert_time' for CMake config files
[0.320s] Level 1:colcon.colcon_core.shell:create_environment_hook('convert_time', 'cmake_prefix_path')
[0.321s] INFO:colcon.colcon_core.shell:Creating environment hook '/home/akun/workspace/CAR/simulation_ws/install/convert_time/share/convert_time/hook/cmake_prefix_path.ps1'
[0.321s] INFO:colcon.colcon_core.shell:Creating environment descriptor '/home/akun/workspace/CAR/simulation_ws/install/convert_time/share/convert_time/hook/cmake_prefix_path.dsv'
[0.321s] INFO:colcon.colcon_core.shell:Creating environment hook '/home/akun/workspace/CAR/simulation_ws/install/convert_time/share/convert_time/hook/cmake_prefix_path.sh'
[0.322s] Level 1:colcon.colcon_core.environment:checking '/home/akun/workspace/CAR/simulation_ws/install/convert_time/lib'
[0.322s] Level 1:colcon.colcon_core.environment:checking '/home/akun/workspace/CAR/simulation_ws/install/convert_time/bin'
[0.322s] Level 1:colcon.colcon_core.environment:checking '/home/akun/workspace/CAR/simulation_ws/install/convert_time/lib/pkgconfig/convert_time.pc'
[0.322s] Level 1:colcon.colcon_core.environment:checking '/home/akun/workspace/CAR/simulation_ws/install/convert_time/lib/python3.10/site-packages'
[0.322s] Level 1:colcon.colcon_core.environment:checking '/home/akun/workspace/CAR/simulation_ws/install/convert_time/bin'
[0.322s] INFO:colcon.colcon_core.shell:Creating package script '/home/akun/workspace/CAR/simulation_ws/install/convert_time/share/convert_time/package.ps1'
[0.323s] INFO:colcon.colcon_core.shell:Creating package descriptor '/home/akun/workspace/CAR/simulation_ws/install/convert_time/share/convert_time/package.dsv'
[0.323s] INFO:colcon.colcon_core.shell:Creating package script '/home/akun/workspace/CAR/simulation_ws/install/convert_time/share/convert_time/package.sh'
[0.323s] INFO:colcon.colcon_core.shell:Creating package script '/home/akun/workspace/CAR/simulation_ws/install/convert_time/share/convert_time/package.bash'
[0.324s] INFO:colcon.colcon_core.shell:Creating package script '/home/akun/workspace/CAR/simulation_ws/install/convert_time/share/convert_time/package.zsh'
[0.324s] Level 1:colcon.colcon_core.environment:create_file_with_runtime_dependencies(/home/akun/workspace/CAR/simulation_ws/install/convert_time/share/colcon-core/packages/convert_time)
[0.324s] Level 1:colcon.colcon_core.environment:create_environment_scripts_only(convert_time)
[0.324s] Level 1:colcon.colcon_core.environment:checking '/home/akun/workspace/CAR/simulation_ws/install/convert_time' for CMake module files
[0.325s] Level 1:colcon.colcon_core.environment:checking '/home/akun/workspace/CAR/simulation_ws/install/convert_time' for CMake config files
[0.325s] Level 1:colcon.colcon_core.shell:create_environment_hook('convert_time', 'cmake_prefix_path')
[0.325s] INFO:colcon.colcon_core.shell:Creating environment hook '/home/akun/workspace/CAR/simulation_ws/install/convert_time/share/convert_time/hook/cmake_prefix_path.ps1'
[0.325s] INFO:colcon.colcon_core.shell:Creating environment descriptor '/home/akun/workspace/CAR/simulation_ws/install/convert_time/share/convert_time/hook/cmake_prefix_path.dsv'
[0.325s] INFO:colcon.colcon_core.shell:Creating environment hook '/home/akun/workspace/CAR/simulation_ws/install/convert_time/share/convert_time/hook/cmake_prefix_path.sh'
[0.325s] Level 1:colcon.colcon_core.environment:checking '/home/akun/workspace/CAR/simulation_ws/install/convert_time/lib'
[0.325s] Level 1:colcon.colcon_core.environment:checking '/home/akun/workspace/CAR/simulation_ws/install/convert_time/bin'
[0.325s] Level 1:colcon.colcon_core.environment:checking '/home/akun/workspace/CAR/simulation_ws/install/convert_time/lib/pkgconfig/convert_time.pc'
[0.325s] Level 1:colcon.colcon_core.environment:checking '/home/akun/workspace/CAR/simulation_ws/install/convert_time/lib/python3.10/site-packages'
[0.326s] Level 1:colcon.colcon_core.environment:checking '/home/akun/workspace/CAR/simulation_ws/install/convert_time/bin'
[0.326s] INFO:colcon.colcon_core.shell:Creating package script '/home/akun/workspace/CAR/simulation_ws/install/convert_time/share/convert_time/package.ps1'
[0.326s] INFO:colcon.colcon_core.shell:Creating package descriptor '/home/akun/workspace/CAR/simulation_ws/install/convert_time/share/convert_time/package.dsv'
[0.326s] INFO:colcon.colcon_core.shell:Creating package script '/home/akun/workspace/CAR/simulation_ws/install/convert_time/share/convert_time/package.sh'
[0.326s] INFO:colcon.colcon_core.shell:Creating package script '/home/akun/workspace/CAR/simulation_ws/install/convert_time/share/convert_time/package.bash'
[0.327s] INFO:colcon.colcon_core.shell:Creating package script '/home/akun/workspace/CAR/simulation_ws/install/convert_time/share/convert_time/package.zsh'
[0.327s] Level 1:colcon.colcon_core.environment:create_file_with_runtime_dependencies(/home/akun/workspace/CAR/simulation_ws/install/convert_time/share/colcon-core/packages/convert_time)
[2.343s] DEBUG:colcon.colcon_core.event_handler.log_command:Invoked command in '/home/akun/workspace/CAR/simulation_ws/build/sim_imu' returned '2': CMAKE_PREFIX_PATH=${CMAKE_PREFIX_PATH}:/opt/ros/humble /usr/bin/cmake --build /home/akun/workspace/CAR/simulation_ws/build/sim_imu -- -j32 -l32
[2.343s] Level 1:colcon.colcon_core.environment:create_environment_scripts_only(sim_imu)
[2.343s] Level 1:colcon.colcon_core.environment:checking '/home/akun/workspace/CAR/simulation_ws/install/sim_imu' for CMake module files
[2.344s] Level 1:colcon.colcon_core.environment:checking '/home/akun/workspace/CAR/simulation_ws/install/sim_imu' for CMake config files
[2.344s] Level 1:colcon.colcon_core.shell:create_environment_hook('sim_imu', 'cmake_prefix_path')
[2.344s] INFO:colcon.colcon_core.shell:Creating environment hook '/home/akun/workspace/CAR/simulation_ws/install/sim_imu/share/sim_imu/hook/cmake_prefix_path.ps1'
[2.345s] INFO:colcon.colcon_core.shell:Creating environment descriptor '/home/akun/workspace/CAR/simulation_ws/install/sim_imu/share/sim_imu/hook/cmake_prefix_path.dsv'
[2.345s] INFO:colcon.colcon_core.shell:Creating environment hook '/home/akun/workspace/CAR/simulation_ws/install/sim_imu/share/sim_imu/hook/cmake_prefix_path.sh'
[2.345s] Level 1:colcon.colcon_core.environment:checking '/home/akun/workspace/CAR/simulation_ws/install/sim_imu/lib'
[2.345s] Level 1:colcon.colcon_core.environment:checking '/home/akun/workspace/CAR/simulation_ws/install/sim_imu/bin'
[2.345s] Level 1:colcon.colcon_core.environment:checking '/home/akun/workspace/CAR/simulation_ws/install/sim_imu/lib/pkgconfig/sim_imu.pc'
[2.345s] Level 1:colcon.colcon_core.environment:checking '/home/akun/workspace/CAR/simulation_ws/install/sim_imu/lib/python3.10/site-packages'
[2.345s] Level 1:colcon.colcon_core.environment:checking '/home/akun/workspace/CAR/simulation_ws/install/sim_imu/bin'
[2.346s] INFO:colcon.colcon_core.shell:Creating package script '/home/akun/workspace/CAR/simulation_ws/install/sim_imu/share/sim_imu/package.ps1'
[2.346s] INFO:colcon.colcon_core.shell:Creating package descriptor '/home/akun/workspace/CAR/simulation_ws/install/sim_imu/share/sim_imu/package.dsv'
[2.346s] INFO:colcon.colcon_core.shell:Creating package script '/home/akun/workspace/CAR/simulation_ws/install/sim_imu/share/sim_imu/package.sh'
[2.346s] INFO:colcon.colcon_core.shell:Creating package script '/home/akun/workspace/CAR/simulation_ws/install/sim_imu/share/sim_imu/package.bash'
[2.347s] INFO:colcon.colcon_core.shell:Creating package script '/home/akun/workspace/CAR/simulation_ws/install/sim_imu/share/sim_imu/package.zsh'
[2.347s] Level 1:colcon.colcon_core.environment:create_file_with_runtime_dependencies(/home/akun/workspace/CAR/simulation_ws/install/sim_imu/share/colcon-core/packages/sim_imu)
[2.357s] DEBUG:colcon.colcon_parallel_executor.executor.parallel:closing loop
[2.357s] DEBUG:colcon.colcon_parallel_executor.executor.parallel:loop closed
[2.357s] DEBUG:colcon.colcon_parallel_executor.executor.parallel:run_until_complete finished with '2'
[2.357s] DEBUG:colcon.colcon_core.event_reactor:joining thread
[2.387s] INFO:colcon.colcon_core.plugin_system:Skipping extension 'colcon_notification.desktop_notification.notify_send': Could not find 'notify-send'
[2.387s] INFO:colcon.colcon_core.plugin_system:Skipping extension 'colcon_notification.desktop_notification.terminal_notifier': Not used on non-Darwin systems
[2.387s] INFO:colcon.colcon_core.plugin_system:Skipping extension 'colcon_notification.desktop_notification.win32': Not used on non-Windows systems
[2.387s] INFO:colcon.colcon_notification.desktop_notification:Sending desktop notification using 'notify2'
[2.388s] DEBUG:colcon.colcon_notification.desktop_notification.notify2:Failed to initialize notify2: org.freedesktop.DBus.Error.FileNotFound: Failed to connect to socket /run/user/1000/bus: No such file or directory
[2.388s] DEBUG:colcon.colcon_core.event_reactor:joined thread
[2.388s] INFO:colcon.colcon_core.shell:Creating prefix script '/home/akun/workspace/CAR/simulation_ws/install/local_setup.ps1'
[2.388s] INFO:colcon.colcon_core.shell:Creating prefix util module '/home/akun/workspace/CAR/simulation_ws/install/_local_setup_util_ps1.py'
[2.389s] INFO:colcon.colcon_core.shell:Creating prefix chain script '/home/akun/workspace/CAR/simulation_ws/install/setup.ps1'
[2.390s] INFO:colcon.colcon_core.shell:Creating prefix script '/home/akun/workspace/CAR/simulation_ws/install/local_setup.sh'
[2.390s] INFO:colcon.colcon_core.shell:Creating prefix util module '/home/akun/workspace/CAR/simulation_ws/install/_local_setup_util_sh.py'
[2.391s] INFO:colcon.colcon_core.shell:Creating prefix chain script '/home/akun/workspace/CAR/simulation_ws/install/setup.sh'
[2.391s] INFO:colcon.colcon_core.shell:Creating prefix script '/home/akun/workspace/CAR/simulation_ws/install/local_setup.bash'
[2.391s] INFO:colcon.colcon_core.shell:Creating prefix chain script '/home/akun/workspace/CAR/simulation_ws/install/setup.bash'
[2.392s] INFO:colcon.colcon_core.shell:Creating prefix script '/home/akun/workspace/CAR/simulation_ws/install/local_setup.zsh'
[2.392s] INFO:colcon.colcon_core.shell:Creating prefix chain script '/home/akun/workspace/CAR/simulation_ws/install/setup.zsh'
