running egg_info
writing ../build/cmd_vel_smooth/cmd_vel_smooth.egg-info/PKG-INFO
writing dependency_links to ../build/cmd_vel_smooth/cmd_vel_smooth.egg-info/dependency_links.txt
writing entry points to ../build/cmd_vel_smooth/cmd_vel_smooth.egg-info/entry_points.txt
writing requirements to ../build/cmd_vel_smooth/cmd_vel_smooth.egg-info/requires.txt
writing top-level names to ../build/cmd_vel_smooth/cmd_vel_smooth.egg-info/top_level.txt
reading manifest file '../build/cmd_vel_smooth/cmd_vel_smooth.egg-info/SOURCES.txt'
writing manifest file '../build/cmd_vel_smooth/cmd_vel_smooth.egg-info/SOURCES.txt'
running build
running build_py
copying cmd_vel_smooth/cmd_vel_smooth.py -> /home/akun/workspace/CAR/simulation_ws/build/cmd_vel_smooth/build/lib/cmd_vel_smooth
running install
running install_lib
copying /home/akun/workspace/CAR/simulation_ws/build/cmd_vel_smooth/build/lib/cmd_vel_smooth/cmd_vel_smooth.py -> /home/akun/workspace/CAR/simulation_ws/install/cmd_vel_smooth/lib/python3.10/site-packages/cmd_vel_smooth
byte-compiling /home/akun/workspace/CAR/simulation_ws/install/cmd_vel_smooth/lib/python3.10/site-packages/cmd_vel_smooth/cmd_vel_smooth.py to cmd_vel_smooth.cpython-310.pyc
running install_data
running install_egg_info
removing '/home/akun/workspace/CAR/simulation_ws/install/cmd_vel_smooth/lib/python3.10/site-packages/cmd_vel_smooth-0.0.0-py3.10.egg-info' (and everything under it)
Copying ../build/cmd_vel_smooth/cmd_vel_smooth.egg-info to /home/akun/workspace/CAR/simulation_ws/install/cmd_vel_smooth/lib/python3.10/site-packages/cmd_vel_smooth-0.0.0-py3.10.egg-info
running install_scripts
Installing cmd_vel_smooth script to /home/akun/workspace/CAR/simulation_ws/install/cmd_vel_smooth/lib/cmd_vel_smooth
writing list of installed files to '/home/akun/workspace/CAR/simulation_ws/build/cmd_vel_smooth/install.log'
