[0.015s] Invoking command in '/home/akun/workspace/CAR/simulation_ws/build/launch_sim': CMAKE_PREFIX_PATH=${CMAKE_PREFIX_PATH}:/opt/ros/humble /usr/bin/cmake --build /home/akun/workspace/CAR/simulation_ws/build/launch_sim -- -j32 -l32
[0.031s] -- Found ament_cmake: 1.3.12 (/opt/ros/humble/share/ament_cmake/cmake)
[0.127s] -- Found ament_lint_auto: 0.12.14 (/opt/ros/humble/share/ament_lint_auto/cmake)
[0.175s] -- Added test 'flake8' to check Python code syntax and style conventions
[0.175s] -- Added test 'lint_cmake' to check CMake code style
[0.176s] -- Added test 'pep257' to check Python code against some of the docstring style conventions in PEP 257
[0.177s] -- Added test 'xmllint' to check XML markup files
[0.178s] -- Configuring done
[0.182s] -- Generating done
[0.183s] -- Build files have been written to: /home/akun/workspace/CAR/simulation_ws/build/launch_sim
[0.196s] Invoked command in '/home/akun/workspace/CAR/simulation_ws/build/launch_sim' returned '0': CMAKE_PREFIX_PATH=${CMAKE_PREFIX_PATH}:/opt/ros/humble /usr/bin/cmake --build /home/akun/workspace/CAR/simulation_ws/build/launch_sim -- -j32 -l32
[0.197s] Invoking command in '/home/akun/workspace/CAR/simulation_ws/build/launch_sim': CMAKE_PREFIX_PATH=${CMAKE_PREFIX_PATH}:/opt/ros/humble /usr/bin/cmake --install /home/akun/workspace/CAR/simulation_ws/build/launch_sim
[0.201s] -- Install configuration: ""
[0.201s] -- Installing: /home/akun/workspace/CAR/simulation_ws/install/launch_sim/share/launch_sim/launch
[0.201s] -- Installing: /home/akun/workspace/CAR/simulation_ws/install/launch_sim/share/launch_sim/launch/run.launch.py
[0.201s] -- Up-to-date: /home/akun/workspace/CAR/simulation_ws/install/launch_sim/share/ament_index/resource_index/package_run_dependencies/launch_sim
[0.202s] -- Installing: /home/akun/workspace/CAR/simulation_ws/install/launch_sim/share/ament_index/resource_index/parent_prefix_path/launch_sim
[0.202s] -- Up-to-date: /home/akun/workspace/CAR/simulation_ws/install/launch_sim/share/launch_sim/environment/ament_prefix_path.sh
[0.202s] -- Installing: /home/akun/workspace/CAR/simulation_ws/install/launch_sim/share/launch_sim/environment/ament_prefix_path.dsv
[0.202s] -- Up-to-date: /home/akun/workspace/CAR/simulation_ws/install/launch_sim/share/launch_sim/environment/path.sh
[0.202s] -- Installing: /home/akun/workspace/CAR/simulation_ws/install/launch_sim/share/launch_sim/environment/path.dsv
[0.202s] -- Up-to-date: /home/akun/workspace/CAR/simulation_ws/install/launch_sim/share/launch_sim/local_setup.bash
[0.203s] -- Up-to-date: /home/akun/workspace/CAR/simulation_ws/install/launch_sim/share/launch_sim/local_setup.sh
[0.203s] -- Up-to-date: /home/akun/workspace/CAR/simulation_ws/install/launch_sim/share/launch_sim/local_setup.zsh
[0.203s] -- Installing: /home/akun/workspace/CAR/simulation_ws/install/launch_sim/share/launch_sim/local_setup.dsv
[0.203s] -- Installing: /home/akun/workspace/CAR/simulation_ws/install/launch_sim/share/launch_sim/package.dsv
[0.203s] -- Up-to-date: /home/akun/workspace/CAR/simulation_ws/install/launch_sim/share/ament_index/resource_index/packages/launch_sim
[0.203s] -- Up-to-date: /home/akun/workspace/CAR/simulation_ws/install/launch_sim/share/launch_sim/cmake/launch_simConfig.cmake
[0.203s] -- Up-to-date: /home/akun/workspace/CAR/simulation_ws/install/launch_sim/share/launch_sim/cmake/launch_simConfig-version.cmake
[0.203s] -- Up-to-date: /home/akun/workspace/CAR/simulation_ws/install/launch_sim/share/launch_sim/package.xml
[0.204s] Invoked command in '/home/akun/workspace/CAR/simulation_ws/build/launch_sim' returned '0': CMAKE_PREFIX_PATH=${CMAKE_PREFIX_PATH}:/opt/ros/humble /usr/bin/cmake --install /home/akun/workspace/CAR/simulation_ws/build/launch_sim
