[35m[1mConsolidate compiler generated dependencies of target sim_imu[0m
[ 50%] [32mBuilding CXX object CMakeFiles/sim_imu.dir/src/sim_imu.cpp.o[0m
[01m[K/home/akun/workspace/CAR/simulation_ws/sim_imu/src/sim_imu.cpp:8:41:[m[K [01;31m[Kerror: [m[K‘[01m[KPointCloud2[m[K’ is not a member of ‘[01m[Ksensor_msgs::msg[m[K’
    8 |     rclcpp::Publisher<sensor_msgs::msg::[01;31m[KPointCloud2[m[K>::SharedPtr publisher_imu;
      |                                         [01;31m[K^~~~~~~~~~~[m[K
[01m[K/home/akun/workspace/CAR/simulation_ws/sim_imu/src/sim_imu.cpp:8:52:[m[K [01;31m[Kerror: [m[Ktemplate argument 1 is invalid
    8 |     rclcpp::Publisher<sensor_msgs::msg::PointCloud2[01;31m[K>[m[K::SharedPtr publisher_imu;
      |                                                    [01;31m[K^[m[K
[01m[K/home/akun/workspace/CAR/simulation_ws/sim_imu/src/sim_imu.cpp:8:55:[m[K [01;31m[Kerror: [m[Kexpected ‘[01m[K;[m[K’ at end of member declaration
    8 |     rclcpp::Publisher<sensor_msgs::msg::PointCloud2>::[01;31m[KSharedPtr[m[K publisher_imu;
      |                                                       [01;31m[K^~~~~~~~~[m[K
      |                                                                [32m[K;[m[K
[01m[K/home/akun/workspace/CAR/simulation_ws/sim_imu/src/sim_imu.cpp:8:65:[m[K [01;31m[Kerror: [m[K‘[01m[Kpublisher_imu[m[K’ does not name a type; did you mean ‘[01m[KPublisher[m[K’?
    8 |     rclcpp::Publisher<sensor_msgs::msg::PointCloud2>::SharedPtr [01;31m[Kpublisher_imu[m[K;
      |                                                                 [01;31m[K^~~~~~~~~~~~~[m[K
      |                                                                 [32m[KPublisher[m[K
[01m[K/home/akun/workspace/CAR/simulation_ws/sim_imu/src/sim_imu.cpp:[m[K In constructor ‘[01m[KPublisher::Publisher(const string&)[m[K’:
[01m[K/home/akun/workspace/CAR/simulation_ws/sim_imu/src/sim_imu.cpp:11:15:[m[K [01;31m[Kerror: [m[K‘[01m[Kclass Publisher[m[K’ has no member named ‘[01m[Kpublisher_imu[m[K’; did you mean ‘[01m[KPublisher[m[K’?
   11 |         this->[01;31m[Kpublisher_imu[m[K = this->create_publisher<sensor_msgs::msg::Imu>("/my_imu",10);
      |               [01;31m[K^~~~~~~~~~~~~[m[K
      |               [32m[KPublisher[m[K
[01m[K/home/akun/workspace/CAR/simulation_ws/sim_imu/src/sim_imu.cpp:[m[K In member function ‘[01m[Kvoid Publisher::timer_callback()[m[K’:
[01m[K/home/akun/workspace/CAR/simulation_ws/sim_imu/src/sim_imu.cpp:38:9:[m[K [01;31m[Kerror: [m[K‘[01m[Kpublisher_imu[m[K’ was not declared in this scope; did you mean ‘[01m[KPublisher[m[K’?
   38 |         [01;31m[Kpublisher_imu[m[K->publish(msg);
      |         [01;31m[K^~~~~~~~~~~~~[m[K
      |         [32m[KPublisher[m[K
gmake[2]: *** [CMakeFiles/sim_imu.dir/build.make:76: CMakeFiles/sim_imu.dir/src/sim_imu.cpp.o] Error 1
gmake[1]: *** [CMakeFiles/Makefile2:137: CMakeFiles/sim_imu.dir/all] Error 2
gmake: *** [Makefile:146: all] Error 2
