[0.014s] Invoking command in '/home/akun/workspace/CAR/simulation_ws/build/convert_time': CMAKE_PREFIX_PATH=${CMAKE_PREFIX_PATH}:/opt/ros/humble /usr/bin/cmake --build /home/akun/workspace/CAR/simulation_ws/build/convert_time -- -j32 -l32
[0.050s] [ 50%] [32mBuilding CXX object CMakeFiles/convert_time.dir/src/convert_time.cpp.o[0m
[8.407s] [100%] [32m[1mLinking CXX executable convert_time[0m
[8.799s] [100%] Built target convert_time
[8.806s] Invoked command in '/home/akun/workspace/CAR/simulation_ws/build/convert_time' returned '0': CMAKE_PREFIX_PATH=${CMAKE_PREFIX_PATH}:/opt/ros/humble /usr/bin/cmake --build /home/akun/workspace/CAR/simulation_ws/build/convert_time -- -j32 -l32
[8.808s] Invoking command in '/home/akun/workspace/CAR/simulation_ws/build/convert_time': CMAKE_PREFIX_PATH=${CMAKE_PREFIX_PATH}:/opt/ros/humble /usr/bin/cmake --install /home/akun/workspace/CAR/simulation_ws/build/convert_time
[8.813s] -- Install configuration: ""
[8.814s] -- Installing: /home/akun/workspace/CAR/simulation_ws/install/convert_time/lib/convert_time/convert_time
[8.817s] -- Set runtime path of "/home/akun/workspace/CAR/simulation_ws/install/convert_time/lib/convert_time/convert_time" to ""
[8.817s] -- Up-to-date: /home/akun/workspace/CAR/simulation_ws/install/convert_time/share/ament_index/resource_index/package_run_dependencies/convert_time
[8.817s] -- Up-to-date: /home/akun/workspace/CAR/simulation_ws/install/convert_time/share/ament_index/resource_index/parent_prefix_path/convert_time
[8.817s] -- Up-to-date: /home/akun/workspace/CAR/simulation_ws/install/convert_time/share/convert_time/environment/ament_prefix_path.sh
[8.818s] -- Up-to-date: /home/akun/workspace/CAR/simulation_ws/install/convert_time/share/convert_time/environment/ament_prefix_path.dsv
[8.818s] -- Up-to-date: /home/akun/workspace/CAR/simulation_ws/install/convert_time/share/convert_time/environment/path.sh
[8.818s] -- Up-to-date: /home/akun/workspace/CAR/simulation_ws/install/convert_time/share/convert_time/environment/path.dsv
[8.818s] -- Up-to-date: /home/akun/workspace/CAR/simulation_ws/install/convert_time/share/convert_time/local_setup.bash
[8.818s] -- Up-to-date: /home/akun/workspace/CAR/simulation_ws/install/convert_time/share/convert_time/local_setup.sh
[8.818s] -- Up-to-date: /home/akun/workspace/CAR/simulation_ws/install/convert_time/share/convert_time/local_setup.zsh
[8.818s] -- Up-to-date: /home/akun/workspace/CAR/simulation_ws/install/convert_time/share/convert_time/local_setup.dsv
[8.818s] -- Installing: /home/akun/workspace/CAR/simulation_ws/install/convert_time/share/convert_time/package.dsv
[8.818s] -- Up-to-date: /home/akun/workspace/CAR/simulation_ws/install/convert_time/share/ament_index/resource_index/packages/convert_time
[8.818s] -- Up-to-date: /home/akun/workspace/CAR/simulation_ws/install/convert_time/share/convert_time/cmake/convert_timeConfig.cmake
[8.819s] -- Up-to-date: /home/akun/workspace/CAR/simulation_ws/install/convert_time/share/convert_time/cmake/convert_timeConfig-version.cmake
[8.819s] -- Up-to-date: /home/akun/workspace/CAR/simulation_ws/install/convert_time/share/convert_time/package.xml
[8.820s] Invoked command in '/home/akun/workspace/CAR/simulation_ws/build/convert_time' returned '0': CMAKE_PREFIX_PATH=${CMAKE_PREFIX_PATH}:/opt/ros/humble /usr/bin/cmake --install /home/akun/workspace/CAR/simulation_ws/build/convert_time
