[0.152s] DEBUG:colcon:Command line arguments: ['/usr/bin/colcon', 'build']
[0.152s] DEBUG:colcon:Parsed command line arguments: Namespace(log_base=None, log_level=None, verb_name='build', build_base='build', install_base='install', merge_install=False, symlink_install=False, test_result_base=None, continue_on_error=False, executor='parallel', parallel_workers=32, event_handlers=None, ignore_user_meta=False, metas=['./colcon.meta'], base_paths=['.'], packages_ignore=None, packages_ignore_regex=None, paths=None, packages_up_to=None, packages_up_to_regex=None, packages_above=None, packages_above_and_dependencies=None, packages_above_depth=None, packages_select_by_dep=None, packages_skip_by_dep=None, packages_skip_up_to=None, packages_select_build_failed=False, packages_skip_build_finished=False, packages_select_test_failures=False, packages_skip_test_passed=False, packages_select=None, packages_skip=None, packages_select_regex=None, packages_skip_regex=None, packages_start=None, packages_end=None, allow_overriding=[], cmake_args=None, cmake_target=None, cmake_target_skip_unavailable=False, cmake_clean_cache=False, cmake_clean_first=False, cmake_force_configure=False, ament_cmake_args=None, catkin_cmake_args=None, catkin_skip_building_tests=False, verb_parser=<colcon_defaults.argument_parser.defaults.DefaultArgumentsDecorator object at 0x777f5f82b880>, verb_extension=<colcon_core.verb.build.BuildVerb object at 0x777f5f9d0550>, main=<bound method BuildVerb.main of <colcon_core.verb.build.BuildVerb object at 0x777f5f9d0550>>)
[0.240s] Level 1:colcon.colcon_core.package_discovery:discover_packages(colcon_meta) check parameters
[0.240s] Level 1:colcon.colcon_core.package_discovery:discover_packages(recursive) check parameters
[0.241s] Level 1:colcon.colcon_core.package_discovery:discover_packages(ignore) check parameters
[0.241s] Level 1:colcon.colcon_core.package_discovery:discover_packages(path) check parameters
[0.241s] Level 1:colcon.colcon_core.package_discovery:discover_packages(colcon_meta) discover
[0.241s] Level 1:colcon.colcon_core.package_discovery:discover_packages(recursive) discover
[0.241s] INFO:colcon.colcon_core.package_discovery:Crawling recursively for packages in '/home/akun/workspace/CAR/simulation_ws'
[0.241s] Level 1:colcon.colcon_core.package_identification:_identify(.) by extensions ['ignore', 'ignore_ament_install']
[0.241s] Level 1:colcon.colcon_core.package_identification:_identify(.) by extension 'ignore'
[0.241s] Level 1:colcon.colcon_core.package_identification:_identify(.) by extension 'ignore_ament_install'
[0.241s] Level 1:colcon.colcon_core.package_identification:_identify(.) by extensions ['colcon_pkg']
[0.241s] Level 1:colcon.colcon_core.package_identification:_identify(.) by extension 'colcon_pkg'
[0.241s] Level 1:colcon.colcon_core.package_identification:_identify(.) by extensions ['colcon_meta']
[0.241s] Level 1:colcon.colcon_core.package_identification:_identify(.) by extension 'colcon_meta'
[0.241s] Level 1:colcon.colcon_core.package_identification:_identify(.) by extensions ['ros']
[0.241s] Level 1:colcon.colcon_core.package_identification:_identify(.) by extension 'ros'
[0.248s] Level 1:colcon.colcon_core.package_identification:_identify(.) by extensions ['cmake', 'python']
[0.248s] Level 1:colcon.colcon_core.package_identification:_identify(.) by extension 'cmake'
[0.249s] Level 1:colcon.colcon_core.package_identification:_identify(.) by extension 'python'
[0.249s] Level 1:colcon.colcon_core.package_identification:_identify(.) by extensions ['python_setup_py']
[0.249s] Level 1:colcon.colcon_core.package_identification:_identify(.) by extension 'python_setup_py'
[0.249s] Level 1:colcon.colcon_core.package_identification:_identify(build) by extensions ['ignore', 'ignore_ament_install']
[0.249s] Level 1:colcon.colcon_core.package_identification:_identify(build) by extension 'ignore'
[0.249s] Level 1:colcon.colcon_core.package_identification:_identify(build) ignored
[0.249s] Level 1:colcon.colcon_core.package_identification:_identify(convert_time) by extensions ['ignore', 'ignore_ament_install']
[0.249s] Level 1:colcon.colcon_core.package_identification:_identify(convert_time) by extension 'ignore'
[0.249s] Level 1:colcon.colcon_core.package_identification:_identify(convert_time) by extension 'ignore_ament_install'
[0.249s] Level 1:colcon.colcon_core.package_identification:_identify(convert_time) by extensions ['colcon_pkg']
[0.249s] Level 1:colcon.colcon_core.package_identification:_identify(convert_time) by extension 'colcon_pkg'
[0.249s] Level 1:colcon.colcon_core.package_identification:_identify(convert_time) by extensions ['colcon_meta']
[0.249s] Level 1:colcon.colcon_core.package_identification:_identify(convert_time) by extension 'colcon_meta'
[0.249s] Level 1:colcon.colcon_core.package_identification:_identify(convert_time) by extensions ['ros']
[0.249s] Level 1:colcon.colcon_core.package_identification:_identify(convert_time) by extension 'ros'
[0.251s] DEBUG:colcon.colcon_core.package_identification:Package 'convert_time' with type 'ros.ament_cmake' and name 'convert_time'
[0.251s] Level 1:colcon.colcon_core.package_identification:_identify(install) by extensions ['ignore', 'ignore_ament_install']
[0.251s] Level 1:colcon.colcon_core.package_identification:_identify(install) by extension 'ignore'
[0.251s] Level 1:colcon.colcon_core.package_identification:_identify(install) ignored
[0.251s] Level 1:colcon.colcon_core.package_identification:_identify(log) by extensions ['ignore', 'ignore_ament_install']
[0.251s] Level 1:colcon.colcon_core.package_identification:_identify(log) by extension 'ignore'
[0.251s] Level 1:colcon.colcon_core.package_identification:_identify(log) ignored
[0.251s] Level 1:colcon.colcon_core.package_identification:_identify(sim_imu) by extensions ['ignore', 'ignore_ament_install']
[0.251s] Level 1:colcon.colcon_core.package_identification:_identify(sim_imu) by extension 'ignore'
[0.251s] Level 1:colcon.colcon_core.package_identification:_identify(sim_imu) by extension 'ignore_ament_install'
[0.251s] Level 1:colcon.colcon_core.package_identification:_identify(sim_imu) by extensions ['colcon_pkg']
[0.251s] Level 1:colcon.colcon_core.package_identification:_identify(sim_imu) by extension 'colcon_pkg'
[0.251s] Level 1:colcon.colcon_core.package_identification:_identify(sim_imu) by extensions ['colcon_meta']
[0.251s] Level 1:colcon.colcon_core.package_identification:_identify(sim_imu) by extension 'colcon_meta'
[0.251s] Level 1:colcon.colcon_core.package_identification:_identify(sim_imu) by extensions ['ros']
[0.251s] Level 1:colcon.colcon_core.package_identification:_identify(sim_imu) by extension 'ros'
[0.252s] DEBUG:colcon.colcon_core.package_identification:Package 'sim_imu' with type 'ros.ament_cmake' and name 'sim_imu'
[0.252s] Level 1:colcon.colcon_core.package_discovery:discover_packages(recursive) using defaults
[0.252s] Level 1:colcon.colcon_core.package_discovery:discover_packages(ignore) discover
[0.252s] Level 1:colcon.colcon_core.package_discovery:discover_packages(ignore) using defaults
[0.252s] Level 1:colcon.colcon_core.package_discovery:discover_packages(path) discover
[0.252s] Level 1:colcon.colcon_core.package_discovery:discover_packages(path) using defaults
[0.265s] Level 1:colcon.colcon_core.package_discovery:discover_packages(prefix_path) check parameters
[0.265s] Level 1:colcon.colcon_core.package_discovery:discover_packages(prefix_path) discover
[0.266s] DEBUG:colcon.colcon_installed_package_information.package_discovery:Found 2 installed packages in /home/akun/workspace/CAR/simulation_ws/install
[0.266s] DEBUG:colcon.colcon_installed_package_information.package_discovery:Found 1 installed packages in /home/akun/workspace/CAR/LIO-SAM/install
[0.267s] DEBUG:colcon.colcon_installed_package_information.package_discovery:Found 2 installed packages in /home/akun/workspace/CAR/1_URDF_ws/install
[0.267s] DEBUG:colcon.colcon_installed_package_information.package_discovery:Found 1 installed packages in /home/akun/workspace/CAR/livox_ros_driver2/install
[0.268s] DEBUG:colcon.colcon_installed_package_information.package_discovery:Found 331 installed packages in /opt/ros/humble
[0.276s] Level 1:colcon.colcon_core.package_discovery:discover_packages(prefix_path) using defaults
[0.298s] Level 5:colcon.colcon_core.verb:set package 'convert_time' build argument 'cmake_args' from command line to 'None'
[0.299s] Level 5:colcon.colcon_core.verb:set package 'convert_time' build argument 'cmake_target' from command line to 'None'
[0.299s] Level 5:colcon.colcon_core.verb:set package 'convert_time' build argument 'cmake_target_skip_unavailable' from command line to 'False'
[0.299s] Level 5:colcon.colcon_core.verb:set package 'convert_time' build argument 'cmake_clean_cache' from command line to 'False'
[0.299s] Level 5:colcon.colcon_core.verb:set package 'convert_time' build argument 'cmake_clean_first' from command line to 'False'
[0.299s] Level 5:colcon.colcon_core.verb:set package 'convert_time' build argument 'cmake_force_configure' from command line to 'False'
[0.299s] Level 5:colcon.colcon_core.verb:set package 'convert_time' build argument 'ament_cmake_args' from command line to 'None'
[0.299s] Level 5:colcon.colcon_core.verb:set package 'convert_time' build argument 'catkin_cmake_args' from command line to 'None'
[0.299s] Level 5:colcon.colcon_core.verb:set package 'convert_time' build argument 'catkin_skip_building_tests' from command line to 'False'
[0.299s] DEBUG:colcon.colcon_core.verb:Building package 'convert_time' with the following arguments: {'ament_cmake_args': None, 'build_base': '/home/akun/workspace/CAR/simulation_ws/build/convert_time', 'catkin_cmake_args': None, 'catkin_skip_building_tests': False, 'cmake_args': None, 'cmake_clean_cache': False, 'cmake_clean_first': False, 'cmake_force_configure': False, 'cmake_target': None, 'cmake_target_skip_unavailable': False, 'install_base': '/home/akun/workspace/CAR/simulation_ws/install/convert_time', 'merge_install': False, 'path': '/home/akun/workspace/CAR/simulation_ws/convert_time', 'symlink_install': False, 'test_result_base': None}
[0.299s] Level 5:colcon.colcon_core.verb:set package 'sim_imu' build argument 'cmake_args' from command line to 'None'
[0.299s] Level 5:colcon.colcon_core.verb:set package 'sim_imu' build argument 'cmake_target' from command line to 'None'
[0.299s] Level 5:colcon.colcon_core.verb:set package 'sim_imu' build argument 'cmake_target_skip_unavailable' from command line to 'False'
[0.299s] Level 5:colcon.colcon_core.verb:set package 'sim_imu' build argument 'cmake_clean_cache' from command line to 'False'
[0.299s] Level 5:colcon.colcon_core.verb:set package 'sim_imu' build argument 'cmake_clean_first' from command line to 'False'
[0.299s] Level 5:colcon.colcon_core.verb:set package 'sim_imu' build argument 'cmake_force_configure' from command line to 'False'
[0.299s] Level 5:colcon.colcon_core.verb:set package 'sim_imu' build argument 'ament_cmake_args' from command line to 'None'
[0.299s] Level 5:colcon.colcon_core.verb:set package 'sim_imu' build argument 'catkin_cmake_args' from command line to 'None'
[0.299s] Level 5:colcon.colcon_core.verb:set package 'sim_imu' build argument 'catkin_skip_building_tests' from command line to 'False'
[0.299s] DEBUG:colcon.colcon_core.verb:Building package 'sim_imu' with the following arguments: {'ament_cmake_args': None, 'build_base': '/home/akun/workspace/CAR/simulation_ws/build/sim_imu', 'catkin_cmake_args': None, 'catkin_skip_building_tests': False, 'cmake_args': None, 'cmake_clean_cache': False, 'cmake_clean_first': False, 'cmake_force_configure': False, 'cmake_target': None, 'cmake_target_skip_unavailable': False, 'install_base': '/home/akun/workspace/CAR/simulation_ws/install/sim_imu', 'merge_install': False, 'path': '/home/akun/workspace/CAR/simulation_ws/sim_imu', 'symlink_install': False, 'test_result_base': None}
[0.299s] INFO:colcon.colcon_core.executor:Executing jobs using 'parallel' executor
[0.300s] DEBUG:colcon.colcon_parallel_executor.executor.parallel:run_until_complete
[0.300s] INFO:colcon.colcon_ros.task.ament_cmake.build:Building ROS package in '/home/akun/workspace/CAR/simulation_ws/convert_time' with build type 'ament_cmake'
[0.300s] INFO:colcon.colcon_cmake.task.cmake.build:Building CMake package in '/home/akun/workspace/CAR/simulation_ws/convert_time'
[0.302s] INFO:colcon.colcon_core.plugin_system:Skipping extension 'colcon_core.shell.bat': Not used on non-Windows systems
[0.302s] INFO:colcon.colcon_core.shell:Skip shell extension 'powershell' for command environment: Not usable outside of PowerShell
[0.302s] DEBUG:colcon.colcon_core.shell:Skip shell extension 'dsv' for command environment
[0.305s] INFO:colcon.colcon_ros.task.ament_cmake.build:Building ROS package in '/home/akun/workspace/CAR/simulation_ws/sim_imu' with build type 'ament_cmake'
[0.305s] INFO:colcon.colcon_cmake.task.cmake.build:Building CMake package in '/home/akun/workspace/CAR/simulation_ws/sim_imu'
[0.305s] INFO:colcon.colcon_core.shell:Skip shell extension 'powershell' for command environment: Not usable outside of PowerShell
[0.305s] DEBUG:colcon.colcon_core.shell:Skip shell extension 'dsv' for command environment
[0.314s] DEBUG:colcon.colcon_core.event_handler.log_command:Invoking command in '/home/akun/workspace/CAR/simulation_ws/build/convert_time': CMAKE_PREFIX_PATH=${CMAKE_PREFIX_PATH}:/opt/ros/humble /usr/bin/cmake --build /home/akun/workspace/CAR/simulation_ws/build/convert_time -- -j32 -l32
[0.318s] DEBUG:colcon.colcon_core.event_handler.log_command:Invoking command in '/home/akun/workspace/CAR/simulation_ws/build/sim_imu': CMAKE_PREFIX_PATH=${CMAKE_PREFIX_PATH}:/opt/ros/humble /usr/bin/cmake --build /home/akun/workspace/CAR/simulation_ws/build/sim_imu -- -j32 -l32
[0.358s] DEBUG:colcon.colcon_core.event_handler.log_command:Invoked command in '/home/akun/workspace/CAR/simulation_ws/build/convert_time' returned '0': CMAKE_PREFIX_PATH=${CMAKE_PREFIX_PATH}:/opt/ros/humble /usr/bin/cmake --build /home/akun/workspace/CAR/simulation_ws/build/convert_time -- -j32 -l32
[0.366s] DEBUG:colcon.colcon_core.event_handler.log_command:Invoking command in '/home/akun/workspace/CAR/simulation_ws/build/convert_time': CMAKE_PREFIX_PATH=${CMAKE_PREFIX_PATH}:/opt/ros/humble /usr/bin/cmake --install /home/akun/workspace/CAR/simulation_ws/build/convert_time
[0.371s] Level 1:colcon.colcon_core.environment:create_environment_scripts_only(convert_time)
[0.372s] DEBUG:colcon.colcon_core.event_handler.log_command:Invoked command in '/home/akun/workspace/CAR/simulation_ws/build/convert_time' returned '0': CMAKE_PREFIX_PATH=${CMAKE_PREFIX_PATH}:/opt/ros/humble /usr/bin/cmake --install /home/akun/workspace/CAR/simulation_ws/build/convert_time
[0.373s] Level 1:colcon.colcon_core.environment:checking '/home/akun/workspace/CAR/simulation_ws/install/convert_time' for CMake module files
[0.373s] Level 1:colcon.colcon_core.environment:checking '/home/akun/workspace/CAR/simulation_ws/install/convert_time' for CMake config files
[0.373s] Level 1:colcon.colcon_core.shell:create_environment_hook('convert_time', 'cmake_prefix_path')
[0.374s] INFO:colcon.colcon_core.shell:Creating environment hook '/home/akun/workspace/CAR/simulation_ws/install/convert_time/share/convert_time/hook/cmake_prefix_path.ps1'
[0.374s] INFO:colcon.colcon_core.shell:Creating environment descriptor '/home/akun/workspace/CAR/simulation_ws/install/convert_time/share/convert_time/hook/cmake_prefix_path.dsv'
[0.374s] INFO:colcon.colcon_core.shell:Creating environment hook '/home/akun/workspace/CAR/simulation_ws/install/convert_time/share/convert_time/hook/cmake_prefix_path.sh'
[0.375s] Level 1:colcon.colcon_core.environment:checking '/home/akun/workspace/CAR/simulation_ws/install/convert_time/lib'
[0.375s] Level 1:colcon.colcon_core.environment:checking '/home/akun/workspace/CAR/simulation_ws/install/convert_time/bin'
[0.375s] Level 1:colcon.colcon_core.environment:checking '/home/akun/workspace/CAR/simulation_ws/install/convert_time/lib/pkgconfig/convert_time.pc'
[0.375s] Level 1:colcon.colcon_core.environment:checking '/home/akun/workspace/CAR/simulation_ws/install/convert_time/lib/python3.10/site-packages'
[0.375s] Level 1:colcon.colcon_core.environment:checking '/home/akun/workspace/CAR/simulation_ws/install/convert_time/bin'
[0.376s] INFO:colcon.colcon_core.shell:Creating package script '/home/akun/workspace/CAR/simulation_ws/install/convert_time/share/convert_time/package.ps1'
[0.376s] INFO:colcon.colcon_core.shell:Creating package descriptor '/home/akun/workspace/CAR/simulation_ws/install/convert_time/share/convert_time/package.dsv'
[0.377s] INFO:colcon.colcon_core.shell:Creating package script '/home/akun/workspace/CAR/simulation_ws/install/convert_time/share/convert_time/package.sh'
[0.377s] INFO:colcon.colcon_core.shell:Creating package script '/home/akun/workspace/CAR/simulation_ws/install/convert_time/share/convert_time/package.bash'
[0.377s] INFO:colcon.colcon_core.shell:Creating package script '/home/akun/workspace/CAR/simulation_ws/install/convert_time/share/convert_time/package.zsh'
[0.378s] Level 1:colcon.colcon_core.environment:create_file_with_runtime_dependencies(/home/akun/workspace/CAR/simulation_ws/install/convert_time/share/colcon-core/packages/convert_time)
[0.378s] Level 1:colcon.colcon_core.environment:create_environment_scripts_only(convert_time)
[0.379s] Level 1:colcon.colcon_core.environment:checking '/home/akun/workspace/CAR/simulation_ws/install/convert_time' for CMake module files
[0.379s] Level 1:colcon.colcon_core.environment:checking '/home/akun/workspace/CAR/simulation_ws/install/convert_time' for CMake config files
[0.379s] Level 1:colcon.colcon_core.shell:create_environment_hook('convert_time', 'cmake_prefix_path')
[0.379s] INFO:colcon.colcon_core.shell:Creating environment hook '/home/akun/workspace/CAR/simulation_ws/install/convert_time/share/convert_time/hook/cmake_prefix_path.ps1'
[0.379s] INFO:colcon.colcon_core.shell:Creating environment descriptor '/home/akun/workspace/CAR/simulation_ws/install/convert_time/share/convert_time/hook/cmake_prefix_path.dsv'
[0.379s] INFO:colcon.colcon_core.shell:Creating environment hook '/home/akun/workspace/CAR/simulation_ws/install/convert_time/share/convert_time/hook/cmake_prefix_path.sh'
[0.380s] Level 1:colcon.colcon_core.environment:checking '/home/akun/workspace/CAR/simulation_ws/install/convert_time/lib'
[0.380s] Level 1:colcon.colcon_core.environment:checking '/home/akun/workspace/CAR/simulation_ws/install/convert_time/bin'
[0.380s] Level 1:colcon.colcon_core.environment:checking '/home/akun/workspace/CAR/simulation_ws/install/convert_time/lib/pkgconfig/convert_time.pc'
[0.380s] Level 1:colcon.colcon_core.environment:checking '/home/akun/workspace/CAR/simulation_ws/install/convert_time/lib/python3.10/site-packages'
[0.380s] Level 1:colcon.colcon_core.environment:checking '/home/akun/workspace/CAR/simulation_ws/install/convert_time/bin'
[0.380s] INFO:colcon.colcon_core.shell:Creating package script '/home/akun/workspace/CAR/simulation_ws/install/convert_time/share/convert_time/package.ps1'
[0.381s] INFO:colcon.colcon_core.shell:Creating package descriptor '/home/akun/workspace/CAR/simulation_ws/install/convert_time/share/convert_time/package.dsv'
[0.381s] INFO:colcon.colcon_core.shell:Creating package script '/home/akun/workspace/CAR/simulation_ws/install/convert_time/share/convert_time/package.sh'
[0.381s] INFO:colcon.colcon_core.shell:Creating package script '/home/akun/workspace/CAR/simulation_ws/install/convert_time/share/convert_time/package.bash'
[0.382s] INFO:colcon.colcon_core.shell:Creating package script '/home/akun/workspace/CAR/simulation_ws/install/convert_time/share/convert_time/package.zsh'
[0.382s] Level 1:colcon.colcon_core.environment:create_file_with_runtime_dependencies(/home/akun/workspace/CAR/simulation_ws/install/convert_time/share/colcon-core/packages/convert_time)
[3.350s] DEBUG:colcon.colcon_core.event_handler.log_command:Invoked command in '/home/akun/workspace/CAR/simulation_ws/build/sim_imu' returned '0': CMAKE_PREFIX_PATH=${CMAKE_PREFIX_PATH}:/opt/ros/humble /usr/bin/cmake --build /home/akun/workspace/CAR/simulation_ws/build/sim_imu -- -j32 -l32
[3.351s] DEBUG:colcon.colcon_core.event_handler.log_command:Invoking command in '/home/akun/workspace/CAR/simulation_ws/build/sim_imu': CMAKE_PREFIX_PATH=${CMAKE_PREFIX_PATH}:/opt/ros/humble /usr/bin/cmake --install /home/akun/workspace/CAR/simulation_ws/build/sim_imu
[3.358s] Level 1:colcon.colcon_core.environment:create_environment_scripts_only(sim_imu)
[3.359s] DEBUG:colcon.colcon_core.event_handler.log_command:Invoked command in '/home/akun/workspace/CAR/simulation_ws/build/sim_imu' returned '0': CMAKE_PREFIX_PATH=${CMAKE_PREFIX_PATH}:/opt/ros/humble /usr/bin/cmake --install /home/akun/workspace/CAR/simulation_ws/build/sim_imu
[3.359s] Level 1:colcon.colcon_core.environment:checking '/home/akun/workspace/CAR/simulation_ws/install/sim_imu' for CMake module files
[3.359s] Level 1:colcon.colcon_core.environment:checking '/home/akun/workspace/CAR/simulation_ws/install/sim_imu' for CMake config files
[3.359s] Level 1:colcon.colcon_core.shell:create_environment_hook('sim_imu', 'cmake_prefix_path')
[3.359s] INFO:colcon.colcon_core.shell:Creating environment hook '/home/akun/workspace/CAR/simulation_ws/install/sim_imu/share/sim_imu/hook/cmake_prefix_path.ps1'
[3.360s] INFO:colcon.colcon_core.shell:Creating environment descriptor '/home/akun/workspace/CAR/simulation_ws/install/sim_imu/share/sim_imu/hook/cmake_prefix_path.dsv'
[3.360s] INFO:colcon.colcon_core.shell:Creating environment hook '/home/akun/workspace/CAR/simulation_ws/install/sim_imu/share/sim_imu/hook/cmake_prefix_path.sh'
[3.360s] Level 1:colcon.colcon_core.environment:checking '/home/akun/workspace/CAR/simulation_ws/install/sim_imu/lib'
[3.360s] Level 1:colcon.colcon_core.environment:checking '/home/akun/workspace/CAR/simulation_ws/install/sim_imu/bin'
[3.360s] Level 1:colcon.colcon_core.environment:checking '/home/akun/workspace/CAR/simulation_ws/install/sim_imu/lib/pkgconfig/sim_imu.pc'
[3.361s] Level 1:colcon.colcon_core.environment:checking '/home/akun/workspace/CAR/simulation_ws/install/sim_imu/lib/python3.10/site-packages'
[3.361s] Level 1:colcon.colcon_core.environment:checking '/home/akun/workspace/CAR/simulation_ws/install/sim_imu/bin'
[3.361s] INFO:colcon.colcon_core.shell:Creating package script '/home/akun/workspace/CAR/simulation_ws/install/sim_imu/share/sim_imu/package.ps1'
[3.362s] INFO:colcon.colcon_core.shell:Creating package descriptor '/home/akun/workspace/CAR/simulation_ws/install/sim_imu/share/sim_imu/package.dsv'
[3.362s] INFO:colcon.colcon_core.shell:Creating package script '/home/akun/workspace/CAR/simulation_ws/install/sim_imu/share/sim_imu/package.sh'
[3.362s] INFO:colcon.colcon_core.shell:Creating package script '/home/akun/workspace/CAR/simulation_ws/install/sim_imu/share/sim_imu/package.bash'
[3.363s] INFO:colcon.colcon_core.shell:Creating package script '/home/akun/workspace/CAR/simulation_ws/install/sim_imu/share/sim_imu/package.zsh'
[3.363s] Level 1:colcon.colcon_core.environment:create_file_with_runtime_dependencies(/home/akun/workspace/CAR/simulation_ws/install/sim_imu/share/colcon-core/packages/sim_imu)
[3.363s] Level 1:colcon.colcon_core.environment:create_environment_scripts_only(sim_imu)
[3.363s] Level 1:colcon.colcon_core.environment:checking '/home/akun/workspace/CAR/simulation_ws/install/sim_imu' for CMake module files
[3.364s] Level 1:colcon.colcon_core.environment:checking '/home/akun/workspace/CAR/simulation_ws/install/sim_imu' for CMake config files
[3.364s] Level 1:colcon.colcon_core.shell:create_environment_hook('sim_imu', 'cmake_prefix_path')
[3.364s] INFO:colcon.colcon_core.shell:Creating environment hook '/home/akun/workspace/CAR/simulation_ws/install/sim_imu/share/sim_imu/hook/cmake_prefix_path.ps1'
[3.364s] INFO:colcon.colcon_core.shell:Creating environment descriptor '/home/akun/workspace/CAR/simulation_ws/install/sim_imu/share/sim_imu/hook/cmake_prefix_path.dsv'
[3.364s] INFO:colcon.colcon_core.shell:Creating environment hook '/home/akun/workspace/CAR/simulation_ws/install/sim_imu/share/sim_imu/hook/cmake_prefix_path.sh'
[3.365s] Level 1:colcon.colcon_core.environment:checking '/home/akun/workspace/CAR/simulation_ws/install/sim_imu/lib'
[3.365s] Level 1:colcon.colcon_core.environment:checking '/home/akun/workspace/CAR/simulation_ws/install/sim_imu/bin'
[3.365s] Level 1:colcon.colcon_core.environment:checking '/home/akun/workspace/CAR/simulation_ws/install/sim_imu/lib/pkgconfig/sim_imu.pc'
[3.365s] Level 1:colcon.colcon_core.environment:checking '/home/akun/workspace/CAR/simulation_ws/install/sim_imu/lib/python3.10/site-packages'
[3.365s] Level 1:colcon.colcon_core.environment:checking '/home/akun/workspace/CAR/simulation_ws/install/sim_imu/bin'
[3.365s] INFO:colcon.colcon_core.shell:Creating package script '/home/akun/workspace/CAR/simulation_ws/install/sim_imu/share/sim_imu/package.ps1'
[3.366s] INFO:colcon.colcon_core.shell:Creating package descriptor '/home/akun/workspace/CAR/simulation_ws/install/sim_imu/share/sim_imu/package.dsv'
[3.366s] INFO:colcon.colcon_core.shell:Creating package script '/home/akun/workspace/CAR/simulation_ws/install/sim_imu/share/sim_imu/package.sh'
[3.366s] INFO:colcon.colcon_core.shell:Creating package script '/home/akun/workspace/CAR/simulation_ws/install/sim_imu/share/sim_imu/package.bash'
[3.367s] INFO:colcon.colcon_core.shell:Creating package script '/home/akun/workspace/CAR/simulation_ws/install/sim_imu/share/sim_imu/package.zsh'
[3.367s] Level 1:colcon.colcon_core.environment:create_file_with_runtime_dependencies(/home/akun/workspace/CAR/simulation_ws/install/sim_imu/share/colcon-core/packages/sim_imu)
[3.367s] DEBUG:colcon.colcon_parallel_executor.executor.parallel:closing loop
[3.367s] DEBUG:colcon.colcon_parallel_executor.executor.parallel:loop closed
[3.367s] DEBUG:colcon.colcon_parallel_executor.executor.parallel:run_until_complete finished with '0'
[3.367s] DEBUG:colcon.colcon_core.event_reactor:joining thread
[3.400s] INFO:colcon.colcon_core.plugin_system:Skipping extension 'colcon_notification.desktop_notification.notify_send': Could not find 'notify-send'
[3.400s] INFO:colcon.colcon_core.plugin_system:Skipping extension 'colcon_notification.desktop_notification.terminal_notifier': Not used on non-Darwin systems
[3.400s] INFO:colcon.colcon_core.plugin_system:Skipping extension 'colcon_notification.desktop_notification.win32': Not used on non-Windows systems
[3.400s] INFO:colcon.colcon_notification.desktop_notification:Sending desktop notification using 'notify2'
[3.400s] DEBUG:colcon.colcon_notification.desktop_notification.notify2:Failed to initialize notify2: org.freedesktop.DBus.Error.FileNotFound: Failed to connect to socket /run/user/1000/bus: No such file or directory
[3.400s] DEBUG:colcon.colcon_core.event_reactor:joined thread
[3.400s] INFO:colcon.colcon_core.shell:Creating prefix script '/home/akun/workspace/CAR/simulation_ws/install/local_setup.ps1'
[3.401s] INFO:colcon.colcon_core.shell:Creating prefix util module '/home/akun/workspace/CAR/simulation_ws/install/_local_setup_util_ps1.py'
[3.402s] INFO:colcon.colcon_core.shell:Creating prefix chain script '/home/akun/workspace/CAR/simulation_ws/install/setup.ps1'
[3.403s] INFO:colcon.colcon_core.shell:Creating prefix script '/home/akun/workspace/CAR/simulation_ws/install/local_setup.sh'
[3.403s] INFO:colcon.colcon_core.shell:Creating prefix util module '/home/akun/workspace/CAR/simulation_ws/install/_local_setup_util_sh.py'
[3.403s] INFO:colcon.colcon_core.shell:Creating prefix chain script '/home/akun/workspace/CAR/simulation_ws/install/setup.sh'
[3.404s] INFO:colcon.colcon_core.shell:Creating prefix script '/home/akun/workspace/CAR/simulation_ws/install/local_setup.bash'
[3.404s] INFO:colcon.colcon_core.shell:Creating prefix chain script '/home/akun/workspace/CAR/simulation_ws/install/setup.bash'
[3.405s] INFO:colcon.colcon_core.shell:Creating prefix script '/home/akun/workspace/CAR/simulation_ws/install/local_setup.zsh'
[3.405s] INFO:colcon.colcon_core.shell:Creating prefix chain script '/home/akun/workspace/CAR/simulation_ws/install/setup.zsh'
