[ 50%] [32mBuilding CXX object CMakeFiles/convert_time.dir/src/convert_time.cpp.o[0m
[100%] [32m[1mLinking CXX executable convert_time[0m
[100%] Built target convert_time
-- Install configuration: ""
-- Installing: /home/akun/workspace/CAR/simulation_ws/install/convert_time/lib/convert_time/convert_time
-- Set runtime path of "/home/akun/workspace/CAR/simulation_ws/install/convert_time/lib/convert_time/convert_time" to ""
-- Up-to-date: /home/akun/workspace/CAR/simulation_ws/install/convert_time/share/ament_index/resource_index/package_run_dependencies/convert_time
-- Up-to-date: /home/akun/workspace/CAR/simulation_ws/install/convert_time/share/ament_index/resource_index/parent_prefix_path/convert_time
-- Up-to-date: /home/akun/workspace/CAR/simulation_ws/install/convert_time/share/convert_time/environment/ament_prefix_path.sh
-- Up-to-date: /home/akun/workspace/CAR/simulation_ws/install/convert_time/share/convert_time/environment/ament_prefix_path.dsv
-- Up-to-date: /home/akun/workspace/CAR/simulation_ws/install/convert_time/share/convert_time/environment/path.sh
-- Up-to-date: /home/akun/workspace/CAR/simulation_ws/install/convert_time/share/convert_time/environment/path.dsv
-- Up-to-date: /home/akun/workspace/CAR/simulation_ws/install/convert_time/share/convert_time/local_setup.bash
-- Up-to-date: /home/akun/workspace/CAR/simulation_ws/install/convert_time/share/convert_time/local_setup.sh
-- Up-to-date: /home/akun/workspace/CAR/simulation_ws/install/convert_time/share/convert_time/local_setup.zsh
-- Up-to-date: /home/akun/workspace/CAR/simulation_ws/install/convert_time/share/convert_time/local_setup.dsv
-- Installing: /home/akun/workspace/CAR/simulation_ws/install/convert_time/share/convert_time/package.dsv
-- Up-to-date: /home/akun/workspace/CAR/simulation_ws/install/convert_time/share/ament_index/resource_index/packages/convert_time
-- Up-to-date: /home/akun/workspace/CAR/simulation_ws/install/convert_time/share/convert_time/cmake/convert_timeConfig.cmake
-- Up-to-date: /home/akun/workspace/CAR/simulation_ws/install/convert_time/share/convert_time/cmake/convert_timeConfig-version.cmake
-- Up-to-date: /home/akun/workspace/CAR/simulation_ws/install/convert_time/share/convert_time/package.xml
