[0.012s] Invoking command in '/home/akun/workspace/CAR/nav2/build/nav2': CMAKE_PREFIX_PATH=${CMAKE_PREFIX_PATH}:/home/akun/workspace/CAR/simulation_ws/install/cmd_vel_smooth:/opt/ros/humble /usr/bin/cmake --build /home/akun/workspace/CAR/nav2/build/nav2 -- -j6 -l6
[0.055s] Invoked command in '/home/akun/workspace/CAR/nav2/build/nav2' returned '0': CMAKE_PREFIX_PATH=${CMAKE_PREFIX_PATH}:/home/akun/workspace/CAR/simulation_ws/install/cmd_vel_smooth:/opt/ros/humble /usr/bin/cmake --build /home/akun/workspace/CAR/nav2/build/nav2 -- -j6 -l6
[0.065s] Invoking command in '/home/akun/workspace/CAR/nav2/build/nav2': CMAKE_PREFIX_PATH=${CMAKE_PREFIX_PATH}:/home/akun/workspace/CAR/simulation_ws/install/cmd_vel_smooth:/opt/ros/humble /usr/bin/cmake --install /home/akun/workspace/CAR/nav2/build/nav2
[0.070s] -- Install configuration: ""
[0.070s] -- Up-to-date: /home/akun/workspace/CAR/nav2/install/nav2/share/nav2/launch
[0.070s] -- Up-to-date: /home/akun/workspace/CAR/nav2/install/nav2/share/nav2/launch/run.launch_sim.py
[0.071s] -- Up-to-date: /home/akun/workspace/CAR/nav2/install/nav2/share/nav2/config
[0.071s] -- Installing: /home/akun/workspace/CAR/nav2/install/nav2/share/nav2/config/nav2_params_sim.yaml
[0.071s] -- Up-to-date: /home/akun/workspace/CAR/nav2/install/nav2/share/ament_index/resource_index/package_run_dependencies/nav2
[0.071s] -- Up-to-date: /home/akun/workspace/CAR/nav2/install/nav2/share/ament_index/resource_index/parent_prefix_path/nav2
[0.071s] -- Up-to-date: /home/akun/workspace/CAR/nav2/install/nav2/share/nav2/environment/ament_prefix_path.sh
[0.071s] -- Up-to-date: /home/akun/workspace/CAR/nav2/install/nav2/share/nav2/environment/ament_prefix_path.dsv
[0.071s] -- Up-to-date: /home/akun/workspace/CAR/nav2/install/nav2/share/nav2/environment/path.sh
[0.071s] -- Up-to-date: /home/akun/workspace/CAR/nav2/install/nav2/share/nav2/environment/path.dsv
[0.071s] -- Up-to-date: /home/akun/workspace/CAR/nav2/install/nav2/share/nav2/local_setup.bash
[0.071s] -- Up-to-date: /home/akun/workspace/CAR/nav2/install/nav2/share/nav2/local_setup.sh
[0.071s] -- Up-to-date: /home/akun/workspace/CAR/nav2/install/nav2/share/nav2/local_setup.zsh
[0.072s] -- Up-to-date: /home/akun/workspace/CAR/nav2/install/nav2/share/nav2/local_setup.dsv
[0.072s] -- Installing: /home/akun/workspace/CAR/nav2/install/nav2/share/nav2/package.dsv
[0.072s] -- Up-to-date: /home/akun/workspace/CAR/nav2/install/nav2/share/ament_index/resource_index/packages/nav2
[0.072s] -- Up-to-date: /home/akun/workspace/CAR/nav2/install/nav2/share/nav2/cmake/nav2Config.cmake
[0.072s] -- Up-to-date: /home/akun/workspace/CAR/nav2/install/nav2/share/nav2/cmake/nav2Config-version.cmake
[0.072s] -- Up-to-date: /home/akun/workspace/CAR/nav2/install/nav2/share/nav2/package.xml
[0.075s] Invoked command in '/home/akun/workspace/CAR/nav2/build/nav2' returned '0': CMAKE_PREFIX_PATH=${CMAKE_PREFIX_PATH}:/home/akun/workspace/CAR/simulation_ws/install/cmd_vel_smooth:/opt/ros/humble /usr/bin/cmake --install /home/akun/workspace/CAR/nav2/build/nav2
