[35m[1mConsolidate compiler generated dependencies of target yesense_node_subscriber[0m
[35m[1mConsolidate compiler generated dependencies of target yesense_node_publisher[0m
[ 33%] Built target yesense_node_subscriber
[ 50%] [32mBuilding CXX object CMakeFiles/yesense_node_publisher.dir/src/yesense_node.cpp.o[0m
[01m[K/home/akun/workspace/CAR/yesense_ros2/yesense_std_ros2/src/yesense_node.cpp:[m[K In member function ‘[01m[Kvoid YESENSE_Publisher::timer_callback()[m[K’:
[01m[K/home/akun/workspace/CAR/yesense_ros2/yesense_std_ros2/src/yesense_node.cpp:248:32:[m[K [01;35m[Kwarning: [m[Kunused variable ‘[01m[Kavailable_bytes[m[K’ [[01;35m[K]8;;https://gcc.gnu.org/onlinedocs/gcc/Warning-Options.html#index-Wunused-variable-Wunused-variable]8;;[m[K]
  248 |                         size_t [01;35m[Kavailable_bytes[m[K = ser.available();
      |                                [01;35m[K^~~~~~~~~~~~~~~[m[K
[ 66%] [32m[1mLinking CXX executable yesense_node_publisher[0m
[100%] Built target yesense_node_publisher
-- Install configuration: ""
-- Up-to-date: /home/akun/workspace/CAR/yesense_ros2/install/yesense_std_ros2/share/yesense_std_ros2/launch
-- Up-to-date: /home/akun/workspace/CAR/yesense_ros2/install/yesense_std_ros2/share/yesense_std_ros2/launch/yesense_node.launch.py
-- Up-to-date: /home/akun/workspace/CAR/yesense_ros2/install/yesense_std_ros2/share/yesense_std_ros2/config
-- Up-to-date: /home/akun/workspace/CAR/yesense_ros2/install/yesense_std_ros2/share/yesense_std_ros2/config/yesense_config.yaml
-- Installing: /home/akun/workspace/CAR/yesense_ros2/install/yesense_std_ros2/lib/yesense_std_ros2/yesense_node_publisher
-- Set runtime path of "/home/akun/workspace/CAR/yesense_ros2/install/yesense_std_ros2/lib/yesense_std_ros2/yesense_node_publisher" to ""
-- Up-to-date: /home/akun/workspace/CAR/yesense_ros2/install/yesense_std_ros2/lib/yesense_std_ros2/yesense_node_subscriber
-- Up-to-date: /home/akun/workspace/CAR/yesense_ros2/install/yesense_std_ros2/share/ament_index/resource_index/package_run_dependencies/yesense_std_ros2
-- Up-to-date: /home/akun/workspace/CAR/yesense_ros2/install/yesense_std_ros2/share/ament_index/resource_index/parent_prefix_path/yesense_std_ros2
-- Up-to-date: /home/akun/workspace/CAR/yesense_ros2/install/yesense_std_ros2/share/yesense_std_ros2/environment/ament_prefix_path.sh
-- Up-to-date: /home/akun/workspace/CAR/yesense_ros2/install/yesense_std_ros2/share/yesense_std_ros2/environment/ament_prefix_path.dsv
-- Up-to-date: /home/akun/workspace/CAR/yesense_ros2/install/yesense_std_ros2/share/yesense_std_ros2/environment/path.sh
-- Up-to-date: /home/akun/workspace/CAR/yesense_ros2/install/yesense_std_ros2/share/yesense_std_ros2/environment/path.dsv
-- Up-to-date: /home/akun/workspace/CAR/yesense_ros2/install/yesense_std_ros2/share/yesense_std_ros2/local_setup.bash
-- Up-to-date: /home/akun/workspace/CAR/yesense_ros2/install/yesense_std_ros2/share/yesense_std_ros2/local_setup.sh
-- Up-to-date: /home/akun/workspace/CAR/yesense_ros2/install/yesense_std_ros2/share/yesense_std_ros2/local_setup.zsh
-- Up-to-date: /home/akun/workspace/CAR/yesense_ros2/install/yesense_std_ros2/share/yesense_std_ros2/local_setup.dsv
-- Installing: /home/akun/workspace/CAR/yesense_ros2/install/yesense_std_ros2/share/yesense_std_ros2/package.dsv
-- Up-to-date: /home/akun/workspace/CAR/yesense_ros2/install/yesense_std_ros2/share/ament_index/resource_index/packages/yesense_std_ros2
-- Up-to-date: /home/akun/workspace/CAR/yesense_ros2/install/yesense_std_ros2/share/yesense_std_ros2/cmake/yesense_std_ros2Config.cmake
-- Up-to-date: /home/akun/workspace/CAR/yesense_ros2/install/yesense_std_ros2/share/yesense_std_ros2/cmake/yesense_std_ros2Config-version.cmake
-- Up-to-date: /home/akun/workspace/CAR/yesense_ros2/install/yesense_std_ros2/share/yesense_std_ros2/package.xml
