[0.008s] Invoking command in '/home/akun/workspace/CAR/simulation_ws/build/sim_imu': CMAKE_PREFIX_PATH=${CMAKE_PREFIX_PATH}:/opt/ros/humble /usr/bin/cmake --build /home/akun/workspace/CAR/simulation_ws/build/sim_imu -- -j32 -l32
[0.022s] -- Found ament_cmake: 1.3.12 (/opt/ros/humble/share/ament_cmake/cmake)
[0.089s] -- Found rclcpp: 16.0.14 (/opt/ros/humble/share/rclcpp/cmake)
[0.193s] -- Found rosidl_generator_c: 3.1.7 (/opt/ros/humble/share/rosidl_generator_c/cmake)
[0.194s] -- Found rosidl_adapter: 3.1.7 (/opt/ros/humble/share/rosidl_adapter/cmake)
[0.197s] -- Found rosidl_generator_cpp: 3.1.7 (/opt/ros/humble/share/rosidl_generator_cpp/cmake)
[0.201s] -- Using all available rosidl_typesupport_c: rosidl_typesupport_fastrtps_c;rosidl_typesupport_introspection_c
[0.208s] -- Using all available rosidl_typesupport_cpp: rosidl_typesupport_fastrtps_cpp;rosidl_typesupport_introspection_cpp
[0.224s] -- Found rmw_implementation_cmake: 6.1.2 (/opt/ros/humble/share/rmw_implementation_cmake/cmake)
[0.225s] -- Found rmw_fastrtps_cpp: 6.2.8 (/opt/ros/humble/share/rmw_fastrtps_cpp/cmake)
[3.401s] -- Using RMW implementation 'rmw_fastrtps_cpp' as default
[3.428s] -- Found sensor_msgs: 4.9.0 (/opt/ros/humble/share/sensor_msgs/cmake)
[3.443s] -- Found tf2: 0.25.15 (/opt/ros/humble/share/tf2/cmake)
[3.445s] -- Found tf2_ros: 0.25.15 (/opt/ros/humble/share/tf2_ros/cmake)
[3.485s] -- Found tf2_geometry_msgs: 0.25.15 (/opt/ros/humble/share/tf2_geometry_msgs/cmake)
[3.520s] -- Found eigen3_cmake_module: 0.1.1 (/opt/ros/humble/share/eigen3_cmake_module/cmake)
[3.521s] -- Found Eigen3: TRUE (found version "3.4.0") 
[3.521s] -- Ensuring Eigen3 include directory is part of orocos-kdl CMake target
[3.523s] -- Found ament_lint_auto: 0.12.14 (/opt/ros/humble/share/ament_lint_auto/cmake)
[3.562s] -- Added test 'cppcheck' to perform static code analysis on C / C++ code
[3.562s] -- Configured cppcheck include dirs: 
[3.562s] -- Configured cppcheck exclude dirs and/or files: 
[3.562s] -- Added test 'lint_cmake' to check CMake code style
[3.562s] -- Added test 'uncrustify' to check C / C++ code style
[3.563s] -- Configured uncrustify additional arguments: 
[3.563s] -- Added test 'xmllint' to check XML markup files
[3.563s] -- Configuring done
[3.569s] -- Generating done
[3.572s] -- Build files have been written to: /home/akun/workspace/CAR/simulation_ws/build/sim_imu
[3.587s] [35m[1mConsolidate compiler generated dependencies of target sim_imu[0m
[3.596s] [ 50%] [32mBuilding CXX object CMakeFiles/sim_imu.dir/src/sim_imu.cpp.o[0m
[6.268s] [100%] [32m[1mLinking CXX executable sim_imu[0m
[6.474s] [100%] Built target sim_imu
[6.480s] Invoked command in '/home/akun/workspace/CAR/simulation_ws/build/sim_imu' returned '0': CMAKE_PREFIX_PATH=${CMAKE_PREFIX_PATH}:/opt/ros/humble /usr/bin/cmake --build /home/akun/workspace/CAR/simulation_ws/build/sim_imu -- -j32 -l32
[6.481s] Invoking command in '/home/akun/workspace/CAR/simulation_ws/build/sim_imu': CMAKE_PREFIX_PATH=${CMAKE_PREFIX_PATH}:/opt/ros/humble /usr/bin/cmake --install /home/akun/workspace/CAR/simulation_ws/build/sim_imu
[6.485s] -- Install configuration: ""
[6.485s] -- Installing: /home/akun/workspace/CAR/simulation_ws/install/sim_imu/lib/sim_imu/sim_imu
[6.486s] -- Set runtime path of "/home/akun/workspace/CAR/simulation_ws/install/sim_imu/lib/sim_imu/sim_imu" to ""
[6.486s] -- Up-to-date: /home/akun/workspace/CAR/simulation_ws/install/sim_imu/share/ament_index/resource_index/package_run_dependencies/sim_imu
[6.486s] -- Installing: /home/akun/workspace/CAR/simulation_ws/install/sim_imu/share/ament_index/resource_index/parent_prefix_path/sim_imu
[6.486s] -- Up-to-date: /home/akun/workspace/CAR/simulation_ws/install/sim_imu/share/sim_imu/environment/ament_prefix_path.sh
[6.486s] -- Installing: /home/akun/workspace/CAR/simulation_ws/install/sim_imu/share/sim_imu/environment/ament_prefix_path.dsv
[6.487s] -- Up-to-date: /home/akun/workspace/CAR/simulation_ws/install/sim_imu/share/sim_imu/environment/path.sh
[6.487s] -- Installing: /home/akun/workspace/CAR/simulation_ws/install/sim_imu/share/sim_imu/environment/path.dsv
[6.487s] -- Up-to-date: /home/akun/workspace/CAR/simulation_ws/install/sim_imu/share/sim_imu/local_setup.bash
[6.487s] -- Up-to-date: /home/akun/workspace/CAR/simulation_ws/install/sim_imu/share/sim_imu/local_setup.sh
[6.487s] -- Up-to-date: /home/akun/workspace/CAR/simulation_ws/install/sim_imu/share/sim_imu/local_setup.zsh
[6.487s] -- Installing: /home/akun/workspace/CAR/simulation_ws/install/sim_imu/share/sim_imu/local_setup.dsv
[6.487s] -- Installing: /home/akun/workspace/CAR/simulation_ws/install/sim_imu/share/sim_imu/package.dsv
[6.487s] -- Up-to-date: /home/akun/workspace/CAR/simulation_ws/install/sim_imu/share/ament_index/resource_index/packages/sim_imu
[6.487s] -- Up-to-date: /home/akun/workspace/CAR/simulation_ws/install/sim_imu/share/sim_imu/cmake/sim_imuConfig.cmake
[6.487s] -- Up-to-date: /home/akun/workspace/CAR/simulation_ws/install/sim_imu/share/sim_imu/cmake/sim_imuConfig-version.cmake
[6.487s] -- Up-to-date: /home/akun/workspace/CAR/simulation_ws/install/sim_imu/share/sim_imu/package.xml
[6.488s] Invoked command in '/home/akun/workspace/CAR/simulation_ws/build/sim_imu' returned '0': CMAKE_PREFIX_PATH=${CMAKE_PREFIX_PATH}:/opt/ros/humble /usr/bin/cmake --install /home/akun/workspace/CAR/simulation_ws/build/sim_imu
