[0.012s] Invoking command in '/home/akun/workspace/CAR/1_URDF_ws/build/ros2_livox_simulation': CMAKE_PREFIX_PATH=${CMAKE_PREFIX_PATH}:/opt/ros/humble /usr/bin/cmake --build /home/akun/workspace/CAR/1_URDF_ws/build/ros2_livox_simulation -- -j32 -l32
[0.094s] [35m[1mConsolidate compiler generated dependencies of target ros2_livox[0m
[0.186s] [ 33%] [32mBuilding CXX object CMakeFiles/ros2_livox.dir/src/livox_points_plugin.cpp.o[0m
[2.304s] In file included from [01m[K/home/akun/workspace/CAR/1_URDF_ws/src/livox_laser_simulation_RO2/include/ros2_livox/livox_points_plugin.h:14[m[K,
[2.304s]                  from [01m[K/home/akun/workspace/CAR/1_URDF_ws/src/livox_laser_simulation_RO2/src/livox_points_plugin.cpp:17[m[K:
[2.304s] [01m[K/opt/ros/humble/include/sensor_msgs/sensor_msgs/point_cloud_conversion.hpp:47:6:[m[K [01;35m[Kwarning: [m[K#warning POINT_CLOUD_DEPRECATION_MESSAGE [[01;35m[K]8;;https://gcc.gnu.org/onlinedocs/gcc/Warning-Options.html#index-Wcpp-Wcpp]8;;[m[K]
[2.304s]    47 | #    [01;35m[Kwarning[m[K POINT_CLOUD_DEPRECATION_MESSAGE
[2.304s]       |      [01;35m[K^~~~~~~[m[K
[9.771s] [ 66%] [32m[1mLinking CXX shared library libros2_livox.so[0m
[10.301s] [100%] Built target ros2_livox
[10.308s] Invoked command in '/home/akun/workspace/CAR/1_URDF_ws/build/ros2_livox_simulation' returned '0': CMAKE_PREFIX_PATH=${CMAKE_PREFIX_PATH}:/opt/ros/humble /usr/bin/cmake --build /home/akun/workspace/CAR/1_URDF_ws/build/ros2_livox_simulation -- -j32 -l32
[10.311s] Invoking command in '/home/akun/workspace/CAR/1_URDF_ws/build/ros2_livox_simulation': CMAKE_PREFIX_PATH=${CMAKE_PREFIX_PATH}:/opt/ros/humble /usr/bin/cmake --install /home/akun/workspace/CAR/1_URDF_ws/build/ros2_livox_simulation
[10.315s] -- Install configuration: ""
[10.315s] -- Up-to-date: /home/akun/workspace/CAR/1_URDF_ws/install/ros2_livox_simulation/include
[10.315s] -- Up-to-date: /home/akun/workspace/CAR/1_URDF_ws/install/ros2_livox_simulation/include/ros2_livox
[10.315s] -- Up-to-date: /home/akun/workspace/CAR/1_URDF_ws/install/ros2_livox_simulation/include/ros2_livox/livox_points_plugin.h
[10.315s] -- Up-to-date: /home/akun/workspace/CAR/1_URDF_ws/install/ros2_livox_simulation/include/ros2_livox/csv_reader.hpp
[10.315s] -- Up-to-date: /home/akun/workspace/CAR/1_URDF_ws/install/ros2_livox_simulation/include/ros2_livox/livox_ode_multiray_shape.h
[10.316s] -- Installing: /home/akun/workspace/CAR/1_URDF_ws/install/ros2_livox_simulation/lib/libros2_livox.so
[10.318s] -- Set runtime path of "/home/akun/workspace/CAR/1_URDF_ws/install/ros2_livox_simulation/lib/libros2_livox.so" to ""
[10.318s] -- Up-to-date: /home/akun/workspace/CAR/1_URDF_ws/install/ros2_livox_simulation/share/ros2_livox_simulation/environment/library_path.sh
[10.318s] -- Up-to-date: /home/akun/workspace/CAR/1_URDF_ws/install/ros2_livox_simulation/share/ros2_livox_simulation/environment/library_path.dsv
[10.318s] -- Up-to-date: /home/akun/workspace/CAR/1_URDF_ws/install/ros2_livox_simulation/share/ros2_livox_simulation/scan_mode/mid40.csv
[10.319s] -- Up-to-date: /home/akun/workspace/CAR/1_URDF_ws/install/ros2_livox_simulation/share/ros2_livox_simulation/scan_mode/mid70.csv
[10.319s] -- Up-to-date: /home/akun/workspace/CAR/1_URDF_ws/install/ros2_livox_simulation/share/ros2_livox_simulation/scan_mode/mid360.csv
[10.319s] -- Up-to-date: /home/akun/workspace/CAR/1_URDF_ws/install/ros2_livox_simulation/share/ros2_livox_simulation/scan_mode/tele.csv
[10.319s] -- Up-to-date: /home/akun/workspace/CAR/1_URDF_ws/install/ros2_livox_simulation/share/ros2_livox_simulation/scan_mode/horizon.csv
[10.319s] -- Up-to-date: /home/akun/workspace/CAR/1_URDF_ws/install/ros2_livox_simulation/share/ros2_livox_simulation/scan_mode/HAP.csv
[10.319s] -- Up-to-date: /home/akun/workspace/CAR/1_URDF_ws/install/ros2_livox_simulation/share/ros2_livox_simulation/scan_mode/avia.csv
[10.319s] -- Up-to-date: /home/akun/workspace/CAR/1_URDF_ws/install/ros2_livox_simulation/share/ros2_livox_simulation/urdf/mid40.xacro
[10.319s] -- Up-to-date: /home/akun/workspace/CAR/1_URDF_ws/install/ros2_livox_simulation/share/ros2_livox_simulation/urdf/mid70.xacro
[10.319s] -- Up-to-date: /home/akun/workspace/CAR/1_URDF_ws/install/ros2_livox_simulation/share/ros2_livox_simulation/urdf/mid360.xacro
[10.319s] -- Up-to-date: /home/akun/workspace/CAR/1_URDF_ws/install/ros2_livox_simulation/share/ros2_livox_simulation/urdf/tele.xacro
[10.319s] -- Up-to-date: /home/akun/workspace/CAR/1_URDF_ws/install/ros2_livox_simulation/share/ros2_livox_simulation/urdf/horizon.xacro
[10.319s] -- Up-to-date: /home/akun/workspace/CAR/1_URDF_ws/install/ros2_livox_simulation/share/ros2_livox_simulation/urdf/HAP.xacro
[10.319s] -- Up-to-date: /home/akun/workspace/CAR/1_URDF_ws/install/ros2_livox_simulation/share/ros2_livox_simulation/urdf/avia.xacro
[10.319s] -- Up-to-date: /home/akun/workspace/CAR/1_URDF_ws/install/ros2_livox_simulation/share/ament_index/resource_index/package_run_dependencies/ros2_livox_simulation
[10.319s] -- Up-to-date: /home/akun/workspace/CAR/1_URDF_ws/install/ros2_livox_simulation/share/ament_index/resource_index/parent_prefix_path/ros2_livox_simulation
[10.319s] -- Up-to-date: /home/akun/workspace/CAR/1_URDF_ws/install/ros2_livox_simulation/share/ros2_livox_simulation/environment/ament_prefix_path.sh
[10.319s] -- Up-to-date: /home/akun/workspace/CAR/1_URDF_ws/install/ros2_livox_simulation/share/ros2_livox_simulation/environment/ament_prefix_path.dsv
[10.319s] -- Up-to-date: /home/akun/workspace/CAR/1_URDF_ws/install/ros2_livox_simulation/share/ros2_livox_simulation/environment/path.sh
[10.319s] -- Up-to-date: /home/akun/workspace/CAR/1_URDF_ws/install/ros2_livox_simulation/share/ros2_livox_simulation/environment/path.dsv
[10.320s] -- Up-to-date: /home/akun/workspace/CAR/1_URDF_ws/install/ros2_livox_simulation/share/ros2_livox_simulation/local_setup.bash
[10.320s] -- Up-to-date: /home/akun/workspace/CAR/1_URDF_ws/install/ros2_livox_simulation/share/ros2_livox_simulation/local_setup.sh
[10.320s] -- Up-to-date: /home/akun/workspace/CAR/1_URDF_ws/install/ros2_livox_simulation/share/ros2_livox_simulation/local_setup.zsh
[10.320s] -- Up-to-date: /home/akun/workspace/CAR/1_URDF_ws/install/ros2_livox_simulation/share/ros2_livox_simulation/local_setup.dsv
[10.320s] -- Installing: /home/akun/workspace/CAR/1_URDF_ws/install/ros2_livox_simulation/share/ros2_livox_simulation/package.dsv
[10.320s] -- Up-to-date: /home/akun/workspace/CAR/1_URDF_ws/install/ros2_livox_simulation/share/ament_index/resource_index/packages/ros2_livox_simulation
[10.320s] -- Up-to-date: /home/akun/workspace/CAR/1_URDF_ws/install/ros2_livox_simulation/share/ros2_livox_simulation/cmake/ament_cmake_export_libraries-extras.cmake
[10.321s] -- Up-to-date: /home/akun/workspace/CAR/1_URDF_ws/install/ros2_livox_simulation/share/ros2_livox_simulation/cmake/ros2_livox_simulationConfig.cmake
[10.321s] -- Up-to-date: /home/akun/workspace/CAR/1_URDF_ws/install/ros2_livox_simulation/share/ros2_livox_simulation/cmake/ros2_livox_simulationConfig-version.cmake
[10.321s] -- Up-to-date: /home/akun/workspace/CAR/1_URDF_ws/install/ros2_livox_simulation/share/ros2_livox_simulation/package.xml
[10.322s] Invoked command in '/home/akun/workspace/CAR/1_URDF_ws/build/ros2_livox_simulation' returned '0': CMAKE_PREFIX_PATH=${CMAKE_PREFIX_PATH}:/opt/ros/humble /usr/bin/cmake --install /home/akun/workspace/CAR/1_URDF_ws/build/ros2_livox_simulation
