[0.014s] Invoking command in '/home/akun/workspace/CAR/real_ws/build/convert_laser': CMAKE_PREFIX_PATH=${CMAKE_PREFIX_PATH}:/opt/ros/humble /usr/bin/cmake --build /home/akun/workspace/CAR/real_ws/build/convert_laser -- -j32 -l32
[0.042s] [35m[1mConsolidate compiler generated dependencies of target convert[0m
[0.053s] [ 50%] [32mBuilding CXX object CMakeFiles/convert.dir/src/convert.cpp.o[0m
[6.832s] [100%] [32m[1mLinking CXX executable convert[0m
[7.221s] [100%] Built target convert
[7.228s] Invoked command in '/home/akun/workspace/CAR/real_ws/build/convert_laser' returned '0': CMAKE_PREFIX_PATH=${CMAKE_PREFIX_PATH}:/opt/ros/humble /usr/bin/cmake --build /home/akun/workspace/CAR/real_ws/build/convert_laser -- -j32 -l32
[7.230s] Invoking command in '/home/akun/workspace/CAR/real_ws/build/convert_laser': CMAKE_PREFIX_PATH=${CMAKE_PREFIX_PATH}:/opt/ros/humble /usr/bin/cmake --install /home/akun/workspace/CAR/real_ws/build/convert_laser
[7.234s] -- Install configuration: ""
[7.234s] -- Installing: /home/akun/workspace/CAR/real_ws/install/convert_laser/lib/convert_laser/convert
[7.238s] -- Set runtime path of "/home/akun/workspace/CAR/real_ws/install/convert_laser/lib/convert_laser/convert" to ""
[7.238s] -- Up-to-date: /home/akun/workspace/CAR/real_ws/install/convert_laser/share/convert_laser/launch
[7.238s] -- Up-to-date: /home/akun/workspace/CAR/real_ws/install/convert_laser/share/convert_laser/launch/run.launch.py
[7.238s] -- Up-to-date: /home/akun/workspace/CAR/real_ws/install/convert_laser/share/ament_index/resource_index/package_run_dependencies/convert_laser
[7.238s] -- Up-to-date: /home/akun/workspace/CAR/real_ws/install/convert_laser/share/ament_index/resource_index/parent_prefix_path/convert_laser
[7.239s] -- Up-to-date: /home/akun/workspace/CAR/real_ws/install/convert_laser/share/convert_laser/environment/ament_prefix_path.sh
[7.239s] -- Up-to-date: /home/akun/workspace/CAR/real_ws/install/convert_laser/share/convert_laser/environment/ament_prefix_path.dsv
[7.239s] -- Up-to-date: /home/akun/workspace/CAR/real_ws/install/convert_laser/share/convert_laser/environment/path.sh
[7.239s] -- Up-to-date: /home/akun/workspace/CAR/real_ws/install/convert_laser/share/convert_laser/environment/path.dsv
[7.239s] -- Up-to-date: /home/akun/workspace/CAR/real_ws/install/convert_laser/share/convert_laser/local_setup.bash
[7.239s] -- Up-to-date: /home/akun/workspace/CAR/real_ws/install/convert_laser/share/convert_laser/local_setup.sh
[7.239s] -- Up-to-date: /home/akun/workspace/CAR/real_ws/install/convert_laser/share/convert_laser/local_setup.zsh
[7.239s] -- Up-to-date: /home/akun/workspace/CAR/real_ws/install/convert_laser/share/convert_laser/local_setup.dsv
[7.239s] -- Installing: /home/akun/workspace/CAR/real_ws/install/convert_laser/share/convert_laser/package.dsv
[7.239s] -- Up-to-date: /home/akun/workspace/CAR/real_ws/install/convert_laser/share/ament_index/resource_index/packages/convert_laser
[7.239s] -- Up-to-date: /home/akun/workspace/CAR/real_ws/install/convert_laser/share/convert_laser/cmake/convert_laserConfig.cmake
[7.239s] -- Up-to-date: /home/akun/workspace/CAR/real_ws/install/convert_laser/share/convert_laser/cmake/convert_laserConfig-version.cmake
[7.239s] -- Up-to-date: /home/akun/workspace/CAR/real_ws/install/convert_laser/share/convert_laser/package.xml
[7.240s] Invoked command in '/home/akun/workspace/CAR/real_ws/build/convert_laser' returned '0': CMAKE_PREFIX_PATH=${CMAKE_PREFIX_PATH}:/opt/ros/humble /usr/bin/cmake --install /home/akun/workspace/CAR/real_ws/build/convert_laser
