[0.567s] DEBUG:colcon:Command line arguments: ['/usr/bin/colcon', 'build']
[0.567s] DEBUG:colcon:Parsed command line arguments: Namespace(log_base=None, log_level=None, verb_name='build', build_base='build', install_base='install', merge_install=False, symlink_install=False, test_result_base=None, continue_on_error=False, executor='parallel', parallel_workers=32, event_handlers=None, ignore_user_meta=False, metas=['./colcon.meta'], base_paths=['.'], packages_ignore=None, packages_ignore_regex=None, paths=None, packages_up_to=None, packages_up_to_regex=None, packages_above=None, packages_above_and_dependencies=None, packages_above_depth=None, packages_select_by_dep=None, packages_skip_by_dep=None, packages_skip_up_to=None, packages_select_build_failed=False, packages_skip_build_finished=False, packages_select_test_failures=False, packages_skip_test_passed=False, packages_select=None, packages_skip=None, packages_select_regex=None, packages_skip_regex=None, packages_start=None, packages_end=None, allow_overriding=[], cmake_args=None, cmake_target=None, cmake_target_skip_unavailable=False, cmake_clean_cache=False, cmake_clean_first=False, cmake_force_configure=False, ament_cmake_args=None, catkin_cmake_args=None, catkin_skip_building_tests=False, verb_parser=<colcon_defaults.argument_parser.defaults.DefaultArgumentsDecorator object at 0x7c52c7b20040>, verb_extension=<colcon_core.verb.build.BuildVerb object at 0x7c52c7cc4d60>, main=<bound method BuildVerb.main of <colcon_core.verb.build.BuildVerb object at 0x7c52c7cc4d60>>)
[0.873s] Level 1:colcon.colcon_core.package_discovery:discover_packages(colcon_meta) check parameters
[0.874s] Level 1:colcon.colcon_core.package_discovery:discover_packages(recursive) check parameters
[0.874s] Level 1:colcon.colcon_core.package_discovery:discover_packages(ignore) check parameters
[0.874s] Level 1:colcon.colcon_core.package_discovery:discover_packages(path) check parameters
[0.874s] Level 1:colcon.colcon_core.package_discovery:discover_packages(colcon_meta) discover
[0.874s] Level 1:colcon.colcon_core.package_discovery:discover_packages(recursive) discover
[0.874s] INFO:colcon.colcon_core.package_discovery:Crawling recursively for packages in '/home/akun/workspace/CAR/1_URDF_ws'
[0.874s] Level 1:colcon.colcon_core.package_identification:_identify(.) by extensions ['ignore', 'ignore_ament_install']
[0.874s] Level 1:colcon.colcon_core.package_identification:_identify(.) by extension 'ignore'
[0.874s] Level 1:colcon.colcon_core.package_identification:_identify(.) by extension 'ignore_ament_install'
[0.874s] Level 1:colcon.colcon_core.package_identification:_identify(.) by extensions ['colcon_pkg']
[0.874s] Level 1:colcon.colcon_core.package_identification:_identify(.) by extension 'colcon_pkg'
[0.874s] Level 1:colcon.colcon_core.package_identification:_identify(.) by extensions ['colcon_meta']
[0.874s] Level 1:colcon.colcon_core.package_identification:_identify(.) by extension 'colcon_meta'
[0.874s] Level 1:colcon.colcon_core.package_identification:_identify(.) by extensions ['ros']
[0.874s] Level 1:colcon.colcon_core.package_identification:_identify(.) by extension 'ros'
[0.884s] Level 1:colcon.colcon_core.package_identification:_identify(.) by extensions ['cmake', 'python']
[0.884s] Level 1:colcon.colcon_core.package_identification:_identify(.) by extension 'cmake'
[0.884s] Level 1:colcon.colcon_core.package_identification:_identify(.) by extension 'python'
[0.884s] Level 1:colcon.colcon_core.package_identification:_identify(.) by extensions ['python_setup_py']
[0.884s] Level 1:colcon.colcon_core.package_identification:_identify(.) by extension 'python_setup_py'
[0.885s] Level 1:colcon.colcon_core.package_identification:_identify(build) by extensions ['ignore', 'ignore_ament_install']
[0.885s] Level 1:colcon.colcon_core.package_identification:_identify(build) by extension 'ignore'
[0.885s] Level 1:colcon.colcon_core.package_identification:_identify(build) ignored
[0.885s] Level 1:colcon.colcon_core.package_identification:_identify(install) by extensions ['ignore', 'ignore_ament_install']
[0.885s] Level 1:colcon.colcon_core.package_identification:_identify(install) by extension 'ignore'
[0.885s] Level 1:colcon.colcon_core.package_identification:_identify(install) ignored
[0.885s] Level 1:colcon.colcon_core.package_identification:_identify(log) by extensions ['ignore', 'ignore_ament_install']
[0.885s] Level 1:colcon.colcon_core.package_identification:_identify(log) by extension 'ignore'
[0.885s] Level 1:colcon.colcon_core.package_identification:_identify(log) ignored
[0.886s] Level 1:colcon.colcon_core.package_identification:_identify(robot) by extensions ['ignore', 'ignore_ament_install']
[0.886s] Level 1:colcon.colcon_core.package_identification:_identify(robot) by extension 'ignore'
[0.886s] Level 1:colcon.colcon_core.package_identification:_identify(robot) by extension 'ignore_ament_install'
[0.886s] Level 1:colcon.colcon_core.package_identification:_identify(robot) by extensions ['colcon_pkg']
[0.886s] Level 1:colcon.colcon_core.package_identification:_identify(robot) by extension 'colcon_pkg'
[0.886s] Level 1:colcon.colcon_core.package_identification:_identify(robot) by extensions ['colcon_meta']
[0.886s] Level 1:colcon.colcon_core.package_identification:_identify(robot) by extension 'colcon_meta'
[0.886s] Level 1:colcon.colcon_core.package_identification:_identify(robot) by extensions ['ros']
[0.886s] Level 1:colcon.colcon_core.package_identification:_identify(robot) by extension 'ros'
[0.891s] DEBUG:colcon.colcon_core.package_identification:Package 'robot' with type 'ros.ament_cmake' and name 'robot'
[0.891s] Level 1:colcon.colcon_core.package_identification:_identify(src) by extensions ['ignore', 'ignore_ament_install']
[0.891s] Level 1:colcon.colcon_core.package_identification:_identify(src) by extension 'ignore'
[0.891s] Level 1:colcon.colcon_core.package_identification:_identify(src) by extension 'ignore_ament_install'
[0.891s] Level 1:colcon.colcon_core.package_identification:_identify(src) by extensions ['colcon_pkg']
[0.891s] Level 1:colcon.colcon_core.package_identification:_identify(src) by extension 'colcon_pkg'
[0.891s] Level 1:colcon.colcon_core.package_identification:_identify(src) by extensions ['colcon_meta']
[0.891s] Level 1:colcon.colcon_core.package_identification:_identify(src) by extension 'colcon_meta'
[0.892s] Level 1:colcon.colcon_core.package_identification:_identify(src) by extensions ['ros']
[0.892s] Level 1:colcon.colcon_core.package_identification:_identify(src) by extension 'ros'
[0.892s] Level 1:colcon.colcon_core.package_identification:_identify(src) by extensions ['cmake', 'python']
[0.892s] Level 1:colcon.colcon_core.package_identification:_identify(src) by extension 'cmake'
[0.892s] Level 1:colcon.colcon_core.package_identification:_identify(src) by extension 'python'
[0.892s] Level 1:colcon.colcon_core.package_identification:_identify(src) by extensions ['python_setup_py']
[0.892s] Level 1:colcon.colcon_core.package_identification:_identify(src) by extension 'python_setup_py'
[0.892s] Level 1:colcon.colcon_core.package_identification:_identify(src/livox_laser_simulation_RO2) by extensions ['ignore', 'ignore_ament_install']
[0.892s] Level 1:colcon.colcon_core.package_identification:_identify(src/livox_laser_simulation_RO2) by extension 'ignore'
[0.892s] Level 1:colcon.colcon_core.package_identification:_identify(src/livox_laser_simulation_RO2) by extension 'ignore_ament_install'
[0.892s] Level 1:colcon.colcon_core.package_identification:_identify(src/livox_laser_simulation_RO2) by extensions ['colcon_pkg']
[0.892s] Level 1:colcon.colcon_core.package_identification:_identify(src/livox_laser_simulation_RO2) by extension 'colcon_pkg'
[0.892s] Level 1:colcon.colcon_core.package_identification:_identify(src/livox_laser_simulation_RO2) by extensions ['colcon_meta']
[0.892s] Level 1:colcon.colcon_core.package_identification:_identify(src/livox_laser_simulation_RO2) by extension 'colcon_meta'
[0.892s] Level 1:colcon.colcon_core.package_identification:_identify(src/livox_laser_simulation_RO2) by extensions ['ros']
[0.892s] Level 1:colcon.colcon_core.package_identification:_identify(src/livox_laser_simulation_RO2) by extension 'ros'
[0.894s] DEBUG:colcon.colcon_core.package_identification:Package 'src/livox_laser_simulation_RO2' with type 'ros.ament_cmake' and name 'ros2_livox_simulation'
[0.894s] Level 1:colcon.colcon_core.package_discovery:discover_packages(recursive) using defaults
[0.894s] Level 1:colcon.colcon_core.package_discovery:discover_packages(ignore) discover
[0.894s] Level 1:colcon.colcon_core.package_discovery:discover_packages(ignore) using defaults
[0.894s] Level 1:colcon.colcon_core.package_discovery:discover_packages(path) discover
[0.894s] Level 1:colcon.colcon_core.package_discovery:discover_packages(path) using defaults
[0.919s] Level 1:colcon.colcon_core.package_discovery:discover_packages(prefix_path) check parameters
[0.920s] Level 1:colcon.colcon_core.package_discovery:discover_packages(prefix_path) discover
[0.927s] WARNING:colcon.colcon_ros.prefix_path.catkin:The path '/tmp/usr/local' in the environment variable CMAKE_PREFIX_PATH doesn't exist
[0.929s] DEBUG:colcon.colcon_installed_package_information.package_discovery:Found 2 installed packages in /home/akun/workspace/CAR/simulation_ws/install
[0.929s] DEBUG:colcon.colcon_installed_package_information.package_discovery:Found 1 installed packages in /home/akun/workspace/CAR/LIO-SAM/install
[0.930s] DEBUG:colcon.colcon_installed_package_information.package_discovery:Found 2 installed packages in /home/akun/workspace/CAR/1_URDF_ws/install
[0.930s] DEBUG:colcon.colcon_installed_package_information.package_discovery:Found 1 installed packages in /home/akun/workspace/CAR/livox_ros_driver2/install
[0.931s] DEBUG:colcon.colcon_installed_package_information.package_discovery:Found 2 installed packages in /home/akun/workspace/CAR/real_ws/install
[0.932s] DEBUG:colcon.colcon_installed_package_information.package_discovery:Found 2 installed packages in /home/akun/workspace/CAR/yesense_ros2/install
[0.932s] DEBUG:colcon.colcon_installed_package_information.package_discovery:Found 1 installed packages in /home/akun/workspace/CAR/serial_ros2/install
[0.934s] DEBUG:colcon.colcon_installed_package_information.package_discovery:Found 334 installed packages in /opt/ros/humble
[0.941s] Level 1:colcon.colcon_core.package_discovery:discover_packages(prefix_path) using defaults
[1.031s] Level 5:colcon.colcon_core.verb:set package 'robot' build argument 'cmake_args' from command line to 'None'
[1.031s] Level 5:colcon.colcon_core.verb:set package 'robot' build argument 'cmake_target' from command line to 'None'
[1.031s] Level 5:colcon.colcon_core.verb:set package 'robot' build argument 'cmake_target_skip_unavailable' from command line to 'False'
[1.031s] Level 5:colcon.colcon_core.verb:set package 'robot' build argument 'cmake_clean_cache' from command line to 'False'
[1.031s] Level 5:colcon.colcon_core.verb:set package 'robot' build argument 'cmake_clean_first' from command line to 'False'
[1.031s] Level 5:colcon.colcon_core.verb:set package 'robot' build argument 'cmake_force_configure' from command line to 'False'
[1.031s] Level 5:colcon.colcon_core.verb:set package 'robot' build argument 'ament_cmake_args' from command line to 'None'
[1.031s] Level 5:colcon.colcon_core.verb:set package 'robot' build argument 'catkin_cmake_args' from command line to 'None'
[1.031s] Level 5:colcon.colcon_core.verb:set package 'robot' build argument 'catkin_skip_building_tests' from command line to 'False'
[1.031s] DEBUG:colcon.colcon_core.verb:Building package 'robot' with the following arguments: {'ament_cmake_args': None, 'build_base': '/home/akun/workspace/CAR/1_URDF_ws/build/robot', 'catkin_cmake_args': None, 'catkin_skip_building_tests': False, 'cmake_args': None, 'cmake_clean_cache': False, 'cmake_clean_first': False, 'cmake_force_configure': False, 'cmake_target': None, 'cmake_target_skip_unavailable': False, 'install_base': '/home/akun/workspace/CAR/1_URDF_ws/install/robot', 'merge_install': False, 'path': '/home/akun/workspace/CAR/1_URDF_ws/robot', 'symlink_install': False, 'test_result_base': None}
[1.032s] Level 5:colcon.colcon_core.verb:set package 'ros2_livox_simulation' build argument 'cmake_args' from command line to 'None'
[1.032s] Level 5:colcon.colcon_core.verb:set package 'ros2_livox_simulation' build argument 'cmake_target' from command line to 'None'
[1.032s] Level 5:colcon.colcon_core.verb:set package 'ros2_livox_simulation' build argument 'cmake_target_skip_unavailable' from command line to 'False'
[1.032s] Level 5:colcon.colcon_core.verb:set package 'ros2_livox_simulation' build argument 'cmake_clean_cache' from command line to 'False'
[1.032s] Level 5:colcon.colcon_core.verb:set package 'ros2_livox_simulation' build argument 'cmake_clean_first' from command line to 'False'
[1.032s] Level 5:colcon.colcon_core.verb:set package 'ros2_livox_simulation' build argument 'cmake_force_configure' from command line to 'False'
[1.032s] Level 5:colcon.colcon_core.verb:set package 'ros2_livox_simulation' build argument 'ament_cmake_args' from command line to 'None'
[1.032s] Level 5:colcon.colcon_core.verb:set package 'ros2_livox_simulation' build argument 'catkin_cmake_args' from command line to 'None'
[1.032s] Level 5:colcon.colcon_core.verb:set package 'ros2_livox_simulation' build argument 'catkin_skip_building_tests' from command line to 'False'
[1.032s] DEBUG:colcon.colcon_core.verb:Building package 'ros2_livox_simulation' with the following arguments: {'ament_cmake_args': None, 'build_base': '/home/akun/workspace/CAR/1_URDF_ws/build/ros2_livox_simulation', 'catkin_cmake_args': None, 'catkin_skip_building_tests': False, 'cmake_args': None, 'cmake_clean_cache': False, 'cmake_clean_first': False, 'cmake_force_configure': False, 'cmake_target': None, 'cmake_target_skip_unavailable': False, 'install_base': '/home/akun/workspace/CAR/1_URDF_ws/install/ros2_livox_simulation', 'merge_install': False, 'path': '/home/akun/workspace/CAR/1_URDF_ws/src/livox_laser_simulation_RO2', 'symlink_install': False, 'test_result_base': None}
[1.032s] INFO:colcon.colcon_core.executor:Executing jobs using 'parallel' executor
[1.033s] DEBUG:colcon.colcon_parallel_executor.executor.parallel:run_until_complete
[1.033s] INFO:colcon.colcon_ros.task.ament_cmake.build:Building ROS package in '/home/akun/workspace/CAR/1_URDF_ws/robot' with build type 'ament_cmake'
[1.033s] INFO:colcon.colcon_cmake.task.cmake.build:Building CMake package in '/home/akun/workspace/CAR/1_URDF_ws/robot'
[1.039s] INFO:colcon.colcon_core.plugin_system:Skipping extension 'colcon_core.shell.bat': Not used on non-Windows systems
[1.039s] INFO:colcon.colcon_core.shell:Skip shell extension 'powershell' for command environment: Not usable outside of PowerShell
[1.039s] DEBUG:colcon.colcon_core.shell:Skip shell extension 'dsv' for command environment
[1.044s] INFO:colcon.colcon_ros.task.ament_cmake.build:Building ROS package in '/home/akun/workspace/CAR/1_URDF_ws/src/livox_laser_simulation_RO2' with build type 'ament_cmake'
[1.044s] INFO:colcon.colcon_cmake.task.cmake.build:Building CMake package in '/home/akun/workspace/CAR/1_URDF_ws/src/livox_laser_simulation_RO2'
[1.044s] INFO:colcon.colcon_core.shell:Skip shell extension 'powershell' for command environment: Not usable outside of PowerShell
[1.044s] DEBUG:colcon.colcon_core.shell:Skip shell extension 'dsv' for command environment
[1.057s] DEBUG:colcon.colcon_core.event_handler.log_command:Invoking command in '/home/akun/workspace/CAR/1_URDF_ws/build/robot': CMAKE_PREFIX_PATH=${CMAKE_PREFIX_PATH}:/opt/ros/humble /usr/bin/cmake --build /home/akun/workspace/CAR/1_URDF_ws/build/robot -- -j32 -l32
[1.062s] DEBUG:colcon.colcon_core.event_handler.log_command:Invoking command in '/home/akun/workspace/CAR/1_URDF_ws/build/ros2_livox_simulation': CMAKE_PREFIX_PATH=${CMAKE_PREFIX_PATH}:/opt/ros/humble /usr/bin/cmake --build /home/akun/workspace/CAR/1_URDF_ws/build/ros2_livox_simulation -- -j32 -l32
[1.155s] DEBUG:colcon.colcon_core.event_handler.log_command:Invoked command in '/home/akun/workspace/CAR/1_URDF_ws/build/robot' returned '0': CMAKE_PREFIX_PATH=${CMAKE_PREFIX_PATH}:/opt/ros/humble /usr/bin/cmake --build /home/akun/workspace/CAR/1_URDF_ws/build/robot -- -j32 -l32
[1.162s] DEBUG:colcon.colcon_core.event_handler.log_command:Invoking command in '/home/akun/workspace/CAR/1_URDF_ws/build/robot': CMAKE_PREFIX_PATH=${CMAKE_PREFIX_PATH}:/opt/ros/humble /usr/bin/cmake --install /home/akun/workspace/CAR/1_URDF_ws/build/robot
[1.174s] Level 1:colcon.colcon_core.environment:create_environment_scripts_only(robot)
[1.175s] DEBUG:colcon.colcon_core.event_handler.log_command:Invoked command in '/home/akun/workspace/CAR/1_URDF_ws/build/robot' returned '0': CMAKE_PREFIX_PATH=${CMAKE_PREFIX_PATH}:/opt/ros/humble /usr/bin/cmake --install /home/akun/workspace/CAR/1_URDF_ws/build/robot
[1.180s] Level 1:colcon.colcon_core.environment:checking '/home/akun/workspace/CAR/1_URDF_ws/install/robot' for CMake module files
[1.181s] Level 1:colcon.colcon_core.environment:checking '/home/akun/workspace/CAR/1_URDF_ws/install/robot' for CMake config files
[1.181s] Level 1:colcon.colcon_core.shell:create_environment_hook('robot', 'cmake_prefix_path')
[1.181s] INFO:colcon.colcon_core.shell:Creating environment hook '/home/akun/workspace/CAR/1_URDF_ws/install/robot/share/robot/hook/cmake_prefix_path.ps1'
[1.182s] INFO:colcon.colcon_core.shell:Creating environment descriptor '/home/akun/workspace/CAR/1_URDF_ws/install/robot/share/robot/hook/cmake_prefix_path.dsv'
[1.183s] INFO:colcon.colcon_core.shell:Creating environment hook '/home/akun/workspace/CAR/1_URDF_ws/install/robot/share/robot/hook/cmake_prefix_path.sh'
[1.184s] Level 1:colcon.colcon_core.environment:checking '/home/akun/workspace/CAR/1_URDF_ws/install/robot/bin'
[1.184s] Level 1:colcon.colcon_core.environment:checking '/home/akun/workspace/CAR/1_URDF_ws/install/robot/lib/pkgconfig/robot.pc'
[1.184s] Level 1:colcon.colcon_core.environment:checking '/home/akun/workspace/CAR/1_URDF_ws/install/robot/lib/python3.10/site-packages'
[1.184s] Level 1:colcon.colcon_core.environment:checking '/home/akun/workspace/CAR/1_URDF_ws/install/robot/bin'
[1.184s] INFO:colcon.colcon_core.shell:Creating package script '/home/akun/workspace/CAR/1_URDF_ws/install/robot/share/robot/package.ps1'
[1.185s] INFO:colcon.colcon_core.shell:Creating package descriptor '/home/akun/workspace/CAR/1_URDF_ws/install/robot/share/robot/package.dsv'
[1.186s] INFO:colcon.colcon_core.shell:Creating package script '/home/akun/workspace/CAR/1_URDF_ws/install/robot/share/robot/package.sh'
[1.186s] INFO:colcon.colcon_core.shell:Creating package script '/home/akun/workspace/CAR/1_URDF_ws/install/robot/share/robot/package.bash'
[1.187s] INFO:colcon.colcon_core.shell:Creating package script '/home/akun/workspace/CAR/1_URDF_ws/install/robot/share/robot/package.zsh'
[1.188s] Level 1:colcon.colcon_core.environment:create_file_with_runtime_dependencies(/home/akun/workspace/CAR/1_URDF_ws/install/robot/share/colcon-core/packages/robot)
[1.188s] Level 1:colcon.colcon_core.environment:create_environment_scripts_only(robot)
[1.189s] Level 1:colcon.colcon_core.environment:checking '/home/akun/workspace/CAR/1_URDF_ws/install/robot' for CMake module files
[1.189s] Level 1:colcon.colcon_core.environment:checking '/home/akun/workspace/CAR/1_URDF_ws/install/robot' for CMake config files
[1.189s] Level 1:colcon.colcon_core.shell:create_environment_hook('robot', 'cmake_prefix_path')
[1.189s] INFO:colcon.colcon_core.shell:Creating environment hook '/home/akun/workspace/CAR/1_URDF_ws/install/robot/share/robot/hook/cmake_prefix_path.ps1'
[1.189s] INFO:colcon.colcon_core.shell:Creating environment descriptor '/home/akun/workspace/CAR/1_URDF_ws/install/robot/share/robot/hook/cmake_prefix_path.dsv'
[1.189s] INFO:colcon.colcon_core.shell:Creating environment hook '/home/akun/workspace/CAR/1_URDF_ws/install/robot/share/robot/hook/cmake_prefix_path.sh'
[1.190s] Level 1:colcon.colcon_core.environment:checking '/home/akun/workspace/CAR/1_URDF_ws/install/robot/bin'
[1.190s] Level 1:colcon.colcon_core.environment:checking '/home/akun/workspace/CAR/1_URDF_ws/install/robot/lib/pkgconfig/robot.pc'
[1.190s] Level 1:colcon.colcon_core.environment:checking '/home/akun/workspace/CAR/1_URDF_ws/install/robot/lib/python3.10/site-packages'
[1.190s] Level 1:colcon.colcon_core.environment:checking '/home/akun/workspace/CAR/1_URDF_ws/install/robot/bin'
[1.190s] INFO:colcon.colcon_core.shell:Creating package script '/home/akun/workspace/CAR/1_URDF_ws/install/robot/share/robot/package.ps1'
[1.191s] INFO:colcon.colcon_core.shell:Creating package descriptor '/home/akun/workspace/CAR/1_URDF_ws/install/robot/share/robot/package.dsv'
[1.191s] INFO:colcon.colcon_core.shell:Creating package script '/home/akun/workspace/CAR/1_URDF_ws/install/robot/share/robot/package.sh'
[1.191s] INFO:colcon.colcon_core.shell:Creating package script '/home/akun/workspace/CAR/1_URDF_ws/install/robot/share/robot/package.bash'
[1.191s] INFO:colcon.colcon_core.shell:Creating package script '/home/akun/workspace/CAR/1_URDF_ws/install/robot/share/robot/package.zsh'
[1.191s] Level 1:colcon.colcon_core.environment:create_file_with_runtime_dependencies(/home/akun/workspace/CAR/1_URDF_ws/install/robot/share/colcon-core/packages/robot)
[18.567s] DEBUG:colcon.colcon_core.event_handler.log_command:Invoked command in '/home/akun/workspace/CAR/1_URDF_ws/build/ros2_livox_simulation' returned '0': CMAKE_PREFIX_PATH=${CMAKE_PREFIX_PATH}:/opt/ros/humble /usr/bin/cmake --build /home/akun/workspace/CAR/1_URDF_ws/build/ros2_livox_simulation -- -j32 -l32
[18.570s] DEBUG:colcon.colcon_core.event_handler.log_command:Invoking command in '/home/akun/workspace/CAR/1_URDF_ws/build/ros2_livox_simulation': CMAKE_PREFIX_PATH=${CMAKE_PREFIX_PATH}:/opt/ros/humble /usr/bin/cmake --install /home/akun/workspace/CAR/1_URDF_ws/build/ros2_livox_simulation
[18.599s] Level 1:colcon.colcon_core.environment:create_environment_scripts_only(ros2_livox_simulation)
[18.599s] Level 1:colcon.colcon_core.environment:checking '/home/akun/workspace/CAR/1_URDF_ws/install/ros2_livox_simulation' for CMake module files
[18.600s] DEBUG:colcon.colcon_core.event_handler.log_command:Invoked command in '/home/akun/workspace/CAR/1_URDF_ws/build/ros2_livox_simulation' returned '0': CMAKE_PREFIX_PATH=${CMAKE_PREFIX_PATH}:/opt/ros/humble /usr/bin/cmake --install /home/akun/workspace/CAR/1_URDF_ws/build/ros2_livox_simulation
[18.601s] Level 1:colcon.colcon_core.environment:checking '/home/akun/workspace/CAR/1_URDF_ws/install/ros2_livox_simulation' for CMake config files
[18.601s] Level 1:colcon.colcon_core.shell:create_environment_hook('ros2_livox_simulation', 'cmake_prefix_path')
[18.601s] INFO:colcon.colcon_core.shell:Creating environment hook '/home/akun/workspace/CAR/1_URDF_ws/install/ros2_livox_simulation/share/ros2_livox_simulation/hook/cmake_prefix_path.ps1'
[18.602s] INFO:colcon.colcon_core.shell:Creating environment descriptor '/home/akun/workspace/CAR/1_URDF_ws/install/ros2_livox_simulation/share/ros2_livox_simulation/hook/cmake_prefix_path.dsv'
[18.602s] INFO:colcon.colcon_core.shell:Creating environment hook '/home/akun/workspace/CAR/1_URDF_ws/install/ros2_livox_simulation/share/ros2_livox_simulation/hook/cmake_prefix_path.sh'
[18.603s] Level 1:colcon.colcon_core.environment:checking '/home/akun/workspace/CAR/1_URDF_ws/install/ros2_livox_simulation/lib'
[18.604s] Level 1:colcon.colcon_core.shell:create_environment_hook('ros2_livox_simulation', 'ld_library_path_lib')
[18.604s] INFO:colcon.colcon_core.shell:Creating environment hook '/home/akun/workspace/CAR/1_URDF_ws/install/ros2_livox_simulation/share/ros2_livox_simulation/hook/ld_library_path_lib.ps1'
[18.604s] INFO:colcon.colcon_core.shell:Creating environment descriptor '/home/akun/workspace/CAR/1_URDF_ws/install/ros2_livox_simulation/share/ros2_livox_simulation/hook/ld_library_path_lib.dsv'
[18.605s] INFO:colcon.colcon_core.shell:Creating environment hook '/home/akun/workspace/CAR/1_URDF_ws/install/ros2_livox_simulation/share/ros2_livox_simulation/hook/ld_library_path_lib.sh'
[18.605s] Level 1:colcon.colcon_core.environment:checking '/home/akun/workspace/CAR/1_URDF_ws/install/ros2_livox_simulation/bin'
[18.605s] Level 1:colcon.colcon_core.environment:checking '/home/akun/workspace/CAR/1_URDF_ws/install/ros2_livox_simulation/lib/pkgconfig/ros2_livox_simulation.pc'
[18.606s] Level 1:colcon.colcon_core.environment:checking '/home/akun/workspace/CAR/1_URDF_ws/install/ros2_livox_simulation/lib/python3.10/site-packages'
[18.606s] Level 1:colcon.colcon_core.environment:checking '/home/akun/workspace/CAR/1_URDF_ws/install/ros2_livox_simulation/bin'
[18.606s] INFO:colcon.colcon_core.shell:Creating package script '/home/akun/workspace/CAR/1_URDF_ws/install/ros2_livox_simulation/share/ros2_livox_simulation/package.ps1'
[18.607s] INFO:colcon.colcon_core.shell:Creating package descriptor '/home/akun/workspace/CAR/1_URDF_ws/install/ros2_livox_simulation/share/ros2_livox_simulation/package.dsv'
[18.607s] INFO:colcon.colcon_core.shell:Creating package script '/home/akun/workspace/CAR/1_URDF_ws/install/ros2_livox_simulation/share/ros2_livox_simulation/package.sh'
[18.608s] INFO:colcon.colcon_core.shell:Creating package script '/home/akun/workspace/CAR/1_URDF_ws/install/ros2_livox_simulation/share/ros2_livox_simulation/package.bash'
[18.608s] INFO:colcon.colcon_core.shell:Creating package script '/home/akun/workspace/CAR/1_URDF_ws/install/ros2_livox_simulation/share/ros2_livox_simulation/package.zsh'
[18.608s] Level 1:colcon.colcon_core.environment:create_file_with_runtime_dependencies(/home/akun/workspace/CAR/1_URDF_ws/install/ros2_livox_simulation/share/colcon-core/packages/ros2_livox_simulation)
[18.609s] Level 1:colcon.colcon_core.environment:create_environment_scripts_only(ros2_livox_simulation)
[18.609s] Level 1:colcon.colcon_core.environment:checking '/home/akun/workspace/CAR/1_URDF_ws/install/ros2_livox_simulation' for CMake module files
[18.610s] Level 1:colcon.colcon_core.environment:checking '/home/akun/workspace/CAR/1_URDF_ws/install/ros2_livox_simulation' for CMake config files
[18.610s] Level 1:colcon.colcon_core.shell:create_environment_hook('ros2_livox_simulation', 'cmake_prefix_path')
[18.610s] INFO:colcon.colcon_core.shell:Creating environment hook '/home/akun/workspace/CAR/1_URDF_ws/install/ros2_livox_simulation/share/ros2_livox_simulation/hook/cmake_prefix_path.ps1'
[18.610s] INFO:colcon.colcon_core.shell:Creating environment descriptor '/home/akun/workspace/CAR/1_URDF_ws/install/ros2_livox_simulation/share/ros2_livox_simulation/hook/cmake_prefix_path.dsv'
[18.611s] INFO:colcon.colcon_core.shell:Creating environment hook '/home/akun/workspace/CAR/1_URDF_ws/install/ros2_livox_simulation/share/ros2_livox_simulation/hook/cmake_prefix_path.sh'
[18.611s] Level 1:colcon.colcon_core.environment:checking '/home/akun/workspace/CAR/1_URDF_ws/install/ros2_livox_simulation/lib'
[18.611s] Level 1:colcon.colcon_core.shell:create_environment_hook('ros2_livox_simulation', 'ld_library_path_lib')
[18.611s] INFO:colcon.colcon_core.shell:Creating environment hook '/home/akun/workspace/CAR/1_URDF_ws/install/ros2_livox_simulation/share/ros2_livox_simulation/hook/ld_library_path_lib.ps1'
[18.612s] INFO:colcon.colcon_core.shell:Creating environment descriptor '/home/akun/workspace/CAR/1_URDF_ws/install/ros2_livox_simulation/share/ros2_livox_simulation/hook/ld_library_path_lib.dsv'
[18.612s] INFO:colcon.colcon_core.shell:Creating environment hook '/home/akun/workspace/CAR/1_URDF_ws/install/ros2_livox_simulation/share/ros2_livox_simulation/hook/ld_library_path_lib.sh'
[18.613s] Level 1:colcon.colcon_core.environment:checking '/home/akun/workspace/CAR/1_URDF_ws/install/ros2_livox_simulation/bin'
[18.613s] Level 1:colcon.colcon_core.environment:checking '/home/akun/workspace/CAR/1_URDF_ws/install/ros2_livox_simulation/lib/pkgconfig/ros2_livox_simulation.pc'
[18.613s] Level 1:colcon.colcon_core.environment:checking '/home/akun/workspace/CAR/1_URDF_ws/install/ros2_livox_simulation/lib/python3.10/site-packages'
[18.613s] Level 1:colcon.colcon_core.environment:checking '/home/akun/workspace/CAR/1_URDF_ws/install/ros2_livox_simulation/bin'
[18.613s] INFO:colcon.colcon_core.shell:Creating package script '/home/akun/workspace/CAR/1_URDF_ws/install/ros2_livox_simulation/share/ros2_livox_simulation/package.ps1'
[18.614s] INFO:colcon.colcon_core.shell:Creating package descriptor '/home/akun/workspace/CAR/1_URDF_ws/install/ros2_livox_simulation/share/ros2_livox_simulation/package.dsv'
[18.614s] INFO:colcon.colcon_core.shell:Creating package script '/home/akun/workspace/CAR/1_URDF_ws/install/ros2_livox_simulation/share/ros2_livox_simulation/package.sh'
[18.614s] INFO:colcon.colcon_core.shell:Creating package script '/home/akun/workspace/CAR/1_URDF_ws/install/ros2_livox_simulation/share/ros2_livox_simulation/package.bash'
[18.615s] INFO:colcon.colcon_core.shell:Creating package script '/home/akun/workspace/CAR/1_URDF_ws/install/ros2_livox_simulation/share/ros2_livox_simulation/package.zsh'
[18.615s] Level 1:colcon.colcon_core.environment:create_file_with_runtime_dependencies(/home/akun/workspace/CAR/1_URDF_ws/install/ros2_livox_simulation/share/colcon-core/packages/ros2_livox_simulation)
[18.615s] DEBUG:colcon.colcon_parallel_executor.executor.parallel:closing loop
[18.616s] DEBUG:colcon.colcon_parallel_executor.executor.parallel:loop closed
[18.616s] DEBUG:colcon.colcon_parallel_executor.executor.parallel:run_until_complete finished with '0'
[18.616s] DEBUG:colcon.colcon_core.event_reactor:joining thread
[18.721s] INFO:colcon.colcon_core.plugin_system:Skipping extension 'colcon_notification.desktop_notification.notify_send': Could not find 'notify-send'
[18.721s] INFO:colcon.colcon_core.plugin_system:Skipping extension 'colcon_notification.desktop_notification.terminal_notifier': Not used on non-Darwin systems
[18.721s] INFO:colcon.colcon_core.plugin_system:Skipping extension 'colcon_notification.desktop_notification.win32': Not used on non-Windows systems
[18.721s] INFO:colcon.colcon_notification.desktop_notification:Sending desktop notification using 'notify2'
[18.725s] DEBUG:colcon.colcon_notification.desktop_notification.notify2:Failed to initialize notify2: org.freedesktop.DBus.Error.FileNotFound: Failed to connect to socket /run/user/1000/bus: No such file or directory
[18.726s] DEBUG:colcon.colcon_core.event_reactor:joined thread
[18.726s] INFO:colcon.colcon_core.shell:Creating prefix script '/home/akun/workspace/CAR/1_URDF_ws/install/local_setup.ps1'
[18.728s] INFO:colcon.colcon_core.shell:Creating prefix util module '/home/akun/workspace/CAR/1_URDF_ws/install/_local_setup_util_ps1.py'
[18.730s] INFO:colcon.colcon_core.shell:Creating prefix chain script '/home/akun/workspace/CAR/1_URDF_ws/install/setup.ps1'
[18.732s] INFO:colcon.colcon_core.shell:Creating prefix script '/home/akun/workspace/CAR/1_URDF_ws/install/local_setup.sh'
[18.733s] INFO:colcon.colcon_core.shell:Creating prefix util module '/home/akun/workspace/CAR/1_URDF_ws/install/_local_setup_util_sh.py'
[18.733s] INFO:colcon.colcon_core.shell:Creating prefix chain script '/home/akun/workspace/CAR/1_URDF_ws/install/setup.sh'
[18.736s] INFO:colcon.colcon_core.shell:Creating prefix script '/home/akun/workspace/CAR/1_URDF_ws/install/local_setup.bash'
[18.737s] INFO:colcon.colcon_core.shell:Creating prefix chain script '/home/akun/workspace/CAR/1_URDF_ws/install/setup.bash'
[18.739s] INFO:colcon.colcon_core.shell:Creating prefix script '/home/akun/workspace/CAR/1_URDF_ws/install/local_setup.zsh'
[18.740s] INFO:colcon.colcon_core.shell:Creating prefix chain script '/home/akun/workspace/CAR/1_URDF_ws/install/setup.zsh'
