[0.013s] Invoking command in '/home/akun/workspace/CAR/simulation_ws/build/sim_imu': CMAKE_PREFIX_PATH=${CMAKE_PREFIX_PATH}:/opt/ros/humble /usr/bin/cmake --build /home/akun/workspace/CAR/simulation_ws/build/sim_imu -- -j32 -l32
[0.036s] [35m[1mConsolidate compiler generated dependencies of target sim_imu[0m
[0.044s] [100%] Built target sim_imu
[0.050s] Invoked command in '/home/akun/workspace/CAR/simulation_ws/build/sim_imu' returned '0': CMAKE_PREFIX_PATH=${CMAKE_PREFIX_PATH}:/opt/ros/humble /usr/bin/cmake --build /home/akun/workspace/CAR/simulation_ws/build/sim_imu -- -j32 -l32
[0.051s] Invoking command in '/home/akun/workspace/CAR/simulation_ws/build/sim_imu': CMAKE_PREFIX_PATH=${CMAKE_PREFIX_PATH}:/opt/ros/humble /usr/bin/cmake --install /home/akun/workspace/CAR/simulation_ws/build/sim_imu
[0.055s] -- Install configuration: ""
[0.055s] -- Installing: /home/akun/workspace/CAR/simulation_ws/install/sim_imu/lib/sim_imu/sim_imu
[0.056s] -- Set runtime path of "/home/akun/workspace/CAR/simulation_ws/install/sim_imu/lib/sim_imu/sim_imu" to ""
[0.056s] -- Up-to-date: /home/akun/workspace/CAR/simulation_ws/install/sim_imu/share/ament_index/resource_index/package_run_dependencies/sim_imu
[0.056s] -- Installing: /home/akun/workspace/CAR/simulation_ws/install/sim_imu/share/ament_index/resource_index/parent_prefix_path/sim_imu
[0.056s] -- Up-to-date: /home/akun/workspace/CAR/simulation_ws/install/sim_imu/share/sim_imu/environment/ament_prefix_path.sh
[0.056s] -- Installing: /home/akun/workspace/CAR/simulation_ws/install/sim_imu/share/sim_imu/environment/ament_prefix_path.dsv
[0.057s] -- Up-to-date: /home/akun/workspace/CAR/simulation_ws/install/sim_imu/share/sim_imu/environment/path.sh
[0.057s] -- Installing: /home/akun/workspace/CAR/simulation_ws/install/sim_imu/share/sim_imu/environment/path.dsv
[0.057s] -- Up-to-date: /home/akun/workspace/CAR/simulation_ws/install/sim_imu/share/sim_imu/local_setup.bash
[0.057s] -- Up-to-date: /home/akun/workspace/CAR/simulation_ws/install/sim_imu/share/sim_imu/local_setup.sh
[0.057s] -- Up-to-date: /home/akun/workspace/CAR/simulation_ws/install/sim_imu/share/sim_imu/local_setup.zsh
[0.057s] -- Installing: /home/akun/workspace/CAR/simulation_ws/install/sim_imu/share/sim_imu/local_setup.dsv
[0.057s] -- Installing: /home/akun/workspace/CAR/simulation_ws/install/sim_imu/share/sim_imu/package.dsv
[0.057s] -- Up-to-date: /home/akun/workspace/CAR/simulation_ws/install/sim_imu/share/ament_index/resource_index/packages/sim_imu
[0.057s] -- Up-to-date: /home/akun/workspace/CAR/simulation_ws/install/sim_imu/share/sim_imu/cmake/sim_imuConfig.cmake
[0.057s] -- Up-to-date: /home/akun/workspace/CAR/simulation_ws/install/sim_imu/share/sim_imu/cmake/sim_imuConfig-version.cmake
[0.057s] -- Up-to-date: /home/akun/workspace/CAR/simulation_ws/install/sim_imu/share/sim_imu/package.xml
[0.058s] Invoked command in '/home/akun/workspace/CAR/simulation_ws/build/sim_imu' returned '0': CMAKE_PREFIX_PATH=${CMAKE_PREFIX_PATH}:/opt/ros/humble /usr/bin/cmake --install /home/akun/workspace/CAR/simulation_ws/build/sim_imu
