[0.008s] Invoking command in '/home/akun/workspace/CAR/real_ws/build/convert_laser': CMAKE_PREFIX_PATH=${CMAKE_PREFIX_PATH}:/opt/ros/humble /usr/bin/cmake --build /home/akun/workspace/CAR/real_ws/build/convert_laser -- -j32 -l32
[0.042s] [ 50%] [32mBuilding CXX object CMakeFiles/convert.dir/src/convert.cpp.o[0m
[1.512s] [01m[K/home/akun/workspace/CAR/real_ws/convert_laser/src/convert.cpp:[m[K In member function ‘[01m[Kvoid Subscriber::callback_laser(livox_ros_driver2::msg::CustomMsg_<std::allocator<void> >::SharedPtr)[m[K’:
[1.513s] [01m[K/home/akun/workspace/CAR/real_ws/convert_laser/src/convert.cpp:108:37:[m[K [01;31m[Kerror: [m[Kno matching function for call to ‘[01m[Kdistance(sensor_msgs::PointCloud2Iterator<float>, sensor_msgs::PointCloud2Iterator<float>)[m[K’
[1.513s]   108 |         cloud2.width = [01;31m[Kstd::distance(sensor_msgs::PointCloud2Iterator<float>(cloud2, "x"),[m[K
[1.513s]       |                        [01;31m[K~~~~~~~~~~~~~^~~~~~~~~~~~~~~~~~~~~~~~~~~~~~~~~~~~~~~~~~~~~~~~~~~~~~[m[K
[1.513s]   109 | [01;31m[K                                      sensor_msgs::PointCloud2Iterator<float>(cloud2, "x").end())[m[K;
[1.513s]       |                                       [01;31m[K~~~~~~~~~~~~~~~~~~~~~~~~~~~~~~~~~~~~~~~~~~~~~~~~~~~~~~~~~~~[m[K
[1.514s] In file included from [01m[K/usr/include/c++/11/bits/stl_algobase.h:66[m[K,
[1.514s]                  from [01m[K/usr/include/c++/11/memory:63[m[K,
[1.514s]                  from [01m[K/opt/ros/humble/include/rclcpp/rclcpp/rclcpp.hpp:153[m[K,
[1.514s]                  from [01m[K/home/akun/workspace/CAR/real_ws/convert_laser/src/convert.cpp:1[m[K:
[1.514s] [01m[K/usr/include/c++/11/bits/stl_iterator_base_funcs.h:138:5:[m[K [01;36m[Knote: [m[Kcandidate: ‘[01m[Ktemplate<class _InputIterator> constexpr typename std::iterator_traits< <template-parameter-1-1> >::difference_type std::distance(_InputIterator, _InputIterator)[m[K’
[1.514s]   138 |     [01;36m[Kdistance[m[K(_InputIterator __first, _InputIterator __last)
[1.514s]       |     [01;36m[K^~~~~~~~[m[K
[1.514s] [01m[K/usr/include/c++/11/bits/stl_iterator_base_funcs.h:138:5:[m[K [01;36m[Knote: [m[K  template argument deduction/substitution failed:
[1.514s] /usr/include/c++/11/bits/stl_iterator_base_funcs.h: In substitution of ‘[01m[Ktemplate<class _InputIterator> constexpr typename std::iterator_traits< <template-parameter-1-1> >::difference_type std::distance(_InputIterator, _InputIterator) [with _InputIterator = sensor_msgs::PointCloud2Iterator<float>][m[K’:
[1.514s] [01m[K/home/akun/workspace/CAR/real_ws/convert_laser/src/convert.cpp:108:37:[m[K   required from here
[1.514s] [01m[K/usr/include/c++/11/bits/stl_iterator_base_funcs.h:138:5:[m[K [01;31m[Kerror: [m[Kno type named ‘[01m[Kdifference_type[m[K’ in ‘[01m[Kstruct std::iterator_traits<sensor_msgs::PointCloud2Iterator<float> >[m[K’
[3.060s] gmake[2]: *** [CMakeFiles/convert.dir/build.make:76: CMakeFiles/convert.dir/src/convert.cpp.o] Error 1
[3.060s] gmake[1]: *** [CMakeFiles/Makefile2:137: CMakeFiles/convert.dir/all] Error 2
[3.060s] gmake: *** [Makefile:146: all] Error 2
[3.062s] Invoked command in '/home/akun/workspace/CAR/real_ws/build/convert_laser' returned '2': CMAKE_PREFIX_PATH=${CMAKE_PREFIX_PATH}:/opt/ros/humble /usr/bin/cmake --build /home/akun/workspace/CAR/real_ws/build/convert_laser -- -j32 -l32
