[0.011s] Invoking command in '/home/akun/workspace/CAR/real_ws/build/launch_real': CMAKE_PREFIX_PATH=${CMAKE_PREFIX_PATH}:/opt/ros/humble /usr/bin/cmake --build /home/akun/workspace/CAR/real_ws/build/launch_real -- -j32 -l32
[0.041s] Invoked command in '/home/akun/workspace/CAR/real_ws/build/launch_real' returned '0': CMAKE_PREFIX_PATH=${CMAKE_PREFIX_PATH}:/opt/ros/humble /usr/bin/cmake --build /home/akun/workspace/CAR/real_ws/build/launch_real -- -j32 -l32
[0.048s] Invoking command in '/home/akun/workspace/CAR/real_ws/build/launch_real': CMAKE_PREFIX_PATH=${CMAKE_PREFIX_PATH}:/opt/ros/humble /usr/bin/cmake --install /home/akun/workspace/CAR/real_ws/build/launch_real
[0.052s] -- Install configuration: ""
[0.052s] -- Up-to-date: /home/akun/workspace/CAR/real_ws/install/launch_real/share/launch_real/launch
[0.052s] -- Up-to-date: /home/akun/workspace/CAR/real_ws/install/launch_real/share/launch_real/launch/run.launch.py
[0.052s] -- Up-to-date: /home/akun/workspace/CAR/real_ws/install/launch_real/share/ament_index/resource_index/package_run_dependencies/launch_real
[0.052s] -- Up-to-date: /home/akun/workspace/CAR/real_ws/install/launch_real/share/ament_index/resource_index/parent_prefix_path/launch_real
[0.052s] -- Up-to-date: /home/akun/workspace/CAR/real_ws/install/launch_real/share/launch_real/environment/ament_prefix_path.sh
[0.052s] -- Up-to-date: /home/akun/workspace/CAR/real_ws/install/launch_real/share/launch_real/environment/ament_prefix_path.dsv
[0.052s] -- Up-to-date: /home/akun/workspace/CAR/real_ws/install/launch_real/share/launch_real/environment/path.sh
[0.052s] -- Up-to-date: /home/akun/workspace/CAR/real_ws/install/launch_real/share/launch_real/environment/path.dsv
[0.053s] -- Up-to-date: /home/akun/workspace/CAR/real_ws/install/launch_real/share/launch_real/local_setup.bash
[0.053s] -- Up-to-date: /home/akun/workspace/CAR/real_ws/install/launch_real/share/launch_real/local_setup.sh
[0.053s] -- Up-to-date: /home/akun/workspace/CAR/real_ws/install/launch_real/share/launch_real/local_setup.zsh
[0.053s] -- Up-to-date: /home/akun/workspace/CAR/real_ws/install/launch_real/share/launch_real/local_setup.dsv
[0.053s] -- Installing: /home/akun/workspace/CAR/real_ws/install/launch_real/share/launch_real/package.dsv
[0.053s] -- Up-to-date: /home/akun/workspace/CAR/real_ws/install/launch_real/share/ament_index/resource_index/packages/launch_real
[0.053s] -- Up-to-date: /home/akun/workspace/CAR/real_ws/install/launch_real/share/launch_real/cmake/launch_realConfig.cmake
[0.053s] -- Up-to-date: /home/akun/workspace/CAR/real_ws/install/launch_real/share/launch_real/cmake/launch_realConfig-version.cmake
[0.053s] -- Up-to-date: /home/akun/workspace/CAR/real_ws/install/launch_real/share/launch_real/package.xml
[0.054s] Invoked command in '/home/akun/workspace/CAR/real_ws/build/launch_real' returned '0': CMAKE_PREFIX_PATH=${CMAKE_PREFIX_PATH}:/opt/ros/humble /usr/bin/cmake --install /home/akun/workspace/CAR/real_ws/build/launch_real
