[0.101s] DEBUG:colcon:Command line arguments: ['/usr/bin/colcon', 'build']
[0.101s] DEBUG:colcon:Parsed command line arguments: Namespace(log_base=None, log_level=None, verb_name='build', build_base='build', install_base='install', merge_install=False, symlink_install=False, test_result_base=None, continue_on_error=False, executor='parallel', parallel_workers=32, event_handlers=None, ignore_user_meta=False, metas=['./colcon.meta'], base_paths=['.'], packages_ignore=None, packages_ignore_regex=None, paths=None, packages_up_to=None, packages_up_to_regex=None, packages_above=None, packages_above_and_dependencies=None, packages_above_depth=None, packages_select_by_dep=None, packages_skip_by_dep=None, packages_skip_up_to=None, packages_select_build_failed=False, packages_skip_build_finished=False, packages_select_test_failures=False, packages_skip_test_passed=False, packages_select=None, packages_skip=None, packages_select_regex=None, packages_skip_regex=None, packages_start=None, packages_end=None, allow_overriding=[], cmake_args=None, cmake_target=None, cmake_target_skip_unavailable=False, cmake_clean_cache=False, cmake_clean_first=False, cmake_force_configure=False, ament_cmake_args=None, catkin_cmake_args=None, catkin_skip_building_tests=False, verb_parser=<colcon_defaults.argument_parser.defaults.DefaultArgumentsDecorator object at 0x7d66579eb610>, verb_extension=<colcon_core.verb.build.BuildVerb object at 0x7d6657bcc400>, main=<bound method BuildVerb.main of <colcon_core.verb.build.BuildVerb object at 0x7d6657bcc400>>)
[0.181s] Level 1:colcon.colcon_core.package_discovery:discover_packages(colcon_meta) check parameters
[0.181s] Level 1:colcon.colcon_core.package_discovery:discover_packages(recursive) check parameters
[0.181s] Level 1:colcon.colcon_core.package_discovery:discover_packages(ignore) check parameters
[0.181s] Level 1:colcon.colcon_core.package_discovery:discover_packages(path) check parameters
[0.181s] Level 1:colcon.colcon_core.package_discovery:discover_packages(colcon_meta) discover
[0.181s] Level 1:colcon.colcon_core.package_discovery:discover_packages(recursive) discover
[0.181s] INFO:colcon.colcon_core.package_discovery:Crawling recursively for packages in '/home/akun/workspace/CAR/1_URDF_ws'
[0.181s] Level 1:colcon.colcon_core.package_identification:_identify(.) by extensions ['ignore', 'ignore_ament_install']
[0.181s] Level 1:colcon.colcon_core.package_identification:_identify(.) by extension 'ignore'
[0.181s] Level 1:colcon.colcon_core.package_identification:_identify(.) by extension 'ignore_ament_install'
[0.181s] Level 1:colcon.colcon_core.package_identification:_identify(.) by extensions ['colcon_pkg']
[0.181s] Level 1:colcon.colcon_core.package_identification:_identify(.) by extension 'colcon_pkg'
[0.181s] Level 1:colcon.colcon_core.package_identification:_identify(.) by extensions ['colcon_meta']
[0.181s] Level 1:colcon.colcon_core.package_identification:_identify(.) by extension 'colcon_meta'
[0.181s] Level 1:colcon.colcon_core.package_identification:_identify(.) by extensions ['ros']
[0.181s] Level 1:colcon.colcon_core.package_identification:_identify(.) by extension 'ros'
[0.187s] Level 1:colcon.colcon_core.package_identification:_identify(.) by extensions ['cmake', 'python']
[0.187s] Level 1:colcon.colcon_core.package_identification:_identify(.) by extension 'cmake'
[0.187s] Level 1:colcon.colcon_core.package_identification:_identify(.) by extension 'python'
[0.187s] Level 1:colcon.colcon_core.package_identification:_identify(.) by extensions ['python_setup_py']
[0.187s] Level 1:colcon.colcon_core.package_identification:_identify(.) by extension 'python_setup_py'
[0.187s] Level 1:colcon.colcon_core.package_identification:_identify(build) by extensions ['ignore', 'ignore_ament_install']
[0.187s] Level 1:colcon.colcon_core.package_identification:_identify(build) by extension 'ignore'
[0.187s] Level 1:colcon.colcon_core.package_identification:_identify(build) ignored
[0.187s] Level 1:colcon.colcon_core.package_identification:_identify(install) by extensions ['ignore', 'ignore_ament_install']
[0.187s] Level 1:colcon.colcon_core.package_identification:_identify(install) by extension 'ignore'
[0.187s] Level 1:colcon.colcon_core.package_identification:_identify(install) ignored
[0.187s] Level 1:colcon.colcon_core.package_identification:_identify(log) by extensions ['ignore', 'ignore_ament_install']
[0.187s] Level 1:colcon.colcon_core.package_identification:_identify(log) by extension 'ignore'
[0.187s] Level 1:colcon.colcon_core.package_identification:_identify(log) ignored
[0.187s] Level 1:colcon.colcon_core.package_identification:_identify(robot) by extensions ['ignore', 'ignore_ament_install']
[0.187s] Level 1:colcon.colcon_core.package_identification:_identify(robot) by extension 'ignore'
[0.187s] Level 1:colcon.colcon_core.package_identification:_identify(robot) by extension 'ignore_ament_install'
[0.187s] Level 1:colcon.colcon_core.package_identification:_identify(robot) by extensions ['colcon_pkg']
[0.187s] Level 1:colcon.colcon_core.package_identification:_identify(robot) by extension 'colcon_pkg'
[0.187s] Level 1:colcon.colcon_core.package_identification:_identify(robot) by extensions ['colcon_meta']
[0.187s] Level 1:colcon.colcon_core.package_identification:_identify(robot) by extension 'colcon_meta'
[0.187s] Level 1:colcon.colcon_core.package_identification:_identify(robot) by extensions ['ros']
[0.187s] Level 1:colcon.colcon_core.package_identification:_identify(robot) by extension 'ros'
[0.188s] DEBUG:colcon.colcon_core.package_identification:Package 'robot' with type 'ros.ament_cmake' and name 'robot'
[0.189s] Level 1:colcon.colcon_core.package_identification:_identify(src) by extensions ['ignore', 'ignore_ament_install']
[0.189s] Level 1:colcon.colcon_core.package_identification:_identify(src) by extension 'ignore'
[0.189s] Level 1:colcon.colcon_core.package_identification:_identify(src) by extension 'ignore_ament_install'
[0.189s] Level 1:colcon.colcon_core.package_identification:_identify(src) by extensions ['colcon_pkg']
[0.189s] Level 1:colcon.colcon_core.package_identification:_identify(src) by extension 'colcon_pkg'
[0.189s] Level 1:colcon.colcon_core.package_identification:_identify(src) by extensions ['colcon_meta']
[0.189s] Level 1:colcon.colcon_core.package_identification:_identify(src) by extension 'colcon_meta'
[0.189s] Level 1:colcon.colcon_core.package_identification:_identify(src) by extensions ['ros']
[0.189s] Level 1:colcon.colcon_core.package_identification:_identify(src) by extension 'ros'
[0.189s] Level 1:colcon.colcon_core.package_identification:_identify(src) by extensions ['cmake', 'python']
[0.189s] Level 1:colcon.colcon_core.package_identification:_identify(src) by extension 'cmake'
[0.189s] Level 1:colcon.colcon_core.package_identification:_identify(src) by extension 'python'
[0.189s] Level 1:colcon.colcon_core.package_identification:_identify(src) by extensions ['python_setup_py']
[0.189s] Level 1:colcon.colcon_core.package_identification:_identify(src) by extension 'python_setup_py'
[0.189s] Level 1:colcon.colcon_core.package_identification:_identify(src/livox_laser_simulation_RO2) by extensions ['ignore', 'ignore_ament_install']
[0.189s] Level 1:colcon.colcon_core.package_identification:_identify(src/livox_laser_simulation_RO2) by extension 'ignore'
[0.189s] Level 1:colcon.colcon_core.package_identification:_identify(src/livox_laser_simulation_RO2) by extension 'ignore_ament_install'
[0.189s] Level 1:colcon.colcon_core.package_identification:_identify(src/livox_laser_simulation_RO2) by extensions ['colcon_pkg']
[0.189s] Level 1:colcon.colcon_core.package_identification:_identify(src/livox_laser_simulation_RO2) by extension 'colcon_pkg'
[0.189s] Level 1:colcon.colcon_core.package_identification:_identify(src/livox_laser_simulation_RO2) by extensions ['colcon_meta']
[0.189s] Level 1:colcon.colcon_core.package_identification:_identify(src/livox_laser_simulation_RO2) by extension 'colcon_meta'
[0.189s] Level 1:colcon.colcon_core.package_identification:_identify(src/livox_laser_simulation_RO2) by extensions ['ros']
[0.189s] Level 1:colcon.colcon_core.package_identification:_identify(src/livox_laser_simulation_RO2) by extension 'ros'
[0.190s] DEBUG:colcon.colcon_core.package_identification:Package 'src/livox_laser_simulation_RO2' with type 'ros.ament_cmake' and name 'ros2_livox_simulation'
[0.190s] Level 1:colcon.colcon_core.package_discovery:discover_packages(recursive) using defaults
[0.190s] Level 1:colcon.colcon_core.package_discovery:discover_packages(ignore) discover
[0.190s] Level 1:colcon.colcon_core.package_discovery:discover_packages(ignore) using defaults
[0.190s] Level 1:colcon.colcon_core.package_discovery:discover_packages(path) discover
[0.190s] Level 1:colcon.colcon_core.package_discovery:discover_packages(path) using defaults
[0.200s] Level 1:colcon.colcon_core.package_discovery:discover_packages(prefix_path) check parameters
[0.200s] Level 1:colcon.colcon_core.package_discovery:discover_packages(prefix_path) discover
[0.200s] DEBUG:colcon.colcon_installed_package_information.package_discovery:Found 2 installed packages in /home/akun/workspace/CAR/1_URDF_ws/install
[0.201s] DEBUG:colcon.colcon_installed_package_information.package_discovery:Found 1 installed packages in /home/akun/workspace/CAR/livox_ros_driver2/install
[0.201s] DEBUG:colcon.colcon_installed_package_information.package_discovery:Found 331 installed packages in /opt/ros/humble
[0.207s] Level 1:colcon.colcon_core.package_discovery:discover_packages(prefix_path) using defaults
[0.228s] Level 5:colcon.colcon_core.verb:set package 'robot' build argument 'cmake_args' from command line to 'None'
[0.228s] Level 5:colcon.colcon_core.verb:set package 'robot' build argument 'cmake_target' from command line to 'None'
[0.228s] Level 5:colcon.colcon_core.verb:set package 'robot' build argument 'cmake_target_skip_unavailable' from command line to 'False'
[0.228s] Level 5:colcon.colcon_core.verb:set package 'robot' build argument 'cmake_clean_cache' from command line to 'False'
[0.228s] Level 5:colcon.colcon_core.verb:set package 'robot' build argument 'cmake_clean_first' from command line to 'False'
[0.228s] Level 5:colcon.colcon_core.verb:set package 'robot' build argument 'cmake_force_configure' from command line to 'False'
[0.228s] Level 5:colcon.colcon_core.verb:set package 'robot' build argument 'ament_cmake_args' from command line to 'None'
[0.228s] Level 5:colcon.colcon_core.verb:set package 'robot' build argument 'catkin_cmake_args' from command line to 'None'
[0.228s] Level 5:colcon.colcon_core.verb:set package 'robot' build argument 'catkin_skip_building_tests' from command line to 'False'
[0.228s] DEBUG:colcon.colcon_core.verb:Building package 'robot' with the following arguments: {'ament_cmake_args': None, 'build_base': '/home/akun/workspace/CAR/1_URDF_ws/build/robot', 'catkin_cmake_args': None, 'catkin_skip_building_tests': False, 'cmake_args': None, 'cmake_clean_cache': False, 'cmake_clean_first': False, 'cmake_force_configure': False, 'cmake_target': None, 'cmake_target_skip_unavailable': False, 'install_base': '/home/akun/workspace/CAR/1_URDF_ws/install/robot', 'merge_install': False, 'path': '/home/akun/workspace/CAR/1_URDF_ws/robot', 'symlink_install': False, 'test_result_base': None}
[0.229s] Level 5:colcon.colcon_core.verb:set package 'ros2_livox_simulation' build argument 'cmake_args' from command line to 'None'
[0.229s] Level 5:colcon.colcon_core.verb:set package 'ros2_livox_simulation' build argument 'cmake_target' from command line to 'None'
[0.229s] Level 5:colcon.colcon_core.verb:set package 'ros2_livox_simulation' build argument 'cmake_target_skip_unavailable' from command line to 'False'
[0.229s] Level 5:colcon.colcon_core.verb:set package 'ros2_livox_simulation' build argument 'cmake_clean_cache' from command line to 'False'
[0.229s] Level 5:colcon.colcon_core.verb:set package 'ros2_livox_simulation' build argument 'cmake_clean_first' from command line to 'False'
[0.229s] Level 5:colcon.colcon_core.verb:set package 'ros2_livox_simulation' build argument 'cmake_force_configure' from command line to 'False'
[0.229s] Level 5:colcon.colcon_core.verb:set package 'ros2_livox_simulation' build argument 'ament_cmake_args' from command line to 'None'
[0.229s] Level 5:colcon.colcon_core.verb:set package 'ros2_livox_simulation' build argument 'catkin_cmake_args' from command line to 'None'
[0.229s] Level 5:colcon.colcon_core.verb:set package 'ros2_livox_simulation' build argument 'catkin_skip_building_tests' from command line to 'False'
[0.229s] DEBUG:colcon.colcon_core.verb:Building package 'ros2_livox_simulation' with the following arguments: {'ament_cmake_args': None, 'build_base': '/home/akun/workspace/CAR/1_URDF_ws/build/ros2_livox_simulation', 'catkin_cmake_args': None, 'catkin_skip_building_tests': False, 'cmake_args': None, 'cmake_clean_cache': False, 'cmake_clean_first': False, 'cmake_force_configure': False, 'cmake_target': None, 'cmake_target_skip_unavailable': False, 'install_base': '/home/akun/workspace/CAR/1_URDF_ws/install/ros2_livox_simulation', 'merge_install': False, 'path': '/home/akun/workspace/CAR/1_URDF_ws/src/livox_laser_simulation_RO2', 'symlink_install': False, 'test_result_base': None}
[0.229s] INFO:colcon.colcon_core.executor:Executing jobs using 'parallel' executor
[0.229s] DEBUG:colcon.colcon_parallel_executor.executor.parallel:run_until_complete
[0.230s] INFO:colcon.colcon_ros.task.ament_cmake.build:Building ROS package in '/home/akun/workspace/CAR/1_URDF_ws/robot' with build type 'ament_cmake'
[0.230s] INFO:colcon.colcon_cmake.task.cmake.build:Building CMake package in '/home/akun/workspace/CAR/1_URDF_ws/robot'
[0.231s] INFO:colcon.colcon_core.plugin_system:Skipping extension 'colcon_core.shell.bat': Not used on non-Windows systems
[0.231s] INFO:colcon.colcon_core.shell:Skip shell extension 'powershell' for command environment: Not usable outside of PowerShell
[0.231s] DEBUG:colcon.colcon_core.shell:Skip shell extension 'dsv' for command environment
[0.233s] INFO:colcon.colcon_ros.task.ament_cmake.build:Building ROS package in '/home/akun/workspace/CAR/1_URDF_ws/src/livox_laser_simulation_RO2' with build type 'ament_cmake'
[0.233s] INFO:colcon.colcon_cmake.task.cmake.build:Building CMake package in '/home/akun/workspace/CAR/1_URDF_ws/src/livox_laser_simulation_RO2'
[0.233s] INFO:colcon.colcon_core.shell:Skip shell extension 'powershell' for command environment: Not usable outside of PowerShell
[0.233s] DEBUG:colcon.colcon_core.shell:Skip shell extension 'dsv' for command environment
[0.238s] DEBUG:colcon.colcon_core.event_handler.log_command:Invoking command in '/home/akun/workspace/CAR/1_URDF_ws/build/robot': CMAKE_PREFIX_PATH=${CMAKE_PREFIX_PATH}:/opt/ros/humble /usr/bin/cmake --build /home/akun/workspace/CAR/1_URDF_ws/build/robot -- -j32 -l32
[0.242s] DEBUG:colcon.colcon_core.event_handler.log_command:Invoking command in '/home/akun/workspace/CAR/1_URDF_ws/build/ros2_livox_simulation': CMAKE_PREFIX_PATH=${CMAKE_PREFIX_PATH}:/opt/ros/humble /usr/bin/cmake --build /home/akun/workspace/CAR/1_URDF_ws/build/ros2_livox_simulation -- -j32 -l32
[0.263s] DEBUG:colcon.colcon_core.event_handler.log_command:Invoked command in '/home/akun/workspace/CAR/1_URDF_ws/build/robot' returned '0': CMAKE_PREFIX_PATH=${CMAKE_PREFIX_PATH}:/opt/ros/humble /usr/bin/cmake --build /home/akun/workspace/CAR/1_URDF_ws/build/robot -- -j32 -l32
[0.268s] DEBUG:colcon.colcon_core.event_handler.log_command:Invoking command in '/home/akun/workspace/CAR/1_URDF_ws/build/robot': CMAKE_PREFIX_PATH=${CMAKE_PREFIX_PATH}:/opt/ros/humble /usr/bin/cmake --install /home/akun/workspace/CAR/1_URDF_ws/build/robot
[0.275s] Level 1:colcon.colcon_core.environment:create_environment_scripts_only(robot)
[0.275s] DEBUG:colcon.colcon_core.event_handler.log_command:Invoked command in '/home/akun/workspace/CAR/1_URDF_ws/build/robot' returned '0': CMAKE_PREFIX_PATH=${CMAKE_PREFIX_PATH}:/opt/ros/humble /usr/bin/cmake --install /home/akun/workspace/CAR/1_URDF_ws/build/robot
[0.276s] Level 1:colcon.colcon_core.environment:checking '/home/akun/workspace/CAR/1_URDF_ws/install/robot' for CMake module files
[0.276s] Level 1:colcon.colcon_core.environment:checking '/home/akun/workspace/CAR/1_URDF_ws/install/robot' for CMake config files
[0.276s] Level 1:colcon.colcon_core.shell:create_environment_hook('robot', 'cmake_prefix_path')
[0.276s] INFO:colcon.colcon_core.shell:Creating environment hook '/home/akun/workspace/CAR/1_URDF_ws/install/robot/share/robot/hook/cmake_prefix_path.ps1'
[0.277s] INFO:colcon.colcon_core.shell:Creating environment descriptor '/home/akun/workspace/CAR/1_URDF_ws/install/robot/share/robot/hook/cmake_prefix_path.dsv'
[0.277s] INFO:colcon.colcon_core.shell:Creating environment hook '/home/akun/workspace/CAR/1_URDF_ws/install/robot/share/robot/hook/cmake_prefix_path.sh'
[0.277s] Level 1:colcon.colcon_core.environment:checking '/home/akun/workspace/CAR/1_URDF_ws/install/robot/bin'
[0.277s] Level 1:colcon.colcon_core.environment:checking '/home/akun/workspace/CAR/1_URDF_ws/install/robot/lib/pkgconfig/robot.pc'
[0.277s] Level 1:colcon.colcon_core.environment:checking '/home/akun/workspace/CAR/1_URDF_ws/install/robot/lib/python3.10/site-packages'
[0.278s] Level 1:colcon.colcon_core.environment:checking '/home/akun/workspace/CAR/1_URDF_ws/install/robot/bin'
[0.278s] INFO:colcon.colcon_core.shell:Creating package script '/home/akun/workspace/CAR/1_URDF_ws/install/robot/share/robot/package.ps1'
[0.278s] INFO:colcon.colcon_core.shell:Creating package descriptor '/home/akun/workspace/CAR/1_URDF_ws/install/robot/share/robot/package.dsv'
[0.278s] INFO:colcon.colcon_core.shell:Creating package script '/home/akun/workspace/CAR/1_URDF_ws/install/robot/share/robot/package.sh'
[0.279s] INFO:colcon.colcon_core.shell:Creating package script '/home/akun/workspace/CAR/1_URDF_ws/install/robot/share/robot/package.bash'
[0.279s] INFO:colcon.colcon_core.shell:Creating package script '/home/akun/workspace/CAR/1_URDF_ws/install/robot/share/robot/package.zsh'
[0.279s] Level 1:colcon.colcon_core.environment:create_file_with_runtime_dependencies(/home/akun/workspace/CAR/1_URDF_ws/install/robot/share/colcon-core/packages/robot)
[0.280s] Level 1:colcon.colcon_core.environment:create_environment_scripts_only(robot)
[0.280s] Level 1:colcon.colcon_core.environment:checking '/home/akun/workspace/CAR/1_URDF_ws/install/robot' for CMake module files
[0.280s] Level 1:colcon.colcon_core.environment:checking '/home/akun/workspace/CAR/1_URDF_ws/install/robot' for CMake config files
[0.280s] Level 1:colcon.colcon_core.shell:create_environment_hook('robot', 'cmake_prefix_path')
[0.280s] INFO:colcon.colcon_core.shell:Creating environment hook '/home/akun/workspace/CAR/1_URDF_ws/install/robot/share/robot/hook/cmake_prefix_path.ps1'
[0.280s] INFO:colcon.colcon_core.shell:Creating environment descriptor '/home/akun/workspace/CAR/1_URDF_ws/install/robot/share/robot/hook/cmake_prefix_path.dsv'
[0.280s] INFO:colcon.colcon_core.shell:Creating environment hook '/home/akun/workspace/CAR/1_URDF_ws/install/robot/share/robot/hook/cmake_prefix_path.sh'
[0.281s] Level 1:colcon.colcon_core.environment:checking '/home/akun/workspace/CAR/1_URDF_ws/install/robot/bin'
[0.281s] Level 1:colcon.colcon_core.environment:checking '/home/akun/workspace/CAR/1_URDF_ws/install/robot/lib/pkgconfig/robot.pc'
[0.281s] Level 1:colcon.colcon_core.environment:checking '/home/akun/workspace/CAR/1_URDF_ws/install/robot/lib/python3.10/site-packages'
[0.281s] Level 1:colcon.colcon_core.environment:checking '/home/akun/workspace/CAR/1_URDF_ws/install/robot/bin'
[0.281s] INFO:colcon.colcon_core.shell:Creating package script '/home/akun/workspace/CAR/1_URDF_ws/install/robot/share/robot/package.ps1'
[0.281s] INFO:colcon.colcon_core.shell:Creating package descriptor '/home/akun/workspace/CAR/1_URDF_ws/install/robot/share/robot/package.dsv'
[0.282s] INFO:colcon.colcon_core.shell:Creating package script '/home/akun/workspace/CAR/1_URDF_ws/install/robot/share/robot/package.sh'
[0.282s] INFO:colcon.colcon_core.shell:Creating package script '/home/akun/workspace/CAR/1_URDF_ws/install/robot/share/robot/package.bash'
[0.282s] INFO:colcon.colcon_core.shell:Creating package script '/home/akun/workspace/CAR/1_URDF_ws/install/robot/share/robot/package.zsh'
[0.282s] Level 1:colcon.colcon_core.environment:create_file_with_runtime_dependencies(/home/akun/workspace/CAR/1_URDF_ws/install/robot/share/colcon-core/packages/robot)
[9.756s] DEBUG:colcon.colcon_core.event_handler.log_command:Invoked command in '/home/akun/workspace/CAR/1_URDF_ws/build/ros2_livox_simulation' returned '0': CMAKE_PREFIX_PATH=${CMAKE_PREFIX_PATH}:/opt/ros/humble /usr/bin/cmake --build /home/akun/workspace/CAR/1_URDF_ws/build/ros2_livox_simulation -- -j32 -l32
[9.758s] DEBUG:colcon.colcon_core.event_handler.log_command:Invoking command in '/home/akun/workspace/CAR/1_URDF_ws/build/ros2_livox_simulation': CMAKE_PREFIX_PATH=${CMAKE_PREFIX_PATH}:/opt/ros/humble /usr/bin/cmake --install /home/akun/workspace/CAR/1_URDF_ws/build/ros2_livox_simulation
[9.768s] Level 1:colcon.colcon_core.environment:create_environment_scripts_only(ros2_livox_simulation)
[9.768s] DEBUG:colcon.colcon_core.event_handler.log_command:Invoked command in '/home/akun/workspace/CAR/1_URDF_ws/build/ros2_livox_simulation' returned '0': CMAKE_PREFIX_PATH=${CMAKE_PREFIX_PATH}:/opt/ros/humble /usr/bin/cmake --install /home/akun/workspace/CAR/1_URDF_ws/build/ros2_livox_simulation
[9.768s] Level 1:colcon.colcon_core.environment:checking '/home/akun/workspace/CAR/1_URDF_ws/install/ros2_livox_simulation' for CMake module files
[9.769s] Level 1:colcon.colcon_core.environment:checking '/home/akun/workspace/CAR/1_URDF_ws/install/ros2_livox_simulation' for CMake config files
[9.769s] Level 1:colcon.colcon_core.shell:create_environment_hook('ros2_livox_simulation', 'cmake_prefix_path')
[9.769s] INFO:colcon.colcon_core.shell:Creating environment hook '/home/akun/workspace/CAR/1_URDF_ws/install/ros2_livox_simulation/share/ros2_livox_simulation/hook/cmake_prefix_path.ps1'
[9.770s] INFO:colcon.colcon_core.shell:Creating environment descriptor '/home/akun/workspace/CAR/1_URDF_ws/install/ros2_livox_simulation/share/ros2_livox_simulation/hook/cmake_prefix_path.dsv'
[9.770s] INFO:colcon.colcon_core.shell:Creating environment hook '/home/akun/workspace/CAR/1_URDF_ws/install/ros2_livox_simulation/share/ros2_livox_simulation/hook/cmake_prefix_path.sh'
[9.770s] Level 1:colcon.colcon_core.environment:checking '/home/akun/workspace/CAR/1_URDF_ws/install/ros2_livox_simulation/lib'
[9.771s] Level 1:colcon.colcon_core.shell:create_environment_hook('ros2_livox_simulation', 'ld_library_path_lib')
[9.771s] INFO:colcon.colcon_core.shell:Creating environment hook '/home/akun/workspace/CAR/1_URDF_ws/install/ros2_livox_simulation/share/ros2_livox_simulation/hook/ld_library_path_lib.ps1'
[9.771s] INFO:colcon.colcon_core.shell:Creating environment descriptor '/home/akun/workspace/CAR/1_URDF_ws/install/ros2_livox_simulation/share/ros2_livox_simulation/hook/ld_library_path_lib.dsv'
[9.771s] INFO:colcon.colcon_core.shell:Creating environment hook '/home/akun/workspace/CAR/1_URDF_ws/install/ros2_livox_simulation/share/ros2_livox_simulation/hook/ld_library_path_lib.sh'
[9.771s] Level 1:colcon.colcon_core.environment:checking '/home/akun/workspace/CAR/1_URDF_ws/install/ros2_livox_simulation/bin'
[9.771s] Level 1:colcon.colcon_core.environment:checking '/home/akun/workspace/CAR/1_URDF_ws/install/ros2_livox_simulation/lib/pkgconfig/ros2_livox_simulation.pc'
[9.772s] Level 1:colcon.colcon_core.environment:checking '/home/akun/workspace/CAR/1_URDF_ws/install/ros2_livox_simulation/lib/python3.10/site-packages'
[9.772s] Level 1:colcon.colcon_core.environment:checking '/home/akun/workspace/CAR/1_URDF_ws/install/ros2_livox_simulation/bin'
[9.772s] INFO:colcon.colcon_core.shell:Creating package script '/home/akun/workspace/CAR/1_URDF_ws/install/ros2_livox_simulation/share/ros2_livox_simulation/package.ps1'
[9.772s] INFO:colcon.colcon_core.shell:Creating package descriptor '/home/akun/workspace/CAR/1_URDF_ws/install/ros2_livox_simulation/share/ros2_livox_simulation/package.dsv'
[9.772s] INFO:colcon.colcon_core.shell:Creating package script '/home/akun/workspace/CAR/1_URDF_ws/install/ros2_livox_simulation/share/ros2_livox_simulation/package.sh'
[9.773s] INFO:colcon.colcon_core.shell:Creating package script '/home/akun/workspace/CAR/1_URDF_ws/install/ros2_livox_simulation/share/ros2_livox_simulation/package.bash'
[9.773s] INFO:colcon.colcon_core.shell:Creating package script '/home/akun/workspace/CAR/1_URDF_ws/install/ros2_livox_simulation/share/ros2_livox_simulation/package.zsh'
[9.773s] Level 1:colcon.colcon_core.environment:create_file_with_runtime_dependencies(/home/akun/workspace/CAR/1_URDF_ws/install/ros2_livox_simulation/share/colcon-core/packages/ros2_livox_simulation)
[9.774s] Level 1:colcon.colcon_core.environment:create_environment_scripts_only(ros2_livox_simulation)
[9.774s] Level 1:colcon.colcon_core.environment:checking '/home/akun/workspace/CAR/1_URDF_ws/install/ros2_livox_simulation' for CMake module files
[9.774s] Level 1:colcon.colcon_core.environment:checking '/home/akun/workspace/CAR/1_URDF_ws/install/ros2_livox_simulation' for CMake config files
[9.774s] Level 1:colcon.colcon_core.shell:create_environment_hook('ros2_livox_simulation', 'cmake_prefix_path')
[9.774s] INFO:colcon.colcon_core.shell:Creating environment hook '/home/akun/workspace/CAR/1_URDF_ws/install/ros2_livox_simulation/share/ros2_livox_simulation/hook/cmake_prefix_path.ps1'
[9.774s] INFO:colcon.colcon_core.shell:Creating environment descriptor '/home/akun/workspace/CAR/1_URDF_ws/install/ros2_livox_simulation/share/ros2_livox_simulation/hook/cmake_prefix_path.dsv'
[9.774s] INFO:colcon.colcon_core.shell:Creating environment hook '/home/akun/workspace/CAR/1_URDF_ws/install/ros2_livox_simulation/share/ros2_livox_simulation/hook/cmake_prefix_path.sh'
[9.775s] Level 1:colcon.colcon_core.environment:checking '/home/akun/workspace/CAR/1_URDF_ws/install/ros2_livox_simulation/lib'
[9.775s] Level 1:colcon.colcon_core.shell:create_environment_hook('ros2_livox_simulation', 'ld_library_path_lib')
[9.775s] INFO:colcon.colcon_core.shell:Creating environment hook '/home/akun/workspace/CAR/1_URDF_ws/install/ros2_livox_simulation/share/ros2_livox_simulation/hook/ld_library_path_lib.ps1'
[9.775s] INFO:colcon.colcon_core.shell:Creating environment descriptor '/home/akun/workspace/CAR/1_URDF_ws/install/ros2_livox_simulation/share/ros2_livox_simulation/hook/ld_library_path_lib.dsv'
[9.775s] INFO:colcon.colcon_core.shell:Creating environment hook '/home/akun/workspace/CAR/1_URDF_ws/install/ros2_livox_simulation/share/ros2_livox_simulation/hook/ld_library_path_lib.sh'
[9.776s] Level 1:colcon.colcon_core.environment:checking '/home/akun/workspace/CAR/1_URDF_ws/install/ros2_livox_simulation/bin'
[9.776s] Level 1:colcon.colcon_core.environment:checking '/home/akun/workspace/CAR/1_URDF_ws/install/ros2_livox_simulation/lib/pkgconfig/ros2_livox_simulation.pc'
[9.776s] Level 1:colcon.colcon_core.environment:checking '/home/akun/workspace/CAR/1_URDF_ws/install/ros2_livox_simulation/lib/python3.10/site-packages'
[9.776s] Level 1:colcon.colcon_core.environment:checking '/home/akun/workspace/CAR/1_URDF_ws/install/ros2_livox_simulation/bin'
[9.776s] INFO:colcon.colcon_core.shell:Creating package script '/home/akun/workspace/CAR/1_URDF_ws/install/ros2_livox_simulation/share/ros2_livox_simulation/package.ps1'
[9.776s] INFO:colcon.colcon_core.shell:Creating package descriptor '/home/akun/workspace/CAR/1_URDF_ws/install/ros2_livox_simulation/share/ros2_livox_simulation/package.dsv'
[9.777s] INFO:colcon.colcon_core.shell:Creating package script '/home/akun/workspace/CAR/1_URDF_ws/install/ros2_livox_simulation/share/ros2_livox_simulation/package.sh'
[9.777s] INFO:colcon.colcon_core.shell:Creating package script '/home/akun/workspace/CAR/1_URDF_ws/install/ros2_livox_simulation/share/ros2_livox_simulation/package.bash'
[9.777s] INFO:colcon.colcon_core.shell:Creating package script '/home/akun/workspace/CAR/1_URDF_ws/install/ros2_livox_simulation/share/ros2_livox_simulation/package.zsh'
[9.777s] Level 1:colcon.colcon_core.environment:create_file_with_runtime_dependencies(/home/akun/workspace/CAR/1_URDF_ws/install/ros2_livox_simulation/share/colcon-core/packages/ros2_livox_simulation)
[9.778s] DEBUG:colcon.colcon_parallel_executor.executor.parallel:closing loop
[9.778s] DEBUG:colcon.colcon_parallel_executor.executor.parallel:loop closed
[9.778s] DEBUG:colcon.colcon_parallel_executor.executor.parallel:run_until_complete finished with '0'
[9.778s] DEBUG:colcon.colcon_core.event_reactor:joining thread
[9.826s] INFO:colcon.colcon_core.plugin_system:Skipping extension 'colcon_notification.desktop_notification.notify_send': Could not find 'notify-send'
[9.826s] INFO:colcon.colcon_core.plugin_system:Skipping extension 'colcon_notification.desktop_notification.terminal_notifier': Not used on non-Darwin systems
[9.826s] INFO:colcon.colcon_core.plugin_system:Skipping extension 'colcon_notification.desktop_notification.win32': Not used on non-Windows systems
[9.826s] INFO:colcon.colcon_notification.desktop_notification:Sending desktop notification using 'notify2'
[9.826s] DEBUG:colcon.colcon_notification.desktop_notification.notify2:Failed to initialize notify2: org.freedesktop.DBus.Error.FileNotFound: Failed to connect to socket /run/user/1000/bus: No such file or directory
[9.826s] DEBUG:colcon.colcon_core.event_reactor:joined thread
[9.827s] INFO:colcon.colcon_core.shell:Creating prefix script '/home/akun/workspace/CAR/1_URDF_ws/install/local_setup.ps1'
[9.828s] INFO:colcon.colcon_core.shell:Creating prefix util module '/home/akun/workspace/CAR/1_URDF_ws/install/_local_setup_util_ps1.py'
[9.828s] INFO:colcon.colcon_core.shell:Creating prefix chain script '/home/akun/workspace/CAR/1_URDF_ws/install/setup.ps1'
[9.829s] INFO:colcon.colcon_core.shell:Creating prefix script '/home/akun/workspace/CAR/1_URDF_ws/install/local_setup.sh'
[9.829s] INFO:colcon.colcon_core.shell:Creating prefix util module '/home/akun/workspace/CAR/1_URDF_ws/install/_local_setup_util_sh.py'
[9.829s] INFO:colcon.colcon_core.shell:Creating prefix chain script '/home/akun/workspace/CAR/1_URDF_ws/install/setup.sh'
[9.830s] INFO:colcon.colcon_core.shell:Creating prefix script '/home/akun/workspace/CAR/1_URDF_ws/install/local_setup.bash'
[9.830s] INFO:colcon.colcon_core.shell:Creating prefix chain script '/home/akun/workspace/CAR/1_URDF_ws/install/setup.bash'
[9.830s] INFO:colcon.colcon_core.shell:Creating prefix script '/home/akun/workspace/CAR/1_URDF_ws/install/local_setup.zsh'
[9.831s] INFO:colcon.colcon_core.shell:Creating prefix chain script '/home/akun/workspace/CAR/1_URDF_ws/install/setup.zsh'
