[0.006s] Invoking command in '/home/akun/workspace/CAR/real_ws/build/convert_laser': CMAKE_PREFIX_PATH=${CMAKE_PREFIX_PATH}:/opt/ros/humble /usr/bin/cmake --build /home/akun/workspace/CAR/real_ws/build/convert_laser -- -j32 -l32
[0.032s] [35m[1mConsolidate compiler generated dependencies of target convert[0m
[0.041s] [ 50%] [32mBuilding CXX object CMakeFiles/convert.dir/src/convert.cpp.o[0m
[1.479s] [01m[K/home/akun/workspace/CAR/real_ws/convert_laser/src/convert.cpp:[m[K In constructor ‘[01m[KSubscriber::Subscriber(const string&)[m[K’:
[1.479s] [01m[K/home/akun/workspace/CAR/real_ws/convert_laser/src/convert.cpp:25:26:[m[K [01;31m[Kerror: [m[Kno matching function for call to ‘[01m[Kbind(<unresolved overloaded function type>, Subscriber*, const std::_Placeholder<1>&)[m[K’
[1.479s]    25 |                 [01;31m[Kstd::bind(&Subscriber::callback_laser, this, std::placeholders::_1)[m[K);
[1.479s]       |                 [01;31m[K~~~~~~~~~^~~~~~~~~~~~~~~~~~~~~~~~~~~~~~~~~~~~~~~~~~~~~~~~~~~~~~~~~~[m[K
[1.479s] In file included from [01m[K/usr/include/c++/11/pstl/glue_algorithm_defs.h:13[m[K,
[1.479s]                  from [01m[K/usr/include/c++/11/algorithm:74[m[K,
[1.479s]                  from [01m[K/opt/ros/humble/include/rclcpp/rclcpp/executor.hpp:18[m[K,
[1.479s]                  from [01m[K/opt/ros/humble/include/rclcpp/rclcpp/executors/multi_threaded_executor.hpp:25[m[K,
[1.479s]                  from [01m[K/opt/ros/humble/include/rclcpp/rclcpp/executors.hpp:21[m[K,
[1.479s]                  from [01m[K/opt/ros/humble/include/rclcpp/rclcpp/rclcpp.hpp:155[m[K,
[1.479s]                  from [01m[K/home/akun/workspace/CAR/real_ws/convert_laser/src/convert.cpp:1[m[K:
[1.479s] [01m[K/usr/include/c++/11/functional:789:5:[m[K [01;36m[Knote: [m[Kcandidate: ‘[01m[Ktemplate<class _Func, class ... _BoundArgs> typename std::_Bind_helper<std::__is_socketlike<_Func>::value, _Func, _BoundArgs ...>::type std::bind(_Func&&, _BoundArgs&& ...)[m[K’
[1.479s]   789 |     [01;36m[Kbind[m[K(_Func&& __f, _BoundArgs&&... __args)
[1.479s]       |     [01;36m[K^~~~[m[K
[1.479s] [01m[K/usr/include/c++/11/functional:789:5:[m[K [01;36m[Knote: [m[K  template argument deduction/substitution failed:
[1.479s] [01m[K/home/akun/workspace/CAR/real_ws/convert_laser/src/convert.cpp:25:26:[m[K [01;36m[Knote: [m[K  couldn’t deduce template parameter ‘[01m[K_Func[m[K’
[1.479s]    25 |                 [01;36m[Kstd::bind(&Subscriber::callback_laser, this, std::placeholders::_1)[m[K);
[1.479s]       |                 [01;36m[K~~~~~~~~~^~~~~~~~~~~~~~~~~~~~~~~~~~~~~~~~~~~~~~~~~~~~~~~~~~~~~~~~~~[m[K
[1.479s] In file included from [01m[K/usr/include/c++/11/pstl/glue_algorithm_defs.h:13[m[K,
[1.479s]                  from [01m[K/usr/include/c++/11/algorithm:74[m[K,
[1.479s]                  from [01m[K/opt/ros/humble/include/rclcpp/rclcpp/executor.hpp:18[m[K,
[1.479s]                  from [01m[K/opt/ros/humble/include/rclcpp/rclcpp/executors/multi_threaded_executor.hpp:25[m[K,
[1.479s]                  from [01m[K/opt/ros/humble/include/rclcpp/rclcpp/executors.hpp:21[m[K,
[1.479s]                  from [01m[K/opt/ros/humble/include/rclcpp/rclcpp/rclcpp.hpp:155[m[K,
[1.479s]                  from [01m[K/home/akun/workspace/CAR/real_ws/convert_laser/src/convert.cpp:1[m[K:
[1.479s] [01m[K/usr/include/c++/11/functional:813:5:[m[K [01;36m[Knote: [m[Kcandidate: ‘[01m[Ktemplate<class _Result, class _Func, class ... _BoundArgs> typename std::_Bindres_helper<_Result, _Func, _BoundArgs>::type std::bind(_Func&&, _BoundArgs&& ...)[m[K’
[1.479s]   813 |     [01;36m[Kbind[m[K(_Func&& __f, _BoundArgs&&... __args)
[1.479s]       |     [01;36m[K^~~~[m[K
[1.479s] [01m[K/usr/include/c++/11/functional:813:5:[m[K [01;36m[Knote: [m[K  template argument deduction/substitution failed:
[1.479s] [01m[K/home/akun/workspace/CAR/real_ws/convert_laser/src/convert.cpp:25:26:[m[K [01;36m[Knote: [m[K  couldn’t deduce template parameter ‘[01m[K_Result[m[K’
[1.479s]    25 |                 [01;36m[Kstd::bind(&Subscriber::callback_laser, this, std::placeholders::_1)[m[K);
[1.479s]       |                 [01;36m[K~~~~~~~~~^~~~~~~~~~~~~~~~~~~~~~~~~~~~~~~~~~~~~~~~~~~~~~~~~~~~~~~~~~[m[K
[1.480s] [01m[K/home/akun/workspace/CAR/real_ws/convert_laser/src/convert.cpp:30:40:[m[K [01;31m[Kerror: [m[K‘[01m[Kcallback_imu[m[K’ is not a member of ‘[01m[KSubscriber[m[K’
[1.480s]    30 |                 std::bind(&Subscriber::[01;31m[Kcallback_imu[m[K, this, std::placeholders::_1));
[1.480s]       |                                        [01;31m[K^~~~~~~~~~~~[m[K
[1.482s] [01m[K/home/akun/workspace/CAR/real_ws/convert_laser/src/convert.cpp:[m[K In member function ‘[01m[Kvoid Subscriber::callback_laser(livox_ros_driver2::msg::CustomMsg_<std::allocator<void> >::SharedPtr)[m[K’:
[1.482s] [01m[K/home/akun/workspace/CAR/real_ws/convert_laser/src/convert.cpp:127:27:[m[K [01;35m[Kwarning: [m[Kleft operand of comma operator has no effect [[01;35m[K]8;;https://gcc.gnu.org/onlinedocs/gcc/Warning-Options.html#index-Wunused-value-Wunused-value]8;;[m[K]
[1.482s]   127 |                    [01;35m[Kcloud2.width[m[K, custom->point_num);
[1.482s]       |                    [01;35m[K~~~~~~~^~~~~[m[K
[1.482s] [01m[K/home/akun/workspace/CAR/real_ws/convert_laser/src/convert.cpp:127:51:[m[K [01;31m[Kerror: [m[Kexpected ‘[01m[K;[m[K’ before ‘[01m[K)[m[K’ token
[1.482s]   127 |                    cloud2.width, custom->point_num[01;31m[K)[m[K;
[1.482s]       |                                                   [01;31m[K^[m[K
[1.484s] In file included from [01m[K/opt/ros/humble/include/rclcpp/rclcpp/client.hpp:40[m[K,
[1.484s]                  from [01m[K/opt/ros/humble/include/rclcpp/rclcpp/callback_group.hpp:24[m[K,
[1.484s]                  from [01m[K/opt/ros/humble/include/rclcpp/rclcpp/any_executable.hpp:20[m[K,
[1.484s]                  from [01m[K/opt/ros/humble/include/rclcpp/rclcpp/memory_strategy.hpp:25[m[K,
[1.484s]                  from [01m[K/opt/ros/humble/include/rclcpp/rclcpp/memory_strategies.hpp:18[m[K,
[1.484s]                  from [01m[K/opt/ros/humble/include/rclcpp/rclcpp/executor_options.hpp:20[m[K,
[1.484s]                  from [01m[K/opt/ros/humble/include/rclcpp/rclcpp/executor.hpp:37[m[K,
[1.484s]                  from [01m[K/opt/ros/humble/include/rclcpp/rclcpp/executors/multi_threaded_executor.hpp:25[m[K,
[1.484s]                  from [01m[K/opt/ros/humble/include/rclcpp/rclcpp/executors.hpp:21[m[K,
[1.484s]                  from [01m[K/opt/ros/humble/include/rclcpp/rclcpp/rclcpp.hpp:155[m[K,
[1.484s]                  from [01m[K/home/akun/workspace/CAR/real_ws/convert_laser/src/convert.cpp:1[m[K:
[1.484s] [01m[K/home/akun/workspace/CAR/real_ws/convert_laser/src/convert.cpp:[m[K In member function ‘[01m[Kvoid Subscriber::callback_laser(sensor_msgs::msg::Imu_<std::allocator<void> >::SharedPtr)[m[K’:
[1.484s] [01m[K/home/akun/workspace/CAR/real_ws/convert_laser/src/convert.cpp:154:25:[m[K [01;31m[Kerror: [m[Kno match for ‘[01m[Koperator-[m[K’ (operand types are ‘[01m[KSubscriber*[m[K’ and ‘[01m[Krclcpp::Logger[m[K’)
[1.484s]   154 |         RCLCPP_INFO([32m[Kthis[m[K[01;31m[K-[m[K[34m[Kget_logger()[m[K, "imu\n");
[1.484s]       |                     [32m[K~~~~[m[K[01;31m[K^[m[K[34m[K~~~~~~~~~~~~[m[K
[1.485s]       |                     [32m[K|[m[K              [34m[K|[m[K
[1.485s]       |                     [32m[KSubscriber*[m[K    [34m[Krclcpp::Logger[m[K
[1.485s] In file included from [01m[K/usr/include/c++/11/bits/stl_algobase.h:67[m[K,
[1.485s]                  from [01m[K/usr/include/c++/11/memory:63[m[K,
[1.485s]                  from [01m[K/opt/ros/humble/include/rclcpp/rclcpp/rclcpp.hpp:153[m[K,
[1.485s]                  from [01m[K/home/akun/workspace/CAR/real_ws/convert_laser/src/convert.cpp:1[m[K:
[1.485s] [01m[K/usr/include/c++/11/bits/stl_iterator.h:577:5:[m[K [01;36m[Knote: [m[Kcandidate: ‘[01m[Ktemplate<class _IteratorL, class _IteratorR> constexpr decltype ((__y.base() - __x.base())) std::operator-(const std::reverse_iterator<_Iterator>&, const std::reverse_iterator<_IteratorR>&)[m[K’
[1.485s]   577 |     [01;36m[Koperator[m[K-(const reverse_iterator<_IteratorL>& __x,
[1.485s]       |     [01;36m[K^~~~~~~~[m[K
[1.485s] [01m[K/usr/include/c++/11/bits/stl_iterator.h:577:5:[m[K [01;36m[Knote: [m[K  template argument deduction/substitution failed:
[1.485s] In file included from [01m[K/opt/ros/humble/include/rclcpp/rclcpp/client.hpp:40[m[K,
[1.485s]                  from [01m[K/opt/ros/humble/include/rclcpp/rclcpp/callback_group.hpp:24[m[K,
[1.485s]                  from [01m[K/opt/ros/humble/include/rclcpp/rclcpp/any_executable.hpp:20[m[K,
[1.485s]                  from [01m[K/opt/ros/humble/include/rclcpp/rclcpp/memory_strategy.hpp:25[m[K,
[1.485s]                  from [01m[K/opt/ros/humble/include/rclcpp/rclcpp/memory_strategies.hpp:18[m[K,
[1.485s]                  from [01m[K/opt/ros/humble/include/rclcpp/rclcpp/executor_options.hpp:20[m[K,
[1.485s]                  from [01m[K/opt/ros/humble/include/rclcpp/rclcpp/executor.hpp:37[m[K,
[1.485s]                  from [01m[K/opt/ros/humble/include/rclcpp/rclcpp/executors/multi_threaded_executor.hpp:25[m[K,
[1.485s]                  from [01m[K/opt/ros/humble/include/rclcpp/rclcpp/executors.hpp:21[m[K,
[1.485s]                  from [01m[K/opt/ros/humble/include/rclcpp/rclcpp/rclcpp.hpp:155[m[K,
[1.485s]                  from [01m[K/home/akun/workspace/CAR/real_ws/convert_laser/src/convert.cpp:1[m[K:
[1.485s] [01m[K/home/akun/workspace/CAR/real_ws/convert_laser/src/convert.cpp:154:37:[m[K [01;36m[Knote: [m[K  mismatched types ‘[01m[Kconst std::reverse_iterator<_Iterator>[m[K’ and ‘[01m[KSubscriber*[m[K’
[1.485s]   154 |         RCLCPP_INFO(this-get_logger([01;36m[K)[m[K, "imu\n");
[1.485s]       |                                     [01;36m[K^[m[K
[1.485s] In file included from [01m[K/usr/include/c++/11/bits/stl_algobase.h:67[m[K,
[1.485s]                  from [01m[K/usr/include/c++/11/memory:63[m[K,
[1.485s]                  from [01m[K/opt/ros/humble/include/rclcpp/rclcpp/rclcpp.hpp:153[m[K,
[1.485s]                  from [01m[K/home/akun/workspace/CAR/real_ws/convert_laser/src/convert.cpp:1[m[K:
[1.485s] [01m[K/usr/include/c++/11/bits/stl_iterator.h:1693:5:[m[K [01;36m[Knote: [m[Kcandidate: ‘[01m[Ktemplate<class _IteratorL, class _IteratorR> constexpr decltype ((__x.base() - __y.base())) std::operator-(const std::move_iterator<_IteratorL>&, const std::move_iterator<_IteratorR>&)[m[K’
[1.485s]  1693 |     [01;36m[Koperator[m[K-(const move_iterator<_IteratorL>& __x,
[1.485s]       |     [01;36m[K^~~~~~~~[m[K
[1.485s] [01m[K/usr/include/c++/11/bits/stl_iterator.h:1693:5:[m[K [01;36m[Knote: [m[K  template argument deduction/substitution failed:
[1.485s] In file included from [01m[K/opt/ros/humble/include/rclcpp/rclcpp/client.hpp:40[m[K,
[1.485s]                  from [01m[K/opt/ros/humble/include/rclcpp/rclcpp/callback_group.hpp:24[m[K,
[1.485s]                  from [01m[K/opt/ros/humble/include/rclcpp/rclcpp/any_executable.hpp:20[m[K,
[1.485s]                  from [01m[K/opt/ros/humble/include/rclcpp/rclcpp/memory_strategy.hpp:25[m[K,
[1.485s]                  from [01m[K/opt/ros/humble/include/rclcpp/rclcpp/memory_strategies.hpp:18[m[K,
[1.485s]                  from [01m[K/opt/ros/humble/include/rclcpp/rclcpp/executor_options.hpp:20[m[K,
[1.485s]                  from [01m[K/opt/ros/humble/include/rclcpp/rclcpp/executor.hpp:37[m[K,
[1.485s]                  from [01m[K/opt/ros/humble/include/rclcpp/rclcpp/executors/multi_threaded_executor.hpp:25[m[K,
[1.485s]                  from [01m[K/opt/ros/humble/include/rclcpp/rclcpp/executors.hpp:21[m[K,
[1.485s]                  from [01m[K/opt/ros/humble/include/rclcpp/rclcpp/rclcpp.hpp:155[m[K,
[1.485s]                  from [01m[K/home/akun/workspace/CAR/real_ws/convert_laser/src/convert.cpp:1[m[K:
[1.485s] [01m[K/home/akun/workspace/CAR/real_ws/convert_laser/src/convert.cpp:154:37:[m[K [01;36m[Knote: [m[K  mismatched types ‘[01m[Kconst std::move_iterator<_IteratorL>[m[K’ and ‘[01m[KSubscriber*[m[K’
[1.485s]   154 |         RCLCPP_INFO(this-get_logger([01;36m[K)[m[K, "imu\n");
[1.485s]       |                                     [01;36m[K^[m[K
[1.485s] [01m[K/home/akun/workspace/CAR/real_ws/convert_laser/src/convert.cpp:154:9:[m[K [01;31m[Kerror: [m[Ktemplate argument 1 is invalid
[1.485s]   154 |         [01;31m[KRCLCPP_INFO[m[K(this-get_logger(), "imu\n");
[1.485s]       |         [01;31m[K^~~~~~~~~~~[m[K
[1.486s] [01m[K/home/akun/workspace/CAR/real_ws/convert_laser/src/convert.cpp:154:9:[m[K [01;31m[Kerror: [m[Ktemplate argument 1 is invalid
[1.486s]   154 |         [01;31m[KRCLCPP_INFO[m[K(this-get_logger(), "imu\n");
[1.486s]       |         [01;31m[K^~~~~~~~~~~[m[K
[1.486s] [01m[K/home/akun/workspace/CAR/real_ws/convert_laser/src/convert.cpp:154:9:[m[K [01;31m[Kerror: [m[Ktemplate argument 1 is invalid
[1.486s]   154 |         [01;31m[KRCLCPP_INFO[m[K(this-get_logger(), "imu\n");
[1.486s]       |         [01;31m[K^~~~~~~~~~~[m[K
[1.486s] In file included from [01m[K/opt/ros/humble/include/rclcpp/rclcpp/logging.hpp:24[m[K,
[1.486s]                  from [01m[K/opt/ros/humble/include/rclcpp/rclcpp/client.hpp:40[m[K,
[1.486s]                  from [01m[K/opt/ros/humble/include/rclcpp/rclcpp/callback_group.hpp:24[m[K,
[1.486s]                  from [01m[K/opt/ros/humble/include/rclcpp/rclcpp/any_executable.hpp:20[m[K,
[1.486s]                  from [01m[K/opt/ros/humble/include/rclcpp/rclcpp/memory_strategy.hpp:25[m[K,
[1.486s]                  from [01m[K/opt/ros/humble/include/rclcpp/rclcpp/memory_strategies.hpp:18[m[K,
[1.486s]                  from [01m[K/opt/ros/humble/include/rclcpp/rclcpp/executor_options.hpp:20[m[K,
[1.486s]                  from [01m[K/opt/ros/humble/include/rclcpp/rclcpp/executor.hpp:37[m[K,
[1.486s]                  from [01m[K/opt/ros/humble/include/rclcpp/rclcpp/executors/multi_threaded_executor.hpp:25[m[K,
[1.486s]                  from [01m[K/opt/ros/humble/include/rclcpp/rclcpp/executors.hpp:21[m[K,
[1.486s]                  from [01m[K/opt/ros/humble/include/rclcpp/rclcpp/rclcpp.hpp:155[m[K,
[1.486s]                  from [01m[K/home/akun/workspace/CAR/real_ws/convert_laser/src/convert.cpp:1[m[K:
[1.486s] [01m[K/home/akun/workspace/CAR/real_ws/convert_laser/src/convert.cpp:154:25:[m[K [01;31m[Kerror: [m[Kno match for ‘[01m[Koperator-[m[K’ (operand types are ‘[01m[KSubscriber*[m[K’ and ‘[01m[Krclcpp::Logger[m[K’)
[1.486s]   154 |         RCLCPP_INFO([32m[Kthis[m[K[01;31m[K-[m[K[34m[Kget_logger()[m[K, "imu\n");
[1.486s]       |                     [32m[K~~~~[m[K[01;31m[K^[m[K[34m[K~~~~~~~~~~~~[m[K
[1.486s]       |                     [32m[K|[m[K              [34m[K|[m[K
[1.486s]       |                     [32m[KSubscriber*[m[K    [34m[Krclcpp::Logger[m[K
[1.486s] In file included from [01m[K/usr/include/c++/11/bits/stl_algobase.h:67[m[K,
[1.486s]                  from [01m[K/usr/include/c++/11/memory:63[m[K,
[1.486s]                  from [01m[K/opt/ros/humble/include/rclcpp/rclcpp/rclcpp.hpp:153[m[K,
[1.486s]                  from [01m[K/home/akun/workspace/CAR/real_ws/convert_laser/src/convert.cpp:1[m[K:
[1.486s] [01m[K/usr/include/c++/11/bits/stl_iterator.h:577:5:[m[K [01;36m[Knote: [m[Kcandidate: ‘[01m[Ktemplate<class _IteratorL, class _IteratorR> constexpr decltype ((__y.base() - __x.base())) std::operator-(const std::reverse_iterator<_Iterator>&, const std::reverse_iterator<_IteratorR>&)[m[K’
[1.486s]   577 |     [01;36m[Koperator[m[K-(const reverse_iterator<_IteratorL>& __x,
[1.486s]       |     [01;36m[K^~~~~~~~[m[K
[1.486s] [01m[K/usr/include/c++/11/bits/stl_iterator.h:577:5:[m[K [01;36m[Knote: [m[K  template argument deduction/substitution failed:
[1.486s] In file included from [01m[K/opt/ros/humble/include/rclcpp/rclcpp/logging.hpp:24[m[K,
[1.486s]                  from [01m[K/opt/ros/humble/include/rclcpp/rclcpp/client.hpp:40[m[K,
[1.486s]                  from [01m[K/opt/ros/humble/include/rclcpp/rclcpp/callback_group.hpp:24[m[K,
[1.486s]                  from [01m[K/opt/ros/humble/include/rclcpp/rclcpp/any_executable.hpp:20[m[K,
[1.486s]                  from [01m[K/opt/ros/humble/include/rclcpp/rclcpp/memory_strategy.hpp:25[m[K,
[1.486s]                  from [01m[K/opt/ros/humble/include/rclcpp/rclcpp/memory_strategies.hpp:18[m[K,
[1.486s]                  from [01m[K/opt/ros/humble/include/rclcpp/rclcpp/executor_options.hpp:20[m[K,
[1.486s]                  from [01m[K/opt/ros/humble/include/rclcpp/rclcpp/executor.hpp:37[m[K,
[1.486s]                  from [01m[K/opt/ros/humble/include/rclcpp/rclcpp/executors/multi_threaded_executor.hpp:25[m[K,
[1.486s]                  from [01m[K/opt/ros/humble/include/rclcpp/rclcpp/executors.hpp:21[m[K,
[1.486s]                  from [01m[K/opt/ros/humble/include/rclcpp/rclcpp/rclcpp.hpp:155[m[K,
[1.486s]                  from [01m[K/home/akun/workspace/CAR/real_ws/convert_laser/src/convert.cpp:1[m[K:
[1.486s] [01m[K/home/akun/workspace/CAR/real_ws/convert_laser/src/convert.cpp:154:37:[m[K [01;36m[Knote: [m[K  mismatched types ‘[01m[Kconst std::reverse_iterator<_Iterator>[m[K’ and ‘[01m[KSubscriber*[m[K’
[1.486s]   154 |         RCLCPP_INFO(this-get_logger([01;36m[K)[m[K, "imu\n");
[1.486s]       |                                     [01;36m[K^[m[K
[1.486s] In file included from [01m[K/usr/include/c++/11/bits/stl_algobase.h:67[m[K,
[1.486s]                  from [01m[K/usr/include/c++/11/memory:63[m[K,
[1.486s]                  from [01m[K/opt/ros/humble/include/rclcpp/rclcpp/rclcpp.hpp:153[m[K,
[1.487s]                  from [01m[K/home/akun/workspace/CAR/real_ws/convert_laser/src/convert.cpp:1[m[K:
[1.487s] [01m[K/usr/include/c++/11/bits/stl_iterator.h:1693:5:[m[K [01;36m[Knote: [m[Kcandidate: ‘[01m[Ktemplate<class _IteratorL, class _IteratorR> constexpr decltype ((__x.base() - __y.base())) std::operator-(const std::move_iterator<_IteratorL>&, const std::move_iterator<_IteratorR>&)[m[K’
[1.487s]  1693 |     [01;36m[Koperator[m[K-(const move_iterator<_IteratorL>& __x,
[1.487s]       |     [01;36m[K^~~~~~~~[m[K
[1.487s] [01m[K/usr/include/c++/11/bits/stl_iterator.h:1693:5:[m[K [01;36m[Knote: [m[K  template argument deduction/substitution failed:
[1.487s] In file included from [01m[K/opt/ros/humble/include/rclcpp/rclcpp/logging.hpp:24[m[K,
[1.487s]                  from [01m[K/opt/ros/humble/include/rclcpp/rclcpp/client.hpp:40[m[K,
[1.487s]                  from [01m[K/opt/ros/humble/include/rclcpp/rclcpp/callback_group.hpp:24[m[K,
[1.487s]                  from [01m[K/opt/ros/humble/include/rclcpp/rclcpp/any_executable.hpp:20[m[K,
[1.487s]                  from [01m[K/opt/ros/humble/include/rclcpp/rclcpp/memory_strategy.hpp:25[m[K,
[1.487s]                  from [01m[K/opt/ros/humble/include/rclcpp/rclcpp/memory_strategies.hpp:18[m[K,
[1.487s]                  from [01m[K/opt/ros/humble/include/rclcpp/rclcpp/executor_options.hpp:20[m[K,
[1.487s]                  from [01m[K/opt/ros/humble/include/rclcpp/rclcpp/executor.hpp:37[m[K,
[1.487s]                  from [01m[K/opt/ros/humble/include/rclcpp/rclcpp/executors/multi_threaded_executor.hpp:25[m[K,
[1.487s]                  from [01m[K/opt/ros/humble/include/rclcpp/rclcpp/executors.hpp:21[m[K,
[1.487s]                  from [01m[K/opt/ros/humble/include/rclcpp/rclcpp/rclcpp.hpp:155[m[K,
[1.487s]                  from [01m[K/home/akun/workspace/CAR/real_ws/convert_laser/src/convert.cpp:1[m[K:
[1.487s] [01m[K/home/akun/workspace/CAR/real_ws/convert_laser/src/convert.cpp:154:37:[m[K [01;36m[Knote: [m[K  mismatched types ‘[01m[Kconst std::move_iterator<_IteratorL>[m[K’ and ‘[01m[KSubscriber*[m[K’
[1.487s]   154 |         RCLCPP_INFO(this-get_logger([01;36m[K)[m[K, "imu\n");
[1.487s]       |                                     [01;36m[K^[m[K
[1.487s] [01m[K/home/akun/workspace/CAR/real_ws/convert_laser/src/convert.cpp:154:25:[m[K [01;31m[Kerror: [m[Kno match for ‘[01m[Koperator-[m[K’ (operand types are ‘[01m[KSubscriber*[m[K’ and ‘[01m[Krclcpp::Logger[m[K’)
[1.487s]   154 |         RCLCPP_INFO([32m[Kthis[m[K[01;31m[K-[m[K[34m[Kget_logger()[m[K, "imu\n");
[1.487s]       |                     [32m[K~~~~[m[K[01;31m[K^[m[K[34m[K~~~~~~~~~~~~[m[K
[1.487s]       |                     [32m[K|[m[K              [34m[K|[m[K
[1.487s]       |                     [32m[KSubscriber*[m[K    [34m[Krclcpp::Logger[m[K
[1.487s] In file included from [01m[K/usr/include/c++/11/bits/stl_algobase.h:67[m[K,
[1.487s]                  from [01m[K/usr/include/c++/11/memory:63[m[K,
[1.487s]                  from [01m[K/opt/ros/humble/include/rclcpp/rclcpp/rclcpp.hpp:153[m[K,
[1.487s]                  from [01m[K/home/akun/workspace/CAR/real_ws/convert_laser/src/convert.cpp:1[m[K:
[1.487s] [01m[K/usr/include/c++/11/bits/stl_iterator.h:577:5:[m[K [01;36m[Knote: [m[Kcandidate: ‘[01m[Ktemplate<class _IteratorL, class _IteratorR> constexpr decltype ((__y.base() - __x.base())) std::operator-(const std::reverse_iterator<_Iterator>&, const std::reverse_iterator<_IteratorR>&)[m[K’
[1.487s]   577 |     [01;36m[Koperator[m[K-(const reverse_iterator<_IteratorL>& __x,
[1.487s]       |     [01;36m[K^~~~~~~~[m[K
[1.487s] [01m[K/usr/include/c++/11/bits/stl_iterator.h:577:5:[m[K [01;36m[Knote: [m[K  template argument deduction/substitution failed:
[1.487s] In file included from [01m[K/opt/ros/humble/include/rclcpp/rclcpp/logging.hpp:24[m[K,
[1.487s]                  from [01m[K/opt/ros/humble/include/rclcpp/rclcpp/client.hpp:40[m[K,
[1.487s]                  from [01m[K/opt/ros/humble/include/rclcpp/rclcpp/callback_group.hpp:24[m[K,
[1.487s]                  from [01m[K/opt/ros/humble/include/rclcpp/rclcpp/any_executable.hpp:20[m[K,
[1.487s]                  from [01m[K/opt/ros/humble/include/rclcpp/rclcpp/memory_strategy.hpp:25[m[K,
[1.487s]                  from [01m[K/opt/ros/humble/include/rclcpp/rclcpp/memory_strategies.hpp:18[m[K,
[1.487s]                  from [01m[K/opt/ros/humble/include/rclcpp/rclcpp/executor_options.hpp:20[m[K,
[1.487s]                  from [01m[K/opt/ros/humble/include/rclcpp/rclcpp/executor.hpp:37[m[K,
[1.487s]                  from [01m[K/opt/ros/humble/include/rclcpp/rclcpp/executors/multi_threaded_executor.hpp:25[m[K,
[1.487s]                  from [01m[K/opt/ros/humble/include/rclcpp/rclcpp/executors.hpp:21[m[K,
[1.487s]                  from [01m[K/opt/ros/humble/include/rclcpp/rclcpp/rclcpp.hpp:155[m[K,
[1.488s]                  from [01m[K/home/akun/workspace/CAR/real_ws/convert_laser/src/convert.cpp:1[m[K:
[1.488s] [01m[K/home/akun/workspace/CAR/real_ws/convert_laser/src/convert.cpp:154:37:[m[K [01;36m[Knote: [m[K  mismatched types ‘[01m[Kconst std::reverse_iterator<_Iterator>[m[K’ and ‘[01m[KSubscriber*[m[K’
[1.488s]   154 |         RCLCPP_INFO(this-get_logger([01;36m[K)[m[K, "imu\n");
[1.488s]       |                                     [01;36m[K^[m[K
[1.488s] In file included from [01m[K/usr/include/c++/11/bits/stl_algobase.h:67[m[K,
[1.488s]                  from [01m[K/usr/include/c++/11/memory:63[m[K,
[1.488s]                  from [01m[K/opt/ros/humble/include/rclcpp/rclcpp/rclcpp.hpp:153[m[K,
[1.488s]                  from [01m[K/home/akun/workspace/CAR/real_ws/convert_laser/src/convert.cpp:1[m[K:
[1.488s] [01m[K/usr/include/c++/11/bits/stl_iterator.h:1693:5:[m[K [01;36m[Knote: [m[Kcandidate: ‘[01m[Ktemplate<class _IteratorL, class _IteratorR> constexpr decltype ((__x.base() - __y.base())) std::operator-(const std::move_iterator<_IteratorL>&, const std::move_iterator<_IteratorR>&)[m[K’
[1.488s]  1693 |     [01;36m[Koperator[m[K-(const move_iterator<_IteratorL>& __x,
[1.488s]       |     [01;36m[K^~~~~~~~[m[K
[1.488s] [01m[K/usr/include/c++/11/bits/stl_iterator.h:1693:5:[m[K [01;36m[Knote: [m[K  template argument deduction/substitution failed:
[1.488s] In file included from [01m[K/opt/ros/humble/include/rclcpp/rclcpp/logging.hpp:24[m[K,
[1.488s]                  from [01m[K/opt/ros/humble/include/rclcpp/rclcpp/client.hpp:40[m[K,
[1.488s]                  from [01m[K/opt/ros/humble/include/rclcpp/rclcpp/callback_group.hpp:24[m[K,
[1.488s]                  from [01m[K/opt/ros/humble/include/rclcpp/rclcpp/any_executable.hpp:20[m[K,
[1.488s]                  from [01m[K/opt/ros/humble/include/rclcpp/rclcpp/memory_strategy.hpp:25[m[K,
[1.488s]                  from [01m[K/opt/ros/humble/include/rclcpp/rclcpp/memory_strategies.hpp:18[m[K,
[1.488s]                  from [01m[K/opt/ros/humble/include/rclcpp/rclcpp/executor_options.hpp:20[m[K,
[1.488s]                  from [01m[K/opt/ros/humble/include/rclcpp/rclcpp/executor.hpp:37[m[K,
[1.488s]                  from [01m[K/opt/ros/humble/include/rclcpp/rclcpp/executors/multi_threaded_executor.hpp:25[m[K,
[1.488s]                  from [01m[K/opt/ros/humble/include/rclcpp/rclcpp/executors.hpp:21[m[K,
[1.488s]                  from [01m[K/opt/ros/humble/include/rclcpp/rclcpp/rclcpp.hpp:155[m[K,
[1.488s]                  from [01m[K/home/akun/workspace/CAR/real_ws/convert_laser/src/convert.cpp:1[m[K:
[1.488s] [01m[K/home/akun/workspace/CAR/real_ws/convert_laser/src/convert.cpp:154:37:[m[K [01;36m[Knote: [m[K  mismatched types ‘[01m[Kconst std::move_iterator<_IteratorL>[m[K’ and ‘[01m[KSubscriber*[m[K’
[1.488s]   154 |         RCLCPP_INFO(this-get_logger([01;36m[K)[m[K, "imu\n");
[1.488s]       |                                     [01;36m[K^[m[K
[1.488s] [01m[K/home/akun/workspace/CAR/real_ws/convert_laser/src/convert.cpp:152:58:[m[K [01;35m[Kwarning: [m[Kunused parameter ‘[01m[Kimus[m[K’ [[01;35m[K]8;;https://gcc.gnu.org/onlinedocs/gcc/Warning-Options.html#index-Wunused-parameter-Wunused-parameter]8;;[m[K]
[1.488s]   152 |     void callback_laser([01;35m[Ksensor_msgs::msg::Imu::SharedPtr imus[m[K)
[1.488s]       |                         [01;35m[K~~~~~~~~~~~~~~~~~~~~~~~~~~~~~~~~~^~~~[m[K
[2.014s] gmake[2]: *** [CMakeFiles/convert.dir/build.make:76: CMakeFiles/convert.dir/src/convert.cpp.o] Error 1
[2.015s] gmake[1]: *** [CMakeFiles/Makefile2:137: CMakeFiles/convert.dir/all] Error 2
[2.015s] gmake: *** [Makefile:146: all] Error 2
[2.017s] Invoked command in '/home/akun/workspace/CAR/real_ws/build/convert_laser' returned '2': CMAKE_PREFIX_PATH=${CMAKE_PREFIX_PATH}:/opt/ros/humble /usr/bin/cmake --build /home/akun/workspace/CAR/real_ws/build/convert_laser -- -j32 -l32
