[0.607s] DEBUG:colcon:Command line arguments: ['/usr/bin/colcon', 'build']
[0.607s] DEBUG:colcon:Parsed command line arguments: Namespace(log_base=None, log_level=None, verb_name='build', build_base='build', install_base='install', merge_install=False, symlink_install=False, test_result_base=None, continue_on_error=False, executor='parallel', parallel_workers=32, event_handlers=None, ignore_user_meta=False, metas=['./colcon.meta'], base_paths=['.'], packages_ignore=None, packages_ignore_regex=None, paths=None, packages_up_to=None, packages_up_to_regex=None, packages_above=None, packages_above_and_dependencies=None, packages_above_depth=None, packages_select_by_dep=None, packages_skip_by_dep=None, packages_skip_up_to=None, packages_select_build_failed=False, packages_skip_build_finished=False, packages_select_test_failures=False, packages_skip_test_passed=False, packages_select=None, packages_skip=None, packages_select_regex=None, packages_skip_regex=None, packages_start=None, packages_end=None, allow_overriding=[], cmake_args=None, cmake_target=None, cmake_target_skip_unavailable=False, cmake_clean_cache=False, cmake_clean_first=False, cmake_force_configure=False, ament_cmake_args=None, catkin_cmake_args=None, catkin_skip_building_tests=False, verb_parser=<colcon_defaults.argument_parser.defaults.DefaultArgumentsDecorator object at 0x7f701fa48040>, verb_extension=<colcon_core.verb.build.BuildVerb object at 0x7f701fbccd60>, main=<bound method BuildVerb.main of <colcon_core.verb.build.BuildVerb object at 0x7f701fbccd60>>)
[0.688s] Level 1:colcon.colcon_core.package_discovery:discover_packages(colcon_meta) check parameters
[0.688s] Level 1:colcon.colcon_core.package_discovery:discover_packages(recursive) check parameters
[0.688s] Level 1:colcon.colcon_core.package_discovery:discover_packages(ignore) check parameters
[0.688s] Level 1:colcon.colcon_core.package_discovery:discover_packages(path) check parameters
[0.688s] Level 1:colcon.colcon_core.package_discovery:discover_packages(colcon_meta) discover
[0.688s] Level 1:colcon.colcon_core.package_discovery:discover_packages(recursive) discover
[0.688s] INFO:colcon.colcon_core.package_discovery:Crawling recursively for packages in '/home/akun/workspace/CAR/real_ws'
[0.688s] Level 1:colcon.colcon_core.package_identification:_identify(.) by extensions ['ignore', 'ignore_ament_install']
[0.689s] Level 1:colcon.colcon_core.package_identification:_identify(.) by extension 'ignore'
[0.689s] Level 1:colcon.colcon_core.package_identification:_identify(.) by extension 'ignore_ament_install'
[0.689s] Level 1:colcon.colcon_core.package_identification:_identify(.) by extensions ['colcon_pkg']
[0.689s] Level 1:colcon.colcon_core.package_identification:_identify(.) by extension 'colcon_pkg'
[0.689s] Level 1:colcon.colcon_core.package_identification:_identify(.) by extensions ['colcon_meta']
[0.689s] Level 1:colcon.colcon_core.package_identification:_identify(.) by extension 'colcon_meta'
[0.689s] Level 1:colcon.colcon_core.package_identification:_identify(.) by extensions ['ros']
[0.689s] Level 1:colcon.colcon_core.package_identification:_identify(.) by extension 'ros'
[0.695s] Level 1:colcon.colcon_core.package_identification:_identify(.) by extensions ['cmake', 'python']
[0.695s] Level 1:colcon.colcon_core.package_identification:_identify(.) by extension 'cmake'
[0.695s] Level 1:colcon.colcon_core.package_identification:_identify(.) by extension 'python'
[0.695s] Level 1:colcon.colcon_core.package_identification:_identify(.) by extensions ['python_setup_py']
[0.695s] Level 1:colcon.colcon_core.package_identification:_identify(.) by extension 'python_setup_py'
[0.695s] Level 1:colcon.colcon_core.package_identification:_identify(build) by extensions ['ignore', 'ignore_ament_install']
[0.695s] Level 1:colcon.colcon_core.package_identification:_identify(build) by extension 'ignore'
[0.695s] Level 1:colcon.colcon_core.package_identification:_identify(build) ignored
[0.697s] Level 1:colcon.colcon_core.package_identification:_identify(convert_laser) by extensions ['ignore', 'ignore_ament_install']
[0.697s] Level 1:colcon.colcon_core.package_identification:_identify(convert_laser) by extension 'ignore'
[0.697s] Level 1:colcon.colcon_core.package_identification:_identify(convert_laser) by extension 'ignore_ament_install'
[0.697s] Level 1:colcon.colcon_core.package_identification:_identify(convert_laser) by extensions ['colcon_pkg']
[0.697s] Level 1:colcon.colcon_core.package_identification:_identify(convert_laser) by extension 'colcon_pkg'
[0.697s] Level 1:colcon.colcon_core.package_identification:_identify(convert_laser) by extensions ['colcon_meta']
[0.697s] Level 1:colcon.colcon_core.package_identification:_identify(convert_laser) by extension 'colcon_meta'
[0.697s] Level 1:colcon.colcon_core.package_identification:_identify(convert_laser) by extensions ['ros']
[0.697s] Level 1:colcon.colcon_core.package_identification:_identify(convert_laser) by extension 'ros'
[0.699s] DEBUG:colcon.colcon_core.package_identification:Package 'convert_laser' with type 'ros.ament_cmake' and name 'convert_laser'
[0.699s] Level 1:colcon.colcon_core.package_identification:_identify(install) by extensions ['ignore', 'ignore_ament_install']
[0.699s] Level 1:colcon.colcon_core.package_identification:_identify(install) by extension 'ignore'
[0.699s] Level 1:colcon.colcon_core.package_identification:_identify(install) ignored
[0.699s] Level 1:colcon.colcon_core.package_identification:_identify(launch_real) by extensions ['ignore', 'ignore_ament_install']
[0.699s] Level 1:colcon.colcon_core.package_identification:_identify(launch_real) by extension 'ignore'
[0.699s] Level 1:colcon.colcon_core.package_identification:_identify(launch_real) by extension 'ignore_ament_install'
[0.699s] Level 1:colcon.colcon_core.package_identification:_identify(launch_real) by extensions ['colcon_pkg']
[0.699s] Level 1:colcon.colcon_core.package_identification:_identify(launch_real) by extension 'colcon_pkg'
[0.699s] Level 1:colcon.colcon_core.package_identification:_identify(launch_real) by extensions ['colcon_meta']
[0.699s] Level 1:colcon.colcon_core.package_identification:_identify(launch_real) by extension 'colcon_meta'
[0.699s] Level 1:colcon.colcon_core.package_identification:_identify(launch_real) by extensions ['ros']
[0.700s] Level 1:colcon.colcon_core.package_identification:_identify(launch_real) by extension 'ros'
[0.700s] DEBUG:colcon.colcon_core.package_identification:Package 'launch_real' with type 'ros.ament_cmake' and name 'launch_real'
[0.700s] Level 1:colcon.colcon_core.package_identification:_identify(log) by extensions ['ignore', 'ignore_ament_install']
[0.700s] Level 1:colcon.colcon_core.package_identification:_identify(log) by extension 'ignore'
[0.700s] Level 1:colcon.colcon_core.package_identification:_identify(log) ignored
[0.700s] Level 1:colcon.colcon_core.package_identification:_identify(rosbag2_2025_07_28-15_32_37) by extensions ['ignore', 'ignore_ament_install']
[0.700s] Level 1:colcon.colcon_core.package_identification:_identify(rosbag2_2025_07_28-15_32_37) by extension 'ignore'
[0.700s] Level 1:colcon.colcon_core.package_identification:_identify(rosbag2_2025_07_28-15_32_37) by extension 'ignore_ament_install'
[0.700s] Level 1:colcon.colcon_core.package_identification:_identify(rosbag2_2025_07_28-15_32_37) by extensions ['colcon_pkg']
[0.700s] Level 1:colcon.colcon_core.package_identification:_identify(rosbag2_2025_07_28-15_32_37) by extension 'colcon_pkg'
[0.700s] Level 1:colcon.colcon_core.package_identification:_identify(rosbag2_2025_07_28-15_32_37) by extensions ['colcon_meta']
[0.700s] Level 1:colcon.colcon_core.package_identification:_identify(rosbag2_2025_07_28-15_32_37) by extension 'colcon_meta'
[0.700s] Level 1:colcon.colcon_core.package_identification:_identify(rosbag2_2025_07_28-15_32_37) by extensions ['ros']
[0.700s] Level 1:colcon.colcon_core.package_identification:_identify(rosbag2_2025_07_28-15_32_37) by extension 'ros'
[0.700s] Level 1:colcon.colcon_core.package_identification:_identify(rosbag2_2025_07_28-15_32_37) by extensions ['cmake', 'python']
[0.700s] Level 1:colcon.colcon_core.package_identification:_identify(rosbag2_2025_07_28-15_32_37) by extension 'cmake'
[0.700s] Level 1:colcon.colcon_core.package_identification:_identify(rosbag2_2025_07_28-15_32_37) by extension 'python'
[0.700s] Level 1:colcon.colcon_core.package_identification:_identify(rosbag2_2025_07_28-15_32_37) by extensions ['python_setup_py']
[0.700s] Level 1:colcon.colcon_core.package_identification:_identify(rosbag2_2025_07_28-15_32_37) by extension 'python_setup_py'
[0.700s] Level 1:colcon.colcon_core.package_discovery:discover_packages(recursive) using defaults
[0.700s] Level 1:colcon.colcon_core.package_discovery:discover_packages(ignore) discover
[0.700s] Level 1:colcon.colcon_core.package_discovery:discover_packages(ignore) using defaults
[0.700s] Level 1:colcon.colcon_core.package_discovery:discover_packages(path) discover
[0.700s] Level 1:colcon.colcon_core.package_discovery:discover_packages(path) using defaults
[0.711s] Level 1:colcon.colcon_core.package_discovery:discover_packages(prefix_path) check parameters
[0.711s] Level 1:colcon.colcon_core.package_discovery:discover_packages(prefix_path) discover
[0.712s] WARNING:colcon.colcon_ros.prefix_path.catkin:The path '/tmp/usr/local' in the environment variable CMAKE_PREFIX_PATH doesn't exist
[0.713s] DEBUG:colcon.colcon_installed_package_information.package_discovery:Found 2 installed packages in /home/akun/workspace/CAR/real_ws/install
[0.713s] DEBUG:colcon.colcon_installed_package_information.package_discovery:Found 2 installed packages in /home/akun/workspace/CAR/yesense_ros2/install
[0.713s] DEBUG:colcon.colcon_installed_package_information.package_discovery:Found 1 installed packages in /home/akun/workspace/CAR/serial_ros2/install
[0.713s] DEBUG:colcon.colcon_installed_package_information.package_discovery:Found 2 installed packages in /home/akun/workspace/CAR/simulation_ws/install
[0.713s] DEBUG:colcon.colcon_installed_package_information.package_discovery:Found 1 installed packages in /home/akun/workspace/CAR/LIO-SAM/install
[0.714s] DEBUG:colcon.colcon_installed_package_information.package_discovery:Found 2 installed packages in /home/akun/workspace/CAR/1_URDF_ws/install
[0.714s] DEBUG:colcon.colcon_installed_package_information.package_discovery:Found 1 installed packages in /home/akun/workspace/CAR/livox_ros_driver2/install
[0.715s] DEBUG:colcon.colcon_installed_package_information.package_discovery:Found 334 installed packages in /opt/ros/humble
[0.721s] Level 1:colcon.colcon_core.package_discovery:discover_packages(prefix_path) using defaults
[0.743s] Level 5:colcon.colcon_core.verb:set package 'convert_laser' build argument 'cmake_args' from command line to 'None'
[0.744s] Level 5:colcon.colcon_core.verb:set package 'convert_laser' build argument 'cmake_target' from command line to 'None'
[0.744s] Level 5:colcon.colcon_core.verb:set package 'convert_laser' build argument 'cmake_target_skip_unavailable' from command line to 'False'
[0.744s] Level 5:colcon.colcon_core.verb:set package 'convert_laser' build argument 'cmake_clean_cache' from command line to 'False'
[0.744s] Level 5:colcon.colcon_core.verb:set package 'convert_laser' build argument 'cmake_clean_first' from command line to 'False'
[0.744s] Level 5:colcon.colcon_core.verb:set package 'convert_laser' build argument 'cmake_force_configure' from command line to 'False'
[0.744s] Level 5:colcon.colcon_core.verb:set package 'convert_laser' build argument 'ament_cmake_args' from command line to 'None'
[0.744s] Level 5:colcon.colcon_core.verb:set package 'convert_laser' build argument 'catkin_cmake_args' from command line to 'None'
[0.744s] Level 5:colcon.colcon_core.verb:set package 'convert_laser' build argument 'catkin_skip_building_tests' from command line to 'False'
[0.744s] DEBUG:colcon.colcon_core.verb:Building package 'convert_laser' with the following arguments: {'ament_cmake_args': None, 'build_base': '/home/akun/workspace/CAR/real_ws/build/convert_laser', 'catkin_cmake_args': None, 'catkin_skip_building_tests': False, 'cmake_args': None, 'cmake_clean_cache': False, 'cmake_clean_first': False, 'cmake_force_configure': False, 'cmake_target': None, 'cmake_target_skip_unavailable': False, 'install_base': '/home/akun/workspace/CAR/real_ws/install/convert_laser', 'merge_install': False, 'path': '/home/akun/workspace/CAR/real_ws/convert_laser', 'symlink_install': False, 'test_result_base': None}
[0.744s] Level 5:colcon.colcon_core.verb:set package 'launch_real' build argument 'cmake_args' from command line to 'None'
[0.744s] Level 5:colcon.colcon_core.verb:set package 'launch_real' build argument 'cmake_target' from command line to 'None'
[0.744s] Level 5:colcon.colcon_core.verb:set package 'launch_real' build argument 'cmake_target_skip_unavailable' from command line to 'False'
[0.744s] Level 5:colcon.colcon_core.verb:set package 'launch_real' build argument 'cmake_clean_cache' from command line to 'False'
[0.744s] Level 5:colcon.colcon_core.verb:set package 'launch_real' build argument 'cmake_clean_first' from command line to 'False'
[0.744s] Level 5:colcon.colcon_core.verb:set package 'launch_real' build argument 'cmake_force_configure' from command line to 'False'
[0.744s] Level 5:colcon.colcon_core.verb:set package 'launch_real' build argument 'ament_cmake_args' from command line to 'None'
[0.744s] Level 5:colcon.colcon_core.verb:set package 'launch_real' build argument 'catkin_cmake_args' from command line to 'None'
[0.744s] Level 5:colcon.colcon_core.verb:set package 'launch_real' build argument 'catkin_skip_building_tests' from command line to 'False'
[0.744s] DEBUG:colcon.colcon_core.verb:Building package 'launch_real' with the following arguments: {'ament_cmake_args': None, 'build_base': '/home/akun/workspace/CAR/real_ws/build/launch_real', 'catkin_cmake_args': None, 'catkin_skip_building_tests': False, 'cmake_args': None, 'cmake_clean_cache': False, 'cmake_clean_first': False, 'cmake_force_configure': False, 'cmake_target': None, 'cmake_target_skip_unavailable': False, 'install_base': '/home/akun/workspace/CAR/real_ws/install/launch_real', 'merge_install': False, 'path': '/home/akun/workspace/CAR/real_ws/launch_real', 'symlink_install': False, 'test_result_base': None}
[0.744s] INFO:colcon.colcon_core.executor:Executing jobs using 'parallel' executor
[0.745s] DEBUG:colcon.colcon_parallel_executor.executor.parallel:run_until_complete
[0.745s] INFO:colcon.colcon_ros.task.ament_cmake.build:Building ROS package in '/home/akun/workspace/CAR/real_ws/convert_laser' with build type 'ament_cmake'
[0.745s] INFO:colcon.colcon_cmake.task.cmake.build:Building CMake package in '/home/akun/workspace/CAR/real_ws/convert_laser'
[0.747s] INFO:colcon.colcon_core.plugin_system:Skipping extension 'colcon_core.shell.bat': Not used on non-Windows systems
[0.747s] INFO:colcon.colcon_core.shell:Skip shell extension 'powershell' for command environment: Not usable outside of PowerShell
[0.747s] DEBUG:colcon.colcon_core.shell:Skip shell extension 'dsv' for command environment
[0.750s] INFO:colcon.colcon_ros.task.ament_cmake.build:Building ROS package in '/home/akun/workspace/CAR/real_ws/launch_real' with build type 'ament_cmake'
[0.750s] INFO:colcon.colcon_cmake.task.cmake.build:Building CMake package in '/home/akun/workspace/CAR/real_ws/launch_real'
[0.750s] INFO:colcon.colcon_core.shell:Skip shell extension 'powershell' for command environment: Not usable outside of PowerShell
[0.750s] DEBUG:colcon.colcon_core.shell:Skip shell extension 'dsv' for command environment
[0.758s] DEBUG:colcon.colcon_core.event_handler.log_command:Invoking command in '/home/akun/workspace/CAR/real_ws/build/convert_laser': CMAKE_PREFIX_PATH=${CMAKE_PREFIX_PATH}:/opt/ros/humble /usr/bin/cmake --build /home/akun/workspace/CAR/real_ws/build/convert_laser -- -j32 -l32
[0.761s] DEBUG:colcon.colcon_core.event_handler.log_command:Invoking command in '/home/akun/workspace/CAR/real_ws/build/launch_real': CMAKE_PREFIX_PATH=${CMAKE_PREFIX_PATH}:/opt/ros/humble /usr/bin/cmake --build /home/akun/workspace/CAR/real_ws/build/launch_real -- -j32 -l32
[0.783s] DEBUG:colcon.colcon_core.event_handler.log_command:Invoked command in '/home/akun/workspace/CAR/real_ws/build/launch_real' returned '0': CMAKE_PREFIX_PATH=${CMAKE_PREFIX_PATH}:/opt/ros/humble /usr/bin/cmake --build /home/akun/workspace/CAR/real_ws/build/launch_real -- -j32 -l32
[0.789s] DEBUG:colcon.colcon_core.event_handler.log_command:Invoking command in '/home/akun/workspace/CAR/real_ws/build/launch_real': CMAKE_PREFIX_PATH=${CMAKE_PREFIX_PATH}:/opt/ros/humble /usr/bin/cmake --install /home/akun/workspace/CAR/real_ws/build/launch_real
[0.795s] Level 1:colcon.colcon_core.environment:create_environment_scripts_only(launch_real)
[0.795s] DEBUG:colcon.colcon_core.event_handler.log_command:Invoked command in '/home/akun/workspace/CAR/real_ws/build/launch_real' returned '0': CMAKE_PREFIX_PATH=${CMAKE_PREFIX_PATH}:/opt/ros/humble /usr/bin/cmake --install /home/akun/workspace/CAR/real_ws/build/launch_real
[-1.645s] Level 1:colcon.colcon_core.environment:checking '/home/akun/workspace/CAR/real_ws/install/launch_real' for CMake module files
[-1.645s] Level 1:colcon.colcon_core.environment:checking '/home/akun/workspace/CAR/real_ws/install/launch_real' for CMake config files
[-1.645s] Level 1:colcon.colcon_core.shell:create_environment_hook('launch_real', 'cmake_prefix_path')
[-1.645s] INFO:colcon.colcon_core.shell:Creating environment hook '/home/akun/workspace/CAR/real_ws/install/launch_real/share/launch_real/hook/cmake_prefix_path.ps1'
[-1.645s] INFO:colcon.colcon_core.shell:Creating environment descriptor '/home/akun/workspace/CAR/real_ws/install/launch_real/share/launch_real/hook/cmake_prefix_path.dsv'
[-1.644s] INFO:colcon.colcon_core.shell:Creating environment hook '/home/akun/workspace/CAR/real_ws/install/launch_real/share/launch_real/hook/cmake_prefix_path.sh'
[-1.644s] Level 1:colcon.colcon_core.environment:checking '/home/akun/workspace/CAR/real_ws/install/launch_real/bin'
[-1.644s] Level 1:colcon.colcon_core.environment:checking '/home/akun/workspace/CAR/real_ws/install/launch_real/lib/pkgconfig/launch_real.pc'
[-1.644s] Level 1:colcon.colcon_core.environment:checking '/home/akun/workspace/CAR/real_ws/install/launch_real/lib/python3.10/site-packages'
[-1.644s] Level 1:colcon.colcon_core.environment:checking '/home/akun/workspace/CAR/real_ws/install/launch_real/bin'
[-1.644s] INFO:colcon.colcon_core.shell:Creating package script '/home/akun/workspace/CAR/real_ws/install/launch_real/share/launch_real/package.ps1'
[-1.643s] INFO:colcon.colcon_core.shell:Creating package descriptor '/home/akun/workspace/CAR/real_ws/install/launch_real/share/launch_real/package.dsv'
[-1.643s] INFO:colcon.colcon_core.shell:Creating package script '/home/akun/workspace/CAR/real_ws/install/launch_real/share/launch_real/package.sh'
[-1.642s] INFO:colcon.colcon_core.shell:Creating package script '/home/akun/workspace/CAR/real_ws/install/launch_real/share/launch_real/package.bash'
[-1.642s] INFO:colcon.colcon_core.shell:Creating package script '/home/akun/workspace/CAR/real_ws/install/launch_real/share/launch_real/package.zsh'
[-1.642s] Level 1:colcon.colcon_core.environment:create_file_with_runtime_dependencies(/home/akun/workspace/CAR/real_ws/install/launch_real/share/colcon-core/packages/launch_real)
[-1.641s] Level 1:colcon.colcon_core.environment:create_environment_scripts_only(launch_real)
[-1.641s] Level 1:colcon.colcon_core.environment:checking '/home/akun/workspace/CAR/real_ws/install/launch_real' for CMake module files
[-1.641s] Level 1:colcon.colcon_core.environment:checking '/home/akun/workspace/CAR/real_ws/install/launch_real' for CMake config files
[-1.641s] Level 1:colcon.colcon_core.shell:create_environment_hook('launch_real', 'cmake_prefix_path')
[-1.641s] INFO:colcon.colcon_core.shell:Creating environment hook '/home/akun/workspace/CAR/real_ws/install/launch_real/share/launch_real/hook/cmake_prefix_path.ps1'
[-1.641s] INFO:colcon.colcon_core.shell:Creating environment descriptor '/home/akun/workspace/CAR/real_ws/install/launch_real/share/launch_real/hook/cmake_prefix_path.dsv'
[-1.641s] INFO:colcon.colcon_core.shell:Creating environment hook '/home/akun/workspace/CAR/real_ws/install/launch_real/share/launch_real/hook/cmake_prefix_path.sh'
[-1.640s] Level 1:colcon.colcon_core.environment:checking '/home/akun/workspace/CAR/real_ws/install/launch_real/bin'
[-1.640s] Level 1:colcon.colcon_core.environment:checking '/home/akun/workspace/CAR/real_ws/install/launch_real/lib/pkgconfig/launch_real.pc'
[-1.640s] Level 1:colcon.colcon_core.environment:checking '/home/akun/workspace/CAR/real_ws/install/launch_real/lib/python3.10/site-packages'
[-1.640s] Level 1:colcon.colcon_core.environment:checking '/home/akun/workspace/CAR/real_ws/install/launch_real/bin'
[-1.640s] INFO:colcon.colcon_core.shell:Creating package script '/home/akun/workspace/CAR/real_ws/install/launch_real/share/launch_real/package.ps1'
[-1.640s] INFO:colcon.colcon_core.shell:Creating package descriptor '/home/akun/workspace/CAR/real_ws/install/launch_real/share/launch_real/package.dsv'
[-1.639s] INFO:colcon.colcon_core.shell:Creating package script '/home/akun/workspace/CAR/real_ws/install/launch_real/share/launch_real/package.sh'
[-1.639s] INFO:colcon.colcon_core.shell:Creating package script '/home/akun/workspace/CAR/real_ws/install/launch_real/share/launch_real/package.bash'
[-1.639s] INFO:colcon.colcon_core.shell:Creating package script '/home/akun/workspace/CAR/real_ws/install/launch_real/share/launch_real/package.zsh'
[-1.639s] Level 1:colcon.colcon_core.environment:create_file_with_runtime_dependencies(/home/akun/workspace/CAR/real_ws/install/launch_real/share/colcon-core/packages/launch_real)
[-1.636s] DEBUG:colcon.colcon_core.event_handler.log_command:Invoked command in '/home/akun/workspace/CAR/real_ws/build/convert_laser' returned '0': CMAKE_PREFIX_PATH=${CMAKE_PREFIX_PATH}:/opt/ros/humble /usr/bin/cmake --build /home/akun/workspace/CAR/real_ws/build/convert_laser -- -j32 -l32
[-1.636s] DEBUG:colcon.colcon_core.event_handler.log_command:Invoking command in '/home/akun/workspace/CAR/real_ws/build/convert_laser': CMAKE_PREFIX_PATH=${CMAKE_PREFIX_PATH}:/opt/ros/humble /usr/bin/cmake --install /home/akun/workspace/CAR/real_ws/build/convert_laser
[-1.630s] Level 1:colcon.colcon_core.environment:create_environment_scripts_only(convert_laser)
[-1.630s] DEBUG:colcon.colcon_core.event_handler.log_command:Invoked command in '/home/akun/workspace/CAR/real_ws/build/convert_laser' returned '0': CMAKE_PREFIX_PATH=${CMAKE_PREFIX_PATH}:/opt/ros/humble /usr/bin/cmake --install /home/akun/workspace/CAR/real_ws/build/convert_laser
[-1.630s] Level 1:colcon.colcon_core.environment:checking '/home/akun/workspace/CAR/real_ws/install/convert_laser' for CMake module files
[-1.629s] Level 1:colcon.colcon_core.environment:checking '/home/akun/workspace/CAR/real_ws/install/convert_laser' for CMake config files
[-1.629s] Level 1:colcon.colcon_core.shell:create_environment_hook('convert_laser', 'cmake_prefix_path')
[-1.629s] INFO:colcon.colcon_core.shell:Creating environment hook '/home/akun/workspace/CAR/real_ws/install/convert_laser/share/convert_laser/hook/cmake_prefix_path.ps1'
[-1.629s] INFO:colcon.colcon_core.shell:Creating environment descriptor '/home/akun/workspace/CAR/real_ws/install/convert_laser/share/convert_laser/hook/cmake_prefix_path.dsv'
[-1.629s] INFO:colcon.colcon_core.shell:Creating environment hook '/home/akun/workspace/CAR/real_ws/install/convert_laser/share/convert_laser/hook/cmake_prefix_path.sh'
[-1.629s] Level 1:colcon.colcon_core.environment:checking '/home/akun/workspace/CAR/real_ws/install/convert_laser/lib'
[-1.628s] Level 1:colcon.colcon_core.environment:checking '/home/akun/workspace/CAR/real_ws/install/convert_laser/bin'
[-1.628s] Level 1:colcon.colcon_core.environment:checking '/home/akun/workspace/CAR/real_ws/install/convert_laser/lib/pkgconfig/convert_laser.pc'
[-1.628s] Level 1:colcon.colcon_core.environment:checking '/home/akun/workspace/CAR/real_ws/install/convert_laser/lib/python3.10/site-packages'
[-1.628s] Level 1:colcon.colcon_core.environment:checking '/home/akun/workspace/CAR/real_ws/install/convert_laser/bin'
[-1.628s] INFO:colcon.colcon_core.shell:Creating package script '/home/akun/workspace/CAR/real_ws/install/convert_laser/share/convert_laser/package.ps1'
[-1.628s] INFO:colcon.colcon_core.shell:Creating package descriptor '/home/akun/workspace/CAR/real_ws/install/convert_laser/share/convert_laser/package.dsv'
[-1.627s] INFO:colcon.colcon_core.shell:Creating package script '/home/akun/workspace/CAR/real_ws/install/convert_laser/share/convert_laser/package.sh'
[-1.627s] INFO:colcon.colcon_core.shell:Creating package script '/home/akun/workspace/CAR/real_ws/install/convert_laser/share/convert_laser/package.bash'
[-1.627s] INFO:colcon.colcon_core.shell:Creating package script '/home/akun/workspace/CAR/real_ws/install/convert_laser/share/convert_laser/package.zsh'
[-1.627s] Level 1:colcon.colcon_core.environment:create_file_with_runtime_dependencies(/home/akun/workspace/CAR/real_ws/install/convert_laser/share/colcon-core/packages/convert_laser)
[-1.626s] Level 1:colcon.colcon_core.environment:create_environment_scripts_only(convert_laser)
[-1.626s] Level 1:colcon.colcon_core.environment:checking '/home/akun/workspace/CAR/real_ws/install/convert_laser' for CMake module files
[-1.626s] Level 1:colcon.colcon_core.environment:checking '/home/akun/workspace/CAR/real_ws/install/convert_laser' for CMake config files
[-1.626s] Level 1:colcon.colcon_core.shell:create_environment_hook('convert_laser', 'cmake_prefix_path')
[-1.626s] INFO:colcon.colcon_core.shell:Creating environment hook '/home/akun/workspace/CAR/real_ws/install/convert_laser/share/convert_laser/hook/cmake_prefix_path.ps1'
[-1.626s] INFO:colcon.colcon_core.shell:Creating environment descriptor '/home/akun/workspace/CAR/real_ws/install/convert_laser/share/convert_laser/hook/cmake_prefix_path.dsv'
[-1.625s] INFO:colcon.colcon_core.shell:Creating environment hook '/home/akun/workspace/CAR/real_ws/install/convert_laser/share/convert_laser/hook/cmake_prefix_path.sh'
[-1.625s] Level 1:colcon.colcon_core.environment:checking '/home/akun/workspace/CAR/real_ws/install/convert_laser/lib'
[-1.625s] Level 1:colcon.colcon_core.environment:checking '/home/akun/workspace/CAR/real_ws/install/convert_laser/bin'
[-1.625s] Level 1:colcon.colcon_core.environment:checking '/home/akun/workspace/CAR/real_ws/install/convert_laser/lib/pkgconfig/convert_laser.pc'
[-1.625s] Level 1:colcon.colcon_core.environment:checking '/home/akun/workspace/CAR/real_ws/install/convert_laser/lib/python3.10/site-packages'
[-1.625s] Level 1:colcon.colcon_core.environment:checking '/home/akun/workspace/CAR/real_ws/install/convert_laser/bin'
[-1.625s] INFO:colcon.colcon_core.shell:Creating package script '/home/akun/workspace/CAR/real_ws/install/convert_laser/share/convert_laser/package.ps1'
[-1.624s] INFO:colcon.colcon_core.shell:Creating package descriptor '/home/akun/workspace/CAR/real_ws/install/convert_laser/share/convert_laser/package.dsv'
[-1.624s] INFO:colcon.colcon_core.shell:Creating package script '/home/akun/workspace/CAR/real_ws/install/convert_laser/share/convert_laser/package.sh'
[-1.624s] INFO:colcon.colcon_core.shell:Creating package script '/home/akun/workspace/CAR/real_ws/install/convert_laser/share/convert_laser/package.bash'
[-1.624s] INFO:colcon.colcon_core.shell:Creating package script '/home/akun/workspace/CAR/real_ws/install/convert_laser/share/convert_laser/package.zsh'
[-1.623s] Level 1:colcon.colcon_core.environment:create_file_with_runtime_dependencies(/home/akun/workspace/CAR/real_ws/install/convert_laser/share/colcon-core/packages/convert_laser)
[-1.623s] DEBUG:colcon.colcon_parallel_executor.executor.parallel:closing loop
[-1.623s] DEBUG:colcon.colcon_parallel_executor.executor.parallel:loop closed
[-1.623s] DEBUG:colcon.colcon_parallel_executor.executor.parallel:run_until_complete finished with '0'
[-1.623s] DEBUG:colcon.colcon_core.event_reactor:joining thread
[-1.573s] INFO:colcon.colcon_core.plugin_system:Skipping extension 'colcon_notification.desktop_notification.notify_send': Could not find 'notify-send'
[-1.572s] INFO:colcon.colcon_core.plugin_system:Skipping extension 'colcon_notification.desktop_notification.terminal_notifier': Not used on non-Darwin systems
[-1.572s] INFO:colcon.colcon_core.plugin_system:Skipping extension 'colcon_notification.desktop_notification.win32': Not used on non-Windows systems
[-1.572s] INFO:colcon.colcon_notification.desktop_notification:Sending desktop notification using 'notify2'
[-1.572s] DEBUG:colcon.colcon_notification.desktop_notification.notify2:Failed to initialize notify2: org.freedesktop.DBus.Error.FileNotFound: Failed to connect to socket /run/user/1000/bus: No such file or directory
[-1.572s] DEBUG:colcon.colcon_core.event_reactor:joined thread
[-1.572s] INFO:colcon.colcon_core.shell:Creating prefix script '/home/akun/workspace/CAR/real_ws/install/local_setup.ps1'
[-1.571s] INFO:colcon.colcon_core.shell:Creating prefix util module '/home/akun/workspace/CAR/real_ws/install/_local_setup_util_ps1.py'
[-1.571s] INFO:colcon.colcon_core.shell:Creating prefix chain script '/home/akun/workspace/CAR/real_ws/install/setup.ps1'
[-1.570s] INFO:colcon.colcon_core.shell:Creating prefix script '/home/akun/workspace/CAR/real_ws/install/local_setup.sh'
[-1.569s] INFO:colcon.colcon_core.shell:Creating prefix util module '/home/akun/workspace/CAR/real_ws/install/_local_setup_util_sh.py'
[-1.569s] INFO:colcon.colcon_core.shell:Creating prefix chain script '/home/akun/workspace/CAR/real_ws/install/setup.sh'
[-1.568s] INFO:colcon.colcon_core.shell:Creating prefix script '/home/akun/workspace/CAR/real_ws/install/local_setup.bash'
[-1.568s] INFO:colcon.colcon_core.shell:Creating prefix chain script '/home/akun/workspace/CAR/real_ws/install/setup.bash'
[-1.567s] INFO:colcon.colcon_core.shell:Creating prefix script '/home/akun/workspace/CAR/real_ws/install/local_setup.zsh'
[-1.567s] INFO:colcon.colcon_core.shell:Creating prefix chain script '/home/akun/workspace/CAR/real_ws/install/setup.zsh'
