[0.725s] DEBUG:colcon:Command line arguments: ['/usr/bin/colcon', 'build']
[0.725s] DEBUG:colcon:Parsed command line arguments: Namespace(log_base=None, log_level=None, verb_name='build', build_base='build', install_base='install', merge_install=False, symlink_install=False, test_result_base=None, continue_on_error=False, executor='parallel', parallel_workers=32, event_handlers=None, ignore_user_meta=False, metas=['./colcon.meta'], base_paths=['.'], packages_ignore=None, packages_ignore_regex=None, paths=None, packages_up_to=None, packages_up_to_regex=None, packages_above=None, packages_above_and_dependencies=None, packages_above_depth=None, packages_select_by_dep=None, packages_skip_by_dep=None, packages_skip_up_to=None, packages_select_build_failed=False, packages_skip_build_finished=False, packages_select_test_failures=False, packages_skip_test_passed=False, packages_select=None, packages_skip=None, packages_select_regex=None, packages_skip_regex=None, packages_start=None, packages_end=None, allow_overriding=[], cmake_args=None, cmake_target=None, cmake_target_skip_unavailable=False, cmake_clean_cache=False, cmake_clean_first=False, cmake_force_configure=False, ament_cmake_args=None, catkin_cmake_args=None, catkin_skip_building_tests=False, verb_parser=<colcon_defaults.argument_parser.defaults.DefaultArgumentsDecorator object at 0x771b83faf610>, verb_extension=<colcon_core.verb.build.BuildVerb object at 0x771b841d8400>, main=<bound method BuildVerb.main of <colcon_core.verb.build.BuildVerb object at 0x771b841d8400>>)
[0.886s] Level 1:colcon.colcon_core.package_discovery:discover_packages(colcon_meta) check parameters
[0.886s] Level 1:colcon.colcon_core.package_discovery:discover_packages(recursive) check parameters
[0.886s] Level 1:colcon.colcon_core.package_discovery:discover_packages(ignore) check parameters
[0.886s] Level 1:colcon.colcon_core.package_discovery:discover_packages(path) check parameters
[0.886s] Level 1:colcon.colcon_core.package_discovery:discover_packages(colcon_meta) discover
[0.886s] Level 1:colcon.colcon_core.package_discovery:discover_packages(recursive) discover
[0.886s] INFO:colcon.colcon_core.package_discovery:Crawling recursively for packages in '/home/akun/workspace/CAR/real_ws'
[0.886s] Level 1:colcon.colcon_core.package_identification:_identify(.) by extensions ['ignore', 'ignore_ament_install']
[0.886s] Level 1:colcon.colcon_core.package_identification:_identify(.) by extension 'ignore'
[0.886s] Level 1:colcon.colcon_core.package_identification:_identify(.) by extension 'ignore_ament_install'
[0.886s] Level 1:colcon.colcon_core.package_identification:_identify(.) by extensions ['colcon_pkg']
[0.886s] Level 1:colcon.colcon_core.package_identification:_identify(.) by extension 'colcon_pkg'
[0.886s] Level 1:colcon.colcon_core.package_identification:_identify(.) by extensions ['colcon_meta']
[0.886s] Level 1:colcon.colcon_core.package_identification:_identify(.) by extension 'colcon_meta'
[0.886s] Level 1:colcon.colcon_core.package_identification:_identify(.) by extensions ['ros']
[0.886s] Level 1:colcon.colcon_core.package_identification:_identify(.) by extension 'ros'
[0.894s] Level 1:colcon.colcon_core.package_identification:_identify(.) by extensions ['cmake', 'python']
[0.894s] Level 1:colcon.colcon_core.package_identification:_identify(.) by extension 'cmake'
[0.894s] Level 1:colcon.colcon_core.package_identification:_identify(.) by extension 'python'
[0.894s] Level 1:colcon.colcon_core.package_identification:_identify(.) by extensions ['python_setup_py']
[0.894s] Level 1:colcon.colcon_core.package_identification:_identify(.) by extension 'python_setup_py'
[0.894s] Level 1:colcon.colcon_core.package_identification:_identify(build) by extensions ['ignore', 'ignore_ament_install']
[0.894s] Level 1:colcon.colcon_core.package_identification:_identify(build) by extension 'ignore'
[0.894s] Level 1:colcon.colcon_core.package_identification:_identify(build) ignored
[0.894s] Level 1:colcon.colcon_core.package_identification:_identify(convert_laser) by extensions ['ignore', 'ignore_ament_install']
[0.894s] Level 1:colcon.colcon_core.package_identification:_identify(convert_laser) by extension 'ignore'
[0.894s] Level 1:colcon.colcon_core.package_identification:_identify(convert_laser) by extension 'ignore_ament_install'
[0.894s] Level 1:colcon.colcon_core.package_identification:_identify(convert_laser) by extensions ['colcon_pkg']
[0.894s] Level 1:colcon.colcon_core.package_identification:_identify(convert_laser) by extension 'colcon_pkg'
[0.894s] Level 1:colcon.colcon_core.package_identification:_identify(convert_laser) by extensions ['colcon_meta']
[0.894s] Level 1:colcon.colcon_core.package_identification:_identify(convert_laser) by extension 'colcon_meta'
[0.894s] Level 1:colcon.colcon_core.package_identification:_identify(convert_laser) by extensions ['ros']
[0.894s] Level 1:colcon.colcon_core.package_identification:_identify(convert_laser) by extension 'ros'
[0.897s] DEBUG:colcon.colcon_core.package_identification:Package 'convert_laser' with type 'ros.ament_cmake' and name 'convert_laser'
[0.897s] Level 1:colcon.colcon_core.package_identification:_identify(install) by extensions ['ignore', 'ignore_ament_install']
[0.897s] Level 1:colcon.colcon_core.package_identification:_identify(install) by extension 'ignore'
[0.897s] Level 1:colcon.colcon_core.package_identification:_identify(install) ignored
[0.897s] Level 1:colcon.colcon_core.package_identification:_identify(log) by extensions ['ignore', 'ignore_ament_install']
[0.897s] Level 1:colcon.colcon_core.package_identification:_identify(log) by extension 'ignore'
[0.897s] Level 1:colcon.colcon_core.package_identification:_identify(log) ignored
[0.897s] Level 1:colcon.colcon_core.package_identification:_identify(rosbag2_2025_07_28-15_32_37) by extensions ['ignore', 'ignore_ament_install']
[0.897s] Level 1:colcon.colcon_core.package_identification:_identify(rosbag2_2025_07_28-15_32_37) by extension 'ignore'
[0.897s] Level 1:colcon.colcon_core.package_identification:_identify(rosbag2_2025_07_28-15_32_37) by extension 'ignore_ament_install'
[0.897s] Level 1:colcon.colcon_core.package_identification:_identify(rosbag2_2025_07_28-15_32_37) by extensions ['colcon_pkg']
[0.897s] Level 1:colcon.colcon_core.package_identification:_identify(rosbag2_2025_07_28-15_32_37) by extension 'colcon_pkg'
[0.897s] Level 1:colcon.colcon_core.package_identification:_identify(rosbag2_2025_07_28-15_32_37) by extensions ['colcon_meta']
[0.897s] Level 1:colcon.colcon_core.package_identification:_identify(rosbag2_2025_07_28-15_32_37) by extension 'colcon_meta'
[0.897s] Level 1:colcon.colcon_core.package_identification:_identify(rosbag2_2025_07_28-15_32_37) by extensions ['ros']
[0.897s] Level 1:colcon.colcon_core.package_identification:_identify(rosbag2_2025_07_28-15_32_37) by extension 'ros'
[0.897s] Level 1:colcon.colcon_core.package_identification:_identify(rosbag2_2025_07_28-15_32_37) by extensions ['cmake', 'python']
[0.897s] Level 1:colcon.colcon_core.package_identification:_identify(rosbag2_2025_07_28-15_32_37) by extension 'cmake'
[0.897s] Level 1:colcon.colcon_core.package_identification:_identify(rosbag2_2025_07_28-15_32_37) by extension 'python'
[0.897s] Level 1:colcon.colcon_core.package_identification:_identify(rosbag2_2025_07_28-15_32_37) by extensions ['python_setup_py']
[0.897s] Level 1:colcon.colcon_core.package_identification:_identify(rosbag2_2025_07_28-15_32_37) by extension 'python_setup_py'
[0.897s] Level 1:colcon.colcon_core.package_discovery:discover_packages(recursive) using defaults
[0.897s] Level 1:colcon.colcon_core.package_discovery:discover_packages(ignore) discover
[0.897s] Level 1:colcon.colcon_core.package_discovery:discover_packages(ignore) using defaults
[0.897s] Level 1:colcon.colcon_core.package_discovery:discover_packages(path) discover
[0.897s] Level 1:colcon.colcon_core.package_discovery:discover_packages(path) using defaults
[0.913s] Level 1:colcon.colcon_core.package_discovery:discover_packages(prefix_path) check parameters
[0.913s] Level 1:colcon.colcon_core.package_discovery:discover_packages(prefix_path) discover
[0.916s] DEBUG:colcon.colcon_installed_package_information.package_discovery:Found 1 installed packages in /home/akun/workspace/CAR/livox_ros_driver2/install
[0.917s] DEBUG:colcon.colcon_installed_package_information.package_discovery:Found 331 installed packages in /opt/ros/humble
[0.923s] Level 1:colcon.colcon_core.package_discovery:discover_packages(prefix_path) using defaults
[0.948s] Level 5:colcon.colcon_core.verb:set package 'convert_laser' build argument 'cmake_args' from command line to 'None'
[0.948s] Level 5:colcon.colcon_core.verb:set package 'convert_laser' build argument 'cmake_target' from command line to 'None'
[0.948s] Level 5:colcon.colcon_core.verb:set package 'convert_laser' build argument 'cmake_target_skip_unavailable' from command line to 'False'
[0.948s] Level 5:colcon.colcon_core.verb:set package 'convert_laser' build argument 'cmake_clean_cache' from command line to 'False'
[0.948s] Level 5:colcon.colcon_core.verb:set package 'convert_laser' build argument 'cmake_clean_first' from command line to 'False'
[0.948s] Level 5:colcon.colcon_core.verb:set package 'convert_laser' build argument 'cmake_force_configure' from command line to 'False'
[0.948s] Level 5:colcon.colcon_core.verb:set package 'convert_laser' build argument 'ament_cmake_args' from command line to 'None'
[0.948s] Level 5:colcon.colcon_core.verb:set package 'convert_laser' build argument 'catkin_cmake_args' from command line to 'None'
[0.948s] Level 5:colcon.colcon_core.verb:set package 'convert_laser' build argument 'catkin_skip_building_tests' from command line to 'False'
[0.948s] DEBUG:colcon.colcon_core.verb:Building package 'convert_laser' with the following arguments: {'ament_cmake_args': None, 'build_base': '/home/akun/workspace/CAR/real_ws/build/convert_laser', 'catkin_cmake_args': None, 'catkin_skip_building_tests': False, 'cmake_args': None, 'cmake_clean_cache': False, 'cmake_clean_first': False, 'cmake_force_configure': False, 'cmake_target': None, 'cmake_target_skip_unavailable': False, 'install_base': '/home/akun/workspace/CAR/real_ws/install/convert_laser', 'merge_install': False, 'path': '/home/akun/workspace/CAR/real_ws/convert_laser', 'symlink_install': False, 'test_result_base': None}
[0.948s] INFO:colcon.colcon_core.executor:Executing jobs using 'parallel' executor
[0.949s] DEBUG:colcon.colcon_parallel_executor.executor.parallel:run_until_complete
[0.949s] INFO:colcon.colcon_ros.task.ament_cmake.build:Building ROS package in '/home/akun/workspace/CAR/real_ws/convert_laser' with build type 'ament_cmake'
[0.949s] INFO:colcon.colcon_cmake.task.cmake.build:Building CMake package in '/home/akun/workspace/CAR/real_ws/convert_laser'
[0.954s] INFO:colcon.colcon_core.plugin_system:Skipping extension 'colcon_core.shell.bat': Not used on non-Windows systems
[0.954s] INFO:colcon.colcon_core.shell:Skip shell extension 'powershell' for command environment: Not usable outside of PowerShell
[0.954s] DEBUG:colcon.colcon_core.shell:Skip shell extension 'dsv' for command environment
[0.961s] DEBUG:colcon.colcon_core.event_handler.log_command:Invoking command in '/home/akun/workspace/CAR/real_ws/build/convert_laser': CMAKE_PREFIX_PATH=${CMAKE_PREFIX_PATH}:/opt/ros/humble /usr/bin/cmake /home/akun/workspace/CAR/real_ws/convert_laser -DCMAKE_INSTALL_PREFIX=/home/akun/workspace/CAR/real_ws/install/convert_laser
[16.589s] DEBUG:colcon.colcon_core.event_handler.log_command:Invoked command in '/home/akun/workspace/CAR/real_ws/build/convert_laser' returned '1': CMAKE_PREFIX_PATH=${CMAKE_PREFIX_PATH}:/opt/ros/humble /usr/bin/cmake /home/akun/workspace/CAR/real_ws/convert_laser -DCMAKE_INSTALL_PREFIX=/home/akun/workspace/CAR/real_ws/install/convert_laser
[16.596s] Level 1:colcon.colcon_core.environment:create_environment_scripts_only(convert_laser)
[16.601s] Level 1:colcon.colcon_core.environment:checking '/home/akun/workspace/CAR/real_ws/install/convert_laser' for CMake module files
[16.602s] Level 1:colcon.colcon_core.environment:checking '/home/akun/workspace/CAR/real_ws/install/convert_laser' for CMake config files
[16.602s] Level 1:colcon.colcon_core.environment:checking '/home/akun/workspace/CAR/real_ws/install/convert_laser/bin'
[16.602s] Level 1:colcon.colcon_core.environment:checking '/home/akun/workspace/CAR/real_ws/install/convert_laser/lib/pkgconfig/convert_laser.pc'
[16.602s] Level 1:colcon.colcon_core.environment:checking '/home/akun/workspace/CAR/real_ws/install/convert_laser/lib/python3.10/site-packages'
[16.602s] Level 1:colcon.colcon_core.environment:checking '/home/akun/workspace/CAR/real_ws/install/convert_laser/bin'
[16.602s] INFO:colcon.colcon_core.shell:Creating package script '/home/akun/workspace/CAR/real_ws/install/convert_laser/share/convert_laser/package.ps1'
[16.604s] INFO:colcon.colcon_core.shell:Creating package descriptor '/home/akun/workspace/CAR/real_ws/install/convert_laser/share/convert_laser/package.dsv'
[16.604s] INFO:colcon.colcon_core.shell:Creating package script '/home/akun/workspace/CAR/real_ws/install/convert_laser/share/convert_laser/package.sh'
[16.605s] INFO:colcon.colcon_core.shell:Creating package script '/home/akun/workspace/CAR/real_ws/install/convert_laser/share/convert_laser/package.bash'
[16.605s] INFO:colcon.colcon_core.shell:Creating package script '/home/akun/workspace/CAR/real_ws/install/convert_laser/share/convert_laser/package.zsh'
[16.606s] Level 1:colcon.colcon_core.environment:create_file_with_runtime_dependencies(/home/akun/workspace/CAR/real_ws/install/convert_laser/share/colcon-core/packages/convert_laser)
[16.617s] DEBUG:colcon.colcon_parallel_executor.executor.parallel:closing loop
[16.617s] DEBUG:colcon.colcon_parallel_executor.executor.parallel:loop closed
[16.617s] DEBUG:colcon.colcon_parallel_executor.executor.parallel:run_until_complete finished with '1'
[16.617s] DEBUG:colcon.colcon_core.event_reactor:joining thread
[16.645s] INFO:colcon.colcon_core.plugin_system:Skipping extension 'colcon_notification.desktop_notification.notify_send': Could not find 'notify-send'
[16.646s] INFO:colcon.colcon_core.plugin_system:Skipping extension 'colcon_notification.desktop_notification.terminal_notifier': Not used on non-Darwin systems
[16.646s] INFO:colcon.colcon_core.plugin_system:Skipping extension 'colcon_notification.desktop_notification.win32': Not used on non-Windows systems
[16.646s] INFO:colcon.colcon_notification.desktop_notification:Sending desktop notification using 'notify2'
[16.646s] DEBUG:colcon.colcon_notification.desktop_notification.notify2:Failed to initialize notify2: org.freedesktop.DBus.Error.FileNotFound: Failed to connect to socket /run/user/1000/bus: No such file or directory
[16.646s] DEBUG:colcon.colcon_core.event_reactor:joined thread
[16.646s] INFO:colcon.colcon_core.shell:Creating prefix script '/home/akun/workspace/CAR/real_ws/install/local_setup.ps1'
[16.647s] INFO:colcon.colcon_core.shell:Creating prefix util module '/home/akun/workspace/CAR/real_ws/install/_local_setup_util_ps1.py'
[16.648s] INFO:colcon.colcon_core.shell:Creating prefix chain script '/home/akun/workspace/CAR/real_ws/install/setup.ps1'
[16.648s] INFO:colcon.colcon_core.shell:Creating prefix script '/home/akun/workspace/CAR/real_ws/install/local_setup.sh'
[16.649s] INFO:colcon.colcon_core.shell:Creating prefix util module '/home/akun/workspace/CAR/real_ws/install/_local_setup_util_sh.py'
[16.649s] INFO:colcon.colcon_core.shell:Creating prefix chain script '/home/akun/workspace/CAR/real_ws/install/setup.sh'
[16.650s] INFO:colcon.colcon_core.shell:Creating prefix script '/home/akun/workspace/CAR/real_ws/install/local_setup.bash'
[16.650s] INFO:colcon.colcon_core.shell:Creating prefix chain script '/home/akun/workspace/CAR/real_ws/install/setup.bash'
[16.651s] INFO:colcon.colcon_core.shell:Creating prefix script '/home/akun/workspace/CAR/real_ws/install/local_setup.zsh'
[16.652s] INFO:colcon.colcon_core.shell:Creating prefix chain script '/home/akun/workspace/CAR/real_ws/install/setup.zsh'
