[0.008s] Invoking command in '/home/akun/workspace/CAR/real_ws/build/convert_laser': CMAKE_PREFIX_PATH=${CMAKE_PREFIX_PATH}:/opt/ros/humble /usr/bin/cmake --build /home/akun/workspace/CAR/real_ws/build/convert_laser -- -j32 -l32
[0.042s] [ 50%] [32mBuilding CXX object CMakeFiles/convert.dir/src/convert.cpp.o[0m
[6.797s] [100%] [32m[1mLinking CXX executable convert[0m
[7.363s] [100%] Built target convert
[7.376s] Invoked command in '/home/akun/workspace/CAR/real_ws/build/convert_laser' returned '0': CMAKE_PREFIX_PATH=${CMAKE_PREFIX_PATH}:/opt/ros/humble /usr/bin/cmake --build /home/akun/workspace/CAR/real_ws/build/convert_laser -- -j32 -l32
[7.381s] Invoking command in '/home/akun/workspace/CAR/real_ws/build/convert_laser': CMAKE_PREFIX_PATH=${CMAKE_PREFIX_PATH}:/opt/ros/humble /usr/bin/cmake --install /home/akun/workspace/CAR/real_ws/build/convert_laser
[7.384s] -- Install configuration: ""
[7.384s] -- Installing: /home/akun/workspace/CAR/real_ws/install/convert_laser/lib/convert_laser/convert
[7.388s] -- Set runtime path of "/home/akun/workspace/CAR/real_ws/install/convert_laser/lib/convert_laser/convert" to ""
[7.388s] -- Up-to-date: /home/akun/workspace/CAR/real_ws/install/convert_laser/share/ament_index/resource_index/package_run_dependencies/convert_laser
[7.388s] -- Up-to-date: /home/akun/workspace/CAR/real_ws/install/convert_laser/share/ament_index/resource_index/parent_prefix_path/convert_laser
[7.388s] -- Up-to-date: /home/akun/workspace/CAR/real_ws/install/convert_laser/share/convert_laser/environment/ament_prefix_path.sh
[7.388s] -- Up-to-date: /home/akun/workspace/CAR/real_ws/install/convert_laser/share/convert_laser/environment/ament_prefix_path.dsv
[7.388s] -- Up-to-date: /home/akun/workspace/CAR/real_ws/install/convert_laser/share/convert_laser/environment/path.sh
[7.388s] -- Up-to-date: /home/akun/workspace/CAR/real_ws/install/convert_laser/share/convert_laser/environment/path.dsv
[7.388s] -- Up-to-date: /home/akun/workspace/CAR/real_ws/install/convert_laser/share/convert_laser/local_setup.bash
[7.389s] -- Up-to-date: /home/akun/workspace/CAR/real_ws/install/convert_laser/share/convert_laser/local_setup.sh
[7.389s] -- Up-to-date: /home/akun/workspace/CAR/real_ws/install/convert_laser/share/convert_laser/local_setup.zsh
[7.389s] -- Up-to-date: /home/akun/workspace/CAR/real_ws/install/convert_laser/share/convert_laser/local_setup.dsv
[7.389s] -- Installing: /home/akun/workspace/CAR/real_ws/install/convert_laser/share/convert_laser/package.dsv
[7.389s] -- Up-to-date: /home/akun/workspace/CAR/real_ws/install/convert_laser/share/ament_index/resource_index/packages/convert_laser
[7.389s] -- Up-to-date: /home/akun/workspace/CAR/real_ws/install/convert_laser/share/convert_laser/cmake/convert_laserConfig.cmake
[7.389s] -- Up-to-date: /home/akun/workspace/CAR/real_ws/install/convert_laser/share/convert_laser/cmake/convert_laserConfig-version.cmake
[7.389s] -- Up-to-date: /home/akun/workspace/CAR/real_ws/install/convert_laser/share/convert_laser/package.xml
[7.389s] Invoked command in '/home/akun/workspace/CAR/real_ws/build/convert_laser' returned '0': CMAKE_PREFIX_PATH=${CMAKE_PREFIX_PATH}:/opt/ros/humble /usr/bin/cmake --install /home/akun/workspace/CAR/real_ws/build/convert_laser
