-- Install configuration: ""
-- Up-to-date: /home/akun/workspace/CAR/1_URDF_ws/install/robot/share/robot/launch
-- Up-to-date: /home/akun/workspace/CAR/1_URDF_ws/install/robot/share/robot/launch/my_launch.py
-- Up-to-date: /home/akun/workspace/CAR/1_URDF_ws/install/robot/share/robot/launch/gazebo_sim.launch.py
-- Up-to-date: /home/akun/workspace/CAR/1_URDF_ws/install/robot/share/robot/urdf
-- Up-to-date: /home/akun/workspace/CAR/1_URDF_ws/install/robot/share/robot/urdf/first_robot.xacro
-- Up-to-date: /home/akun/workspace/CAR/1_URDF_ws/install/robot/share/robot/urdf/robot
-- Up-to-date: /home/akun/workspace/CAR/1_URDF_ws/install/robot/share/robot/urdf/robot/sensor
-- Up-to-date: /home/akun/workspace/CAR/1_URDF_ws/install/robot/share/robot/urdf/robot/sensor/laser.urdf.xacro
-- Up-to-date: /home/akun/workspace/CAR/1_URDF_ws/install/robot/share/robot/urdf/robot/sensor/imu.urdf.xacro
-- Up-to-date: /home/akun/workspace/CAR/1_URDF_ws/install/robot/share/robot/urdf/robot/sensor/camera.urdf.xacro
-- Up-to-date: /home/akun/workspace/CAR/1_URDF_ws/install/robot/share/robot/urdf/robot/sensor/laser_back.urdf.xacro
-- Up-to-date: /home/akun/workspace/CAR/1_URDF_ws/install/robot/share/robot/urdf/robot/common_inertial.xacro
-- Up-to-date: /home/akun/workspace/CAR/1_URDF_ws/install/robot/share/robot/urdf/robot/base.urdf.xacro
-- Up-to-date: /home/akun/workspace/CAR/1_URDF_ws/install/robot/share/robot/urdf/robot/actor
-- Up-to-date: /home/akun/workspace/CAR/1_URDF_ws/install/robot/share/robot/urdf/robot/actor/wheel_congdong.urdf.xacro
-- Up-to-date: /home/akun/workspace/CAR/1_URDF_ws/install/robot/share/robot/urdf/robot/actor/wheel.urdf.xacro
-- Up-to-date: /home/akun/workspace/CAR/1_URDF_ws/install/robot/share/robot/urdf/robot/robot.urdf.xacro
-- Up-to-date: /home/akun/workspace/CAR/1_URDF_ws/install/robot/share/robot/urdf/robot/plugins
-- Up-to-date: /home/akun/workspace/CAR/1_URDF_ws/install/robot/share/robot/urdf/robot/plugins/gazebo_control_plugin.xacro
-- Up-to-date: /home/akun/workspace/CAR/1_URDF_ws/install/robot/share/robot/urdf/robot/plugins/gazebo_laser_plugin_back.xacro
-- Installing: /home/akun/workspace/CAR/1_URDF_ws/install/robot/share/robot/urdf/robot/plugins/gazebo_laser_plugin.xacro
-- Up-to-date: /home/akun/workspace/CAR/1_URDF_ws/install/robot/share/robot/urdf/robot/plugins/gazebo_imu_plugin.xacro
-- Up-to-date: /home/akun/workspace/CAR/1_URDF_ws/install/robot/share/robot/urdf/first_robot.pdf
-- Up-to-date: /home/akun/workspace/CAR/1_URDF_ws/install/robot/share/robot/urdf/first_robot.urdf
-- Up-to-date: /home/akun/workspace/CAR/1_URDF_ws/install/robot/share/robot/urdf/first_robot.gv
-- Up-to-date: /home/akun/workspace/CAR/1_URDF_ws/install/robot/share/robot/rviz_config
-- Up-to-date: /home/akun/workspace/CAR/1_URDF_ws/install/robot/share/robot/rviz_config/robot_model.rviz
-- Up-to-date: /home/akun/workspace/CAR/1_URDF_ws/install/robot/share/robot/world
-- Up-to-date: /home/akun/workspace/CAR/1_URDF_ws/install/robot/share/robot/world/room
-- Up-to-date: /home/akun/workspace/CAR/1_URDF_ws/install/robot/share/robot/world/room/model.sdf
-- Up-to-date: /home/akun/workspace/CAR/1_URDF_ws/install/robot/share/robot/world/room/model.config
-- Up-to-date: /home/akun/workspace/CAR/1_URDF_ws/install/robot/share/robot/world/custom_world.world
-- Up-to-date: /home/akun/workspace/CAR/1_URDF_ws/install/robot/share/robot/world/meshes
-- Up-to-date: /home/akun/workspace/CAR/1_URDF_ws/install/robot/share/robot/world/meshes/RMUL2024_world
-- Up-to-date: /home/akun/workspace/CAR/1_URDF_ws/install/robot/share/robot/world/meshes/RMUL2024_world/meshes
-- Up-to-date: /home/akun/workspace/CAR/1_URDF_ws/install/robot/share/robot/world/meshes/RMUL2024_world/meshes/RMUL_2024.stl
-- Up-to-date: /home/akun/workspace/CAR/1_URDF_ws/install/robot/share/robot/world/meshes/mid360.stl
-- Up-to-date: /home/akun/workspace/CAR/1_URDF_ws/install/robot/share/robot/world/meshes/RMUC2024_world
-- Up-to-date: /home/akun/workspace/CAR/1_URDF_ws/install/robot/share/robot/world/meshes/RMUC2024_world/model.sdf
-- Up-to-date: /home/akun/workspace/CAR/1_URDF_ws/install/robot/share/robot/world/meshes/RMUC2024_world/meshes
-- Up-to-date: /home/akun/workspace/CAR/1_URDF_ws/install/robot/share/robot/world/meshes/RMUC2024_world/meshes/RMUC_2024.stl
-- Up-to-date: /home/akun/workspace/CAR/1_URDF_ws/install/robot/share/robot/world/meshes/RMUC2024_world/model.config
-- Up-to-date: /home/akun/workspace/CAR/1_URDF_ws/install/robot/share/robot/world/meshes/obstacles
-- Up-to-date: /home/akun/workspace/CAR/1_URDF_ws/install/robot/share/robot/world/meshes/obstacles/obstacle11
-- Up-to-date: /home/akun/workspace/CAR/1_URDF_ws/install/robot/share/robot/world/meshes/obstacles/obstacle11/model.sdf
-- Up-to-date: /home/akun/workspace/CAR/1_URDF_ws/install/robot/share/robot/world/meshes/obstacles/obstacle11/model.config
-- Up-to-date: /home/akun/workspace/CAR/1_URDF_ws/install/robot/share/robot/world/meshes/obstacles/obstacle10
-- Up-to-date: /home/akun/workspace/CAR/1_URDF_ws/install/robot/share/robot/world/meshes/obstacles/obstacle10/model.sdf
-- Up-to-date: /home/akun/workspace/CAR/1_URDF_ws/install/robot/share/robot/world/meshes/obstacles/obstacle10/model.config
-- Up-to-date: /home/akun/workspace/CAR/1_URDF_ws/install/robot/share/robot/world/meshes/obstacles/obstacle1
-- Up-to-date: /home/akun/workspace/CAR/1_URDF_ws/install/robot/share/robot/world/meshes/obstacles/obstacle1/model.sdf
-- Up-to-date: /home/akun/workspace/CAR/1_URDF_ws/install/robot/share/robot/world/meshes/obstacles/obstacle1/model.config
-- Up-to-date: /home/akun/workspace/CAR/1_URDF_ws/install/robot/share/robot/world/meshes/obstacles/obstacle9
-- Up-to-date: /home/akun/workspace/CAR/1_URDF_ws/install/robot/share/robot/world/meshes/obstacles/obstacle9/model.sdf
-- Up-to-date: /home/akun/workspace/CAR/1_URDF_ws/install/robot/share/robot/world/meshes/obstacles/obstacle9/model.config
-- Up-to-date: /home/akun/workspace/CAR/1_URDF_ws/install/robot/share/robot/world/meshes/obstacles/obstacle3
-- Up-to-date: /home/akun/workspace/CAR/1_URDF_ws/install/robot/share/robot/world/meshes/obstacles/obstacle3/model.sdf
-- Up-to-date: /home/akun/workspace/CAR/1_URDF_ws/install/robot/share/robot/world/meshes/obstacles/obstacle3/model.config
-- Up-to-date: /home/akun/workspace/CAR/1_URDF_ws/install/robot/share/robot/world/meshes/obstacles/obstacle_plugin
-- Up-to-date: /home/akun/workspace/CAR/1_URDF_ws/install/robot/share/robot/world/meshes/obstacles/obstacle_plugin/obstacle6.cc
-- Up-to-date: /home/akun/workspace/CAR/1_URDF_ws/install/robot/share/robot/world/meshes/obstacles/obstacle_plugin/obstacle3.cc
-- Up-to-date: /home/akun/workspace/CAR/1_URDF_ws/install/robot/share/robot/world/meshes/obstacles/obstacle_plugin/obstacle8.cc
-- Up-to-date: /home/akun/workspace/CAR/1_URDF_ws/install/robot/share/robot/world/meshes/obstacles/obstacle_plugin/CMakeLists.txt
-- Up-to-date: /home/akun/workspace/CAR/1_URDF_ws/install/robot/share/robot/world/meshes/obstacles/obstacle_plugin/obstacles.cc
-- Up-to-date: /home/akun/workspace/CAR/1_URDF_ws/install/robot/share/robot/world/meshes/obstacles/obstacle_plugin/obstacle4.cc
-- Up-to-date: /home/akun/workspace/CAR/1_URDF_ws/install/robot/share/robot/world/meshes/obstacles/obstacle_plugin/obstacle11.cc
-- Up-to-date: /home/akun/workspace/CAR/1_URDF_ws/install/robot/share/robot/world/meshes/obstacles/obstacle_plugin/obstacle5.cc
-- Up-to-date: /home/akun/workspace/CAR/1_URDF_ws/install/robot/share/robot/world/meshes/obstacles/obstacle_plugin/obstacle2.cc
-- Up-to-date: /home/akun/workspace/CAR/1_URDF_ws/install/robot/share/robot/world/meshes/obstacles/obstacle_plugin/obstacle13.cc
-- Up-to-date: /home/akun/workspace/CAR/1_URDF_ws/install/robot/share/robot/world/meshes/obstacles/obstacle_plugin/obstacle1.cc
-- Up-to-date: /home/akun/workspace/CAR/1_URDF_ws/install/robot/share/robot/world/meshes/obstacles/obstacle_plugin/obstacle7.cc
-- Up-to-date: /home/akun/workspace/CAR/1_URDF_ws/install/robot/share/robot/world/meshes/obstacles/obstacle_plugin/obstacle10.cc
-- Up-to-date: /home/akun/workspace/CAR/1_URDF_ws/install/robot/share/robot/world/meshes/obstacles/obstacle_plugin/obstacle12.cc
-- Up-to-date: /home/akun/workspace/CAR/1_URDF_ws/install/robot/share/robot/world/meshes/obstacles/obstacle_plugin/obstacle9.cc
-- Up-to-date: /home/akun/workspace/CAR/1_URDF_ws/install/robot/share/robot/world/meshes/obstacles/obstacle_plugin/lib
-- Up-to-date: /home/akun/workspace/CAR/1_URDF_ws/install/robot/share/robot/world/meshes/obstacles/obstacle_plugin/lib/libobstacle9.so
-- Up-to-date: /home/akun/workspace/CAR/1_URDF_ws/install/robot/share/robot/world/meshes/obstacles/obstacle_plugin/lib/libobstacles.so
-- Up-to-date: /home/akun/workspace/CAR/1_URDF_ws/install/robot/share/robot/world/meshes/obstacles/obstacle_plugin/lib/libobstacle1.so
-- Up-to-date: /home/akun/workspace/CAR/1_URDF_ws/install/robot/share/robot/world/meshes/obstacles/obstacle_plugin/lib/libobstacle7.so
-- Up-to-date: /home/akun/workspace/CAR/1_URDF_ws/install/robot/share/robot/world/meshes/obstacles/obstacle_plugin/lib/libobstacle11.so
-- Up-to-date: /home/akun/workspace/CAR/1_URDF_ws/install/robot/share/robot/world/meshes/obstacles/obstacle_plugin/lib/libobstacle6.so
-- Up-to-date: /home/akun/workspace/CAR/1_URDF_ws/install/robot/share/robot/world/meshes/obstacles/obstacle_plugin/lib/libobstacle5.so
-- Up-to-date: /home/akun/workspace/CAR/1_URDF_ws/install/robot/share/robot/world/meshes/obstacles/obstacle_plugin/lib/libobstacle3.so
-- Up-to-date: /home/akun/workspace/CAR/1_URDF_ws/install/robot/share/robot/world/meshes/obstacles/obstacle_plugin/lib/libobstacle4.so
-- Up-to-date: /home/akun/workspace/CAR/1_URDF_ws/install/robot/share/robot/world/meshes/obstacles/obstacle_plugin/lib/libobstacle8.so
-- Up-to-date: /home/akun/workspace/CAR/1_URDF_ws/install/robot/share/robot/world/meshes/obstacles/obstacle_plugin/lib/libobstacle2.so
-- Up-to-date: /home/akun/workspace/CAR/1_URDF_ws/install/robot/share/robot/world/meshes/obstacles/obstacle_plugin/lib/libobstacle12.so
-- Up-to-date: /home/akun/workspace/CAR/1_URDF_ws/install/robot/share/robot/world/meshes/obstacles/obstacle_plugin/lib/libobstacle10.so
-- Up-to-date: /home/akun/workspace/CAR/1_URDF_ws/install/robot/share/robot/world/meshes/obstacles/obstacle7
-- Up-to-date: /home/akun/workspace/CAR/1_URDF_ws/install/robot/share/robot/world/meshes/obstacles/obstacle7/model.sdf
-- Up-to-date: /home/akun/workspace/CAR/1_URDF_ws/install/robot/share/robot/world/meshes/obstacles/obstacle7/model.config
-- Up-to-date: /home/akun/workspace/CAR/1_URDF_ws/install/robot/share/robot/world/meshes/obstacles/obstacle5
-- Up-to-date: /home/akun/workspace/CAR/1_URDF_ws/install/robot/share/robot/world/meshes/obstacles/obstacle5/model.sdf
-- Up-to-date: /home/akun/workspace/CAR/1_URDF_ws/install/robot/share/robot/world/meshes/obstacles/obstacle5/model.config
-- Up-to-date: /home/akun/workspace/CAR/1_URDF_ws/install/robot/share/robot/world/meshes/obstacles/obstacle4
-- Up-to-date: /home/akun/workspace/CAR/1_URDF_ws/install/robot/share/robot/world/meshes/obstacles/obstacle4/model.sdf
-- Up-to-date: /home/akun/workspace/CAR/1_URDF_ws/install/robot/share/robot/world/meshes/obstacles/obstacle4/model.config
-- Up-to-date: /home/akun/workspace/CAR/1_URDF_ws/install/robot/share/robot/world/meshes/obstacles/obstacle2
-- Up-to-date: /home/akun/workspace/CAR/1_URDF_ws/install/robot/share/robot/world/meshes/obstacles/obstacle2/model.sdf
-- Up-to-date: /home/akun/workspace/CAR/1_URDF_ws/install/robot/share/robot/world/meshes/obstacles/obstacle2/model.config
-- Up-to-date: /home/akun/workspace/CAR/1_URDF_ws/install/robot/share/robot/world/meshes/obstacles/obstacle8
-- Up-to-date: /home/akun/workspace/CAR/1_URDF_ws/install/robot/share/robot/world/meshes/obstacles/obstacle8/model.sdf
-- Up-to-date: /home/akun/workspace/CAR/1_URDF_ws/install/robot/share/robot/world/meshes/obstacles/obstacle8/model.config
-- Up-to-date: /home/akun/workspace/CAR/1_URDF_ws/install/robot/share/robot/world/meshes/obstacles/obstacle6
-- Up-to-date: /home/akun/workspace/CAR/1_URDF_ws/install/robot/share/robot/world/meshes/obstacles/obstacle6/model.sdf
-- Up-to-date: /home/akun/workspace/CAR/1_URDF_ws/install/robot/share/robot/world/meshes/obstacles/obstacle6/model.config
-- Up-to-date: /home/akun/workspace/CAR/1_URDF_ws/install/robot/share/robot/world/meshes/obstacles/obstacle12
-- Up-to-date: /home/akun/workspace/CAR/1_URDF_ws/install/robot/share/robot/world/meshes/obstacles/obstacle12/model.sdf
-- Up-to-date: /home/akun/workspace/CAR/1_URDF_ws/install/robot/share/robot/world/meshes/obstacles/obstacle12/model.config
-- Up-to-date: /home/akun/workspace/CAR/1_URDF_ws/install/robot/share/robot/world/world
-- Up-to-date: /home/akun/workspace/CAR/1_URDF_ws/install/robot/share/robot/world/world/RMUL2024_world
-- Up-to-date: /home/akun/workspace/CAR/1_URDF_ws/install/robot/share/robot/world/world/RMUL2024_world/model.sdf
-- Up-to-date: /home/akun/workspace/CAR/1_URDF_ws/install/robot/share/robot/world/world/RMUL2024_world/RMUL2024_world.world
-- Up-to-date: /home/akun/workspace/CAR/1_URDF_ws/install/robot/share/robot/world/world/RMUL2024_world/model.config
-- Up-to-date: /home/akun/workspace/CAR/1_URDF_ws/install/robot/share/robot/world/world/RMUL2024_world/RMUL2024_world_dynamic_obstacles.world
-- Up-to-date: /home/akun/workspace/CAR/1_URDF_ws/install/robot/share/robot/world/world/RMUC2024_world
-- Up-to-date: /home/akun/workspace/CAR/1_URDF_ws/install/robot/share/robot/world/world/RMUC2024_world/RMUC2024_world.world
-- Up-to-date: /home/akun/workspace/CAR/1_URDF_ws/install/robot/share/robot/world/custom_room.world
-- Up-to-date: /home/akun/workspace/CAR/1_URDF_ws/install/robot/share/ament_index/resource_index/package_run_dependencies/robot
-- Up-to-date: /home/akun/workspace/CAR/1_URDF_ws/install/robot/share/ament_index/resource_index/parent_prefix_path/robot
-- Up-to-date: /home/akun/workspace/CAR/1_URDF_ws/install/robot/share/robot/environment/ament_prefix_path.sh
-- Up-to-date: /home/akun/workspace/CAR/1_URDF_ws/install/robot/share/robot/environment/ament_prefix_path.dsv
-- Up-to-date: /home/akun/workspace/CAR/1_URDF_ws/install/robot/share/robot/environment/path.sh
-- Up-to-date: /home/akun/workspace/CAR/1_URDF_ws/install/robot/share/robot/environment/path.dsv
-- Up-to-date: /home/akun/workspace/CAR/1_URDF_ws/install/robot/share/robot/local_setup.bash
-- Up-to-date: /home/akun/workspace/CAR/1_URDF_ws/install/robot/share/robot/local_setup.sh
-- Up-to-date: /home/akun/workspace/CAR/1_URDF_ws/install/robot/share/robot/local_setup.zsh
-- Up-to-date: /home/akun/workspace/CAR/1_URDF_ws/install/robot/share/robot/local_setup.dsv
-- Installing: /home/akun/workspace/CAR/1_URDF_ws/install/robot/share/robot/package.dsv
-- Up-to-date: /home/akun/workspace/CAR/1_URDF_ws/install/robot/share/ament_index/resource_index/packages/robot
-- Up-to-date: /home/akun/workspace/CAR/1_URDF_ws/install/robot/share/robot/cmake/robotConfig.cmake
-- Up-to-date: /home/akun/workspace/CAR/1_URDF_ws/install/robot/share/robot/cmake/robotConfig-version.cmake
-- Up-to-date: /home/akun/workspace/CAR/1_URDF_ws/install/robot/share/robot/package.xml
