[0.206s] DEBUG:colcon:Command line arguments: ['/usr/bin/colcon', 'build']
[0.206s] DEBUG:colcon:Parsed command line arguments: Namespace(log_base=None, log_level=None, verb_name='build', build_base='build', install_base='install', merge_install=False, symlink_install=False, test_result_base=None, continue_on_error=False, executor='parallel', parallel_workers=32, event_handlers=None, ignore_user_meta=False, metas=['./colcon.meta'], base_paths=['.'], packages_ignore=None, packages_ignore_regex=None, paths=None, packages_up_to=None, packages_up_to_regex=None, packages_above=None, packages_above_and_dependencies=None, packages_above_depth=None, packages_select_by_dep=None, packages_skip_by_dep=None, packages_skip_up_to=None, packages_select_build_failed=False, packages_skip_build_finished=False, packages_select_test_failures=False, packages_skip_test_passed=False, packages_select=None, packages_skip=None, packages_select_regex=None, packages_skip_regex=None, packages_start=None, packages_end=None, allow_overriding=[], cmake_args=None, cmake_target=None, cmake_target_skip_unavailable=False, cmake_clean_cache=False, cmake_clean_first=False, cmake_force_configure=False, ament_cmake_args=None, catkin_cmake_args=None, catkin_skip_building_tests=False, verb_parser=<colcon_defaults.argument_parser.defaults.DefaultArgumentsDecorator object at 0x7969d5e5c6d0>, verb_extension=<colcon_core.verb.build.BuildVerb object at 0x7969d5fcd390>, main=<bound method BuildVerb.main of <colcon_core.verb.build.BuildVerb object at 0x7969d5fcd390>>)
[0.317s] Level 1:colcon.colcon_core.package_discovery:discover_packages(colcon_meta) check parameters
[0.318s] Level 1:colcon.colcon_core.package_discovery:discover_packages(recursive) check parameters
[0.318s] Level 1:colcon.colcon_core.package_discovery:discover_packages(ignore) check parameters
[0.318s] Level 1:colcon.colcon_core.package_discovery:discover_packages(path) check parameters
[0.318s] Level 1:colcon.colcon_core.package_discovery:discover_packages(colcon_meta) discover
[0.318s] Level 1:colcon.colcon_core.package_discovery:discover_packages(recursive) discover
[0.318s] INFO:colcon.colcon_core.package_discovery:Crawling recursively for packages in '/home/akun/workspace/CAR/1_URDF_ws'
[0.318s] Level 1:colcon.colcon_core.package_identification:_identify(.) by extensions ['ignore', 'ignore_ament_install']
[0.318s] Level 1:colcon.colcon_core.package_identification:_identify(.) by extension 'ignore'
[0.318s] Level 1:colcon.colcon_core.package_identification:_identify(.) by extension 'ignore_ament_install'
[0.318s] Level 1:colcon.colcon_core.package_identification:_identify(.) by extensions ['colcon_pkg']
[0.318s] Level 1:colcon.colcon_core.package_identification:_identify(.) by extension 'colcon_pkg'
[0.318s] Level 1:colcon.colcon_core.package_identification:_identify(.) by extensions ['colcon_meta']
[0.318s] Level 1:colcon.colcon_core.package_identification:_identify(.) by extension 'colcon_meta'
[0.318s] Level 1:colcon.colcon_core.package_identification:_identify(.) by extensions ['ros']
[0.318s] Level 1:colcon.colcon_core.package_identification:_identify(.) by extension 'ros'
[0.325s] Level 1:colcon.colcon_core.package_identification:_identify(.) by extensions ['cmake', 'python']
[0.325s] Level 1:colcon.colcon_core.package_identification:_identify(.) by extension 'cmake'
[0.325s] Level 1:colcon.colcon_core.package_identification:_identify(.) by extension 'python'
[0.325s] Level 1:colcon.colcon_core.package_identification:_identify(.) by extensions ['python_setup_py']
[0.325s] Level 1:colcon.colcon_core.package_identification:_identify(.) by extension 'python_setup_py'
[0.325s] Level 1:colcon.colcon_core.package_identification:_identify(build) by extensions ['ignore', 'ignore_ament_install']
[0.325s] Level 1:colcon.colcon_core.package_identification:_identify(build) by extension 'ignore'
[0.325s] Level 1:colcon.colcon_core.package_identification:_identify(build) ignored
[0.325s] Level 1:colcon.colcon_core.package_identification:_identify(install) by extensions ['ignore', 'ignore_ament_install']
[0.325s] Level 1:colcon.colcon_core.package_identification:_identify(install) by extension 'ignore'
[0.325s] Level 1:colcon.colcon_core.package_identification:_identify(install) ignored
[0.326s] Level 1:colcon.colcon_core.package_identification:_identify(log) by extensions ['ignore', 'ignore_ament_install']
[0.326s] Level 1:colcon.colcon_core.package_identification:_identify(log) by extension 'ignore'
[0.326s] Level 1:colcon.colcon_core.package_identification:_identify(log) ignored
[0.326s] Level 1:colcon.colcon_core.package_identification:_identify(robot) by extensions ['ignore', 'ignore_ament_install']
[0.326s] Level 1:colcon.colcon_core.package_identification:_identify(robot) by extension 'ignore'
[0.326s] Level 1:colcon.colcon_core.package_identification:_identify(robot) by extension 'ignore_ament_install'
[0.326s] Level 1:colcon.colcon_core.package_identification:_identify(robot) by extensions ['colcon_pkg']
[0.326s] Level 1:colcon.colcon_core.package_identification:_identify(robot) by extension 'colcon_pkg'
[0.326s] Level 1:colcon.colcon_core.package_identification:_identify(robot) by extensions ['colcon_meta']
[0.326s] Level 1:colcon.colcon_core.package_identification:_identify(robot) by extension 'colcon_meta'
[0.326s] Level 1:colcon.colcon_core.package_identification:_identify(robot) by extensions ['ros']
[0.326s] Level 1:colcon.colcon_core.package_identification:_identify(robot) by extension 'ros'
[0.327s] DEBUG:colcon.colcon_core.package_identification:Package 'robot' with type 'ros.ament_cmake' and name 'robot'
[0.327s] Level 1:colcon.colcon_core.package_identification:_identify(src) by extensions ['ignore', 'ignore_ament_install']
[0.327s] Level 1:colcon.colcon_core.package_identification:_identify(src) by extension 'ignore'
[0.328s] Level 1:colcon.colcon_core.package_identification:_identify(src) by extension 'ignore_ament_install'
[0.328s] Level 1:colcon.colcon_core.package_identification:_identify(src) by extensions ['colcon_pkg']
[0.328s] Level 1:colcon.colcon_core.package_identification:_identify(src) by extension 'colcon_pkg'
[0.328s] Level 1:colcon.colcon_core.package_identification:_identify(src) by extensions ['colcon_meta']
[0.328s] Level 1:colcon.colcon_core.package_identification:_identify(src) by extension 'colcon_meta'
[0.328s] Level 1:colcon.colcon_core.package_identification:_identify(src) by extensions ['ros']
[0.328s] Level 1:colcon.colcon_core.package_identification:_identify(src) by extension 'ros'
[0.328s] Level 1:colcon.colcon_core.package_identification:_identify(src) by extensions ['cmake', 'python']
[0.328s] Level 1:colcon.colcon_core.package_identification:_identify(src) by extension 'cmake'
[0.328s] Level 1:colcon.colcon_core.package_identification:_identify(src) by extension 'python'
[0.328s] Level 1:colcon.colcon_core.package_identification:_identify(src) by extensions ['python_setup_py']
[0.328s] Level 1:colcon.colcon_core.package_identification:_identify(src) by extension 'python_setup_py'
[0.328s] Level 1:colcon.colcon_core.package_identification:_identify(src/livox_laser_simulation_RO2) by extensions ['ignore', 'ignore_ament_install']
[0.328s] Level 1:colcon.colcon_core.package_identification:_identify(src/livox_laser_simulation_RO2) by extension 'ignore'
[0.328s] Level 1:colcon.colcon_core.package_identification:_identify(src/livox_laser_simulation_RO2) by extension 'ignore_ament_install'
[0.328s] Level 1:colcon.colcon_core.package_identification:_identify(src/livox_laser_simulation_RO2) by extensions ['colcon_pkg']
[0.328s] Level 1:colcon.colcon_core.package_identification:_identify(src/livox_laser_simulation_RO2) by extension 'colcon_pkg'
[0.328s] Level 1:colcon.colcon_core.package_identification:_identify(src/livox_laser_simulation_RO2) by extensions ['colcon_meta']
[0.328s] Level 1:colcon.colcon_core.package_identification:_identify(src/livox_laser_simulation_RO2) by extension 'colcon_meta'
[0.328s] Level 1:colcon.colcon_core.package_identification:_identify(src/livox_laser_simulation_RO2) by extensions ['ros']
[0.328s] Level 1:colcon.colcon_core.package_identification:_identify(src/livox_laser_simulation_RO2) by extension 'ros'
[0.329s] DEBUG:colcon.colcon_core.package_identification:Package 'src/livox_laser_simulation_RO2' with type 'ros.ament_cmake' and name 'ros2_livox_simulation'
[0.329s] Level 1:colcon.colcon_core.package_discovery:discover_packages(recursive) using defaults
[0.329s] Level 1:colcon.colcon_core.package_discovery:discover_packages(ignore) discover
[0.329s] Level 1:colcon.colcon_core.package_discovery:discover_packages(ignore) using defaults
[0.329s] Level 1:colcon.colcon_core.package_discovery:discover_packages(path) discover
[0.329s] Level 1:colcon.colcon_core.package_discovery:discover_packages(path) using defaults
[0.344s] Level 1:colcon.colcon_core.package_discovery:discover_packages(prefix_path) check parameters
[0.344s] Level 1:colcon.colcon_core.package_discovery:discover_packages(prefix_path) discover
[0.350s] WARNING:colcon.colcon_ros.prefix_path.catkin:The path '/tmp/usr/local' in the environment variable CMAKE_PREFIX_PATH doesn't exist
[0.351s] DEBUG:colcon.colcon_installed_package_information.package_discovery:Found 3 installed packages in /home/akun/workspace/CAR/simulation_ws/install
[0.351s] DEBUG:colcon.colcon_installed_package_information.package_discovery:Found 1 installed packages in /home/akun/workspace/CAR/LIO-SAM/install
[0.352s] DEBUG:colcon.colcon_installed_package_information.package_discovery:Found 2 installed packages in /home/akun/workspace/CAR/1_URDF_ws/install
[0.352s] DEBUG:colcon.colcon_installed_package_information.package_discovery:Found 1 installed packages in /home/akun/workspace/CAR/livox_ros_driver2/install
[0.352s] DEBUG:colcon.colcon_installed_package_information.package_discovery:Found 2 installed packages in /home/akun/workspace/CAR/real_ws/install
[0.353s] DEBUG:colcon.colcon_installed_package_information.package_discovery:Found 2 installed packages in /home/akun/workspace/CAR/yesense_ros2/install
[0.354s] DEBUG:colcon.colcon_installed_package_information.package_discovery:Found 1 installed packages in /home/akun/workspace/CAR/serial_ros2/install
[0.354s] DEBUG:colcon.colcon_installed_package_information.package_discovery:Found 349 installed packages in /opt/ros/humble
[0.355s] Level 1:colcon.colcon_core.package_discovery:discover_packages(prefix_path) using defaults
[0.388s] Level 5:colcon.colcon_core.verb:set package 'robot' build argument 'cmake_args' from command line to 'None'
[0.388s] Level 5:colcon.colcon_core.verb:set package 'robot' build argument 'cmake_target' from command line to 'None'
[0.388s] Level 5:colcon.colcon_core.verb:set package 'robot' build argument 'cmake_target_skip_unavailable' from command line to 'False'
[0.388s] Level 5:colcon.colcon_core.verb:set package 'robot' build argument 'cmake_clean_cache' from command line to 'False'
[0.388s] Level 5:colcon.colcon_core.verb:set package 'robot' build argument 'cmake_clean_first' from command line to 'False'
[0.388s] Level 5:colcon.colcon_core.verb:set package 'robot' build argument 'cmake_force_configure' from command line to 'False'
[0.388s] Level 5:colcon.colcon_core.verb:set package 'robot' build argument 'ament_cmake_args' from command line to 'None'
[0.388s] Level 5:colcon.colcon_core.verb:set package 'robot' build argument 'catkin_cmake_args' from command line to 'None'
[0.388s] Level 5:colcon.colcon_core.verb:set package 'robot' build argument 'catkin_skip_building_tests' from command line to 'False'
[0.388s] DEBUG:colcon.colcon_core.verb:Building package 'robot' with the following arguments: {'ament_cmake_args': None, 'build_base': '/home/akun/workspace/CAR/1_URDF_ws/build/robot', 'catkin_cmake_args': None, 'catkin_skip_building_tests': False, 'cmake_args': None, 'cmake_clean_cache': False, 'cmake_clean_first': False, 'cmake_force_configure': False, 'cmake_target': None, 'cmake_target_skip_unavailable': False, 'install_base': '/home/akun/workspace/CAR/1_URDF_ws/install/robot', 'merge_install': False, 'path': '/home/akun/workspace/CAR/1_URDF_ws/robot', 'symlink_install': False, 'test_result_base': None}
[0.389s] Level 5:colcon.colcon_core.verb:set package 'ros2_livox_simulation' build argument 'cmake_args' from command line to 'None'
[0.389s] Level 5:colcon.colcon_core.verb:set package 'ros2_livox_simulation' build argument 'cmake_target' from command line to 'None'
[0.389s] Level 5:colcon.colcon_core.verb:set package 'ros2_livox_simulation' build argument 'cmake_target_skip_unavailable' from command line to 'False'
[0.389s] Level 5:colcon.colcon_core.verb:set package 'ros2_livox_simulation' build argument 'cmake_clean_cache' from command line to 'False'
[0.389s] Level 5:colcon.colcon_core.verb:set package 'ros2_livox_simulation' build argument 'cmake_clean_first' from command line to 'False'
[0.389s] Level 5:colcon.colcon_core.verb:set package 'ros2_livox_simulation' build argument 'cmake_force_configure' from command line to 'False'
[0.389s] Level 5:colcon.colcon_core.verb:set package 'ros2_livox_simulation' build argument 'ament_cmake_args' from command line to 'None'
[0.389s] Level 5:colcon.colcon_core.verb:set package 'ros2_livox_simulation' build argument 'catkin_cmake_args' from command line to 'None'
[0.389s] Level 5:colcon.colcon_core.verb:set package 'ros2_livox_simulation' build argument 'catkin_skip_building_tests' from command line to 'False'
[0.389s] DEBUG:colcon.colcon_core.verb:Building package 'ros2_livox_simulation' with the following arguments: {'ament_cmake_args': None, 'build_base': '/home/akun/workspace/CAR/1_URDF_ws/build/ros2_livox_simulation', 'catkin_cmake_args': None, 'catkin_skip_building_tests': False, 'cmake_args': None, 'cmake_clean_cache': False, 'cmake_clean_first': False, 'cmake_force_configure': False, 'cmake_target': None, 'cmake_target_skip_unavailable': False, 'install_base': '/home/akun/workspace/CAR/1_URDF_ws/install/ros2_livox_simulation', 'merge_install': False, 'path': '/home/akun/workspace/CAR/1_URDF_ws/src/livox_laser_simulation_RO2', 'symlink_install': False, 'test_result_base': None}
[0.389s] INFO:colcon.colcon_core.executor:Executing jobs using 'parallel' executor
[0.390s] DEBUG:colcon.colcon_parallel_executor.executor.parallel:run_until_complete
[0.390s] INFO:colcon.colcon_ros.task.ament_cmake.build:Building ROS package in '/home/akun/workspace/CAR/1_URDF_ws/robot' with build type 'ament_cmake'
[0.390s] INFO:colcon.colcon_cmake.task.cmake.build:Building CMake package in '/home/akun/workspace/CAR/1_URDF_ws/robot'
[0.392s] INFO:colcon.colcon_core.plugin_system:Skipping extension 'colcon_core.shell.bat': Not used on non-Windows systems
[0.392s] INFO:colcon.colcon_core.shell:Skip shell extension 'powershell' for command environment: Not usable outside of PowerShell
[0.392s] DEBUG:colcon.colcon_core.shell:Skip shell extension 'dsv' for command environment
[0.395s] INFO:colcon.colcon_ros.task.ament_cmake.build:Building ROS package in '/home/akun/workspace/CAR/1_URDF_ws/src/livox_laser_simulation_RO2' with build type 'ament_cmake'
[0.396s] INFO:colcon.colcon_cmake.task.cmake.build:Building CMake package in '/home/akun/workspace/CAR/1_URDF_ws/src/livox_laser_simulation_RO2'
[0.396s] INFO:colcon.colcon_core.shell:Skip shell extension 'powershell' for command environment: Not usable outside of PowerShell
[0.396s] DEBUG:colcon.colcon_core.shell:Skip shell extension 'dsv' for command environment
[0.405s] DEBUG:colcon.colcon_core.event_handler.log_command:Invoking command in '/home/akun/workspace/CAR/1_URDF_ws/build/robot': CMAKE_PREFIX_PATH=${CMAKE_PREFIX_PATH}:/opt/ros/humble /usr/bin/cmake --build /home/akun/workspace/CAR/1_URDF_ws/build/robot -- -j32 -l32
[0.411s] DEBUG:colcon.colcon_core.event_handler.log_command:Invoking command in '/home/akun/workspace/CAR/1_URDF_ws/build/ros2_livox_simulation': CMAKE_PREFIX_PATH=${CMAKE_PREFIX_PATH}:/opt/ros/humble /usr/bin/cmake --build /home/akun/workspace/CAR/1_URDF_ws/build/ros2_livox_simulation -- -j32 -l32
[0.439s] DEBUG:colcon.colcon_core.event_handler.log_command:Invoked command in '/home/akun/workspace/CAR/1_URDF_ws/build/robot' returned '0': CMAKE_PREFIX_PATH=${CMAKE_PREFIX_PATH}:/opt/ros/humble /usr/bin/cmake --build /home/akun/workspace/CAR/1_URDF_ws/build/robot -- -j32 -l32
[0.445s] DEBUG:colcon.colcon_core.event_handler.log_command:Invoking command in '/home/akun/workspace/CAR/1_URDF_ws/build/robot': CMAKE_PREFIX_PATH=${CMAKE_PREFIX_PATH}:/opt/ros/humble /usr/bin/cmake --install /home/akun/workspace/CAR/1_URDF_ws/build/robot
[0.459s] Level 1:colcon.colcon_core.environment:create_environment_scripts_only(robot)
[0.460s] DEBUG:colcon.colcon_core.event_handler.log_command:Invoked command in '/home/akun/workspace/CAR/1_URDF_ws/build/robot' returned '0': CMAKE_PREFIX_PATH=${CMAKE_PREFIX_PATH}:/opt/ros/humble /usr/bin/cmake --install /home/akun/workspace/CAR/1_URDF_ws/build/robot
[0.461s] Level 1:colcon.colcon_core.environment:checking '/home/akun/workspace/CAR/1_URDF_ws/install/robot' for CMake module files
[0.462s] Level 1:colcon.colcon_core.environment:checking '/home/akun/workspace/CAR/1_URDF_ws/install/robot' for CMake config files
[0.462s] Level 1:colcon.colcon_core.shell:create_environment_hook('robot', 'cmake_prefix_path')
[0.462s] INFO:colcon.colcon_core.shell:Creating environment hook '/home/akun/workspace/CAR/1_URDF_ws/install/robot/share/robot/hook/cmake_prefix_path.ps1'
[0.462s] INFO:colcon.colcon_core.shell:Creating environment descriptor '/home/akun/workspace/CAR/1_URDF_ws/install/robot/share/robot/hook/cmake_prefix_path.dsv'
[0.462s] INFO:colcon.colcon_core.shell:Creating environment hook '/home/akun/workspace/CAR/1_URDF_ws/install/robot/share/robot/hook/cmake_prefix_path.sh'
[0.463s] Level 1:colcon.colcon_core.environment:checking '/home/akun/workspace/CAR/1_URDF_ws/install/robot/bin'
[0.463s] Level 1:colcon.colcon_core.environment:checking '/home/akun/workspace/CAR/1_URDF_ws/install/robot/lib/pkgconfig/robot.pc'
[0.463s] Level 1:colcon.colcon_core.environment:checking '/home/akun/workspace/CAR/1_URDF_ws/install/robot/lib/python3.10/site-packages'
[0.463s] Level 1:colcon.colcon_core.environment:checking '/home/akun/workspace/CAR/1_URDF_ws/install/robot/bin'
[0.463s] INFO:colcon.colcon_core.shell:Creating package script '/home/akun/workspace/CAR/1_URDF_ws/install/robot/share/robot/package.ps1'
[0.464s] INFO:colcon.colcon_core.shell:Creating package descriptor '/home/akun/workspace/CAR/1_URDF_ws/install/robot/share/robot/package.dsv'
[0.464s] INFO:colcon.colcon_core.shell:Creating package script '/home/akun/workspace/CAR/1_URDF_ws/install/robot/share/robot/package.sh'
[0.465s] INFO:colcon.colcon_core.shell:Creating package script '/home/akun/workspace/CAR/1_URDF_ws/install/robot/share/robot/package.bash'
[0.465s] INFO:colcon.colcon_core.shell:Creating package script '/home/akun/workspace/CAR/1_URDF_ws/install/robot/share/robot/package.zsh'
[0.465s] Level 1:colcon.colcon_core.environment:create_file_with_runtime_dependencies(/home/akun/workspace/CAR/1_URDF_ws/install/robot/share/colcon-core/packages/robot)
[0.466s] Level 1:colcon.colcon_core.environment:create_environment_scripts_only(robot)
[0.466s] Level 1:colcon.colcon_core.environment:checking '/home/akun/workspace/CAR/1_URDF_ws/install/robot' for CMake module files
[0.466s] Level 1:colcon.colcon_core.environment:checking '/home/akun/workspace/CAR/1_URDF_ws/install/robot' for CMake config files
[0.466s] Level 1:colcon.colcon_core.shell:create_environment_hook('robot', 'cmake_prefix_path')
[0.466s] INFO:colcon.colcon_core.shell:Creating environment hook '/home/akun/workspace/CAR/1_URDF_ws/install/robot/share/robot/hook/cmake_prefix_path.ps1'
[0.466s] INFO:colcon.colcon_core.shell:Creating environment descriptor '/home/akun/workspace/CAR/1_URDF_ws/install/robot/share/robot/hook/cmake_prefix_path.dsv'
[0.466s] INFO:colcon.colcon_core.shell:Creating environment hook '/home/akun/workspace/CAR/1_URDF_ws/install/robot/share/robot/hook/cmake_prefix_path.sh'
[0.467s] Level 1:colcon.colcon_core.environment:checking '/home/akun/workspace/CAR/1_URDF_ws/install/robot/bin'
[0.467s] Level 1:colcon.colcon_core.environment:checking '/home/akun/workspace/CAR/1_URDF_ws/install/robot/lib/pkgconfig/robot.pc'
[0.467s] Level 1:colcon.colcon_core.environment:checking '/home/akun/workspace/CAR/1_URDF_ws/install/robot/lib/python3.10/site-packages'
[0.467s] Level 1:colcon.colcon_core.environment:checking '/home/akun/workspace/CAR/1_URDF_ws/install/robot/bin'
[0.467s] INFO:colcon.colcon_core.shell:Creating package script '/home/akun/workspace/CAR/1_URDF_ws/install/robot/share/robot/package.ps1'
[0.467s] INFO:colcon.colcon_core.shell:Creating package descriptor '/home/akun/workspace/CAR/1_URDF_ws/install/robot/share/robot/package.dsv'
[0.468s] INFO:colcon.colcon_core.shell:Creating package script '/home/akun/workspace/CAR/1_URDF_ws/install/robot/share/robot/package.sh'
[0.468s] INFO:colcon.colcon_core.shell:Creating package script '/home/akun/workspace/CAR/1_URDF_ws/install/robot/share/robot/package.bash'
[0.468s] INFO:colcon.colcon_core.shell:Creating package script '/home/akun/workspace/CAR/1_URDF_ws/install/robot/share/robot/package.zsh'
[0.468s] Level 1:colcon.colcon_core.environment:create_file_with_runtime_dependencies(/home/akun/workspace/CAR/1_URDF_ws/install/robot/share/colcon-core/packages/robot)
[0.512s] DEBUG:colcon.colcon_core.event_handler.log_command:Invoked command in '/home/akun/workspace/CAR/1_URDF_ws/build/ros2_livox_simulation' returned '0': CMAKE_PREFIX_PATH=${CMAKE_PREFIX_PATH}:/opt/ros/humble /usr/bin/cmake --build /home/akun/workspace/CAR/1_URDF_ws/build/ros2_livox_simulation -- -j32 -l32
[0.514s] DEBUG:colcon.colcon_core.event_handler.log_command:Invoking command in '/home/akun/workspace/CAR/1_URDF_ws/build/ros2_livox_simulation': CMAKE_PREFIX_PATH=${CMAKE_PREFIX_PATH}:/opt/ros/humble /usr/bin/cmake --install /home/akun/workspace/CAR/1_URDF_ws/build/ros2_livox_simulation
[0.521s] Level 1:colcon.colcon_core.environment:create_environment_scripts_only(ros2_livox_simulation)
[0.522s] DEBUG:colcon.colcon_core.event_handler.log_command:Invoked command in '/home/akun/workspace/CAR/1_URDF_ws/build/ros2_livox_simulation' returned '0': CMAKE_PREFIX_PATH=${CMAKE_PREFIX_PATH}:/opt/ros/humble /usr/bin/cmake --install /home/akun/workspace/CAR/1_URDF_ws/build/ros2_livox_simulation
[0.522s] Level 1:colcon.colcon_core.environment:checking '/home/akun/workspace/CAR/1_URDF_ws/install/ros2_livox_simulation' for CMake module files
[0.522s] Level 1:colcon.colcon_core.environment:checking '/home/akun/workspace/CAR/1_URDF_ws/install/ros2_livox_simulation' for CMake config files
[0.522s] Level 1:colcon.colcon_core.shell:create_environment_hook('ros2_livox_simulation', 'cmake_prefix_path')
[0.522s] INFO:colcon.colcon_core.shell:Creating environment hook '/home/akun/workspace/CAR/1_URDF_ws/install/ros2_livox_simulation/share/ros2_livox_simulation/hook/cmake_prefix_path.ps1'
[0.522s] INFO:colcon.colcon_core.shell:Creating environment descriptor '/home/akun/workspace/CAR/1_URDF_ws/install/ros2_livox_simulation/share/ros2_livox_simulation/hook/cmake_prefix_path.dsv'
[0.523s] INFO:colcon.colcon_core.shell:Creating environment hook '/home/akun/workspace/CAR/1_URDF_ws/install/ros2_livox_simulation/share/ros2_livox_simulation/hook/cmake_prefix_path.sh'
[0.523s] Level 1:colcon.colcon_core.environment:checking '/home/akun/workspace/CAR/1_URDF_ws/install/ros2_livox_simulation/lib'
[0.523s] Level 1:colcon.colcon_core.shell:create_environment_hook('ros2_livox_simulation', 'ld_library_path_lib')
[0.523s] INFO:colcon.colcon_core.shell:Creating environment hook '/home/akun/workspace/CAR/1_URDF_ws/install/ros2_livox_simulation/share/ros2_livox_simulation/hook/ld_library_path_lib.ps1'
[0.523s] INFO:colcon.colcon_core.shell:Creating environment descriptor '/home/akun/workspace/CAR/1_URDF_ws/install/ros2_livox_simulation/share/ros2_livox_simulation/hook/ld_library_path_lib.dsv'
[0.524s] INFO:colcon.colcon_core.shell:Creating environment hook '/home/akun/workspace/CAR/1_URDF_ws/install/ros2_livox_simulation/share/ros2_livox_simulation/hook/ld_library_path_lib.sh'
[0.524s] Level 1:colcon.colcon_core.environment:checking '/home/akun/workspace/CAR/1_URDF_ws/install/ros2_livox_simulation/bin'
[0.524s] Level 1:colcon.colcon_core.environment:checking '/home/akun/workspace/CAR/1_URDF_ws/install/ros2_livox_simulation/lib/pkgconfig/ros2_livox_simulation.pc'
[0.524s] Level 1:colcon.colcon_core.environment:checking '/home/akun/workspace/CAR/1_URDF_ws/install/ros2_livox_simulation/lib/python3.10/site-packages'
[0.524s] Level 1:colcon.colcon_core.environment:checking '/home/akun/workspace/CAR/1_URDF_ws/install/ros2_livox_simulation/bin'
[0.524s] INFO:colcon.colcon_core.shell:Creating package script '/home/akun/workspace/CAR/1_URDF_ws/install/ros2_livox_simulation/share/ros2_livox_simulation/package.ps1'
[0.525s] INFO:colcon.colcon_core.shell:Creating package descriptor '/home/akun/workspace/CAR/1_URDF_ws/install/ros2_livox_simulation/share/ros2_livox_simulation/package.dsv'
[0.525s] INFO:colcon.colcon_core.shell:Creating package script '/home/akun/workspace/CAR/1_URDF_ws/install/ros2_livox_simulation/share/ros2_livox_simulation/package.sh'
[0.525s] INFO:colcon.colcon_core.shell:Creating package script '/home/akun/workspace/CAR/1_URDF_ws/install/ros2_livox_simulation/share/ros2_livox_simulation/package.bash'
[0.525s] INFO:colcon.colcon_core.shell:Creating package script '/home/akun/workspace/CAR/1_URDF_ws/install/ros2_livox_simulation/share/ros2_livox_simulation/package.zsh'
[0.525s] Level 1:colcon.colcon_core.environment:create_file_with_runtime_dependencies(/home/akun/workspace/CAR/1_URDF_ws/install/ros2_livox_simulation/share/colcon-core/packages/ros2_livox_simulation)
[0.526s] Level 1:colcon.colcon_core.environment:create_environment_scripts_only(ros2_livox_simulation)
[0.526s] Level 1:colcon.colcon_core.environment:checking '/home/akun/workspace/CAR/1_URDF_ws/install/ros2_livox_simulation' for CMake module files
[0.526s] Level 1:colcon.colcon_core.environment:checking '/home/akun/workspace/CAR/1_URDF_ws/install/ros2_livox_simulation' for CMake config files
[0.526s] Level 1:colcon.colcon_core.shell:create_environment_hook('ros2_livox_simulation', 'cmake_prefix_path')
[0.526s] INFO:colcon.colcon_core.shell:Creating environment hook '/home/akun/workspace/CAR/1_URDF_ws/install/ros2_livox_simulation/share/ros2_livox_simulation/hook/cmake_prefix_path.ps1'
[0.526s] INFO:colcon.colcon_core.shell:Creating environment descriptor '/home/akun/workspace/CAR/1_URDF_ws/install/ros2_livox_simulation/share/ros2_livox_simulation/hook/cmake_prefix_path.dsv'
[0.527s] INFO:colcon.colcon_core.shell:Creating environment hook '/home/akun/workspace/CAR/1_URDF_ws/install/ros2_livox_simulation/share/ros2_livox_simulation/hook/cmake_prefix_path.sh'
[0.527s] Level 1:colcon.colcon_core.environment:checking '/home/akun/workspace/CAR/1_URDF_ws/install/ros2_livox_simulation/lib'
[0.527s] Level 1:colcon.colcon_core.shell:create_environment_hook('ros2_livox_simulation', 'ld_library_path_lib')
[0.527s] INFO:colcon.colcon_core.shell:Creating environment hook '/home/akun/workspace/CAR/1_URDF_ws/install/ros2_livox_simulation/share/ros2_livox_simulation/hook/ld_library_path_lib.ps1'
[0.527s] INFO:colcon.colcon_core.shell:Creating environment descriptor '/home/akun/workspace/CAR/1_URDF_ws/install/ros2_livox_simulation/share/ros2_livox_simulation/hook/ld_library_path_lib.dsv'
[0.528s] INFO:colcon.colcon_core.shell:Creating environment hook '/home/akun/workspace/CAR/1_URDF_ws/install/ros2_livox_simulation/share/ros2_livox_simulation/hook/ld_library_path_lib.sh'
[0.528s] Level 1:colcon.colcon_core.environment:checking '/home/akun/workspace/CAR/1_URDF_ws/install/ros2_livox_simulation/bin'
[0.528s] Level 1:colcon.colcon_core.environment:checking '/home/akun/workspace/CAR/1_URDF_ws/install/ros2_livox_simulation/lib/pkgconfig/ros2_livox_simulation.pc'
[0.528s] Level 1:colcon.colcon_core.environment:checking '/home/akun/workspace/CAR/1_URDF_ws/install/ros2_livox_simulation/lib/python3.10/site-packages'
[0.528s] Level 1:colcon.colcon_core.environment:checking '/home/akun/workspace/CAR/1_URDF_ws/install/ros2_livox_simulation/bin'
[0.528s] INFO:colcon.colcon_core.shell:Creating package script '/home/akun/workspace/CAR/1_URDF_ws/install/ros2_livox_simulation/share/ros2_livox_simulation/package.ps1'
[0.528s] INFO:colcon.colcon_core.shell:Creating package descriptor '/home/akun/workspace/CAR/1_URDF_ws/install/ros2_livox_simulation/share/ros2_livox_simulation/package.dsv'
[0.529s] INFO:colcon.colcon_core.shell:Creating package script '/home/akun/workspace/CAR/1_URDF_ws/install/ros2_livox_simulation/share/ros2_livox_simulation/package.sh'
[0.529s] INFO:colcon.colcon_core.shell:Creating package script '/home/akun/workspace/CAR/1_URDF_ws/install/ros2_livox_simulation/share/ros2_livox_simulation/package.bash'
[0.529s] INFO:colcon.colcon_core.shell:Creating package script '/home/akun/workspace/CAR/1_URDF_ws/install/ros2_livox_simulation/share/ros2_livox_simulation/package.zsh'
[0.529s] Level 1:colcon.colcon_core.environment:create_file_with_runtime_dependencies(/home/akun/workspace/CAR/1_URDF_ws/install/ros2_livox_simulation/share/colcon-core/packages/ros2_livox_simulation)
[0.530s] DEBUG:colcon.colcon_parallel_executor.executor.parallel:closing loop
[0.530s] DEBUG:colcon.colcon_parallel_executor.executor.parallel:loop closed
[0.530s] DEBUG:colcon.colcon_parallel_executor.executor.parallel:run_until_complete finished with '0'
[0.530s] DEBUG:colcon.colcon_core.event_reactor:joining thread
[0.566s] INFO:colcon.colcon_core.plugin_system:Skipping extension 'colcon_notification.desktop_notification.notify_send': Could not find 'notify-send'
[0.566s] INFO:colcon.colcon_core.plugin_system:Skipping extension 'colcon_notification.desktop_notification.terminal_notifier': Not used on non-Darwin systems
[0.566s] INFO:colcon.colcon_core.plugin_system:Skipping extension 'colcon_notification.desktop_notification.win32': Not used on non-Windows systems
[0.566s] INFO:colcon.colcon_notification.desktop_notification:Sending desktop notification using 'notify2'
[0.566s] DEBUG:colcon.colcon_notification.desktop_notification.notify2:Failed to initialize notify2: org.freedesktop.DBus.Error.FileNotFound: Failed to connect to socket /run/user/1000/bus: No such file or directory
[0.567s] DEBUG:colcon.colcon_core.event_reactor:joined thread
[0.567s] INFO:colcon.colcon_core.shell:Creating prefix script '/home/akun/workspace/CAR/1_URDF_ws/install/local_setup.ps1'
[0.568s] INFO:colcon.colcon_core.shell:Creating prefix util module '/home/akun/workspace/CAR/1_URDF_ws/install/_local_setup_util_ps1.py'
[0.568s] INFO:colcon.colcon_core.shell:Creating prefix chain script '/home/akun/workspace/CAR/1_URDF_ws/install/setup.ps1'
[0.569s] INFO:colcon.colcon_core.shell:Creating prefix script '/home/akun/workspace/CAR/1_URDF_ws/install/local_setup.sh'
[0.570s] INFO:colcon.colcon_core.shell:Creating prefix util module '/home/akun/workspace/CAR/1_URDF_ws/install/_local_setup_util_sh.py'
[0.570s] INFO:colcon.colcon_core.shell:Creating prefix chain script '/home/akun/workspace/CAR/1_URDF_ws/install/setup.sh'
[0.571s] INFO:colcon.colcon_core.shell:Creating prefix script '/home/akun/workspace/CAR/1_URDF_ws/install/local_setup.bash'
[0.571s] INFO:colcon.colcon_core.shell:Creating prefix chain script '/home/akun/workspace/CAR/1_URDF_ws/install/setup.bash'
[0.572s] INFO:colcon.colcon_core.shell:Creating prefix script '/home/akun/workspace/CAR/1_URDF_ws/install/local_setup.zsh'
[0.572s] INFO:colcon.colcon_core.shell:Creating prefix chain script '/home/akun/workspace/CAR/1_URDF_ws/install/setup.zsh'
