[0.007s] Invoking command in '/home/akun/workspace/CAR/real_ws/build/convert_laser': CMAKE_PREFIX_PATH=${CMAKE_PREFIX_PATH}:/opt/ros/humble /usr/bin/cmake --build /home/akun/workspace/CAR/real_ws/build/convert_laser -- -j32 -l32
[0.032s] [35m[1mConsolidate compiler generated dependencies of target convert[0m
[0.040s] [ 50%] [32mBuilding CXX object CMakeFiles/convert.dir/src/convert.cpp.o[0m
[6.523s] [100%] [32m[1mLinking CXX executable convert[0m
[6.882s] [100%] Built target convert
[6.895s] Invoked command in '/home/akun/workspace/CAR/real_ws/build/convert_laser' returned '0': CMAKE_PREFIX_PATH=${CMAKE_PREFIX_PATH}:/opt/ros/humble /usr/bin/cmake --build /home/akun/workspace/CAR/real_ws/build/convert_laser -- -j32 -l32
[6.900s] Invoking command in '/home/akun/workspace/CAR/real_ws/build/convert_laser': CMAKE_PREFIX_PATH=${CMAKE_PREFIX_PATH}:/opt/ros/humble /usr/bin/cmake --install /home/akun/workspace/CAR/real_ws/build/convert_laser
[6.903s] -- Install configuration: ""
[6.903s] -- Installing: /home/akun/workspace/CAR/real_ws/install/convert_laser/lib/convert_laser/convert
[6.907s] -- Set runtime path of "/home/akun/workspace/CAR/real_ws/install/convert_laser/lib/convert_laser/convert" to ""
[6.907s] -- Up-to-date: /home/akun/workspace/CAR/real_ws/install/convert_laser/share/ament_index/resource_index/package_run_dependencies/convert_laser
[6.907s] -- Up-to-date: /home/akun/workspace/CAR/real_ws/install/convert_laser/share/ament_index/resource_index/parent_prefix_path/convert_laser
[6.907s] -- Up-to-date: /home/akun/workspace/CAR/real_ws/install/convert_laser/share/convert_laser/environment/ament_prefix_path.sh
[6.907s] -- Up-to-date: /home/akun/workspace/CAR/real_ws/install/convert_laser/share/convert_laser/environment/ament_prefix_path.dsv
[6.907s] -- Up-to-date: /home/akun/workspace/CAR/real_ws/install/convert_laser/share/convert_laser/environment/path.sh
[6.907s] -- Up-to-date: /home/akun/workspace/CAR/real_ws/install/convert_laser/share/convert_laser/environment/path.dsv
[6.907s] -- Up-to-date: /home/akun/workspace/CAR/real_ws/install/convert_laser/share/convert_laser/local_setup.bash
[6.907s] -- Up-to-date: /home/akun/workspace/CAR/real_ws/install/convert_laser/share/convert_laser/local_setup.sh
[6.907s] -- Up-to-date: /home/akun/workspace/CAR/real_ws/install/convert_laser/share/convert_laser/local_setup.zsh
[6.907s] -- Up-to-date: /home/akun/workspace/CAR/real_ws/install/convert_laser/share/convert_laser/local_setup.dsv
[6.907s] -- Installing: /home/akun/workspace/CAR/real_ws/install/convert_laser/share/convert_laser/package.dsv
[6.907s] -- Up-to-date: /home/akun/workspace/CAR/real_ws/install/convert_laser/share/ament_index/resource_index/packages/convert_laser
[6.907s] -- Up-to-date: /home/akun/workspace/CAR/real_ws/install/convert_laser/share/convert_laser/cmake/convert_laserConfig.cmake
[6.907s] -- Up-to-date: /home/akun/workspace/CAR/real_ws/install/convert_laser/share/convert_laser/cmake/convert_laserConfig-version.cmake
[6.907s] -- Up-to-date: /home/akun/workspace/CAR/real_ws/install/convert_laser/share/convert_laser/package.xml
[6.908s] Invoked command in '/home/akun/workspace/CAR/real_ws/build/convert_laser' returned '0': CMAKE_PREFIX_PATH=${CMAKE_PREFIX_PATH}:/opt/ros/humble /usr/bin/cmake --install /home/akun/workspace/CAR/real_ws/build/convert_laser
