[35m[1mConsolidate compiler generated dependencies of target ros2_livox[0m
[ 33%] [32mBuilding CXX object CMakeFiles/ros2_livox.dir/src/livox_points_plugin.cpp.o[0m
In file included from [01m[K/home/akun/workspace/CAR/1_URDF_ws/src/livox_laser_simulation_RO2/include/ros2_livox/livox_points_plugin.h:14[m[K,
                 from [01m[K/home/akun/workspace/CAR/1_URDF_ws/src/livox_laser_simulation_RO2/src/livox_points_plugin.cpp:17[m[K:
[01m[K/opt/ros/humble/include/sensor_msgs/sensor_msgs/point_cloud_conversion.hpp:47:6:[m[K [01;35m[Kwarning: [m[K#warning POINT_CLOUD_DEPRECATION_MESSAGE [[01;35m[K]8;;https://gcc.gnu.org/onlinedocs/gcc/Warning-Options.html#index-Wcpp-Wcpp]8;;[m[K]
   47 | #    [01;35m[Kwarning[m[K POINT_CLOUD_DEPRECATION_MESSAGE
      |      [01;35m[K^~~~~~~[m[K
In file included from [01m[K/opt/ros/humble/include/rclcpp/rclcpp/logging.hpp:24[m[K,
                 from [01m[K/opt/ros/humble/include/rclcpp/rclcpp/client.hpp:40[m[K,
                 from [01m[K/opt/ros/humble/include/rclcpp/rclcpp/callback_group.hpp:24[m[K,
                 from [01m[K/opt/ros/humble/include/rclcpp/rclcpp/any_executable.hpp:20[m[K,
                 from [01m[K/opt/ros/humble/include/rclcpp/rclcpp/memory_strategy.hpp:25[m[K,
                 from [01m[K/opt/ros/humble/include/rclcpp/rclcpp/memory_strategies.hpp:18[m[K,
                 from [01m[K/opt/ros/humble/include/rclcpp/rclcpp/executor_options.hpp:20[m[K,
                 from [01m[K/opt/ros/humble/include/rclcpp/rclcpp/executor.hpp:37[m[K,
                 from [01m[K/opt/ros/humble/include/rclcpp/rclcpp/executors/multi_threaded_executor.hpp:25[m[K,
                 from [01m[K/opt/ros/humble/include/rclcpp/rclcpp/executors.hpp:21[m[K,
                 from [01m[K/opt/ros/humble/include/rclcpp/rclcpp/rclcpp.hpp:155[m[K,
                 from [01m[K/opt/ros/humble/include/gazebo_ros/node.hpp:18[m[K,
                 from [01m[K/home/akun/workspace/CAR/1_URDF_ws/src/livox_laser_simulation_RO2/src/livox_points_plugin.cpp:8[m[K:
[01m[K/home/akun/workspace/CAR/1_URDF_ws/src/livox_laser_simulation_RO2/src/livox_points_plugin.cpp:[m[K In member function ‘[01m[Kvirtual void gazebo::LivoxPointsPlugin::OnNewLaserScans()[m[K’:
[01m[K/home/akun/workspace/CAR/1_URDF_ws/src/livox_laser_simulation_RO2/src/livox_points_plugin.cpp:168:56:[m[K [01;35m[Kwarning: [m[Kformat ‘[01m[K%d[m[K’ expects argument of type ‘[01m[Kint[m[K’, but argument 5 has type ‘[01m[Kdouble[m[K’ [[01;35m[K]8;;https://gcc.gnu.org/onlinedocs/gcc/Warning-Options.html#index-Wformat=-Wformat=]8;;[m[K]
  168 |             RCLCPP_ERROR(rclcpp::get_logger("logger"), [01;35m[K"强度为:%d"[m[K, [32m[Kintensity[m[K);
      |                                                        [01;35m[K^~~~~~~~~~~[m[K  [32m[K~~~~~~~~~[m[K
      |                                                                     [32m[K|[m[K
      |                                                                     [32m[Kdouble[m[K
[01m[K/home/akun/workspace/CAR/1_URDF_ws/src/livox_laser_simulation_RO2/src/livox_points_plugin.cpp:168:65:[m[K [01;36m[Knote: [m[Kformat string is defined here
  168 |             RCLCPP_ERROR(rclcpp::get_logger("logger"), "强度为:[01;36m[K%d[m[K", intensity);
      |                                                                [01;36m[K~^[m[K
      |                                                                 [01;36m[K|[m[K
      |                                                                 [01;36m[Kint[m[K
      |                                                                [32m[K%f[m[K
[ 66%] [32m[1mLinking CXX shared library libros2_livox.so[0m
[100%] Built target ros2_livox
-- Install configuration: ""
-- Up-to-date: /home/akun/workspace/CAR/1_URDF_ws/install/ros2_livox_simulation/include
-- Up-to-date: /home/akun/workspace/CAR/1_URDF_ws/install/ros2_livox_simulation/include/ros2_livox
-- Up-to-date: /home/akun/workspace/CAR/1_URDF_ws/install/ros2_livox_simulation/include/ros2_livox/livox_points_plugin.h
-- Up-to-date: /home/akun/workspace/CAR/1_URDF_ws/install/ros2_livox_simulation/include/ros2_livox/csv_reader.hpp
-- Up-to-date: /home/akun/workspace/CAR/1_URDF_ws/install/ros2_livox_simulation/include/ros2_livox/livox_ode_multiray_shape.h
-- Installing: /home/akun/workspace/CAR/1_URDF_ws/install/ros2_livox_simulation/lib/libros2_livox.so
-- Set runtime path of "/home/akun/workspace/CAR/1_URDF_ws/install/ros2_livox_simulation/lib/libros2_livox.so" to ""
-- Up-to-date: /home/akun/workspace/CAR/1_URDF_ws/install/ros2_livox_simulation/share/ros2_livox_simulation/environment/library_path.sh
-- Up-to-date: /home/akun/workspace/CAR/1_URDF_ws/install/ros2_livox_simulation/share/ros2_livox_simulation/environment/library_path.dsv
-- Up-to-date: /home/akun/workspace/CAR/1_URDF_ws/install/ros2_livox_simulation/share/ros2_livox_simulation/scan_mode/mid40.csv
-- Up-to-date: /home/akun/workspace/CAR/1_URDF_ws/install/ros2_livox_simulation/share/ros2_livox_simulation/scan_mode/mid70.csv
-- Up-to-date: /home/akun/workspace/CAR/1_URDF_ws/install/ros2_livox_simulation/share/ros2_livox_simulation/scan_mode/mid360.csv
-- Up-to-date: /home/akun/workspace/CAR/1_URDF_ws/install/ros2_livox_simulation/share/ros2_livox_simulation/scan_mode/tele.csv
-- Up-to-date: /home/akun/workspace/CAR/1_URDF_ws/install/ros2_livox_simulation/share/ros2_livox_simulation/scan_mode/horizon.csv
-- Up-to-date: /home/akun/workspace/CAR/1_URDF_ws/install/ros2_livox_simulation/share/ros2_livox_simulation/scan_mode/HAP.csv
-- Up-to-date: /home/akun/workspace/CAR/1_URDF_ws/install/ros2_livox_simulation/share/ros2_livox_simulation/scan_mode/avia.csv
-- Up-to-date: /home/akun/workspace/CAR/1_URDF_ws/install/ros2_livox_simulation/share/ros2_livox_simulation/urdf/mid40.xacro
-- Up-to-date: /home/akun/workspace/CAR/1_URDF_ws/install/ros2_livox_simulation/share/ros2_livox_simulation/urdf/mid70.xacro
-- Up-to-date: /home/akun/workspace/CAR/1_URDF_ws/install/ros2_livox_simulation/share/ros2_livox_simulation/urdf/mid360.xacro
-- Up-to-date: /home/akun/workspace/CAR/1_URDF_ws/install/ros2_livox_simulation/share/ros2_livox_simulation/urdf/tele.xacro
-- Up-to-date: /home/akun/workspace/CAR/1_URDF_ws/install/ros2_livox_simulation/share/ros2_livox_simulation/urdf/horizon.xacro
-- Up-to-date: /home/akun/workspace/CAR/1_URDF_ws/install/ros2_livox_simulation/share/ros2_livox_simulation/urdf/HAP.xacro
-- Up-to-date: /home/akun/workspace/CAR/1_URDF_ws/install/ros2_livox_simulation/share/ros2_livox_simulation/urdf/avia.xacro
-- Up-to-date: /home/akun/workspace/CAR/1_URDF_ws/install/ros2_livox_simulation/share/ament_index/resource_index/package_run_dependencies/ros2_livox_simulation
-- Up-to-date: /home/akun/workspace/CAR/1_URDF_ws/install/ros2_livox_simulation/share/ament_index/resource_index/parent_prefix_path/ros2_livox_simulation
-- Up-to-date: /home/akun/workspace/CAR/1_URDF_ws/install/ros2_livox_simulation/share/ros2_livox_simulation/environment/ament_prefix_path.sh
-- Up-to-date: /home/akun/workspace/CAR/1_URDF_ws/install/ros2_livox_simulation/share/ros2_livox_simulation/environment/ament_prefix_path.dsv
-- Up-to-date: /home/akun/workspace/CAR/1_URDF_ws/install/ros2_livox_simulation/share/ros2_livox_simulation/environment/path.sh
-- Up-to-date: /home/akun/workspace/CAR/1_URDF_ws/install/ros2_livox_simulation/share/ros2_livox_simulation/environment/path.dsv
-- Up-to-date: /home/akun/workspace/CAR/1_URDF_ws/install/ros2_livox_simulation/share/ros2_livox_simulation/local_setup.bash
-- Up-to-date: /home/akun/workspace/CAR/1_URDF_ws/install/ros2_livox_simulation/share/ros2_livox_simulation/local_setup.sh
-- Up-to-date: /home/akun/workspace/CAR/1_URDF_ws/install/ros2_livox_simulation/share/ros2_livox_simulation/local_setup.zsh
-- Up-to-date: /home/akun/workspace/CAR/1_URDF_ws/install/ros2_livox_simulation/share/ros2_livox_simulation/local_setup.dsv
-- Installing: /home/akun/workspace/CAR/1_URDF_ws/install/ros2_livox_simulation/share/ros2_livox_simulation/package.dsv
-- Up-to-date: /home/akun/workspace/CAR/1_URDF_ws/install/ros2_livox_simulation/share/ament_index/resource_index/packages/ros2_livox_simulation
-- Up-to-date: /home/akun/workspace/CAR/1_URDF_ws/install/ros2_livox_simulation/share/ros2_livox_simulation/cmake/ament_cmake_export_libraries-extras.cmake
-- Up-to-date: /home/akun/workspace/CAR/1_URDF_ws/install/ros2_livox_simulation/share/ros2_livox_simulation/cmake/ros2_livox_simulationConfig.cmake
-- Up-to-date: /home/akun/workspace/CAR/1_URDF_ws/install/ros2_livox_simulation/share/ros2_livox_simulation/cmake/ros2_livox_simulationConfig-version.cmake
-- Up-to-date: /home/akun/workspace/CAR/1_URDF_ws/install/ros2_livox_simulation/share/ros2_livox_simulation/package.xml
