[0.125s] DEBUG:colcon:Command line arguments: ['/usr/bin/colcon', 'build']
[0.125s] DEBUG:colcon:Parsed command line arguments: Namespace(log_base=None, log_level=None, verb_name='build', build_base='build', install_base='install', merge_install=False, symlink_install=False, test_result_base=None, continue_on_error=False, executor='parallel', parallel_workers=32, event_handlers=None, ignore_user_meta=False, metas=['./colcon.meta'], base_paths=['.'], packages_ignore=None, packages_ignore_regex=None, paths=None, packages_up_to=None, packages_up_to_regex=None, packages_above=None, packages_above_and_dependencies=None, packages_above_depth=None, packages_select_by_dep=None, packages_skip_by_dep=None, packages_skip_up_to=None, packages_select_build_failed=False, packages_skip_build_finished=False, packages_select_test_failures=False, packages_skip_test_passed=False, packages_select=None, packages_skip=None, packages_select_regex=None, packages_skip_regex=None, packages_start=None, packages_end=None, allow_overriding=[], cmake_args=None, cmake_target=None, cmake_target_skip_unavailable=False, cmake_clean_cache=False, cmake_clean_first=False, cmake_force_configure=False, ament_cmake_args=None, catkin_cmake_args=None, catkin_skip_building_tests=False, verb_parser=<colcon_defaults.argument_parser.defaults.DefaultArgumentsDecorator object at 0x7d1efaca38b0>, verb_extension=<colcon_core.verb.build.BuildVerb object at 0x7d1efaec8580>, main=<bound method BuildVerb.main of <colcon_core.verb.build.BuildVerb object at 0x7d1efaec8580>>)
[0.211s] Level 1:colcon.colcon_core.package_discovery:discover_packages(colcon_meta) check parameters
[0.211s] Level 1:colcon.colcon_core.package_discovery:discover_packages(recursive) check parameters
[0.211s] Level 1:colcon.colcon_core.package_discovery:discover_packages(ignore) check parameters
[0.211s] Level 1:colcon.colcon_core.package_discovery:discover_packages(path) check parameters
[0.211s] Level 1:colcon.colcon_core.package_discovery:discover_packages(colcon_meta) discover
[0.211s] Level 1:colcon.colcon_core.package_discovery:discover_packages(recursive) discover
[0.211s] INFO:colcon.colcon_core.package_discovery:Crawling recursively for packages in '/home/akun/workspace/CAR/simulation_ws'
[0.211s] Level 1:colcon.colcon_core.package_identification:_identify(.) by extensions ['ignore', 'ignore_ament_install']
[0.211s] Level 1:colcon.colcon_core.package_identification:_identify(.) by extension 'ignore'
[0.211s] Level 1:colcon.colcon_core.package_identification:_identify(.) by extension 'ignore_ament_install'
[0.211s] Level 1:colcon.colcon_core.package_identification:_identify(.) by extensions ['colcon_pkg']
[0.211s] Level 1:colcon.colcon_core.package_identification:_identify(.) by extension 'colcon_pkg'
[0.211s] Level 1:colcon.colcon_core.package_identification:_identify(.) by extensions ['colcon_meta']
[0.211s] Level 1:colcon.colcon_core.package_identification:_identify(.) by extension 'colcon_meta'
[0.211s] Level 1:colcon.colcon_core.package_identification:_identify(.) by extensions ['ros']
[0.211s] Level 1:colcon.colcon_core.package_identification:_identify(.) by extension 'ros'
[0.218s] Level 1:colcon.colcon_core.package_identification:_identify(.) by extensions ['cmake', 'python']
[0.218s] Level 1:colcon.colcon_core.package_identification:_identify(.) by extension 'cmake'
[0.218s] Level 1:colcon.colcon_core.package_identification:_identify(.) by extension 'python'
[0.218s] Level 1:colcon.colcon_core.package_identification:_identify(.) by extensions ['python_setup_py']
[0.218s] Level 1:colcon.colcon_core.package_identification:_identify(.) by extension 'python_setup_py'
[0.218s] Level 1:colcon.colcon_core.package_identification:_identify(build) by extensions ['ignore', 'ignore_ament_install']
[0.218s] Level 1:colcon.colcon_core.package_identification:_identify(build) by extension 'ignore'
[0.218s] Level 1:colcon.colcon_core.package_identification:_identify(build) ignored
[0.218s] Level 1:colcon.colcon_core.package_identification:_identify(convert_time) by extensions ['ignore', 'ignore_ament_install']
[0.218s] Level 1:colcon.colcon_core.package_identification:_identify(convert_time) by extension 'ignore'
[0.218s] Level 1:colcon.colcon_core.package_identification:_identify(convert_time) by extension 'ignore_ament_install'
[0.218s] Level 1:colcon.colcon_core.package_identification:_identify(convert_time) by extensions ['colcon_pkg']
[0.218s] Level 1:colcon.colcon_core.package_identification:_identify(convert_time) by extension 'colcon_pkg'
[0.219s] Level 1:colcon.colcon_core.package_identification:_identify(convert_time) by extensions ['colcon_meta']
[0.219s] Level 1:colcon.colcon_core.package_identification:_identify(convert_time) by extension 'colcon_meta'
[0.219s] Level 1:colcon.colcon_core.package_identification:_identify(convert_time) by extensions ['ros']
[0.219s] Level 1:colcon.colcon_core.package_identification:_identify(convert_time) by extension 'ros'
[0.220s] DEBUG:colcon.colcon_core.package_identification:Package 'convert_time' with type 'ros.ament_cmake' and name 'convert_time'
[0.220s] Level 1:colcon.colcon_core.package_identification:_identify(install) by extensions ['ignore', 'ignore_ament_install']
[0.220s] Level 1:colcon.colcon_core.package_identification:_identify(install) by extension 'ignore'
[0.220s] Level 1:colcon.colcon_core.package_identification:_identify(install) ignored
[0.220s] Level 1:colcon.colcon_core.package_identification:_identify(log) by extensions ['ignore', 'ignore_ament_install']
[0.220s] Level 1:colcon.colcon_core.package_identification:_identify(log) by extension 'ignore'
[0.220s] Level 1:colcon.colcon_core.package_identification:_identify(log) ignored
[0.220s] Level 1:colcon.colcon_core.package_identification:_identify(sim_imu) by extensions ['ignore', 'ignore_ament_install']
[0.220s] Level 1:colcon.colcon_core.package_identification:_identify(sim_imu) by extension 'ignore'
[0.220s] Level 1:colcon.colcon_core.package_identification:_identify(sim_imu) by extension 'ignore_ament_install'
[0.220s] Level 1:colcon.colcon_core.package_identification:_identify(sim_imu) by extensions ['colcon_pkg']
[0.220s] Level 1:colcon.colcon_core.package_identification:_identify(sim_imu) by extension 'colcon_pkg'
[0.220s] Level 1:colcon.colcon_core.package_identification:_identify(sim_imu) by extensions ['colcon_meta']
[0.221s] Level 1:colcon.colcon_core.package_identification:_identify(sim_imu) by extension 'colcon_meta'
[0.221s] Level 1:colcon.colcon_core.package_identification:_identify(sim_imu) by extensions ['ros']
[0.221s] Level 1:colcon.colcon_core.package_identification:_identify(sim_imu) by extension 'ros'
[0.221s] DEBUG:colcon.colcon_core.package_identification:Package 'sim_imu' with type 'ros.ament_cmake' and name 'sim_imu'
[0.221s] Level 1:colcon.colcon_core.package_discovery:discover_packages(recursive) using defaults
[0.221s] Level 1:colcon.colcon_core.package_discovery:discover_packages(ignore) discover
[0.221s] Level 1:colcon.colcon_core.package_discovery:discover_packages(ignore) using defaults
[0.221s] Level 1:colcon.colcon_core.package_discovery:discover_packages(path) discover
[0.221s] Level 1:colcon.colcon_core.package_discovery:discover_packages(path) using defaults
[0.233s] Level 1:colcon.colcon_core.package_discovery:discover_packages(prefix_path) check parameters
[0.233s] Level 1:colcon.colcon_core.package_discovery:discover_packages(prefix_path) discover
[0.234s] WARNING:colcon.colcon_core.prefix_path.colcon:The path '/home/akun/workspace/CAR/convert_time_ws/install' in the environment variable COLCON_PREFIX_PATH doesn't exist
[0.234s] WARNING:colcon.colcon_ros.prefix_path.ament:The path '/home/akun/workspace/CAR/convert_time_ws/install/convert_time' in the environment variable AMENT_PREFIX_PATH doesn't exist
[0.234s] WARNING:colcon.colcon_ros.prefix_path.catkin:The path '/home/akun/workspace/CAR/convert_time_ws/install/convert_time' in the environment variable CMAKE_PREFIX_PATH doesn't exist
[0.234s] DEBUG:colcon.colcon_installed_package_information.package_discovery:Found 2 installed packages in /home/akun/workspace/CAR/simulation_ws/install
[0.235s] DEBUG:colcon.colcon_installed_package_information.package_discovery:Found 1 installed packages in /home/akun/workspace/CAR/LIO-SAM/install
[0.235s] DEBUG:colcon.colcon_installed_package_information.package_discovery:Found 2 installed packages in /home/akun/workspace/CAR/1_URDF_ws/install
[0.235s] DEBUG:colcon.colcon_installed_package_information.package_discovery:Found 1 installed packages in /home/akun/workspace/CAR/livox_ros_driver2/install
[0.236s] DEBUG:colcon.colcon_installed_package_information.package_discovery:Found 331 installed packages in /opt/ros/humble
[0.243s] Level 1:colcon.colcon_core.package_discovery:discover_packages(prefix_path) using defaults
[0.272s] Level 5:colcon.colcon_core.verb:set package 'convert_time' build argument 'cmake_args' from command line to 'None'
[0.272s] Level 5:colcon.colcon_core.verb:set package 'convert_time' build argument 'cmake_target' from command line to 'None'
[0.272s] Level 5:colcon.colcon_core.verb:set package 'convert_time' build argument 'cmake_target_skip_unavailable' from command line to 'False'
[0.272s] Level 5:colcon.colcon_core.verb:set package 'convert_time' build argument 'cmake_clean_cache' from command line to 'False'
[0.272s] Level 5:colcon.colcon_core.verb:set package 'convert_time' build argument 'cmake_clean_first' from command line to 'False'
[0.272s] Level 5:colcon.colcon_core.verb:set package 'convert_time' build argument 'cmake_force_configure' from command line to 'False'
[0.272s] Level 5:colcon.colcon_core.verb:set package 'convert_time' build argument 'ament_cmake_args' from command line to 'None'
[0.272s] Level 5:colcon.colcon_core.verb:set package 'convert_time' build argument 'catkin_cmake_args' from command line to 'None'
[0.272s] Level 5:colcon.colcon_core.verb:set package 'convert_time' build argument 'catkin_skip_building_tests' from command line to 'False'
[0.272s] DEBUG:colcon.colcon_core.verb:Building package 'convert_time' with the following arguments: {'ament_cmake_args': None, 'build_base': '/home/akun/workspace/CAR/simulation_ws/build/convert_time', 'catkin_cmake_args': None, 'catkin_skip_building_tests': False, 'cmake_args': None, 'cmake_clean_cache': False, 'cmake_clean_first': False, 'cmake_force_configure': False, 'cmake_target': None, 'cmake_target_skip_unavailable': False, 'install_base': '/home/akun/workspace/CAR/simulation_ws/install/convert_time', 'merge_install': False, 'path': '/home/akun/workspace/CAR/simulation_ws/convert_time', 'symlink_install': False, 'test_result_base': None}
[0.272s] Level 5:colcon.colcon_core.verb:set package 'sim_imu' build argument 'cmake_args' from command line to 'None'
[0.272s] Level 5:colcon.colcon_core.verb:set package 'sim_imu' build argument 'cmake_target' from command line to 'None'
[0.272s] Level 5:colcon.colcon_core.verb:set package 'sim_imu' build argument 'cmake_target_skip_unavailable' from command line to 'False'
[0.272s] Level 5:colcon.colcon_core.verb:set package 'sim_imu' build argument 'cmake_clean_cache' from command line to 'False'
[0.272s] Level 5:colcon.colcon_core.verb:set package 'sim_imu' build argument 'cmake_clean_first' from command line to 'False'
[0.272s] Level 5:colcon.colcon_core.verb:set package 'sim_imu' build argument 'cmake_force_configure' from command line to 'False'
[0.272s] Level 5:colcon.colcon_core.verb:set package 'sim_imu' build argument 'ament_cmake_args' from command line to 'None'
[0.272s] Level 5:colcon.colcon_core.verb:set package 'sim_imu' build argument 'catkin_cmake_args' from command line to 'None'
[0.272s] Level 5:colcon.colcon_core.verb:set package 'sim_imu' build argument 'catkin_skip_building_tests' from command line to 'False'
[0.272s] DEBUG:colcon.colcon_core.verb:Building package 'sim_imu' with the following arguments: {'ament_cmake_args': None, 'build_base': '/home/akun/workspace/CAR/simulation_ws/build/sim_imu', 'catkin_cmake_args': None, 'catkin_skip_building_tests': False, 'cmake_args': None, 'cmake_clean_cache': False, 'cmake_clean_first': False, 'cmake_force_configure': False, 'cmake_target': None, 'cmake_target_skip_unavailable': False, 'install_base': '/home/akun/workspace/CAR/simulation_ws/install/sim_imu', 'merge_install': False, 'path': '/home/akun/workspace/CAR/simulation_ws/sim_imu', 'symlink_install': False, 'test_result_base': None}
[0.272s] INFO:colcon.colcon_core.executor:Executing jobs using 'parallel' executor
[0.274s] DEBUG:colcon.colcon_parallel_executor.executor.parallel:run_until_complete
[0.274s] INFO:colcon.colcon_ros.task.ament_cmake.build:Building ROS package in '/home/akun/workspace/CAR/simulation_ws/convert_time' with build type 'ament_cmake'
[0.274s] INFO:colcon.colcon_cmake.task.cmake.build:Building CMake package in '/home/akun/workspace/CAR/simulation_ws/convert_time'
[0.276s] INFO:colcon.colcon_core.plugin_system:Skipping extension 'colcon_core.shell.bat': Not used on non-Windows systems
[0.276s] INFO:colcon.colcon_core.shell:Skip shell extension 'powershell' for command environment: Not usable outside of PowerShell
[0.276s] DEBUG:colcon.colcon_core.shell:Skip shell extension 'dsv' for command environment
[0.279s] INFO:colcon.colcon_ros.task.ament_cmake.build:Building ROS package in '/home/akun/workspace/CAR/simulation_ws/sim_imu' with build type 'ament_cmake'
[0.279s] INFO:colcon.colcon_cmake.task.cmake.build:Building CMake package in '/home/akun/workspace/CAR/simulation_ws/sim_imu'
[0.280s] INFO:colcon.colcon_core.shell:Skip shell extension 'powershell' for command environment: Not usable outside of PowerShell
[0.280s] DEBUG:colcon.colcon_core.shell:Skip shell extension 'dsv' for command environment
[0.289s] DEBUG:colcon.colcon_core.event_handler.log_command:Invoking command in '/home/akun/workspace/CAR/simulation_ws/build/convert_time': CMAKE_PREFIX_PATH=${CMAKE_PREFIX_PATH}:/opt/ros/humble /usr/bin/cmake --build /home/akun/workspace/CAR/simulation_ws/build/convert_time -- -j32 -l32
[0.291s] DEBUG:colcon.colcon_core.event_handler.log_command:Invoking command in '/home/akun/workspace/CAR/simulation_ws/build/sim_imu': CMAKE_PREFIX_PATH=${CMAKE_PREFIX_PATH}:/opt/ros/humble /usr/bin/cmake --build /home/akun/workspace/CAR/simulation_ws/build/sim_imu -- -j32 -l32
[4.910s] DEBUG:colcon.colcon_core.event_handler.log_command:Invoked command in '/home/akun/workspace/CAR/simulation_ws/build/sim_imu' returned '0': CMAKE_PREFIX_PATH=${CMAKE_PREFIX_PATH}:/opt/ros/humble /usr/bin/cmake --build /home/akun/workspace/CAR/simulation_ws/build/sim_imu -- -j32 -l32
[4.919s] DEBUG:colcon.colcon_core.event_handler.log_command:Invoking command in '/home/akun/workspace/CAR/simulation_ws/build/sim_imu': CMAKE_PREFIX_PATH=${CMAKE_PREFIX_PATH}:/opt/ros/humble /usr/bin/cmake --install /home/akun/workspace/CAR/simulation_ws/build/sim_imu
[4.930s] Level 1:colcon.colcon_core.environment:create_environment_scripts_only(sim_imu)
[4.931s] DEBUG:colcon.colcon_core.event_handler.log_command:Invoked command in '/home/akun/workspace/CAR/simulation_ws/build/sim_imu' returned '0': CMAKE_PREFIX_PATH=${CMAKE_PREFIX_PATH}:/opt/ros/humble /usr/bin/cmake --install /home/akun/workspace/CAR/simulation_ws/build/sim_imu
[4.933s] Level 1:colcon.colcon_core.environment:checking '/home/akun/workspace/CAR/simulation_ws/install/sim_imu' for CMake module files
[4.934s] Level 1:colcon.colcon_core.environment:checking '/home/akun/workspace/CAR/simulation_ws/install/sim_imu' for CMake config files
[4.934s] Level 1:colcon.colcon_core.shell:create_environment_hook('sim_imu', 'cmake_prefix_path')
[4.934s] INFO:colcon.colcon_core.shell:Creating environment hook '/home/akun/workspace/CAR/simulation_ws/install/sim_imu/share/sim_imu/hook/cmake_prefix_path.ps1'
[4.934s] INFO:colcon.colcon_core.shell:Creating environment descriptor '/home/akun/workspace/CAR/simulation_ws/install/sim_imu/share/sim_imu/hook/cmake_prefix_path.dsv'
[4.935s] INFO:colcon.colcon_core.shell:Creating environment hook '/home/akun/workspace/CAR/simulation_ws/install/sim_imu/share/sim_imu/hook/cmake_prefix_path.sh'
[4.935s] Level 1:colcon.colcon_core.environment:checking '/home/akun/workspace/CAR/simulation_ws/install/sim_imu/lib'
[4.935s] Level 1:colcon.colcon_core.environment:checking '/home/akun/workspace/CAR/simulation_ws/install/sim_imu/bin'
[4.935s] Level 1:colcon.colcon_core.environment:checking '/home/akun/workspace/CAR/simulation_ws/install/sim_imu/lib/pkgconfig/sim_imu.pc'
[4.935s] Level 1:colcon.colcon_core.environment:checking '/home/akun/workspace/CAR/simulation_ws/install/sim_imu/lib/python3.10/site-packages'
[4.936s] Level 1:colcon.colcon_core.environment:checking '/home/akun/workspace/CAR/simulation_ws/install/sim_imu/bin'
[4.936s] INFO:colcon.colcon_core.shell:Creating package script '/home/akun/workspace/CAR/simulation_ws/install/sim_imu/share/sim_imu/package.ps1'
[4.936s] INFO:colcon.colcon_core.shell:Creating package descriptor '/home/akun/workspace/CAR/simulation_ws/install/sim_imu/share/sim_imu/package.dsv'
[4.937s] INFO:colcon.colcon_core.shell:Creating package script '/home/akun/workspace/CAR/simulation_ws/install/sim_imu/share/sim_imu/package.sh'
[4.937s] INFO:colcon.colcon_core.shell:Creating package script '/home/akun/workspace/CAR/simulation_ws/install/sim_imu/share/sim_imu/package.bash'
[4.937s] INFO:colcon.colcon_core.shell:Creating package script '/home/akun/workspace/CAR/simulation_ws/install/sim_imu/share/sim_imu/package.zsh'
[4.938s] Level 1:colcon.colcon_core.environment:create_file_with_runtime_dependencies(/home/akun/workspace/CAR/simulation_ws/install/sim_imu/share/colcon-core/packages/sim_imu)
[4.938s] Level 1:colcon.colcon_core.environment:create_environment_scripts_only(sim_imu)
[4.938s] Level 1:colcon.colcon_core.environment:checking '/home/akun/workspace/CAR/simulation_ws/install/sim_imu' for CMake module files
[4.939s] Level 1:colcon.colcon_core.environment:checking '/home/akun/workspace/CAR/simulation_ws/install/sim_imu' for CMake config files
[4.939s] Level 1:colcon.colcon_core.shell:create_environment_hook('sim_imu', 'cmake_prefix_path')
[4.939s] INFO:colcon.colcon_core.shell:Creating environment hook '/home/akun/workspace/CAR/simulation_ws/install/sim_imu/share/sim_imu/hook/cmake_prefix_path.ps1'
[4.939s] INFO:colcon.colcon_core.shell:Creating environment descriptor '/home/akun/workspace/CAR/simulation_ws/install/sim_imu/share/sim_imu/hook/cmake_prefix_path.dsv'
[4.939s] INFO:colcon.colcon_core.shell:Creating environment hook '/home/akun/workspace/CAR/simulation_ws/install/sim_imu/share/sim_imu/hook/cmake_prefix_path.sh'
[4.940s] Level 1:colcon.colcon_core.environment:checking '/home/akun/workspace/CAR/simulation_ws/install/sim_imu/lib'
[4.940s] Level 1:colcon.colcon_core.environment:checking '/home/akun/workspace/CAR/simulation_ws/install/sim_imu/bin'
[4.940s] Level 1:colcon.colcon_core.environment:checking '/home/akun/workspace/CAR/simulation_ws/install/sim_imu/lib/pkgconfig/sim_imu.pc'
[4.940s] Level 1:colcon.colcon_core.environment:checking '/home/akun/workspace/CAR/simulation_ws/install/sim_imu/lib/python3.10/site-packages'
[4.940s] Level 1:colcon.colcon_core.environment:checking '/home/akun/workspace/CAR/simulation_ws/install/sim_imu/bin'
[4.940s] INFO:colcon.colcon_core.shell:Creating package script '/home/akun/workspace/CAR/simulation_ws/install/sim_imu/share/sim_imu/package.ps1'
[4.941s] INFO:colcon.colcon_core.shell:Creating package descriptor '/home/akun/workspace/CAR/simulation_ws/install/sim_imu/share/sim_imu/package.dsv'
[4.941s] INFO:colcon.colcon_core.shell:Creating package script '/home/akun/workspace/CAR/simulation_ws/install/sim_imu/share/sim_imu/package.sh'
[4.941s] INFO:colcon.colcon_core.shell:Creating package script '/home/akun/workspace/CAR/simulation_ws/install/sim_imu/share/sim_imu/package.bash'
[4.941s] INFO:colcon.colcon_core.shell:Creating package script '/home/akun/workspace/CAR/simulation_ws/install/sim_imu/share/sim_imu/package.zsh'
[4.941s] Level 1:colcon.colcon_core.environment:create_file_with_runtime_dependencies(/home/akun/workspace/CAR/simulation_ws/install/sim_imu/share/colcon-core/packages/sim_imu)
[9.080s] DEBUG:colcon.colcon_core.event_handler.log_command:Invoked command in '/home/akun/workspace/CAR/simulation_ws/build/convert_time' returned '0': CMAKE_PREFIX_PATH=${CMAKE_PREFIX_PATH}:/opt/ros/humble /usr/bin/cmake --build /home/akun/workspace/CAR/simulation_ws/build/convert_time -- -j32 -l32
[9.082s] DEBUG:colcon.colcon_core.event_handler.log_command:Invoking command in '/home/akun/workspace/CAR/simulation_ws/build/convert_time': CMAKE_PREFIX_PATH=${CMAKE_PREFIX_PATH}:/opt/ros/humble /usr/bin/cmake --install /home/akun/workspace/CAR/simulation_ws/build/convert_time
[9.094s] Level 1:colcon.colcon_core.environment:create_environment_scripts_only(convert_time)
[9.094s] Level 1:colcon.colcon_core.environment:checking '/home/akun/workspace/CAR/simulation_ws/install/convert_time' for CMake module files
[9.095s] DEBUG:colcon.colcon_core.event_handler.log_command:Invoked command in '/home/akun/workspace/CAR/simulation_ws/build/convert_time' returned '0': CMAKE_PREFIX_PATH=${CMAKE_PREFIX_PATH}:/opt/ros/humble /usr/bin/cmake --install /home/akun/workspace/CAR/simulation_ws/build/convert_time
[9.095s] Level 1:colcon.colcon_core.environment:checking '/home/akun/workspace/CAR/simulation_ws/install/convert_time' for CMake config files
[9.095s] Level 1:colcon.colcon_core.shell:create_environment_hook('convert_time', 'cmake_prefix_path')
[9.095s] INFO:colcon.colcon_core.shell:Creating environment hook '/home/akun/workspace/CAR/simulation_ws/install/convert_time/share/convert_time/hook/cmake_prefix_path.ps1'
[9.096s] INFO:colcon.colcon_core.shell:Creating environment descriptor '/home/akun/workspace/CAR/simulation_ws/install/convert_time/share/convert_time/hook/cmake_prefix_path.dsv'
[9.096s] INFO:colcon.colcon_core.shell:Creating environment hook '/home/akun/workspace/CAR/simulation_ws/install/convert_time/share/convert_time/hook/cmake_prefix_path.sh'
[9.096s] Level 1:colcon.colcon_core.environment:checking '/home/akun/workspace/CAR/simulation_ws/install/convert_time/lib'
[9.096s] Level 1:colcon.colcon_core.environment:checking '/home/akun/workspace/CAR/simulation_ws/install/convert_time/bin'
[9.096s] Level 1:colcon.colcon_core.environment:checking '/home/akun/workspace/CAR/simulation_ws/install/convert_time/lib/pkgconfig/convert_time.pc'
[9.096s] Level 1:colcon.colcon_core.environment:checking '/home/akun/workspace/CAR/simulation_ws/install/convert_time/lib/python3.10/site-packages'
[9.097s] Level 1:colcon.colcon_core.environment:checking '/home/akun/workspace/CAR/simulation_ws/install/convert_time/bin'
[9.097s] INFO:colcon.colcon_core.shell:Creating package script '/home/akun/workspace/CAR/simulation_ws/install/convert_time/share/convert_time/package.ps1'
[9.097s] INFO:colcon.colcon_core.shell:Creating package descriptor '/home/akun/workspace/CAR/simulation_ws/install/convert_time/share/convert_time/package.dsv'
[9.097s] INFO:colcon.colcon_core.shell:Creating package script '/home/akun/workspace/CAR/simulation_ws/install/convert_time/share/convert_time/package.sh'
[9.097s] INFO:colcon.colcon_core.shell:Creating package script '/home/akun/workspace/CAR/simulation_ws/install/convert_time/share/convert_time/package.bash'
[9.098s] INFO:colcon.colcon_core.shell:Creating package script '/home/akun/workspace/CAR/simulation_ws/install/convert_time/share/convert_time/package.zsh'
[9.098s] Level 1:colcon.colcon_core.environment:create_file_with_runtime_dependencies(/home/akun/workspace/CAR/simulation_ws/install/convert_time/share/colcon-core/packages/convert_time)
[9.098s] Level 1:colcon.colcon_core.environment:create_environment_scripts_only(convert_time)
[9.098s] Level 1:colcon.colcon_core.environment:checking '/home/akun/workspace/CAR/simulation_ws/install/convert_time' for CMake module files
[9.099s] Level 1:colcon.colcon_core.environment:checking '/home/akun/workspace/CAR/simulation_ws/install/convert_time' for CMake config files
[9.099s] Level 1:colcon.colcon_core.shell:create_environment_hook('convert_time', 'cmake_prefix_path')
[9.099s] INFO:colcon.colcon_core.shell:Creating environment hook '/home/akun/workspace/CAR/simulation_ws/install/convert_time/share/convert_time/hook/cmake_prefix_path.ps1'
[9.099s] INFO:colcon.colcon_core.shell:Creating environment descriptor '/home/akun/workspace/CAR/simulation_ws/install/convert_time/share/convert_time/hook/cmake_prefix_path.dsv'
[9.099s] INFO:colcon.colcon_core.shell:Creating environment hook '/home/akun/workspace/CAR/simulation_ws/install/convert_time/share/convert_time/hook/cmake_prefix_path.sh'
[9.100s] Level 1:colcon.colcon_core.environment:checking '/home/akun/workspace/CAR/simulation_ws/install/convert_time/lib'
[9.100s] Level 1:colcon.colcon_core.environment:checking '/home/akun/workspace/CAR/simulation_ws/install/convert_time/bin'
[9.100s] Level 1:colcon.colcon_core.environment:checking '/home/akun/workspace/CAR/simulation_ws/install/convert_time/lib/pkgconfig/convert_time.pc'
[9.100s] Level 1:colcon.colcon_core.environment:checking '/home/akun/workspace/CAR/simulation_ws/install/convert_time/lib/python3.10/site-packages'
[9.100s] Level 1:colcon.colcon_core.environment:checking '/home/akun/workspace/CAR/simulation_ws/install/convert_time/bin'
[9.100s] INFO:colcon.colcon_core.shell:Creating package script '/home/akun/workspace/CAR/simulation_ws/install/convert_time/share/convert_time/package.ps1'
[9.100s] INFO:colcon.colcon_core.shell:Creating package descriptor '/home/akun/workspace/CAR/simulation_ws/install/convert_time/share/convert_time/package.dsv'
[9.101s] INFO:colcon.colcon_core.shell:Creating package script '/home/akun/workspace/CAR/simulation_ws/install/convert_time/share/convert_time/package.sh'
[9.101s] INFO:colcon.colcon_core.shell:Creating package script '/home/akun/workspace/CAR/simulation_ws/install/convert_time/share/convert_time/package.bash'
[9.101s] INFO:colcon.colcon_core.shell:Creating package script '/home/akun/workspace/CAR/simulation_ws/install/convert_time/share/convert_time/package.zsh'
[9.101s] Level 1:colcon.colcon_core.environment:create_file_with_runtime_dependencies(/home/akun/workspace/CAR/simulation_ws/install/convert_time/share/colcon-core/packages/convert_time)
[9.102s] DEBUG:colcon.colcon_parallel_executor.executor.parallel:closing loop
[9.102s] DEBUG:colcon.colcon_parallel_executor.executor.parallel:loop closed
[9.102s] DEBUG:colcon.colcon_parallel_executor.executor.parallel:run_until_complete finished with '0'
[9.102s] DEBUG:colcon.colcon_core.event_reactor:joining thread
[9.135s] INFO:colcon.colcon_core.plugin_system:Skipping extension 'colcon_notification.desktop_notification.notify_send': Could not find 'notify-send'
[9.135s] INFO:colcon.colcon_core.plugin_system:Skipping extension 'colcon_notification.desktop_notification.terminal_notifier': Not used on non-Darwin systems
[9.135s] INFO:colcon.colcon_core.plugin_system:Skipping extension 'colcon_notification.desktop_notification.win32': Not used on non-Windows systems
[9.135s] INFO:colcon.colcon_notification.desktop_notification:Sending desktop notification using 'notify2'
[9.136s] DEBUG:colcon.colcon_notification.desktop_notification.notify2:Failed to initialize notify2: org.freedesktop.DBus.Error.FileNotFound: Failed to connect to socket /run/user/1000/bus: No such file or directory
[9.136s] DEBUG:colcon.colcon_core.event_reactor:joined thread
[9.136s] INFO:colcon.colcon_core.shell:Creating prefix script '/home/akun/workspace/CAR/simulation_ws/install/local_setup.ps1'
[9.137s] INFO:colcon.colcon_core.shell:Creating prefix util module '/home/akun/workspace/CAR/simulation_ws/install/_local_setup_util_ps1.py'
[9.138s] INFO:colcon.colcon_core.shell:Creating prefix chain script '/home/akun/workspace/CAR/simulation_ws/install/setup.ps1'
[9.139s] INFO:colcon.colcon_core.shell:Creating prefix script '/home/akun/workspace/CAR/simulation_ws/install/local_setup.sh'
[9.140s] INFO:colcon.colcon_core.shell:Creating prefix util module '/home/akun/workspace/CAR/simulation_ws/install/_local_setup_util_sh.py'
[9.140s] INFO:colcon.colcon_core.shell:Creating prefix chain script '/home/akun/workspace/CAR/simulation_ws/install/setup.sh'
[9.141s] INFO:colcon.colcon_core.shell:Creating prefix script '/home/akun/workspace/CAR/simulation_ws/install/local_setup.bash'
[9.141s] INFO:colcon.colcon_core.shell:Creating prefix chain script '/home/akun/workspace/CAR/simulation_ws/install/setup.bash'
[9.142s] INFO:colcon.colcon_core.shell:Creating prefix script '/home/akun/workspace/CAR/simulation_ws/install/local_setup.zsh'
[9.142s] INFO:colcon.colcon_core.shell:Creating prefix chain script '/home/akun/workspace/CAR/simulation_ws/install/setup.zsh'
