[35m[1mConsolidate compiler generated dependencies of target convert[0m
[ 50%] [32mBuilding CXX object CMakeFiles/convert.dir/src/convert.cpp.o[0m
[100%] [32m[1mLinking CXX executable convert[0m
[100%] Built target convert
-- Install configuration: ""
-- Installing: /home/akun/workspace/CAR/real_ws/install/convert_laser/lib/convert_laser/convert
-- Set runtime path of "/home/akun/workspace/CAR/real_ws/install/convert_laser/lib/convert_laser/convert" to ""
-- Installing: /home/akun/workspace/CAR/real_ws/install/convert_laser/share/ament_index/resource_index/package_run_dependencies/convert_laser
-- Installing: /home/akun/workspace/CAR/real_ws/install/convert_laser/share/ament_index/resource_index/parent_prefix_path/convert_laser
-- Installing: /home/akun/workspace/CAR/real_ws/install/convert_laser/share/convert_laser/environment/ament_prefix_path.sh
-- Installing: /home/akun/workspace/CAR/real_ws/install/convert_laser/share/convert_laser/environment/ament_prefix_path.dsv
-- Installing: /home/akun/workspace/CAR/real_ws/install/convert_laser/share/convert_laser/environment/path.sh
-- Installing: /home/akun/workspace/CAR/real_ws/install/convert_laser/share/convert_laser/environment/path.dsv
-- Installing: /home/akun/workspace/CAR/real_ws/install/convert_laser/share/convert_laser/local_setup.bash
-- Installing: /home/akun/workspace/CAR/real_ws/install/convert_laser/share/convert_laser/local_setup.sh
-- Installing: /home/akun/workspace/CAR/real_ws/install/convert_laser/share/convert_laser/local_setup.zsh
-- Installing: /home/akun/workspace/CAR/real_ws/install/convert_laser/share/convert_laser/local_setup.dsv
-- Installing: /home/akun/workspace/CAR/real_ws/install/convert_laser/share/convert_laser/package.dsv
-- Installing: /home/akun/workspace/CAR/real_ws/install/convert_laser/share/ament_index/resource_index/packages/convert_laser
-- Installing: /home/akun/workspace/CAR/real_ws/install/convert_laser/share/convert_laser/cmake/convert_laserConfig.cmake
-- Installing: /home/akun/workspace/CAR/real_ws/install/convert_laser/share/convert_laser/cmake/convert_laserConfig-version.cmake
-- Installing: /home/akun/workspace/CAR/real_ws/install/convert_laser/share/convert_laser/package.xml
