[0.019s] Invoking command in '/home/akun/workspace/CAR/nav2/build/nav2': CMAKE_PREFIX_PATH=${CMAKE_PREFIX_PATH}:/home/akun/workspace/CAR/simulation_ws/install/cmd_vel_smooth:/opt/ros/humble /usr/bin/cmake --build /home/akun/workspace/CAR/nav2/build/nav2 -- -j32 -l32
[0.033s] -- Found ament_cmake: 1.3.12 (/opt/ros/humble/share/ament_cmake/cmake)
[0.104s] -- Found ament_lint_auto: 0.12.14 (/opt/ros/humble/share/ament_lint_auto/cmake)
[0.143s] -- Added test 'cppcheck' to perform static code analysis on C / C++ code
[0.143s] -- Configured cppcheck include dirs: 
[0.143s] -- Configured cppcheck exclude dirs and/or files: 
[0.144s] -- Added test 'flake8' to check Python code syntax and style conventions
[0.145s] -- Added test 'lint_cmake' to check CMake code style
[0.145s] -- Added test 'pep257' to check Python code against some of the docstring style conventions in PEP 257
[0.148s] -- Added test 'uncrustify' to check C / C++ code style
[0.148s] -- Configured uncrustify additional arguments: 
[0.149s] -- Added test 'xmllint' to check XML markup files
[0.149s] -- Configuring done
[0.151s] -- Generating done
[0.152s] -- Build files have been written to: /home/akun/workspace/CAR/nav2/build/nav2
[0.164s] Invoked command in '/home/akun/workspace/CAR/nav2/build/nav2' returned '0': CMAKE_PREFIX_PATH=${CMAKE_PREFIX_PATH}:/home/akun/workspace/CAR/simulation_ws/install/cmd_vel_smooth:/opt/ros/humble /usr/bin/cmake --build /home/akun/workspace/CAR/nav2/build/nav2 -- -j32 -l32
[0.170s] Invoking command in '/home/akun/workspace/CAR/nav2/build/nav2': CMAKE_PREFIX_PATH=${CMAKE_PREFIX_PATH}:/home/akun/workspace/CAR/simulation_ws/install/cmd_vel_smooth:/opt/ros/humble /usr/bin/cmake --install /home/akun/workspace/CAR/nav2/build/nav2
[0.174s] -- Install configuration: ""
[0.174s] -- Installing: /home/akun/workspace/CAR/nav2/install/nav2/share/nav2/launch
[0.174s] -- Installing: /home/akun/workspace/CAR/nav2/install/nav2/share/nav2/launch/run.launch_sim.py
[0.174s] -- Installing: /home/akun/workspace/CAR/nav2/install/nav2/share/nav2/config
[0.174s] -- Installing: /home/akun/workspace/CAR/nav2/install/nav2/share/nav2/config/nav2_params_sim.yaml
[0.175s] -- Up-to-date: /home/akun/workspace/CAR/nav2/install/nav2/share/ament_index/resource_index/package_run_dependencies/nav2
[0.175s] -- Up-to-date: /home/akun/workspace/CAR/nav2/install/nav2/share/ament_index/resource_index/parent_prefix_path/nav2
[0.175s] -- Up-to-date: /home/akun/workspace/CAR/nav2/install/nav2/share/nav2/environment/ament_prefix_path.sh
[0.175s] -- Installing: /home/akun/workspace/CAR/nav2/install/nav2/share/nav2/environment/ament_prefix_path.dsv
[0.175s] -- Up-to-date: /home/akun/workspace/CAR/nav2/install/nav2/share/nav2/environment/path.sh
[0.175s] -- Installing: /home/akun/workspace/CAR/nav2/install/nav2/share/nav2/environment/path.dsv
[0.175s] -- Up-to-date: /home/akun/workspace/CAR/nav2/install/nav2/share/nav2/local_setup.bash
[0.175s] -- Up-to-date: /home/akun/workspace/CAR/nav2/install/nav2/share/nav2/local_setup.sh
[0.175s] -- Up-to-date: /home/akun/workspace/CAR/nav2/install/nav2/share/nav2/local_setup.zsh
[0.175s] -- Installing: /home/akun/workspace/CAR/nav2/install/nav2/share/nav2/local_setup.dsv
[0.175s] -- Installing: /home/akun/workspace/CAR/nav2/install/nav2/share/nav2/package.dsv
[0.175s] -- Up-to-date: /home/akun/workspace/CAR/nav2/install/nav2/share/ament_index/resource_index/packages/nav2
[0.175s] -- Up-to-date: /home/akun/workspace/CAR/nav2/install/nav2/share/nav2/cmake/nav2Config.cmake
[0.175s] -- Up-to-date: /home/akun/workspace/CAR/nav2/install/nav2/share/nav2/cmake/nav2Config-version.cmake
[0.175s] -- Up-to-date: /home/akun/workspace/CAR/nav2/install/nav2/share/nav2/package.xml
[0.176s] Invoked command in '/home/akun/workspace/CAR/nav2/build/nav2' returned '0': CMAKE_PREFIX_PATH=${CMAKE_PREFIX_PATH}:/home/akun/workspace/CAR/simulation_ws/install/cmd_vel_smooth:/opt/ros/humble /usr/bin/cmake --install /home/akun/workspace/CAR/nav2/build/nav2
