[35m[1mConsolidate compiler generated dependencies of target convert[0m
[ 50%] [32mBuilding CXX object CMakeFiles/convert.dir/src/convert.cpp.o[0m
[01m[K/home/akun/workspace/CAR/real_ws/convert_laser/src/convert.cpp:[m[K In member function ‘[01m[Kvoid Subscriber::callback_laser(livox_ros_driver2::msg::CustomMsg_<std::allocator<void> >::SharedPtr)[m[K’:
[01m[K/home/akun/workspace/CAR/real_ws/convert_laser/src/convert.cpp:127:27:[m[K [01;35m[Kwarning: [m[Kleft operand of comma operator has no effect [[01;35m[K]8;;https://gcc.gnu.org/onlinedocs/gcc/Warning-Options.html#index-Wunused-value-Wunused-value]8;;[m[K]
  127 |                    [01;35m[Kcloud2.width[m[K, custom->point_num);
      |                    [01;35m[K~~~~~~~^~~~~[m[K
[01m[K/home/akun/workspace/CAR/real_ws/convert_laser/src/convert.cpp:127:51:[m[K [01;31m[Kerror: [m[Kexpected ‘[01m[K;[m[K’ before ‘[01m[K)[m[K’ token
  127 |                    cloud2.width, custom->point_num[01;31m[K)[m[K;
      |                                                   [01;31m[K^[m[K
In file included from [01m[K/opt/ros/humble/include/rclcpp/rclcpp/client.hpp:40[m[K,
                 from [01m[K/opt/ros/humble/include/rclcpp/rclcpp/callback_group.hpp:24[m[K,
                 from [01m[K/opt/ros/humble/include/rclcpp/rclcpp/any_executable.hpp:20[m[K,
                 from [01m[K/opt/ros/humble/include/rclcpp/rclcpp/memory_strategy.hpp:25[m[K,
                 from [01m[K/opt/ros/humble/include/rclcpp/rclcpp/memory_strategies.hpp:18[m[K,
                 from [01m[K/opt/ros/humble/include/rclcpp/rclcpp/executor_options.hpp:20[m[K,
                 from [01m[K/opt/ros/humble/include/rclcpp/rclcpp/executor.hpp:37[m[K,
                 from [01m[K/opt/ros/humble/include/rclcpp/rclcpp/executors/multi_threaded_executor.hpp:25[m[K,
                 from [01m[K/opt/ros/humble/include/rclcpp/rclcpp/executors.hpp:21[m[K,
                 from [01m[K/opt/ros/humble/include/rclcpp/rclcpp/rclcpp.hpp:155[m[K,
                 from [01m[K/home/akun/workspace/CAR/real_ws/convert_laser/src/convert.cpp:1[m[K:
[01m[K/home/akun/workspace/CAR/real_ws/convert_laser/src/convert.cpp:[m[K In member function ‘[01m[Kvoid Subscriber::callback_imu(sensor_msgs::msg::Imu_<std::allocator<void> >::SharedPtr)[m[K’:
[01m[K/home/akun/workspace/CAR/real_ws/convert_laser/src/convert.cpp:154:25:[m[K [01;31m[Kerror: [m[Kno match for ‘[01m[Koperator-[m[K’ (operand types are ‘[01m[KSubscriber*[m[K’ and ‘[01m[Krclcpp::Logger[m[K’)
  154 |         RCLCPP_INFO([32m[Kthis[m[K[01;31m[K-[m[K[34m[Kget_logger()[m[K, "imu\n");
      |                     [32m[K~~~~[m[K[01;31m[K^[m[K[34m[K~~~~~~~~~~~~[m[K
      |                     [32m[K|[m[K              [34m[K|[m[K
      |                     [32m[KSubscriber*[m[K    [34m[Krclcpp::Logger[m[K
In file included from [01m[K/usr/include/c++/11/bits/stl_algobase.h:67[m[K,
                 from [01m[K/usr/include/c++/11/memory:63[m[K,
                 from [01m[K/opt/ros/humble/include/rclcpp/rclcpp/rclcpp.hpp:153[m[K,
                 from [01m[K/home/akun/workspace/CAR/real_ws/convert_laser/src/convert.cpp:1[m[K:
[01m[K/usr/include/c++/11/bits/stl_iterator.h:577:5:[m[K [01;36m[Knote: [m[Kcandidate: ‘[01m[Ktemplate<class _IteratorL, class _IteratorR> constexpr decltype ((__y.base() - __x.base())) std::operator-(const std::reverse_iterator<_Iterator>&, const std::reverse_iterator<_IteratorR>&)[m[K’
  577 |     [01;36m[Koperator[m[K-(const reverse_iterator<_IteratorL>& __x,
      |     [01;36m[K^~~~~~~~[m[K
[01m[K/usr/include/c++/11/bits/stl_iterator.h:577:5:[m[K [01;36m[Knote: [m[K  template argument deduction/substitution failed:
In file included from [01m[K/opt/ros/humble/include/rclcpp/rclcpp/client.hpp:40[m[K,
                 from [01m[K/opt/ros/humble/include/rclcpp/rclcpp/callback_group.hpp:24[m[K,
                 from [01m[K/opt/ros/humble/include/rclcpp/rclcpp/any_executable.hpp:20[m[K,
                 from [01m[K/opt/ros/humble/include/rclcpp/rclcpp/memory_strategy.hpp:25[m[K,
                 from [01m[K/opt/ros/humble/include/rclcpp/rclcpp/memory_strategies.hpp:18[m[K,
                 from [01m[K/opt/ros/humble/include/rclcpp/rclcpp/executor_options.hpp:20[m[K,
                 from [01m[K/opt/ros/humble/include/rclcpp/rclcpp/executor.hpp:37[m[K,
                 from [01m[K/opt/ros/humble/include/rclcpp/rclcpp/executors/multi_threaded_executor.hpp:25[m[K,
                 from [01m[K/opt/ros/humble/include/rclcpp/rclcpp/executors.hpp:21[m[K,
                 from [01m[K/opt/ros/humble/include/rclcpp/rclcpp/rclcpp.hpp:155[m[K,
                 from [01m[K/home/akun/workspace/CAR/real_ws/convert_laser/src/convert.cpp:1[m[K:
[01m[K/home/akun/workspace/CAR/real_ws/convert_laser/src/convert.cpp:154:37:[m[K [01;36m[Knote: [m[K  mismatched types ‘[01m[Kconst std::reverse_iterator<_Iterator>[m[K’ and ‘[01m[KSubscriber*[m[K’
  154 |         RCLCPP_INFO(this-get_logger([01;36m[K)[m[K, "imu\n");
      |                                     [01;36m[K^[m[K
In file included from [01m[K/usr/include/c++/11/bits/stl_algobase.h:67[m[K,
                 from [01m[K/usr/include/c++/11/memory:63[m[K,
                 from [01m[K/opt/ros/humble/include/rclcpp/rclcpp/rclcpp.hpp:153[m[K,
                 from [01m[K/home/akun/workspace/CAR/real_ws/convert_laser/src/convert.cpp:1[m[K:
[01m[K/usr/include/c++/11/bits/stl_iterator.h:1693:5:[m[K [01;36m[Knote: [m[Kcandidate: ‘[01m[Ktemplate<class _IteratorL, class _IteratorR> constexpr decltype ((__x.base() - __y.base())) std::operator-(const std::move_iterator<_IteratorL>&, const std::move_iterator<_IteratorR>&)[m[K’
 1693 |     [01;36m[Koperator[m[K-(const move_iterator<_IteratorL>& __x,
      |     [01;36m[K^~~~~~~~[m[K
[01m[K/usr/include/c++/11/bits/stl_iterator.h:1693:5:[m[K [01;36m[Knote: [m[K  template argument deduction/substitution failed:
In file included from [01m[K/opt/ros/humble/include/rclcpp/rclcpp/client.hpp:40[m[K,
                 from [01m[K/opt/ros/humble/include/rclcpp/rclcpp/callback_group.hpp:24[m[K,
                 from [01m[K/opt/ros/humble/include/rclcpp/rclcpp/any_executable.hpp:20[m[K,
                 from [01m[K/opt/ros/humble/include/rclcpp/rclcpp/memory_strategy.hpp:25[m[K,
                 from [01m[K/opt/ros/humble/include/rclcpp/rclcpp/memory_strategies.hpp:18[m[K,
                 from [01m[K/opt/ros/humble/include/rclcpp/rclcpp/executor_options.hpp:20[m[K,
                 from [01m[K/opt/ros/humble/include/rclcpp/rclcpp/executor.hpp:37[m[K,
                 from [01m[K/opt/ros/humble/include/rclcpp/rclcpp/executors/multi_threaded_executor.hpp:25[m[K,
                 from [01m[K/opt/ros/humble/include/rclcpp/rclcpp/executors.hpp:21[m[K,
                 from [01m[K/opt/ros/humble/include/rclcpp/rclcpp/rclcpp.hpp:155[m[K,
                 from [01m[K/home/akun/workspace/CAR/real_ws/convert_laser/src/convert.cpp:1[m[K:
[01m[K/home/akun/workspace/CAR/real_ws/convert_laser/src/convert.cpp:154:37:[m[K [01;36m[Knote: [m[K  mismatched types ‘[01m[Kconst std::move_iterator<_IteratorL>[m[K’ and ‘[01m[KSubscriber*[m[K’
  154 |         RCLCPP_INFO(this-get_logger([01;36m[K)[m[K, "imu\n");
      |                                     [01;36m[K^[m[K
[01m[K/home/akun/workspace/CAR/real_ws/convert_laser/src/convert.cpp:154:9:[m[K [01;31m[Kerror: [m[Ktemplate argument 1 is invalid
  154 |         [01;31m[KRCLCPP_INFO[m[K(this-get_logger(), "imu\n");
      |         [01;31m[K^~~~~~~~~~~[m[K
[01m[K/home/akun/workspace/CAR/real_ws/convert_laser/src/convert.cpp:154:9:[m[K [01;31m[Kerror: [m[Ktemplate argument 1 is invalid
  154 |         [01;31m[KRCLCPP_INFO[m[K(this-get_logger(), "imu\n");
      |         [01;31m[K^~~~~~~~~~~[m[K
[01m[K/home/akun/workspace/CAR/real_ws/convert_laser/src/convert.cpp:154:9:[m[K [01;31m[Kerror: [m[Ktemplate argument 1 is invalid
  154 |         [01;31m[KRCLCPP_INFO[m[K(this-get_logger(), "imu\n");
      |         [01;31m[K^~~~~~~~~~~[m[K
In file included from [01m[K/opt/ros/humble/include/rclcpp/rclcpp/logging.hpp:24[m[K,
                 from [01m[K/opt/ros/humble/include/rclcpp/rclcpp/client.hpp:40[m[K,
                 from [01m[K/opt/ros/humble/include/rclcpp/rclcpp/callback_group.hpp:24[m[K,
                 from [01m[K/opt/ros/humble/include/rclcpp/rclcpp/any_executable.hpp:20[m[K,
                 from [01m[K/opt/ros/humble/include/rclcpp/rclcpp/memory_strategy.hpp:25[m[K,
                 from [01m[K/opt/ros/humble/include/rclcpp/rclcpp/memory_strategies.hpp:18[m[K,
                 from [01m[K/opt/ros/humble/include/rclcpp/rclcpp/executor_options.hpp:20[m[K,
                 from [01m[K/opt/ros/humble/include/rclcpp/rclcpp/executor.hpp:37[m[K,
                 from [01m[K/opt/ros/humble/include/rclcpp/rclcpp/executors/multi_threaded_executor.hpp:25[m[K,
                 from [01m[K/opt/ros/humble/include/rclcpp/rclcpp/executors.hpp:21[m[K,
                 from [01m[K/opt/ros/humble/include/rclcpp/rclcpp/rclcpp.hpp:155[m[K,
                 from [01m[K/home/akun/workspace/CAR/real_ws/convert_laser/src/convert.cpp:1[m[K:
[01m[K/home/akun/workspace/CAR/real_ws/convert_laser/src/convert.cpp:154:25:[m[K [01;31m[Kerror: [m[Kno match for ‘[01m[Koperator-[m[K’ (operand types are ‘[01m[KSubscriber*[m[K’ and ‘[01m[Krclcpp::Logger[m[K’)
  154 |         RCLCPP_INFO([32m[Kthis[m[K[01;31m[K-[m[K[34m[Kget_logger()[m[K, "imu\n");
      |                     [32m[K~~~~[m[K[01;31m[K^[m[K[34m[K~~~~~~~~~~~~[m[K
      |                     [32m[K|[m[K              [34m[K|[m[K
      |                     [32m[KSubscriber*[m[K    [34m[Krclcpp::Logger[m[K
In file included from [01m[K/usr/include/c++/11/bits/stl_algobase.h:67[m[K,
                 from [01m[K/usr/include/c++/11/memory:63[m[K,
                 from [01m[K/opt/ros/humble/include/rclcpp/rclcpp/rclcpp.hpp:153[m[K,
                 from [01m[K/home/akun/workspace/CAR/real_ws/convert_laser/src/convert.cpp:1[m[K:
[01m[K/usr/include/c++/11/bits/stl_iterator.h:577:5:[m[K [01;36m[Knote: [m[Kcandidate: ‘[01m[Ktemplate<class _IteratorL, class _IteratorR> constexpr decltype ((__y.base() - __x.base())) std::operator-(const std::reverse_iterator<_Iterator>&, const std::reverse_iterator<_IteratorR>&)[m[K’
  577 |     [01;36m[Koperator[m[K-(const reverse_iterator<_IteratorL>& __x,
      |     [01;36m[K^~~~~~~~[m[K
[01m[K/usr/include/c++/11/bits/stl_iterator.h:577:5:[m[K [01;36m[Knote: [m[K  template argument deduction/substitution failed:
In file included from [01m[K/opt/ros/humble/include/rclcpp/rclcpp/logging.hpp:24[m[K,
                 from [01m[K/opt/ros/humble/include/rclcpp/rclcpp/client.hpp:40[m[K,
                 from [01m[K/opt/ros/humble/include/rclcpp/rclcpp/callback_group.hpp:24[m[K,
                 from [01m[K/opt/ros/humble/include/rclcpp/rclcpp/any_executable.hpp:20[m[K,
                 from [01m[K/opt/ros/humble/include/rclcpp/rclcpp/memory_strategy.hpp:25[m[K,
                 from [01m[K/opt/ros/humble/include/rclcpp/rclcpp/memory_strategies.hpp:18[m[K,
                 from [01m[K/opt/ros/humble/include/rclcpp/rclcpp/executor_options.hpp:20[m[K,
                 from [01m[K/opt/ros/humble/include/rclcpp/rclcpp/executor.hpp:37[m[K,
                 from [01m[K/opt/ros/humble/include/rclcpp/rclcpp/executors/multi_threaded_executor.hpp:25[m[K,
                 from [01m[K/opt/ros/humble/include/rclcpp/rclcpp/executors.hpp:21[m[K,
                 from [01m[K/opt/ros/humble/include/rclcpp/rclcpp/rclcpp.hpp:155[m[K,
                 from [01m[K/home/akun/workspace/CAR/real_ws/convert_laser/src/convert.cpp:1[m[K:
[01m[K/home/akun/workspace/CAR/real_ws/convert_laser/src/convert.cpp:154:37:[m[K [01;36m[Knote: [m[K  mismatched types ‘[01m[Kconst std::reverse_iterator<_Iterator>[m[K’ and ‘[01m[KSubscriber*[m[K’
  154 |         RCLCPP_INFO(this-get_logger([01;36m[K)[m[K, "imu\n");
      |                                     [01;36m[K^[m[K
In file included from [01m[K/usr/include/c++/11/bits/stl_algobase.h:67[m[K,
                 from [01m[K/usr/include/c++/11/memory:63[m[K,
                 from [01m[K/opt/ros/humble/include/rclcpp/rclcpp/rclcpp.hpp:153[m[K,
                 from [01m[K/home/akun/workspace/CAR/real_ws/convert_laser/src/convert.cpp:1[m[K:
[01m[K/usr/include/c++/11/bits/stl_iterator.h:1693:5:[m[K [01;36m[Knote: [m[Kcandidate: ‘[01m[Ktemplate<class _IteratorL, class _IteratorR> constexpr decltype ((__x.base() - __y.base())) std::operator-(const std::move_iterator<_IteratorL>&, const std::move_iterator<_IteratorR>&)[m[K’
 1693 |     [01;36m[Koperator[m[K-(const move_iterator<_IteratorL>& __x,
      |     [01;36m[K^~~~~~~~[m[K
[01m[K/usr/include/c++/11/bits/stl_iterator.h:1693:5:[m[K [01;36m[Knote: [m[K  template argument deduction/substitution failed:
In file included from [01m[K/opt/ros/humble/include/rclcpp/rclcpp/logging.hpp:24[m[K,
                 from [01m[K/opt/ros/humble/include/rclcpp/rclcpp/client.hpp:40[m[K,
                 from [01m[K/opt/ros/humble/include/rclcpp/rclcpp/callback_group.hpp:24[m[K,
                 from [01m[K/opt/ros/humble/include/rclcpp/rclcpp/any_executable.hpp:20[m[K,
                 from [01m[K/opt/ros/humble/include/rclcpp/rclcpp/memory_strategy.hpp:25[m[K,
                 from [01m[K/opt/ros/humble/include/rclcpp/rclcpp/memory_strategies.hpp:18[m[K,
                 from [01m[K/opt/ros/humble/include/rclcpp/rclcpp/executor_options.hpp:20[m[K,
                 from [01m[K/opt/ros/humble/include/rclcpp/rclcpp/executor.hpp:37[m[K,
                 from [01m[K/opt/ros/humble/include/rclcpp/rclcpp/executors/multi_threaded_executor.hpp:25[m[K,
                 from [01m[K/opt/ros/humble/include/rclcpp/rclcpp/executors.hpp:21[m[K,
                 from [01m[K/opt/ros/humble/include/rclcpp/rclcpp/rclcpp.hpp:155[m[K,
                 from [01m[K/home/akun/workspace/CAR/real_ws/convert_laser/src/convert.cpp:1[m[K:
[01m[K/home/akun/workspace/CAR/real_ws/convert_laser/src/convert.cpp:154:37:[m[K [01;36m[Knote: [m[K  mismatched types ‘[01m[Kconst std::move_iterator<_IteratorL>[m[K’ and ‘[01m[KSubscriber*[m[K’
  154 |         RCLCPP_INFO(this-get_logger([01;36m[K)[m[K, "imu\n");
      |                                     [01;36m[K^[m[K
[01m[K/home/akun/workspace/CAR/real_ws/convert_laser/src/convert.cpp:154:25:[m[K [01;31m[Kerror: [m[Kno match for ‘[01m[Koperator-[m[K’ (operand types are ‘[01m[KSubscriber*[m[K’ and ‘[01m[Krclcpp::Logger[m[K’)
  154 |         RCLCPP_INFO([32m[Kthis[m[K[01;31m[K-[m[K[34m[Kget_logger()[m[K, "imu\n");
      |                     [32m[K~~~~[m[K[01;31m[K^[m[K[34m[K~~~~~~~~~~~~[m[K
      |                     [32m[K|[m[K              [34m[K|[m[K
      |                     [32m[KSubscriber*[m[K    [34m[Krclcpp::Logger[m[K
In file included from [01m[K/usr/include/c++/11/bits/stl_algobase.h:67[m[K,
                 from [01m[K/usr/include/c++/11/memory:63[m[K,
                 from [01m[K/opt/ros/humble/include/rclcpp/rclcpp/rclcpp.hpp:153[m[K,
                 from [01m[K/home/akun/workspace/CAR/real_ws/convert_laser/src/convert.cpp:1[m[K:
[01m[K/usr/include/c++/11/bits/stl_iterator.h:577:5:[m[K [01;36m[Knote: [m[Kcandidate: ‘[01m[Ktemplate<class _IteratorL, class _IteratorR> constexpr decltype ((__y.base() - __x.base())) std::operator-(const std::reverse_iterator<_Iterator>&, const std::reverse_iterator<_IteratorR>&)[m[K’
  577 |     [01;36m[Koperator[m[K-(const reverse_iterator<_IteratorL>& __x,
      |     [01;36m[K^~~~~~~~[m[K
[01m[K/usr/include/c++/11/bits/stl_iterator.h:577:5:[m[K [01;36m[Knote: [m[K  template argument deduction/substitution failed:
In file included from [01m[K/opt/ros/humble/include/rclcpp/rclcpp/logging.hpp:24[m[K,
                 from [01m[K/opt/ros/humble/include/rclcpp/rclcpp/client.hpp:40[m[K,
                 from [01m[K/opt/ros/humble/include/rclcpp/rclcpp/callback_group.hpp:24[m[K,
                 from [01m[K/opt/ros/humble/include/rclcpp/rclcpp/any_executable.hpp:20[m[K,
                 from [01m[K/opt/ros/humble/include/rclcpp/rclcpp/memory_strategy.hpp:25[m[K,
                 from [01m[K/opt/ros/humble/include/rclcpp/rclcpp/memory_strategies.hpp:18[m[K,
                 from [01m[K/opt/ros/humble/include/rclcpp/rclcpp/executor_options.hpp:20[m[K,
                 from [01m[K/opt/ros/humble/include/rclcpp/rclcpp/executor.hpp:37[m[K,
                 from [01m[K/opt/ros/humble/include/rclcpp/rclcpp/executors/multi_threaded_executor.hpp:25[m[K,
                 from [01m[K/opt/ros/humble/include/rclcpp/rclcpp/executors.hpp:21[m[K,
                 from [01m[K/opt/ros/humble/include/rclcpp/rclcpp/rclcpp.hpp:155[m[K,
                 from [01m[K/home/akun/workspace/CAR/real_ws/convert_laser/src/convert.cpp:1[m[K:
[01m[K/home/akun/workspace/CAR/real_ws/convert_laser/src/convert.cpp:154:37:[m[K [01;36m[Knote: [m[K  mismatched types ‘[01m[Kconst std::reverse_iterator<_Iterator>[m[K’ and ‘[01m[KSubscriber*[m[K’
  154 |         RCLCPP_INFO(this-get_logger([01;36m[K)[m[K, "imu\n");
      |                                     [01;36m[K^[m[K
In file included from [01m[K/usr/include/c++/11/bits/stl_algobase.h:67[m[K,
                 from [01m[K/usr/include/c++/11/memory:63[m[K,
                 from [01m[K/opt/ros/humble/include/rclcpp/rclcpp/rclcpp.hpp:153[m[K,
                 from [01m[K/home/akun/workspace/CAR/real_ws/convert_laser/src/convert.cpp:1[m[K:
[01m[K/usr/include/c++/11/bits/stl_iterator.h:1693:5:[m[K [01;36m[Knote: [m[Kcandidate: ‘[01m[Ktemplate<class _IteratorL, class _IteratorR> constexpr decltype ((__x.base() - __y.base())) std::operator-(const std::move_iterator<_IteratorL>&, const std::move_iterator<_IteratorR>&)[m[K’
 1693 |     [01;36m[Koperator[m[K-(const move_iterator<_IteratorL>& __x,
      |     [01;36m[K^~~~~~~~[m[K
[01m[K/usr/include/c++/11/bits/stl_iterator.h:1693:5:[m[K [01;36m[Knote: [m[K  template argument deduction/substitution failed:
In file included from [01m[K/opt/ros/humble/include/rclcpp/rclcpp/logging.hpp:24[m[K,
                 from [01m[K/opt/ros/humble/include/rclcpp/rclcpp/client.hpp:40[m[K,
                 from [01m[K/opt/ros/humble/include/rclcpp/rclcpp/callback_group.hpp:24[m[K,
                 from [01m[K/opt/ros/humble/include/rclcpp/rclcpp/any_executable.hpp:20[m[K,
                 from [01m[K/opt/ros/humble/include/rclcpp/rclcpp/memory_strategy.hpp:25[m[K,
                 from [01m[K/opt/ros/humble/include/rclcpp/rclcpp/memory_strategies.hpp:18[m[K,
                 from [01m[K/opt/ros/humble/include/rclcpp/rclcpp/executor_options.hpp:20[m[K,
                 from [01m[K/opt/ros/humble/include/rclcpp/rclcpp/executor.hpp:37[m[K,
                 from [01m[K/opt/ros/humble/include/rclcpp/rclcpp/executors/multi_threaded_executor.hpp:25[m[K,
                 from [01m[K/opt/ros/humble/include/rclcpp/rclcpp/executors.hpp:21[m[K,
                 from [01m[K/opt/ros/humble/include/rclcpp/rclcpp/rclcpp.hpp:155[m[K,
                 from [01m[K/home/akun/workspace/CAR/real_ws/convert_laser/src/convert.cpp:1[m[K:
[01m[K/home/akun/workspace/CAR/real_ws/convert_laser/src/convert.cpp:154:37:[m[K [01;36m[Knote: [m[K  mismatched types ‘[01m[Kconst std::move_iterator<_IteratorL>[m[K’ and ‘[01m[KSubscriber*[m[K’
  154 |         RCLCPP_INFO(this-get_logger([01;36m[K)[m[K, "imu\n");
      |                                     [01;36m[K^[m[K
[01m[K/home/akun/workspace/CAR/real_ws/convert_laser/src/convert.cpp:152:56:[m[K [01;35m[Kwarning: [m[Kunused parameter ‘[01m[Kimus[m[K’ [[01;35m[K]8;;https://gcc.gnu.org/onlinedocs/gcc/Warning-Options.html#index-Wunused-parameter-Wunused-parameter]8;;[m[K]
  152 |     void callback_imu([01;35m[Ksensor_msgs::msg::Imu::SharedPtr imus[m[K)
      |                       [01;35m[K~~~~~~~~~~~~~~~~~~~~~~~~~~~~~~~~~^~~~[m[K
gmake[2]: *** [CMakeFiles/convert.dir/build.make:76: CMakeFiles/convert.dir/src/convert.cpp.o] Error 1
gmake[1]: *** [CMakeFiles/Makefile2:137: CMakeFiles/convert.dir/all] Error 2
gmake: *** [Makefile:146: all] Error 2
