running egg_info
creating ../build/cmd_vel_smooth/cmd_vel_smooth.egg-info
writing ../build/cmd_vel_smooth/cmd_vel_smooth.egg-info/PKG-INFO
writing dependency_links to ../build/cmd_vel_smooth/cmd_vel_smooth.egg-info/dependency_links.txt
writing entry points to ../build/cmd_vel_smooth/cmd_vel_smooth.egg-info/entry_points.txt
writing requirements to ../build/cmd_vel_smooth/cmd_vel_smooth.egg-info/requires.txt
writing top-level names to ../build/cmd_vel_smooth/cmd_vel_smooth.egg-info/top_level.txt
writing manifest file '../build/cmd_vel_smooth/cmd_vel_smooth.egg-info/SOURCES.txt'
reading manifest file '../build/cmd_vel_smooth/cmd_vel_smooth.egg-info/SOURCES.txt'
writing manifest file '../build/cmd_vel_smooth/cmd_vel_smooth.egg-info/SOURCES.txt'
running build
running build_py
creating /home/akun/workspace/CAR/simulation_ws/build/cmd_vel_smooth/build
creating /home/akun/workspace/CAR/simulation_ws/build/cmd_vel_smooth/build/lib
creating /home/akun/workspace/CAR/simulation_ws/build/cmd_vel_smooth/build/lib/cmd_vel_smooth
copying cmd_vel_smooth/__init__.py -> /home/akun/workspace/CAR/simulation_ws/build/cmd_vel_smooth/build/lib/cmd_vel_smooth
running install
running install_lib
creating /home/akun/workspace/CAR/simulation_ws/install/cmd_vel_smooth/lib/python3.10/site-packages/cmd_vel_smooth
copying /home/akun/workspace/CAR/simulation_ws/build/cmd_vel_smooth/build/lib/cmd_vel_smooth/__init__.py -> /home/akun/workspace/CAR/simulation_ws/install/cmd_vel_smooth/lib/python3.10/site-packages/cmd_vel_smooth
byte-compiling /home/akun/workspace/CAR/simulation_ws/install/cmd_vel_smooth/lib/python3.10/site-packages/cmd_vel_smooth/__init__.py to __init__.cpython-310.pyc
running install_data
creating /home/akun/workspace/CAR/simulation_ws/install/cmd_vel_smooth/share/ament_index
creating /home/akun/workspace/CAR/simulation_ws/install/cmd_vel_smooth/share/ament_index/resource_index
creating /home/akun/workspace/CAR/simulation_ws/install/cmd_vel_smooth/share/ament_index/resource_index/packages
copying resource/cmd_vel_smooth -> /home/akun/workspace/CAR/simulation_ws/install/cmd_vel_smooth/share/ament_index/resource_index/packages
copying package.xml -> /home/akun/workspace/CAR/simulation_ws/install/cmd_vel_smooth/share/cmd_vel_smooth
running install_egg_info
Copying ../build/cmd_vel_smooth/cmd_vel_smooth.egg-info to /home/akun/workspace/CAR/simulation_ws/install/cmd_vel_smooth/lib/python3.10/site-packages/cmd_vel_smooth-0.0.0-py3.10.egg-info
running install_scripts
Installing cmd_vel_smoother script to /home/akun/workspace/CAR/simulation_ws/install/cmd_vel_smooth/lib/cmd_vel_smooth
writing list of installed files to '/home/akun/workspace/CAR/simulation_ws/build/cmd_vel_smooth/install.log'
