[0.012s] Invoking command in '/home/akun/workspace/CAR/1_URDF_ws/build/ros2_livox_simulation': CMAKE_PREFIX_PATH=${CMAKE_PREFIX_PATH}:/opt/ros/humble /usr/bin/cmake --build /home/akun/workspace/CAR/1_URDF_ws/build/ros2_livox_simulation -- -j32 -l32
[0.058s] [35m[1mConsolidate compiler generated dependencies of target ros2_livox[0m
[0.071s] [ 33%] [32mBuilding CXX object CMakeFiles/ros2_livox.dir/src/livox_points_plugin.cpp.o[0m
[1.553s] In file included from [01m[K/home/akun/workspace/CAR/1_URDF_ws/src/livox_laser_simulation_RO2/include/ros2_livox/livox_points_plugin.h:14[m[K,
[1.553s]                  from [01m[K/home/akun/workspace/CAR/1_URDF_ws/src/livox_laser_simulation_RO2/src/livox_points_plugin.cpp:17[m[K:
[1.553s] [01m[K/opt/ros/humble/include/sensor_msgs/sensor_msgs/point_cloud_conversion.hpp:47:6:[m[K [01;35m[Kwarning: [m[K#warning POINT_CLOUD_DEPRECATION_MESSAGE [[01;35m[K]8;;https://gcc.gnu.org/onlinedocs/gcc/Warning-Options.html#index-Wcpp-Wcpp]8;;[m[K]
[1.553s]    47 | #    [01;35m[Kwarning[m[K POINT_CLOUD_DEPRECATION_MESSAGE
[1.553s]       |      [01;35m[K^~~~~~~[m[K
[9.159s] [ 66%] [32m[1mLinking CXX shared library libros2_livox.so[0m
[9.798s] [100%] Built target ros2_livox
[9.806s] Invoked command in '/home/akun/workspace/CAR/1_URDF_ws/build/ros2_livox_simulation' returned '0': CMAKE_PREFIX_PATH=${CMAKE_PREFIX_PATH}:/opt/ros/humble /usr/bin/cmake --build /home/akun/workspace/CAR/1_URDF_ws/build/ros2_livox_simulation -- -j32 -l32
[9.807s] Invoking command in '/home/akun/workspace/CAR/1_URDF_ws/build/ros2_livox_simulation': CMAKE_PREFIX_PATH=${CMAKE_PREFIX_PATH}:/opt/ros/humble /usr/bin/cmake --install /home/akun/workspace/CAR/1_URDF_ws/build/ros2_livox_simulation
[9.811s] -- Install configuration: ""
[9.811s] -- Up-to-date: /home/akun/workspace/CAR/1_URDF_ws/install/ros2_livox_simulation/include
[9.811s] -- Up-to-date: /home/akun/workspace/CAR/1_URDF_ws/install/ros2_livox_simulation/include/ros2_livox
[9.811s] -- Up-to-date: /home/akun/workspace/CAR/1_URDF_ws/install/ros2_livox_simulation/include/ros2_livox/livox_points_plugin.h
[9.811s] -- Up-to-date: /home/akun/workspace/CAR/1_URDF_ws/install/ros2_livox_simulation/include/ros2_livox/csv_reader.hpp
[9.811s] -- Up-to-date: /home/akun/workspace/CAR/1_URDF_ws/install/ros2_livox_simulation/include/ros2_livox/livox_ode_multiray_shape.h
[9.812s] -- Installing: /home/akun/workspace/CAR/1_URDF_ws/install/ros2_livox_simulation/lib/libros2_livox.so
[9.814s] -- Set runtime path of "/home/akun/workspace/CAR/1_URDF_ws/install/ros2_livox_simulation/lib/libros2_livox.so" to ""
[9.814s] -- Up-to-date: /home/akun/workspace/CAR/1_URDF_ws/install/ros2_livox_simulation/share/ros2_livox_simulation/environment/library_path.sh
[9.814s] -- Up-to-date: /home/akun/workspace/CAR/1_URDF_ws/install/ros2_livox_simulation/share/ros2_livox_simulation/environment/library_path.dsv
[9.815s] -- Up-to-date: /home/akun/workspace/CAR/1_URDF_ws/install/ros2_livox_simulation/share/ros2_livox_simulation/scan_mode/mid40.csv
[9.815s] -- Up-to-date: /home/akun/workspace/CAR/1_URDF_ws/install/ros2_livox_simulation/share/ros2_livox_simulation/scan_mode/mid70.csv
[9.815s] -- Up-to-date: /home/akun/workspace/CAR/1_URDF_ws/install/ros2_livox_simulation/share/ros2_livox_simulation/scan_mode/mid360.csv
[9.815s] -- Up-to-date: /home/akun/workspace/CAR/1_URDF_ws/install/ros2_livox_simulation/share/ros2_livox_simulation/scan_mode/tele.csv
[9.815s] -- Up-to-date: /home/akun/workspace/CAR/1_URDF_ws/install/ros2_livox_simulation/share/ros2_livox_simulation/scan_mode/horizon.csv
[9.815s] -- Up-to-date: /home/akun/workspace/CAR/1_URDF_ws/install/ros2_livox_simulation/share/ros2_livox_simulation/scan_mode/HAP.csv
[9.815s] -- Up-to-date: /home/akun/workspace/CAR/1_URDF_ws/install/ros2_livox_simulation/share/ros2_livox_simulation/scan_mode/avia.csv
[9.815s] -- Up-to-date: /home/akun/workspace/CAR/1_URDF_ws/install/ros2_livox_simulation/share/ros2_livox_simulation/urdf/mid40.xacro
[9.815s] -- Up-to-date: /home/akun/workspace/CAR/1_URDF_ws/install/ros2_livox_simulation/share/ros2_livox_simulation/urdf/mid70.xacro
[9.815s] -- Up-to-date: /home/akun/workspace/CAR/1_URDF_ws/install/ros2_livox_simulation/share/ros2_livox_simulation/urdf/mid360.xacro
[9.815s] -- Up-to-date: /home/akun/workspace/CAR/1_URDF_ws/install/ros2_livox_simulation/share/ros2_livox_simulation/urdf/tele.xacro
[9.815s] -- Up-to-date: /home/akun/workspace/CAR/1_URDF_ws/install/ros2_livox_simulation/share/ros2_livox_simulation/urdf/horizon.xacro
[9.815s] -- Up-to-date: /home/akun/workspace/CAR/1_URDF_ws/install/ros2_livox_simulation/share/ros2_livox_simulation/urdf/HAP.xacro
[9.815s] -- Up-to-date: /home/akun/workspace/CAR/1_URDF_ws/install/ros2_livox_simulation/share/ros2_livox_simulation/urdf/avia.xacro
[9.816s] -- Up-to-date: /home/akun/workspace/CAR/1_URDF_ws/install/ros2_livox_simulation/share/ament_index/resource_index/package_run_dependencies/ros2_livox_simulation
[9.816s] -- Up-to-date: /home/akun/workspace/CAR/1_URDF_ws/install/ros2_livox_simulation/share/ament_index/resource_index/parent_prefix_path/ros2_livox_simulation
[9.816s] -- Up-to-date: /home/akun/workspace/CAR/1_URDF_ws/install/ros2_livox_simulation/share/ros2_livox_simulation/environment/ament_prefix_path.sh
[9.816s] -- Up-to-date: /home/akun/workspace/CAR/1_URDF_ws/install/ros2_livox_simulation/share/ros2_livox_simulation/environment/ament_prefix_path.dsv
[9.816s] -- Up-to-date: /home/akun/workspace/CAR/1_URDF_ws/install/ros2_livox_simulation/share/ros2_livox_simulation/environment/path.sh
[9.816s] -- Up-to-date: /home/akun/workspace/CAR/1_URDF_ws/install/ros2_livox_simulation/share/ros2_livox_simulation/environment/path.dsv
[9.816s] -- Up-to-date: /home/akun/workspace/CAR/1_URDF_ws/install/ros2_livox_simulation/share/ros2_livox_simulation/local_setup.bash
[9.816s] -- Up-to-date: /home/akun/workspace/CAR/1_URDF_ws/install/ros2_livox_simulation/share/ros2_livox_simulation/local_setup.sh
[9.816s] -- Up-to-date: /home/akun/workspace/CAR/1_URDF_ws/install/ros2_livox_simulation/share/ros2_livox_simulation/local_setup.zsh
[9.817s] -- Up-to-date: /home/akun/workspace/CAR/1_URDF_ws/install/ros2_livox_simulation/share/ros2_livox_simulation/local_setup.dsv
[9.818s] -- Installing: /home/akun/workspace/CAR/1_URDF_ws/install/ros2_livox_simulation/share/ros2_livox_simulation/package.dsv
[9.818s] -- Up-to-date: /home/akun/workspace/CAR/1_URDF_ws/install/ros2_livox_simulation/share/ament_index/resource_index/packages/ros2_livox_simulation
[9.818s] -- Up-to-date: /home/akun/workspace/CAR/1_URDF_ws/install/ros2_livox_simulation/share/ros2_livox_simulation/cmake/ament_cmake_export_libraries-extras.cmake
[9.819s] -- Up-to-date: /home/akun/workspace/CAR/1_URDF_ws/install/ros2_livox_simulation/share/ros2_livox_simulation/cmake/ros2_livox_simulationConfig.cmake
[9.819s] -- Up-to-date: /home/akun/workspace/CAR/1_URDF_ws/install/ros2_livox_simulation/share/ros2_livox_simulation/cmake/ros2_livox_simulationConfig-version.cmake
[9.819s] -- Up-to-date: /home/akun/workspace/CAR/1_URDF_ws/install/ros2_livox_simulation/share/ros2_livox_simulation/package.xml
[9.819s] Invoked command in '/home/akun/workspace/CAR/1_URDF_ws/build/ros2_livox_simulation' returned '0': CMAKE_PREFIX_PATH=${CMAKE_PREFIX_PATH}:/opt/ros/humble /usr/bin/cmake --install /home/akun/workspace/CAR/1_URDF_ws/build/ros2_livox_simulation
