[0.011s] Invoking command in '/home/akun/workspace/CAR/simulation_ws/build/sim_imu': CMAKE_PREFIX_PATH=${CMAKE_PREFIX_PATH}:/opt/ros/humble /usr/bin/cmake --build /home/akun/workspace/CAR/simulation_ws/build/sim_imu -- -j32 -l32
[0.047s] [ 50%] [32mBuilding CXX object CMakeFiles/sim_imu.dir/src/sim_imu.cpp.o[0m
[4.381s] [100%] [32m[1mLinking CXX executable sim_imu[0m
[4.620s] [100%] Built target sim_imu
[4.630s] Invoked command in '/home/akun/workspace/CAR/simulation_ws/build/sim_imu' returned '0': CMAKE_PREFIX_PATH=${CMAKE_PREFIX_PATH}:/opt/ros/humble /usr/bin/cmake --build /home/akun/workspace/CAR/simulation_ws/build/sim_imu -- -j32 -l32
[4.639s] Invoking command in '/home/akun/workspace/CAR/simulation_ws/build/sim_imu': CMAKE_PREFIX_PATH=${CMAKE_PREFIX_PATH}:/opt/ros/humble /usr/bin/cmake --install /home/akun/workspace/CAR/simulation_ws/build/sim_imu
[4.645s] -- Install configuration: ""
[4.645s] -- Installing: /home/akun/workspace/CAR/simulation_ws/install/sim_imu/lib/sim_imu/sim_imu
[4.646s] -- Set runtime path of "/home/akun/workspace/CAR/simulation_ws/install/sim_imu/lib/sim_imu/sim_imu" to ""
[4.647s] -- Up-to-date: /home/akun/workspace/CAR/simulation_ws/install/sim_imu/share/ament_index/resource_index/package_run_dependencies/sim_imu
[4.647s] -- Up-to-date: /home/akun/workspace/CAR/simulation_ws/install/sim_imu/share/ament_index/resource_index/parent_prefix_path/sim_imu
[4.648s] -- Up-to-date: /home/akun/workspace/CAR/simulation_ws/install/sim_imu/share/sim_imu/environment/ament_prefix_path.sh
[4.648s] -- Up-to-date: /home/akun/workspace/CAR/simulation_ws/install/sim_imu/share/sim_imu/environment/ament_prefix_path.dsv
[4.648s] -- Up-to-date: /home/akun/workspace/CAR/simulation_ws/install/sim_imu/share/sim_imu/environment/path.sh
[4.648s] -- Up-to-date: /home/akun/workspace/CAR/simulation_ws/install/sim_imu/share/sim_imu/environment/path.dsv
[4.648s] -- Up-to-date: /home/akun/workspace/CAR/simulation_ws/install/sim_imu/share/sim_imu/local_setup.bash
[4.648s] -- Up-to-date: /home/akun/workspace/CAR/simulation_ws/install/sim_imu/share/sim_imu/local_setup.sh
[4.648s] -- Up-to-date: /home/akun/workspace/CAR/simulation_ws/install/sim_imu/share/sim_imu/local_setup.zsh
[4.648s] -- Up-to-date: /home/akun/workspace/CAR/simulation_ws/install/sim_imu/share/sim_imu/local_setup.dsv
[4.648s] -- Installing: /home/akun/workspace/CAR/simulation_ws/install/sim_imu/share/sim_imu/package.dsv
[4.649s] -- Up-to-date: /home/akun/workspace/CAR/simulation_ws/install/sim_imu/share/ament_index/resource_index/packages/sim_imu
[4.649s] -- Up-to-date: /home/akun/workspace/CAR/simulation_ws/install/sim_imu/share/sim_imu/cmake/sim_imuConfig.cmake
[4.649s] -- Up-to-date: /home/akun/workspace/CAR/simulation_ws/install/sim_imu/share/sim_imu/cmake/sim_imuConfig-version.cmake
[4.649s] -- Up-to-date: /home/akun/workspace/CAR/simulation_ws/install/sim_imu/share/sim_imu/package.xml
[4.651s] Invoked command in '/home/akun/workspace/CAR/simulation_ws/build/sim_imu' returned '0': CMAKE_PREFIX_PATH=${CMAKE_PREFIX_PATH}:/opt/ros/humble /usr/bin/cmake --install /home/akun/workspace/CAR/simulation_ws/build/sim_imu
