[0.016s] Invoking command in '/home/akun/workspace/CAR/simulation_ws/build/launch_sim': CMAKE_PREFIX_PATH=${CMAKE_PREFIX_PATH}:/opt/ros/humble /usr/bin/cmake /home/akun/workspace/CAR/simulation_ws/launch_sim -DCMAKE_INSTALL_PREFIX=/home/akun/workspace/CAR/simulation_ws/install/launch_sim
[0.214s] -- The C compiler identification is GNU 11.4.0
[0.711s] -- The CXX compiler identification is GNU 11.4.0
[0.969s] -- Detecting C compiler ABI info
[1.080s] -- Detecting C compiler ABI info - done
[1.083s] -- Check for working C compiler: /usr/bin/cc - skipped
[1.084s] -- Detecting C compile features
[1.085s] -- Detecting C compile features - done
[1.087s] -- Detecting CXX compiler ABI info
[1.227s] -- Detecting CXX compiler ABI info - done
[1.231s] -- Check for working CXX compiler: /usr/bin/c++ - skipped
[1.231s] -- Detecting CXX compile features
[1.232s] -- Detecting CXX compile features - done
[1.246s] -- Found ament_cmake: 1.3.12 (/opt/ros/humble/share/ament_cmake/cmake)
[1.345s] -- Found Python3: /usr/bin/python3 (found version "3.10.12") found components: Interpreter 
[1.429s] -- Found ament_lint_auto: 0.12.14 (/opt/ros/humble/share/ament_lint_auto/cmake)
[1.488s] -- Added test 'flake8' to check Python code syntax and style conventions
[1.489s] -- Added test 'lint_cmake' to check CMake code style
[1.490s] -- Added test 'pep257' to check Python code against some of the docstring style conventions in PEP 257
[1.491s] -- Added test 'xmllint' to check XML markup files
[1.494s] -- Configuring done
[1.497s] -- Generating done
[1.498s] -- Build files have been written to: /home/akun/workspace/CAR/simulation_ws/build/launch_sim
[1.501s] Invoked command in '/home/akun/workspace/CAR/simulation_ws/build/launch_sim' returned '0': CMAKE_PREFIX_PATH=${CMAKE_PREFIX_PATH}:/opt/ros/humble /usr/bin/cmake /home/akun/workspace/CAR/simulation_ws/launch_sim -DCMAKE_INSTALL_PREFIX=/home/akun/workspace/CAR/simulation_ws/install/launch_sim
[1.502s] Invoking command in '/home/akun/workspace/CAR/simulation_ws/build/launch_sim': CMAKE_PREFIX_PATH=${CMAKE_PREFIX_PATH}:/opt/ros/humble /usr/bin/cmake --build /home/akun/workspace/CAR/simulation_ws/build/launch_sim -- -j32 -l32
[1.524s] Invoked command in '/home/akun/workspace/CAR/simulation_ws/build/launch_sim' returned '0': CMAKE_PREFIX_PATH=${CMAKE_PREFIX_PATH}:/opt/ros/humble /usr/bin/cmake --build /home/akun/workspace/CAR/simulation_ws/build/launch_sim -- -j32 -l32
[1.525s] Invoking command in '/home/akun/workspace/CAR/simulation_ws/build/launch_sim': CMAKE_PREFIX_PATH=${CMAKE_PREFIX_PATH}:/opt/ros/humble /usr/bin/cmake --install /home/akun/workspace/CAR/simulation_ws/build/launch_sim
[1.530s] -- Install configuration: ""
[1.530s] -- Installing: /home/akun/workspace/CAR/simulation_ws/install/launch_sim/share/ament_index/resource_index/package_run_dependencies/launch_sim
[1.530s] -- Installing: /home/akun/workspace/CAR/simulation_ws/install/launch_sim/share/ament_index/resource_index/parent_prefix_path/launch_sim
[1.531s] -- Installing: /home/akun/workspace/CAR/simulation_ws/install/launch_sim/share/launch_sim/environment/ament_prefix_path.sh
[1.531s] -- Installing: /home/akun/workspace/CAR/simulation_ws/install/launch_sim/share/launch_sim/environment/ament_prefix_path.dsv
[1.531s] -- Installing: /home/akun/workspace/CAR/simulation_ws/install/launch_sim/share/launch_sim/environment/path.sh
[1.532s] -- Installing: /home/akun/workspace/CAR/simulation_ws/install/launch_sim/share/launch_sim/environment/path.dsv
[1.532s] -- Installing: /home/akun/workspace/CAR/simulation_ws/install/launch_sim/share/launch_sim/local_setup.bash
[1.532s] -- Installing: /home/akun/workspace/CAR/simulation_ws/install/launch_sim/share/launch_sim/local_setup.sh
[1.532s] -- Installing: /home/akun/workspace/CAR/simulation_ws/install/launch_sim/share/launch_sim/local_setup.zsh
[1.532s] -- Installing: /home/akun/workspace/CAR/simulation_ws/install/launch_sim/share/launch_sim/local_setup.dsv
[1.532s] -- Installing: /home/akun/workspace/CAR/simulation_ws/install/launch_sim/share/launch_sim/package.dsv
[1.532s] -- Installing: /home/akun/workspace/CAR/simulation_ws/install/launch_sim/share/ament_index/resource_index/packages/launch_sim
[1.532s] -- Installing: /home/akun/workspace/CAR/simulation_ws/install/launch_sim/share/launch_sim/cmake/launch_simConfig.cmake
[1.532s] -- Installing: /home/akun/workspace/CAR/simulation_ws/install/launch_sim/share/launch_sim/cmake/launch_simConfig-version.cmake
[1.532s] -- Installing: /home/akun/workspace/CAR/simulation_ws/install/launch_sim/share/launch_sim/package.xml
[1.534s] Invoked command in '/home/akun/workspace/CAR/simulation_ws/build/launch_sim' returned '0': CMAKE_PREFIX_PATH=${CMAKE_PREFIX_PATH}:/opt/ros/humble /usr/bin/cmake --install /home/akun/workspace/CAR/simulation_ws/build/launch_sim
