[0.010s] Invoking command in '/home/akun/workspace/CAR/simulation_ws/build/sim_imu': CMAKE_PREFIX_PATH=${CMAKE_PREFIX_PATH}:/opt/ros/humble /usr/bin/cmake --build /home/akun/workspace/CAR/simulation_ws/build/sim_imu -- -j32 -l32
[0.036s] [35m[1mConsolidate compiler generated dependencies of target sim_imu[0m
[0.047s] [ 50%] [32mBuilding CXX object CMakeFiles/sim_imu.dir/src/sim_imu.cpp.o[0m
[3.008s] [100%] [32m[1mLinking CXX executable sim_imu[0m
[3.178s] [100%] Built target sim_imu
[3.184s] Invoked command in '/home/akun/workspace/CAR/simulation_ws/build/sim_imu' returned '0': CMAKE_PREFIX_PATH=${CMAKE_PREFIX_PATH}:/opt/ros/humble /usr/bin/cmake --build /home/akun/workspace/CAR/simulation_ws/build/sim_imu -- -j32 -l32
[3.186s] Invoking command in '/home/akun/workspace/CAR/simulation_ws/build/sim_imu': CMAKE_PREFIX_PATH=${CMAKE_PREFIX_PATH}:/opt/ros/humble /usr/bin/cmake --install /home/akun/workspace/CAR/simulation_ws/build/sim_imu
[3.190s] -- Install configuration: ""
[3.190s] -- Installing: /home/akun/workspace/CAR/simulation_ws/install/sim_imu/lib/sim_imu/sim_imu
[3.192s] -- Set runtime path of "/home/akun/workspace/CAR/simulation_ws/install/sim_imu/lib/sim_imu/sim_imu" to ""
[3.193s] -- Up-to-date: /home/akun/workspace/CAR/simulation_ws/install/sim_imu/share/ament_index/resource_index/package_run_dependencies/sim_imu
[3.193s] -- Up-to-date: /home/akun/workspace/CAR/simulation_ws/install/sim_imu/share/ament_index/resource_index/parent_prefix_path/sim_imu
[3.193s] -- Up-to-date: /home/akun/workspace/CAR/simulation_ws/install/sim_imu/share/sim_imu/environment/ament_prefix_path.sh
[3.193s] -- Up-to-date: /home/akun/workspace/CAR/simulation_ws/install/sim_imu/share/sim_imu/environment/ament_prefix_path.dsv
[3.193s] -- Up-to-date: /home/akun/workspace/CAR/simulation_ws/install/sim_imu/share/sim_imu/environment/path.sh
[3.193s] -- Up-to-date: /home/akun/workspace/CAR/simulation_ws/install/sim_imu/share/sim_imu/environment/path.dsv
[3.193s] -- Up-to-date: /home/akun/workspace/CAR/simulation_ws/install/sim_imu/share/sim_imu/local_setup.bash
[3.193s] -- Up-to-date: /home/akun/workspace/CAR/simulation_ws/install/sim_imu/share/sim_imu/local_setup.sh
[3.193s] -- Up-to-date: /home/akun/workspace/CAR/simulation_ws/install/sim_imu/share/sim_imu/local_setup.zsh
[3.193s] -- Up-to-date: /home/akun/workspace/CAR/simulation_ws/install/sim_imu/share/sim_imu/local_setup.dsv
[3.193s] -- Installing: /home/akun/workspace/CAR/simulation_ws/install/sim_imu/share/sim_imu/package.dsv
[3.193s] -- Up-to-date: /home/akun/workspace/CAR/simulation_ws/install/sim_imu/share/ament_index/resource_index/packages/sim_imu
[3.193s] -- Up-to-date: /home/akun/workspace/CAR/simulation_ws/install/sim_imu/share/sim_imu/cmake/sim_imuConfig.cmake
[3.193s] -- Up-to-date: /home/akun/workspace/CAR/simulation_ws/install/sim_imu/share/sim_imu/cmake/sim_imuConfig-version.cmake
[3.193s] -- Up-to-date: /home/akun/workspace/CAR/simulation_ws/install/sim_imu/share/sim_imu/package.xml
[3.195s] Invoked command in '/home/akun/workspace/CAR/simulation_ws/build/sim_imu' returned '0': CMAKE_PREFIX_PATH=${CMAKE_PREFIX_PATH}:/opt/ros/humble /usr/bin/cmake --install /home/akun/workspace/CAR/simulation_ws/build/sim_imu
