[0.007s] Invoking command in '/home/akun/workspace/CAR/real_ws/build/convert_laser': CMAKE_PREFIX_PATH=${CMAKE_PREFIX_PATH}:/opt/ros/humble /usr/bin/cmake --build /home/akun/workspace/CAR/real_ws/build/convert_laser -- -j32 -l32
[0.026s] -- Found ament_cmake: 1.3.12 (/opt/ros/humble/share/ament_cmake/cmake)
[0.110s] -- Found livox_ros_driver2: 1.0.0 (/home/akun/workspace/CAR/livox_ros_driver2/install/livox_ros_driver2/share/livox_ros_driver2/cmake)
[0.218s] -- Found rosidl_generator_c: 3.1.7 (/opt/ros/humble/share/rosidl_generator_c/cmake)
[0.220s] -- Found rosidl_adapter: 3.1.7 (/opt/ros/humble/share/rosidl_adapter/cmake)
[0.226s] -- Found rosidl_generator_cpp: 3.1.7 (/opt/ros/humble/share/rosidl_generator_cpp/cmake)
[0.234s] -- Using all available rosidl_typesupport_c: rosidl_typesupport_fastrtps_c;rosidl_typesupport_introspection_c
[0.245s] -- Using all available rosidl_typesupport_cpp: rosidl_typesupport_fastrtps_cpp;rosidl_typesupport_introspection_cpp
[0.291s] -- Found rmw_implementation_cmake: 6.1.2 (/opt/ros/humble/share/rmw_implementation_cmake/cmake)
[0.293s] -- Found rmw_fastrtps_cpp: 6.2.8 (/opt/ros/humble/share/rmw_fastrtps_cpp/cmake)
[3.616s] -- Using RMW implementation 'rmw_fastrtps_cpp' as default
[3.727s] -- Eigen found (include: /usr/include/eigen3, version: 3.4.0)
[4.590s] -- FLANN found (include: /usr/include, lib: /usr/lib/x86_64-linux-gnu/libflann_cpp.so)
[6.628s] -- OpenNI found (version: 1.5.4.0, include: /usr/include/ni, lib: /usr/lib/libOpenNI.so;libusb::libusb)
[6.631s] -- OpenNI2 found (version: 2.2.0.33, include: /usr/include/openni2, lib: /usr/lib/x86_64-linux-gnu/libOpenNI2.so;libusb::libusb)
[7.791s] -- Eigen found (include: /usr/include/eigen3, version: 3.4.0)
[7.794s] -- OpenNI found (version: 1.5.4.0, include: /usr/include/ni, lib: /usr/lib/libOpenNI.so;libusb::libusb)
[7.797s] -- OpenNI2 found (version: 2.2.0.33, include: /usr/include/openni2, lib: /usr/lib/x86_64-linux-gnu/libOpenNI2.so;libusb::libusb)
[8.709s] -- Found Qhull version 8.0.2
[10.717s] -- OpenNI found (version: 1.5.4.0, include: /usr/include/ni, lib: /usr/lib/libOpenNI.so;libusb::libusb)
[18.125s] -- Found tf2: 0.25.15 (/opt/ros/humble/share/tf2/cmake)
[18.129s] -- Found tf2_ros: 0.25.15 (/opt/ros/humble/share/tf2_ros/cmake)
[18.177s] -- Found ament_lint_auto: 0.12.14 (/opt/ros/humble/share/ament_lint_auto/cmake)
[18.227s] -- Added test 'cppcheck' to perform static code analysis on C / C++ code
[18.227s] -- Configured cppcheck include dirs: 
[18.228s] -- Configured cppcheck exclude dirs and/or files: 
[18.228s] -- Added test 'lint_cmake' to check CMake code style
[18.229s] -- Added test 'uncrustify' to check C / C++ code style
[18.229s] -- Configured uncrustify additional arguments: 
[18.229s] -- Added test 'xmllint' to check XML markup files
[18.231s] -- Configuring done
[18.241s] -- Generating done
[18.244s] -- Build files have been written to: /home/akun/workspace/CAR/real_ws/build/convert_laser
[18.263s] [35m[1mConsolidate compiler generated dependencies of target convert[0m
[18.271s] [ 50%] [32mBuilding CXX object CMakeFiles/convert.dir/src/convert.cpp.o[0m
[18.391s] [01m[K/home/akun/workspace/CAR/real_ws/convert_laser/src/convert.cpp:8:10:[m[K [01;31m[Kfatal error: [m[Ktf2_geometry_msgs/tf2_geometry_msgs.hpp: No such file or directory
[18.391s]     8 | #include [01;31m[K"tf2_geometry_msgs/tf2_geometry_msgs.hpp"[m[K // 消息类型转换函数
[18.391s]       |          [01;31m[K^~~~~~~~~~~~~~~~~~~~~~~~~~~~~~~~~~~~~~~~~[m[K
[18.391s] compilation terminated.
[18.392s] gmake[2]: *** [CMakeFiles/convert.dir/build.make:76: CMakeFiles/convert.dir/src/convert.cpp.o] Error 1
[18.392s] gmake[1]: *** [CMakeFiles/Makefile2:137: CMakeFiles/convert.dir/all] Error 2
[18.393s] gmake: *** [Makefile:146: all] Error 2
[18.394s] Invoked command in '/home/akun/workspace/CAR/real_ws/build/convert_laser' returned '2': CMAKE_PREFIX_PATH=${CMAKE_PREFIX_PATH}:/opt/ros/humble /usr/bin/cmake --build /home/akun/workspace/CAR/real_ws/build/convert_laser -- -j32 -l32
