[0.197s] DEBUG:colcon:Command line arguments: ['/usr/bin/colcon', 'build']
[0.197s] DEBUG:colcon:Parsed command line arguments: Namespace(log_base=None, log_level=None, verb_name='build', build_base='build', install_base='install', merge_install=False, symlink_install=False, test_result_base=None, continue_on_error=False, executor='parallel', parallel_workers=32, event_handlers=None, ignore_user_meta=False, metas=['./colcon.meta'], base_paths=['.'], packages_ignore=None, packages_ignore_regex=None, paths=None, packages_up_to=None, packages_up_to_regex=None, packages_above=None, packages_above_and_dependencies=None, packages_above_depth=None, packages_select_by_dep=None, packages_skip_by_dep=None, packages_skip_up_to=None, packages_select_build_failed=False, packages_skip_build_finished=False, packages_select_test_failures=False, packages_skip_test_passed=False, packages_select=None, packages_skip=None, packages_select_regex=None, packages_skip_regex=None, packages_start=None, packages_end=None, allow_overriding=[], cmake_args=None, cmake_target=None, cmake_target_skip_unavailable=False, cmake_clean_cache=False, cmake_clean_first=False, cmake_force_configure=False, ament_cmake_args=None, catkin_cmake_args=None, catkin_skip_building_tests=False, verb_parser=<colcon_defaults.argument_parser.defaults.DefaultArgumentsDecorator object at 0x7f494c2e88e0>, verb_extension=<colcon_core.verb.build.BuildVerb object at 0x7f494c4bd570>, main=<bound method BuildVerb.main of <colcon_core.verb.build.BuildVerb object at 0x7f494c4bd570>>)
[0.400s] Level 1:colcon.colcon_core.package_discovery:discover_packages(colcon_meta) check parameters
[0.400s] Level 1:colcon.colcon_core.package_discovery:discover_packages(recursive) check parameters
[0.400s] Level 1:colcon.colcon_core.package_discovery:discover_packages(ignore) check parameters
[0.400s] Level 1:colcon.colcon_core.package_discovery:discover_packages(path) check parameters
[0.400s] Level 1:colcon.colcon_core.package_discovery:discover_packages(colcon_meta) discover
[0.400s] Level 1:colcon.colcon_core.package_discovery:discover_packages(recursive) discover
[0.400s] INFO:colcon.colcon_core.package_discovery:Crawling recursively for packages in '/home/akun/workspace/CAR/nav2'
[0.400s] Level 1:colcon.colcon_core.package_identification:_identify(.) by extensions ['ignore', 'ignore_ament_install']
[0.400s] Level 1:colcon.colcon_core.package_identification:_identify(.) by extension 'ignore'
[0.400s] Level 1:colcon.colcon_core.package_identification:_identify(.) by extension 'ignore_ament_install'
[0.400s] Level 1:colcon.colcon_core.package_identification:_identify(.) by extensions ['colcon_pkg']
[0.400s] Level 1:colcon.colcon_core.package_identification:_identify(.) by extension 'colcon_pkg'
[0.400s] Level 1:colcon.colcon_core.package_identification:_identify(.) by extensions ['colcon_meta']
[0.400s] Level 1:colcon.colcon_core.package_identification:_identify(.) by extension 'colcon_meta'
[0.400s] Level 1:colcon.colcon_core.package_identification:_identify(.) by extensions ['ros']
[0.400s] Level 1:colcon.colcon_core.package_identification:_identify(.) by extension 'ros'
[0.409s] DEBUG:colcon.colcon_core.package_identification:Package '.' with type 'ros.ament_cmake' and name 'nav2'
[0.410s] Level 1:colcon.colcon_core.package_discovery:discover_packages(recursive) using defaults
[0.410s] Level 1:colcon.colcon_core.package_discovery:discover_packages(ignore) discover
[0.410s] Level 1:colcon.colcon_core.package_discovery:discover_packages(ignore) using defaults
[0.410s] Level 1:colcon.colcon_core.package_discovery:discover_packages(path) discover
[0.410s] Level 1:colcon.colcon_core.package_discovery:discover_packages(path) using defaults
[0.429s] Level 1:colcon.colcon_core.package_discovery:discover_packages(prefix_path) check parameters
[0.429s] Level 1:colcon.colcon_core.package_discovery:discover_packages(prefix_path) discover
[0.435s] WARNING:colcon.colcon_ros.prefix_path.catkin:The path '/tmp/usr/local' in the environment variable CMAKE_PREFIX_PATH doesn't exist
[0.436s] DEBUG:colcon.colcon_installed_package_information.package_discovery:Found 1 installed packages in /home/akun/workspace/CAR/nav2/install
[0.436s] DEBUG:colcon.colcon_installed_package_information.package_discovery:Found 1 installed packages in /home/akun/workspace/CAR/utils/pcd2pgm/install
[0.437s] DEBUG:colcon.colcon_installed_package_information.package_discovery:Found 4 installed packages in /home/akun/workspace/CAR/simulation_ws/install
[0.437s] DEBUG:colcon.colcon_installed_package_information.package_discovery:Found 1 installed packages in /home/akun/workspace/CAR/LIO-SAM/install
[0.437s] DEBUG:colcon.colcon_installed_package_information.package_discovery:Found 1 installed packages in /home/akun/workspace/CAR/livox_ros_driver2/install
[0.437s] DEBUG:colcon.colcon_installed_package_information.package_discovery:Found 2 installed packages in /home/akun/workspace/CAR/real_ws/install
[0.437s] DEBUG:colcon.colcon_installed_package_information.package_discovery:Found 2 installed packages in /home/akun/workspace/CAR/yesense_ros2/install
[0.438s] DEBUG:colcon.colcon_installed_package_information.package_discovery:Found 1 installed packages in /home/akun/workspace/CAR/serial_ros2/install
[0.438s] DEBUG:colcon.colcon_installed_package_information.package_discovery:Found 2 installed packages in /home/akun/workspace/CAR/1_URDF_ws/install
[0.439s] DEBUG:colcon.colcon_installed_package_information.package_discovery:Found 349 installed packages in /opt/ros/humble
[0.445s] Level 1:colcon.colcon_core.package_discovery:discover_packages(prefix_path) using defaults
[0.475s] Level 5:colcon.colcon_core.verb:set package 'nav2' build argument 'cmake_args' from command line to 'None'
[0.475s] Level 5:colcon.colcon_core.verb:set package 'nav2' build argument 'cmake_target' from command line to 'None'
[0.475s] Level 5:colcon.colcon_core.verb:set package 'nav2' build argument 'cmake_target_skip_unavailable' from command line to 'False'
[0.475s] Level 5:colcon.colcon_core.verb:set package 'nav2' build argument 'cmake_clean_cache' from command line to 'False'
[0.475s] Level 5:colcon.colcon_core.verb:set package 'nav2' build argument 'cmake_clean_first' from command line to 'False'
[0.475s] Level 5:colcon.colcon_core.verb:set package 'nav2' build argument 'cmake_force_configure' from command line to 'False'
[0.475s] Level 5:colcon.colcon_core.verb:set package 'nav2' build argument 'ament_cmake_args' from command line to 'None'
[0.475s] Level 5:colcon.colcon_core.verb:set package 'nav2' build argument 'catkin_cmake_args' from command line to 'None'
[0.475s] Level 5:colcon.colcon_core.verb:set package 'nav2' build argument 'catkin_skip_building_tests' from command line to 'False'
[0.475s] DEBUG:colcon.colcon_core.verb:Building package 'nav2' with the following arguments: {'ament_cmake_args': None, 'build_base': '/home/akun/workspace/CAR/nav2/build/nav2', 'catkin_cmake_args': None, 'catkin_skip_building_tests': False, 'cmake_args': None, 'cmake_clean_cache': False, 'cmake_clean_first': False, 'cmake_force_configure': False, 'cmake_target': None, 'cmake_target_skip_unavailable': False, 'install_base': '/home/akun/workspace/CAR/nav2/install/nav2', 'merge_install': False, 'path': '/home/akun/workspace/CAR/nav2', 'symlink_install': False, 'test_result_base': None}
[0.475s] INFO:colcon.colcon_core.executor:Executing jobs using 'parallel' executor
[0.476s] DEBUG:colcon.colcon_parallel_executor.executor.parallel:run_until_complete
[0.477s] INFO:colcon.colcon_ros.task.ament_cmake.build:Building ROS package in '/home/akun/workspace/CAR/nav2' with build type 'ament_cmake'
[0.477s] INFO:colcon.colcon_cmake.task.cmake.build:Building CMake package in '/home/akun/workspace/CAR/nav2'
[0.481s] INFO:colcon.colcon_core.plugin_system:Skipping extension 'colcon_core.shell.bat': Not used on non-Windows systems
[0.482s] INFO:colcon.colcon_core.shell:Skip shell extension 'powershell' for command environment: Not usable outside of PowerShell
[0.482s] DEBUG:colcon.colcon_core.shell:Skip shell extension 'dsv' for command environment
[0.492s] DEBUG:colcon.colcon_core.event_handler.log_command:Invoking command in '/home/akun/workspace/CAR/nav2/build/nav2': CMAKE_PREFIX_PATH=${CMAKE_PREFIX_PATH}:/home/akun/workspace/CAR/simulation_ws/install/cmd_vel_smooth:/opt/ros/humble /usr/bin/cmake --build /home/akun/workspace/CAR/nav2/build/nav2 -- -j32 -l32
[0.547s] DEBUG:colcon.colcon_core.event_handler.log_command:Invoked command in '/home/akun/workspace/CAR/nav2/build/nav2' returned '0': CMAKE_PREFIX_PATH=${CMAKE_PREFIX_PATH}:/home/akun/workspace/CAR/simulation_ws/install/cmd_vel_smooth:/opt/ros/humble /usr/bin/cmake --build /home/akun/workspace/CAR/nav2/build/nav2 -- -j32 -l32
[0.554s] DEBUG:colcon.colcon_core.event_handler.log_command:Invoking command in '/home/akun/workspace/CAR/nav2/build/nav2': CMAKE_PREFIX_PATH=${CMAKE_PREFIX_PATH}:/home/akun/workspace/CAR/simulation_ws/install/cmd_vel_smooth:/opt/ros/humble /usr/bin/cmake --install /home/akun/workspace/CAR/nav2/build/nav2
[0.563s] Level 1:colcon.colcon_core.environment:create_environment_scripts_only(nav2)
[0.563s] DEBUG:colcon.colcon_core.event_handler.log_command:Invoked command in '/home/akun/workspace/CAR/nav2/build/nav2' returned '0': CMAKE_PREFIX_PATH=${CMAKE_PREFIX_PATH}:/home/akun/workspace/CAR/simulation_ws/install/cmd_vel_smooth:/opt/ros/humble /usr/bin/cmake --install /home/akun/workspace/CAR/nav2/build/nav2
[0.568s] Level 1:colcon.colcon_core.environment:checking '/home/akun/workspace/CAR/nav2/install/nav2' for CMake module files
[0.568s] Level 1:colcon.colcon_core.environment:checking '/home/akun/workspace/CAR/nav2/install/nav2' for CMake config files
[0.568s] Level 1:colcon.colcon_core.shell:create_environment_hook('nav2', 'cmake_prefix_path')
[0.568s] INFO:colcon.colcon_core.shell:Creating environment hook '/home/akun/workspace/CAR/nav2/install/nav2/share/nav2/hook/cmake_prefix_path.ps1'
[0.569s] INFO:colcon.colcon_core.shell:Creating environment descriptor '/home/akun/workspace/CAR/nav2/install/nav2/share/nav2/hook/cmake_prefix_path.dsv'
[0.570s] INFO:colcon.colcon_core.shell:Creating environment hook '/home/akun/workspace/CAR/nav2/install/nav2/share/nav2/hook/cmake_prefix_path.sh'
[0.571s] Level 1:colcon.colcon_core.environment:checking '/home/akun/workspace/CAR/nav2/install/nav2/bin'
[0.571s] Level 1:colcon.colcon_core.environment:checking '/home/akun/workspace/CAR/nav2/install/nav2/lib/pkgconfig/nav2.pc'
[0.571s] Level 1:colcon.colcon_core.environment:checking '/home/akun/workspace/CAR/nav2/install/nav2/lib/python3.10/site-packages'
[0.571s] Level 1:colcon.colcon_core.environment:checking '/home/akun/workspace/CAR/nav2/install/nav2/bin'
[0.571s] INFO:colcon.colcon_core.shell:Creating package script '/home/akun/workspace/CAR/nav2/install/nav2/share/nav2/package.ps1'
[0.572s] INFO:colcon.colcon_core.shell:Creating package descriptor '/home/akun/workspace/CAR/nav2/install/nav2/share/nav2/package.dsv'
[0.573s] INFO:colcon.colcon_core.shell:Creating package script '/home/akun/workspace/CAR/nav2/install/nav2/share/nav2/package.sh'
[0.573s] INFO:colcon.colcon_core.shell:Creating package script '/home/akun/workspace/CAR/nav2/install/nav2/share/nav2/package.bash'
[0.574s] INFO:colcon.colcon_core.shell:Creating package script '/home/akun/workspace/CAR/nav2/install/nav2/share/nav2/package.zsh'
[0.575s] Level 1:colcon.colcon_core.environment:create_file_with_runtime_dependencies(/home/akun/workspace/CAR/nav2/install/nav2/share/colcon-core/packages/nav2)
[0.575s] Level 1:colcon.colcon_core.environment:create_environment_scripts_only(nav2)
[0.575s] Level 1:colcon.colcon_core.environment:checking '/home/akun/workspace/CAR/nav2/install/nav2' for CMake module files
[0.576s] Level 1:colcon.colcon_core.environment:checking '/home/akun/workspace/CAR/nav2/install/nav2' for CMake config files
[0.576s] Level 1:colcon.colcon_core.shell:create_environment_hook('nav2', 'cmake_prefix_path')
[0.576s] INFO:colcon.colcon_core.shell:Creating environment hook '/home/akun/workspace/CAR/nav2/install/nav2/share/nav2/hook/cmake_prefix_path.ps1'
[0.576s] INFO:colcon.colcon_core.shell:Creating environment descriptor '/home/akun/workspace/CAR/nav2/install/nav2/share/nav2/hook/cmake_prefix_path.dsv'
[0.576s] INFO:colcon.colcon_core.shell:Creating environment hook '/home/akun/workspace/CAR/nav2/install/nav2/share/nav2/hook/cmake_prefix_path.sh'
[0.577s] Level 1:colcon.colcon_core.environment:checking '/home/akun/workspace/CAR/nav2/install/nav2/bin'
[0.577s] Level 1:colcon.colcon_core.environment:checking '/home/akun/workspace/CAR/nav2/install/nav2/lib/pkgconfig/nav2.pc'
[0.577s] Level 1:colcon.colcon_core.environment:checking '/home/akun/workspace/CAR/nav2/install/nav2/lib/python3.10/site-packages'
[0.577s] Level 1:colcon.colcon_core.environment:checking '/home/akun/workspace/CAR/nav2/install/nav2/bin'
[0.577s] INFO:colcon.colcon_core.shell:Creating package script '/home/akun/workspace/CAR/nav2/install/nav2/share/nav2/package.ps1'
[0.577s] INFO:colcon.colcon_core.shell:Creating package descriptor '/home/akun/workspace/CAR/nav2/install/nav2/share/nav2/package.dsv'
[0.578s] INFO:colcon.colcon_core.shell:Creating package script '/home/akun/workspace/CAR/nav2/install/nav2/share/nav2/package.sh'
[0.578s] INFO:colcon.colcon_core.shell:Creating package script '/home/akun/workspace/CAR/nav2/install/nav2/share/nav2/package.bash'
[0.578s] INFO:colcon.colcon_core.shell:Creating package script '/home/akun/workspace/CAR/nav2/install/nav2/share/nav2/package.zsh'
[0.578s] Level 1:colcon.colcon_core.environment:create_file_with_runtime_dependencies(/home/akun/workspace/CAR/nav2/install/nav2/share/colcon-core/packages/nav2)
[0.578s] DEBUG:colcon.colcon_parallel_executor.executor.parallel:closing loop
[0.579s] DEBUG:colcon.colcon_parallel_executor.executor.parallel:loop closed
[0.579s] DEBUG:colcon.colcon_parallel_executor.executor.parallel:run_until_complete finished with '0'
[0.579s] DEBUG:colcon.colcon_core.event_reactor:joining thread
[0.644s] INFO:colcon.colcon_core.plugin_system:Skipping extension 'colcon_notification.desktop_notification.notify_send': Could not find 'notify-send'
[0.644s] INFO:colcon.colcon_core.plugin_system:Skipping extension 'colcon_notification.desktop_notification.terminal_notifier': Not used on non-Darwin systems
[0.644s] INFO:colcon.colcon_core.plugin_system:Skipping extension 'colcon_notification.desktop_notification.win32': Not used on non-Windows systems
[0.644s] INFO:colcon.colcon_notification.desktop_notification:Sending desktop notification using 'notify2'
[0.644s] DEBUG:colcon.colcon_notification.desktop_notification.notify2:Failed to initialize notify2: org.freedesktop.DBus.Error.FileNotFound: Failed to connect to socket /run/user/1000/bus: No such file or directory
[0.645s] DEBUG:colcon.colcon_core.event_reactor:joined thread
[0.645s] INFO:colcon.colcon_core.shell:Creating prefix script '/home/akun/workspace/CAR/nav2/install/local_setup.ps1'
[0.646s] INFO:colcon.colcon_core.shell:Creating prefix util module '/home/akun/workspace/CAR/nav2/install/_local_setup_util_ps1.py'
[0.647s] INFO:colcon.colcon_core.shell:Creating prefix chain script '/home/akun/workspace/CAR/nav2/install/setup.ps1'
[0.648s] INFO:colcon.colcon_core.shell:Creating prefix script '/home/akun/workspace/CAR/nav2/install/local_setup.sh'
[0.649s] INFO:colcon.colcon_core.shell:Creating prefix util module '/home/akun/workspace/CAR/nav2/install/_local_setup_util_sh.py'
[0.649s] INFO:colcon.colcon_core.shell:Creating prefix chain script '/home/akun/workspace/CAR/nav2/install/setup.sh'
[0.651s] INFO:colcon.colcon_core.shell:Creating prefix script '/home/akun/workspace/CAR/nav2/install/local_setup.bash'
[0.651s] INFO:colcon.colcon_core.shell:Creating prefix chain script '/home/akun/workspace/CAR/nav2/install/setup.bash'
[0.653s] INFO:colcon.colcon_core.shell:Creating prefix script '/home/akun/workspace/CAR/nav2/install/local_setup.zsh'
[0.653s] INFO:colcon.colcon_core.shell:Creating prefix chain script '/home/akun/workspace/CAR/nav2/install/setup.zsh'
