[0.137s] DEBUG:colcon:Command line arguments: ['/usr/bin/colcon', 'build']
[0.138s] DEBUG:colcon:Parsed command line arguments: Namespace(log_base=None, log_level=None, verb_name='build', build_base='build', install_base='install', merge_install=False, symlink_install=False, test_result_base=None, continue_on_error=False, executor='parallel', parallel_workers=32, event_handlers=None, ignore_user_meta=False, metas=['./colcon.meta'], base_paths=['.'], packages_ignore=None, packages_ignore_regex=None, paths=None, packages_up_to=None, packages_up_to_regex=None, packages_above=None, packages_above_and_dependencies=None, packages_above_depth=None, packages_select_by_dep=None, packages_skip_by_dep=None, packages_skip_up_to=None, packages_select_build_failed=False, packages_skip_build_finished=False, packages_select_test_failures=False, packages_skip_test_passed=False, packages_select=None, packages_skip=None, packages_select_regex=None, packages_skip_regex=None, packages_start=None, packages_end=None, allow_overriding=[], cmake_args=None, cmake_target=None, cmake_target_skip_unavailable=False, cmake_clean_cache=False, cmake_clean_first=False, cmake_force_configure=False, ament_cmake_args=None, catkin_cmake_args=None, catkin_skip_building_tests=False, verb_parser=<colcon_defaults.argument_parser.defaults.DefaultArgumentsDecorator object at 0x7a422dc48040>, verb_extension=<colcon_core.verb.build.BuildVerb object at 0x7a422ddccd60>, main=<bound method BuildVerb.main of <colcon_core.verb.build.BuildVerb object at 0x7a422ddccd60>>)
[0.233s] Level 1:colcon.colcon_core.package_discovery:discover_packages(colcon_meta) check parameters
[0.233s] Level 1:colcon.colcon_core.package_discovery:discover_packages(recursive) check parameters
[0.233s] Level 1:colcon.colcon_core.package_discovery:discover_packages(ignore) check parameters
[0.233s] Level 1:colcon.colcon_core.package_discovery:discover_packages(path) check parameters
[0.233s] Level 1:colcon.colcon_core.package_discovery:discover_packages(colcon_meta) discover
[0.233s] Level 1:colcon.colcon_core.package_discovery:discover_packages(recursive) discover
[0.233s] INFO:colcon.colcon_core.package_discovery:Crawling recursively for packages in '/home/akun/workspace/CAR/real_ws'
[0.233s] Level 1:colcon.colcon_core.package_identification:_identify(.) by extensions ['ignore', 'ignore_ament_install']
[0.233s] Level 1:colcon.colcon_core.package_identification:_identify(.) by extension 'ignore'
[0.234s] Level 1:colcon.colcon_core.package_identification:_identify(.) by extension 'ignore_ament_install'
[0.234s] Level 1:colcon.colcon_core.package_identification:_identify(.) by extensions ['colcon_pkg']
[0.234s] Level 1:colcon.colcon_core.package_identification:_identify(.) by extension 'colcon_pkg'
[0.234s] Level 1:colcon.colcon_core.package_identification:_identify(.) by extensions ['colcon_meta']
[0.234s] Level 1:colcon.colcon_core.package_identification:_identify(.) by extension 'colcon_meta'
[0.234s] Level 1:colcon.colcon_core.package_identification:_identify(.) by extensions ['ros']
[0.234s] Level 1:colcon.colcon_core.package_identification:_identify(.) by extension 'ros'
[0.241s] Level 1:colcon.colcon_core.package_identification:_identify(.) by extensions ['cmake', 'python']
[0.241s] Level 1:colcon.colcon_core.package_identification:_identify(.) by extension 'cmake'
[0.241s] Level 1:colcon.colcon_core.package_identification:_identify(.) by extension 'python'
[0.241s] Level 1:colcon.colcon_core.package_identification:_identify(.) by extensions ['python_setup_py']
[0.241s] Level 1:colcon.colcon_core.package_identification:_identify(.) by extension 'python_setup_py'
[0.241s] Level 1:colcon.colcon_core.package_identification:_identify(build) by extensions ['ignore', 'ignore_ament_install']
[0.241s] Level 1:colcon.colcon_core.package_identification:_identify(build) by extension 'ignore'
[0.241s] Level 1:colcon.colcon_core.package_identification:_identify(build) ignored
[0.241s] Level 1:colcon.colcon_core.package_identification:_identify(convert_laser) by extensions ['ignore', 'ignore_ament_install']
[0.241s] Level 1:colcon.colcon_core.package_identification:_identify(convert_laser) by extension 'ignore'
[0.241s] Level 1:colcon.colcon_core.package_identification:_identify(convert_laser) by extension 'ignore_ament_install'
[0.241s] Level 1:colcon.colcon_core.package_identification:_identify(convert_laser) by extensions ['colcon_pkg']
[0.241s] Level 1:colcon.colcon_core.package_identification:_identify(convert_laser) by extension 'colcon_pkg'
[0.241s] Level 1:colcon.colcon_core.package_identification:_identify(convert_laser) by extensions ['colcon_meta']
[0.241s] Level 1:colcon.colcon_core.package_identification:_identify(convert_laser) by extension 'colcon_meta'
[0.241s] Level 1:colcon.colcon_core.package_identification:_identify(convert_laser) by extensions ['ros']
[0.241s] Level 1:colcon.colcon_core.package_identification:_identify(convert_laser) by extension 'ros'
[0.244s] DEBUG:colcon.colcon_core.package_identification:Package 'convert_laser' with type 'ros.ament_cmake' and name 'convert_laser'
[0.244s] Level 1:colcon.colcon_core.package_identification:_identify(install) by extensions ['ignore', 'ignore_ament_install']
[0.244s] Level 1:colcon.colcon_core.package_identification:_identify(install) by extension 'ignore'
[0.244s] Level 1:colcon.colcon_core.package_identification:_identify(install) ignored
[0.244s] Level 1:colcon.colcon_core.package_identification:_identify(launch_real) by extensions ['ignore', 'ignore_ament_install']
[0.245s] Level 1:colcon.colcon_core.package_identification:_identify(launch_real) by extension 'ignore'
[0.245s] Level 1:colcon.colcon_core.package_identification:_identify(launch_real) by extension 'ignore_ament_install'
[0.245s] Level 1:colcon.colcon_core.package_identification:_identify(launch_real) by extensions ['colcon_pkg']
[0.245s] Level 1:colcon.colcon_core.package_identification:_identify(launch_real) by extension 'colcon_pkg'
[0.245s] Level 1:colcon.colcon_core.package_identification:_identify(launch_real) by extensions ['colcon_meta']
[0.245s] Level 1:colcon.colcon_core.package_identification:_identify(launch_real) by extension 'colcon_meta'
[0.245s] Level 1:colcon.colcon_core.package_identification:_identify(launch_real) by extensions ['ros']
[0.245s] Level 1:colcon.colcon_core.package_identification:_identify(launch_real) by extension 'ros'
[0.245s] DEBUG:colcon.colcon_core.package_identification:Package 'launch_real' with type 'ros.ament_cmake' and name 'launch_real'
[0.245s] Level 1:colcon.colcon_core.package_identification:_identify(log) by extensions ['ignore', 'ignore_ament_install']
[0.246s] Level 1:colcon.colcon_core.package_identification:_identify(log) by extension 'ignore'
[0.246s] Level 1:colcon.colcon_core.package_identification:_identify(log) ignored
[0.246s] Level 1:colcon.colcon_core.package_identification:_identify(rosbag2_2025_07_28-15_32_37) by extensions ['ignore', 'ignore_ament_install']
[0.246s] Level 1:colcon.colcon_core.package_identification:_identify(rosbag2_2025_07_28-15_32_37) by extension 'ignore'
[0.246s] Level 1:colcon.colcon_core.package_identification:_identify(rosbag2_2025_07_28-15_32_37) by extension 'ignore_ament_install'
[0.246s] Level 1:colcon.colcon_core.package_identification:_identify(rosbag2_2025_07_28-15_32_37) by extensions ['colcon_pkg']
[0.246s] Level 1:colcon.colcon_core.package_identification:_identify(rosbag2_2025_07_28-15_32_37) by extension 'colcon_pkg'
[0.246s] Level 1:colcon.colcon_core.package_identification:_identify(rosbag2_2025_07_28-15_32_37) by extensions ['colcon_meta']
[0.246s] Level 1:colcon.colcon_core.package_identification:_identify(rosbag2_2025_07_28-15_32_37) by extension 'colcon_meta'
[0.246s] Level 1:colcon.colcon_core.package_identification:_identify(rosbag2_2025_07_28-15_32_37) by extensions ['ros']
[0.246s] Level 1:colcon.colcon_core.package_identification:_identify(rosbag2_2025_07_28-15_32_37) by extension 'ros'
[0.246s] Level 1:colcon.colcon_core.package_identification:_identify(rosbag2_2025_07_28-15_32_37) by extensions ['cmake', 'python']
[0.246s] Level 1:colcon.colcon_core.package_identification:_identify(rosbag2_2025_07_28-15_32_37) by extension 'cmake'
[0.246s] Level 1:colcon.colcon_core.package_identification:_identify(rosbag2_2025_07_28-15_32_37) by extension 'python'
[0.246s] Level 1:colcon.colcon_core.package_identification:_identify(rosbag2_2025_07_28-15_32_37) by extensions ['python_setup_py']
[0.246s] Level 1:colcon.colcon_core.package_identification:_identify(rosbag2_2025_07_28-15_32_37) by extension 'python_setup_py'
[0.246s] Level 1:colcon.colcon_core.package_discovery:discover_packages(recursive) using defaults
[0.246s] Level 1:colcon.colcon_core.package_discovery:discover_packages(ignore) discover
[0.246s] Level 1:colcon.colcon_core.package_discovery:discover_packages(ignore) using defaults
[0.246s] Level 1:colcon.colcon_core.package_discovery:discover_packages(path) discover
[0.246s] Level 1:colcon.colcon_core.package_discovery:discover_packages(path) using defaults
[0.258s] Level 1:colcon.colcon_core.package_discovery:discover_packages(prefix_path) check parameters
[0.258s] Level 1:colcon.colcon_core.package_discovery:discover_packages(prefix_path) discover
[0.258s] WARNING:colcon.colcon_ros.prefix_path.catkin:The path '/tmp/usr/local' in the environment variable CMAKE_PREFIX_PATH doesn't exist
[0.259s] DEBUG:colcon.colcon_installed_package_information.package_discovery:Found 3 installed packages in /home/akun/workspace/CAR/simulation_ws/install
[0.259s] DEBUG:colcon.colcon_installed_package_information.package_discovery:Found 1 installed packages in /home/akun/workspace/CAR/LIO-SAM/install
[0.260s] DEBUG:colcon.colcon_installed_package_information.package_discovery:Found 2 installed packages in /home/akun/workspace/CAR/1_URDF_ws/install
[0.260s] DEBUG:colcon.colcon_installed_package_information.package_discovery:Found 1 installed packages in /home/akun/workspace/CAR/livox_ros_driver2/install
[0.260s] DEBUG:colcon.colcon_installed_package_information.package_discovery:Found 2 installed packages in /home/akun/workspace/CAR/real_ws/install
[0.260s] DEBUG:colcon.colcon_installed_package_information.package_discovery:Found 2 installed packages in /home/akun/workspace/CAR/yesense_ros2/install
[0.261s] DEBUG:colcon.colcon_installed_package_information.package_discovery:Found 1 installed packages in /home/akun/workspace/CAR/serial_ros2/install
[0.262s] DEBUG:colcon.colcon_installed_package_information.package_discovery:Found 334 installed packages in /opt/ros/humble
[0.268s] Level 1:colcon.colcon_core.package_discovery:discover_packages(prefix_path) using defaults
[0.291s] Level 5:colcon.colcon_core.verb:set package 'convert_laser' build argument 'cmake_args' from command line to 'None'
[0.291s] Level 5:colcon.colcon_core.verb:set package 'convert_laser' build argument 'cmake_target' from command line to 'None'
[0.291s] Level 5:colcon.colcon_core.verb:set package 'convert_laser' build argument 'cmake_target_skip_unavailable' from command line to 'False'
[0.291s] Level 5:colcon.colcon_core.verb:set package 'convert_laser' build argument 'cmake_clean_cache' from command line to 'False'
[0.291s] Level 5:colcon.colcon_core.verb:set package 'convert_laser' build argument 'cmake_clean_first' from command line to 'False'
[0.291s] Level 5:colcon.colcon_core.verb:set package 'convert_laser' build argument 'cmake_force_configure' from command line to 'False'
[0.291s] Level 5:colcon.colcon_core.verb:set package 'convert_laser' build argument 'ament_cmake_args' from command line to 'None'
[0.291s] Level 5:colcon.colcon_core.verb:set package 'convert_laser' build argument 'catkin_cmake_args' from command line to 'None'
[0.291s] Level 5:colcon.colcon_core.verb:set package 'convert_laser' build argument 'catkin_skip_building_tests' from command line to 'False'
[0.291s] DEBUG:colcon.colcon_core.verb:Building package 'convert_laser' with the following arguments: {'ament_cmake_args': None, 'build_base': '/home/akun/workspace/CAR/real_ws/build/convert_laser', 'catkin_cmake_args': None, 'catkin_skip_building_tests': False, 'cmake_args': None, 'cmake_clean_cache': False, 'cmake_clean_first': False, 'cmake_force_configure': False, 'cmake_target': None, 'cmake_target_skip_unavailable': False, 'install_base': '/home/akun/workspace/CAR/real_ws/install/convert_laser', 'merge_install': False, 'path': '/home/akun/workspace/CAR/real_ws/convert_laser', 'symlink_install': False, 'test_result_base': None}
[0.291s] Level 5:colcon.colcon_core.verb:set package 'launch_real' build argument 'cmake_args' from command line to 'None'
[0.291s] Level 5:colcon.colcon_core.verb:set package 'launch_real' build argument 'cmake_target' from command line to 'None'
[0.292s] Level 5:colcon.colcon_core.verb:set package 'launch_real' build argument 'cmake_target_skip_unavailable' from command line to 'False'
[0.292s] Level 5:colcon.colcon_core.verb:set package 'launch_real' build argument 'cmake_clean_cache' from command line to 'False'
[0.292s] Level 5:colcon.colcon_core.verb:set package 'launch_real' build argument 'cmake_clean_first' from command line to 'False'
[0.292s] Level 5:colcon.colcon_core.verb:set package 'launch_real' build argument 'cmake_force_configure' from command line to 'False'
[0.292s] Level 5:colcon.colcon_core.verb:set package 'launch_real' build argument 'ament_cmake_args' from command line to 'None'
[0.292s] Level 5:colcon.colcon_core.verb:set package 'launch_real' build argument 'catkin_cmake_args' from command line to 'None'
[0.292s] Level 5:colcon.colcon_core.verb:set package 'launch_real' build argument 'catkin_skip_building_tests' from command line to 'False'
[0.292s] DEBUG:colcon.colcon_core.verb:Building package 'launch_real' with the following arguments: {'ament_cmake_args': None, 'build_base': '/home/akun/workspace/CAR/real_ws/build/launch_real', 'catkin_cmake_args': None, 'catkin_skip_building_tests': False, 'cmake_args': None, 'cmake_clean_cache': False, 'cmake_clean_first': False, 'cmake_force_configure': False, 'cmake_target': None, 'cmake_target_skip_unavailable': False, 'install_base': '/home/akun/workspace/CAR/real_ws/install/launch_real', 'merge_install': False, 'path': '/home/akun/workspace/CAR/real_ws/launch_real', 'symlink_install': False, 'test_result_base': None}
[0.292s] INFO:colcon.colcon_core.executor:Executing jobs using 'parallel' executor
[0.292s] DEBUG:colcon.colcon_parallel_executor.executor.parallel:run_until_complete
[0.293s] INFO:colcon.colcon_ros.task.ament_cmake.build:Building ROS package in '/home/akun/workspace/CAR/real_ws/convert_laser' with build type 'ament_cmake'
[0.293s] INFO:colcon.colcon_cmake.task.cmake.build:Building CMake package in '/home/akun/workspace/CAR/real_ws/convert_laser'
[0.295s] INFO:colcon.colcon_core.plugin_system:Skipping extension 'colcon_core.shell.bat': Not used on non-Windows systems
[0.295s] INFO:colcon.colcon_core.shell:Skip shell extension 'powershell' for command environment: Not usable outside of PowerShell
[0.295s] DEBUG:colcon.colcon_core.shell:Skip shell extension 'dsv' for command environment
[0.299s] INFO:colcon.colcon_ros.task.ament_cmake.build:Building ROS package in '/home/akun/workspace/CAR/real_ws/launch_real' with build type 'ament_cmake'
[0.299s] INFO:colcon.colcon_cmake.task.cmake.build:Building CMake package in '/home/akun/workspace/CAR/real_ws/launch_real'
[0.299s] INFO:colcon.colcon_core.shell:Skip shell extension 'powershell' for command environment: Not usable outside of PowerShell
[0.299s] DEBUG:colcon.colcon_core.shell:Skip shell extension 'dsv' for command environment
[0.307s] DEBUG:colcon.colcon_core.event_handler.log_command:Invoking command in '/home/akun/workspace/CAR/real_ws/build/convert_laser': CMAKE_PREFIX_PATH=${CMAKE_PREFIX_PATH}:/opt/ros/humble /usr/bin/cmake --build /home/akun/workspace/CAR/real_ws/build/convert_laser -- -j32 -l32
[0.311s] DEBUG:colcon.colcon_core.event_handler.log_command:Invoking command in '/home/akun/workspace/CAR/real_ws/build/launch_real': CMAKE_PREFIX_PATH=${CMAKE_PREFIX_PATH}:/opt/ros/humble /usr/bin/cmake --build /home/akun/workspace/CAR/real_ws/build/launch_real -- -j32 -l32
[0.335s] DEBUG:colcon.colcon_core.event_handler.log_command:Invoked command in '/home/akun/workspace/CAR/real_ws/build/launch_real' returned '0': CMAKE_PREFIX_PATH=${CMAKE_PREFIX_PATH}:/opt/ros/humble /usr/bin/cmake --build /home/akun/workspace/CAR/real_ws/build/launch_real -- -j32 -l32
[0.341s] DEBUG:colcon.colcon_core.event_handler.log_command:Invoking command in '/home/akun/workspace/CAR/real_ws/build/launch_real': CMAKE_PREFIX_PATH=${CMAKE_PREFIX_PATH}:/opt/ros/humble /usr/bin/cmake --install /home/akun/workspace/CAR/real_ws/build/launch_real
[0.348s] Level 1:colcon.colcon_core.environment:create_environment_scripts_only(launch_real)
[0.349s] DEBUG:colcon.colcon_core.event_handler.log_command:Invoked command in '/home/akun/workspace/CAR/real_ws/build/launch_real' returned '0': CMAKE_PREFIX_PATH=${CMAKE_PREFIX_PATH}:/opt/ros/humble /usr/bin/cmake --install /home/akun/workspace/CAR/real_ws/build/launch_real
[0.350s] Level 1:colcon.colcon_core.environment:checking '/home/akun/workspace/CAR/real_ws/install/launch_real' for CMake module files
[0.350s] Level 1:colcon.colcon_core.environment:checking '/home/akun/workspace/CAR/real_ws/install/launch_real' for CMake config files
[0.350s] Level 1:colcon.colcon_core.shell:create_environment_hook('launch_real', 'cmake_prefix_path')
[0.350s] INFO:colcon.colcon_core.shell:Creating environment hook '/home/akun/workspace/CAR/real_ws/install/launch_real/share/launch_real/hook/cmake_prefix_path.ps1'
[0.351s] INFO:colcon.colcon_core.shell:Creating environment descriptor '/home/akun/workspace/CAR/real_ws/install/launch_real/share/launch_real/hook/cmake_prefix_path.dsv'
[0.351s] INFO:colcon.colcon_core.shell:Creating environment hook '/home/akun/workspace/CAR/real_ws/install/launch_real/share/launch_real/hook/cmake_prefix_path.sh'
[0.351s] Level 1:colcon.colcon_core.environment:checking '/home/akun/workspace/CAR/real_ws/install/launch_real/bin'
[0.351s] Level 1:colcon.colcon_core.environment:checking '/home/akun/workspace/CAR/real_ws/install/launch_real/lib/pkgconfig/launch_real.pc'
[0.352s] Level 1:colcon.colcon_core.environment:checking '/home/akun/workspace/CAR/real_ws/install/launch_real/lib/python3.10/site-packages'
[0.352s] Level 1:colcon.colcon_core.environment:checking '/home/akun/workspace/CAR/real_ws/install/launch_real/bin'
[0.352s] INFO:colcon.colcon_core.shell:Creating package script '/home/akun/workspace/CAR/real_ws/install/launch_real/share/launch_real/package.ps1'
[0.352s] INFO:colcon.colcon_core.shell:Creating package descriptor '/home/akun/workspace/CAR/real_ws/install/launch_real/share/launch_real/package.dsv'
[0.353s] INFO:colcon.colcon_core.shell:Creating package script '/home/akun/workspace/CAR/real_ws/install/launch_real/share/launch_real/package.sh'
[0.353s] INFO:colcon.colcon_core.shell:Creating package script '/home/akun/workspace/CAR/real_ws/install/launch_real/share/launch_real/package.bash'
[0.353s] INFO:colcon.colcon_core.shell:Creating package script '/home/akun/workspace/CAR/real_ws/install/launch_real/share/launch_real/package.zsh'
[0.354s] Level 1:colcon.colcon_core.environment:create_file_with_runtime_dependencies(/home/akun/workspace/CAR/real_ws/install/launch_real/share/colcon-core/packages/launch_real)
[0.354s] Level 1:colcon.colcon_core.environment:create_environment_scripts_only(launch_real)
[0.354s] Level 1:colcon.colcon_core.environment:checking '/home/akun/workspace/CAR/real_ws/install/launch_real' for CMake module files
[0.354s] Level 1:colcon.colcon_core.environment:checking '/home/akun/workspace/CAR/real_ws/install/launch_real' for CMake config files
[0.354s] Level 1:colcon.colcon_core.shell:create_environment_hook('launch_real', 'cmake_prefix_path')
[0.354s] INFO:colcon.colcon_core.shell:Creating environment hook '/home/akun/workspace/CAR/real_ws/install/launch_real/share/launch_real/hook/cmake_prefix_path.ps1'
[0.355s] INFO:colcon.colcon_core.shell:Creating environment descriptor '/home/akun/workspace/CAR/real_ws/install/launch_real/share/launch_real/hook/cmake_prefix_path.dsv'
[0.355s] INFO:colcon.colcon_core.shell:Creating environment hook '/home/akun/workspace/CAR/real_ws/install/launch_real/share/launch_real/hook/cmake_prefix_path.sh'
[0.355s] Level 1:colcon.colcon_core.environment:checking '/home/akun/workspace/CAR/real_ws/install/launch_real/bin'
[0.355s] Level 1:colcon.colcon_core.environment:checking '/home/akun/workspace/CAR/real_ws/install/launch_real/lib/pkgconfig/launch_real.pc'
[0.355s] Level 1:colcon.colcon_core.environment:checking '/home/akun/workspace/CAR/real_ws/install/launch_real/lib/python3.10/site-packages'
[0.355s] Level 1:colcon.colcon_core.environment:checking '/home/akun/workspace/CAR/real_ws/install/launch_real/bin'
[0.356s] INFO:colcon.colcon_core.shell:Creating package script '/home/akun/workspace/CAR/real_ws/install/launch_real/share/launch_real/package.ps1'
[0.356s] INFO:colcon.colcon_core.shell:Creating package descriptor '/home/akun/workspace/CAR/real_ws/install/launch_real/share/launch_real/package.dsv'
[0.356s] INFO:colcon.colcon_core.shell:Creating package script '/home/akun/workspace/CAR/real_ws/install/launch_real/share/launch_real/package.sh'
[0.357s] INFO:colcon.colcon_core.shell:Creating package script '/home/akun/workspace/CAR/real_ws/install/launch_real/share/launch_real/package.bash'
[0.357s] INFO:colcon.colcon_core.shell:Creating package script '/home/akun/workspace/CAR/real_ws/install/launch_real/share/launch_real/package.zsh'
[0.357s] Level 1:colcon.colcon_core.environment:create_file_with_runtime_dependencies(/home/akun/workspace/CAR/real_ws/install/launch_real/share/colcon-core/packages/launch_real)
[8.674s] DEBUG:colcon.colcon_core.event_handler.log_command:Invoked command in '/home/akun/workspace/CAR/real_ws/build/convert_laser' returned '0': CMAKE_PREFIX_PATH=${CMAKE_PREFIX_PATH}:/opt/ros/humble /usr/bin/cmake --build /home/akun/workspace/CAR/real_ws/build/convert_laser -- -j32 -l32
[8.676s] DEBUG:colcon.colcon_core.event_handler.log_command:Invoking command in '/home/akun/workspace/CAR/real_ws/build/convert_laser': CMAKE_PREFIX_PATH=${CMAKE_PREFIX_PATH}:/opt/ros/humble /usr/bin/cmake --install /home/akun/workspace/CAR/real_ws/build/convert_laser
[8.686s] Level 1:colcon.colcon_core.environment:create_environment_scripts_only(convert_laser)
[8.686s] Level 1:colcon.colcon_core.environment:checking '/home/akun/workspace/CAR/real_ws/install/convert_laser' for CMake module files
[8.686s] DEBUG:colcon.colcon_core.event_handler.log_command:Invoked command in '/home/akun/workspace/CAR/real_ws/build/convert_laser' returned '0': CMAKE_PREFIX_PATH=${CMAKE_PREFIX_PATH}:/opt/ros/humble /usr/bin/cmake --install /home/akun/workspace/CAR/real_ws/build/convert_laser
[8.687s] Level 1:colcon.colcon_core.environment:checking '/home/akun/workspace/CAR/real_ws/install/convert_laser' for CMake config files
[8.687s] Level 1:colcon.colcon_core.shell:create_environment_hook('convert_laser', 'cmake_prefix_path')
[8.687s] INFO:colcon.colcon_core.shell:Creating environment hook '/home/akun/workspace/CAR/real_ws/install/convert_laser/share/convert_laser/hook/cmake_prefix_path.ps1'
[8.687s] INFO:colcon.colcon_core.shell:Creating environment descriptor '/home/akun/workspace/CAR/real_ws/install/convert_laser/share/convert_laser/hook/cmake_prefix_path.dsv'
[8.687s] INFO:colcon.colcon_core.shell:Creating environment hook '/home/akun/workspace/CAR/real_ws/install/convert_laser/share/convert_laser/hook/cmake_prefix_path.sh'
[8.688s] Level 1:colcon.colcon_core.environment:checking '/home/akun/workspace/CAR/real_ws/install/convert_laser/lib'
[8.688s] Level 1:colcon.colcon_core.environment:checking '/home/akun/workspace/CAR/real_ws/install/convert_laser/bin'
[8.688s] Level 1:colcon.colcon_core.environment:checking '/home/akun/workspace/CAR/real_ws/install/convert_laser/lib/pkgconfig/convert_laser.pc'
[8.688s] Level 1:colcon.colcon_core.environment:checking '/home/akun/workspace/CAR/real_ws/install/convert_laser/lib/python3.10/site-packages'
[8.688s] Level 1:colcon.colcon_core.environment:checking '/home/akun/workspace/CAR/real_ws/install/convert_laser/bin'
[8.688s] INFO:colcon.colcon_core.shell:Creating package script '/home/akun/workspace/CAR/real_ws/install/convert_laser/share/convert_laser/package.ps1'
[8.689s] INFO:colcon.colcon_core.shell:Creating package descriptor '/home/akun/workspace/CAR/real_ws/install/convert_laser/share/convert_laser/package.dsv'
[8.689s] INFO:colcon.colcon_core.shell:Creating package script '/home/akun/workspace/CAR/real_ws/install/convert_laser/share/convert_laser/package.sh'
[8.689s] INFO:colcon.colcon_core.shell:Creating package script '/home/akun/workspace/CAR/real_ws/install/convert_laser/share/convert_laser/package.bash'
[8.689s] INFO:colcon.colcon_core.shell:Creating package script '/home/akun/workspace/CAR/real_ws/install/convert_laser/share/convert_laser/package.zsh'
[8.690s] Level 1:colcon.colcon_core.environment:create_file_with_runtime_dependencies(/home/akun/workspace/CAR/real_ws/install/convert_laser/share/colcon-core/packages/convert_laser)
[8.690s] Level 1:colcon.colcon_core.environment:create_environment_scripts_only(convert_laser)
[8.690s] Level 1:colcon.colcon_core.environment:checking '/home/akun/workspace/CAR/real_ws/install/convert_laser' for CMake module files
[8.690s] Level 1:colcon.colcon_core.environment:checking '/home/akun/workspace/CAR/real_ws/install/convert_laser' for CMake config files
[8.690s] Level 1:colcon.colcon_core.shell:create_environment_hook('convert_laser', 'cmake_prefix_path')
[8.690s] INFO:colcon.colcon_core.shell:Creating environment hook '/home/akun/workspace/CAR/real_ws/install/convert_laser/share/convert_laser/hook/cmake_prefix_path.ps1'
[8.691s] INFO:colcon.colcon_core.shell:Creating environment descriptor '/home/akun/workspace/CAR/real_ws/install/convert_laser/share/convert_laser/hook/cmake_prefix_path.dsv'
[8.691s] INFO:colcon.colcon_core.shell:Creating environment hook '/home/akun/workspace/CAR/real_ws/install/convert_laser/share/convert_laser/hook/cmake_prefix_path.sh'
[8.691s] Level 1:colcon.colcon_core.environment:checking '/home/akun/workspace/CAR/real_ws/install/convert_laser/lib'
[8.691s] Level 1:colcon.colcon_core.environment:checking '/home/akun/workspace/CAR/real_ws/install/convert_laser/bin'
[8.691s] Level 1:colcon.colcon_core.environment:checking '/home/akun/workspace/CAR/real_ws/install/convert_laser/lib/pkgconfig/convert_laser.pc'
[8.692s] Level 1:colcon.colcon_core.environment:checking '/home/akun/workspace/CAR/real_ws/install/convert_laser/lib/python3.10/site-packages'
[8.692s] Level 1:colcon.colcon_core.environment:checking '/home/akun/workspace/CAR/real_ws/install/convert_laser/bin'
[8.692s] INFO:colcon.colcon_core.shell:Creating package script '/home/akun/workspace/CAR/real_ws/install/convert_laser/share/convert_laser/package.ps1'
[8.692s] INFO:colcon.colcon_core.shell:Creating package descriptor '/home/akun/workspace/CAR/real_ws/install/convert_laser/share/convert_laser/package.dsv'
[8.693s] INFO:colcon.colcon_core.shell:Creating package script '/home/akun/workspace/CAR/real_ws/install/convert_laser/share/convert_laser/package.sh'
[8.693s] INFO:colcon.colcon_core.shell:Creating package script '/home/akun/workspace/CAR/real_ws/install/convert_laser/share/convert_laser/package.bash'
[8.693s] INFO:colcon.colcon_core.shell:Creating package script '/home/akun/workspace/CAR/real_ws/install/convert_laser/share/convert_laser/package.zsh'
[8.693s] Level 1:colcon.colcon_core.environment:create_file_with_runtime_dependencies(/home/akun/workspace/CAR/real_ws/install/convert_laser/share/colcon-core/packages/convert_laser)
[8.694s] DEBUG:colcon.colcon_parallel_executor.executor.parallel:closing loop
[8.694s] DEBUG:colcon.colcon_parallel_executor.executor.parallel:loop closed
[8.694s] DEBUG:colcon.colcon_parallel_executor.executor.parallel:run_until_complete finished with '0'
[8.695s] DEBUG:colcon.colcon_core.event_reactor:joining thread
[8.749s] INFO:colcon.colcon_core.plugin_system:Skipping extension 'colcon_notification.desktop_notification.notify_send': Could not find 'notify-send'
[8.749s] INFO:colcon.colcon_core.plugin_system:Skipping extension 'colcon_notification.desktop_notification.terminal_notifier': Not used on non-Darwin systems
[8.749s] INFO:colcon.colcon_core.plugin_system:Skipping extension 'colcon_notification.desktop_notification.win32': Not used on non-Windows systems
[8.749s] INFO:colcon.colcon_notification.desktop_notification:Sending desktop notification using 'notify2'
[8.749s] DEBUG:colcon.colcon_notification.desktop_notification.notify2:Failed to initialize notify2: org.freedesktop.DBus.Error.FileNotFound: Failed to connect to socket /run/user/1000/bus: No such file or directory
[8.750s] DEBUG:colcon.colcon_core.event_reactor:joined thread
[8.750s] INFO:colcon.colcon_core.shell:Creating prefix script '/home/akun/workspace/CAR/real_ws/install/local_setup.ps1'
[8.750s] INFO:colcon.colcon_core.shell:Creating prefix util module '/home/akun/workspace/CAR/real_ws/install/_local_setup_util_ps1.py'
[8.751s] INFO:colcon.colcon_core.shell:Creating prefix chain script '/home/akun/workspace/CAR/real_ws/install/setup.ps1'
[8.752s] INFO:colcon.colcon_core.shell:Creating prefix script '/home/akun/workspace/CAR/real_ws/install/local_setup.sh'
[8.752s] INFO:colcon.colcon_core.shell:Creating prefix util module '/home/akun/workspace/CAR/real_ws/install/_local_setup_util_sh.py'
[8.752s] INFO:colcon.colcon_core.shell:Creating prefix chain script '/home/akun/workspace/CAR/real_ws/install/setup.sh'
[8.753s] INFO:colcon.colcon_core.shell:Creating prefix script '/home/akun/workspace/CAR/real_ws/install/local_setup.bash'
[8.754s] INFO:colcon.colcon_core.shell:Creating prefix chain script '/home/akun/workspace/CAR/real_ws/install/setup.bash'
[8.754s] INFO:colcon.colcon_core.shell:Creating prefix script '/home/akun/workspace/CAR/real_ws/install/local_setup.zsh'
[8.755s] INFO:colcon.colcon_core.shell:Creating prefix chain script '/home/akun/workspace/CAR/real_ws/install/setup.zsh'
