[0.008s] Invoking command in '/home/akun/workspace/CAR/real_ws/build/convert_laser': CMAKE_PREFIX_PATH=${CMAKE_PREFIX_PATH}:/opt/ros/humble /usr/bin/cmake --build /home/akun/workspace/CAR/real_ws/build/convert_laser -- -j32 -l32
[0.031s] [35m[1mConsolidate compiler generated dependencies of target convert[0m
[0.040s] [ 50%] [32mBuilding CXX object CMakeFiles/convert.dir/src/convert.cpp.o[0m
[1.412s] [01m[K/home/akun/workspace/CAR/real_ws/convert_laser/src/convert.cpp:17:44:[m[K [01;31m[Kerror: [m[K‘[01m[KImu[m[K’ is not a member of ‘[01m[Ksensor_msgs::msg[m[K’
[1.412s]    17 |     rclcpp::Subscription<sensor_msgs::msg::[01;31m[KImu[m[K>::SharedPtr subscriber_imu;
[1.412s]       |                                            [01;31m[K^~~[m[K
[1.412s] [01m[K/home/akun/workspace/CAR/real_ws/convert_laser/src/convert.cpp:17:47:[m[K [01;31m[Kerror: [m[Ktemplate argument 1 is invalid
[1.412s]    17 |     rclcpp::Subscription<sensor_msgs::msg::Imu[01;31m[K>[m[K::SharedPtr subscriber_imu;
[1.412s]       |                                               [01;31m[K^[m[K
[1.412s] [01m[K/home/akun/workspace/CAR/real_ws/convert_laser/src/convert.cpp:17:47:[m[K [01;31m[Kerror: [m[Ktemplate argument 3 is invalid
[1.412s] [01m[K/home/akun/workspace/CAR/real_ws/convert_laser/src/convert.cpp:17:47:[m[K [01;31m[Kerror: [m[Ktemplate argument 4 is invalid
[1.412s] [01m[K/home/akun/workspace/CAR/real_ws/convert_laser/src/convert.cpp:17:47:[m[K [01;31m[Kerror: [m[Ktemplate argument 5 is invalid
[1.412s] [01m[K/home/akun/workspace/CAR/real_ws/convert_laser/src/convert.cpp:17:50:[m[K [01;31m[Kerror: [m[Kexpected ‘[01m[K;[m[K’ at end of member declaration
[1.412s]    17 |     rclcpp::Subscription<sensor_msgs::msg::Imu>::[01;31m[KSharedPtr[m[K subscriber_imu;
[1.413s]       |                                                  [01;31m[K^~~~~~~~~[m[K
[1.413s]       |                                                           [32m[K;[m[K
[1.413s] [01m[K/home/akun/workspace/CAR/real_ws/convert_laser/src/convert.cpp:17:60:[m[K [01;31m[Kerror: [m[K‘[01m[Ksubscriber_imu[m[K’ does not name a type; did you mean ‘[01m[KSubscriber[m[K’?
[1.414s]    17 |     rclcpp::Subscription<sensor_msgs::msg::Imu>::SharedPtr [01;31m[Ksubscriber_imu[m[K;
[1.414s]       |                                                            [01;31m[K^~~~~~~~~~~~~~[m[K
[1.414s]       |                                                            [32m[KSubscriber[m[K
[1.414s] [01m[K/home/akun/workspace/CAR/real_ws/convert_laser/src/convert.cpp:150:43:[m[K [01;31m[Kerror: [m[K‘[01m[Ksensor_msgs::msg::Imu[m[K’ has not been declared
[1.414s]   150 |     void callback_laser(sensor_msgs::msg::[01;31m[KImu[m[K::SharedPtr imus)
[1.414s]       |                                           [01;31m[K^~~[m[K
[1.414s] [01m[K/home/akun/workspace/CAR/real_ws/convert_laser/src/convert.cpp:150:58:[m[K [01;31m[Kerror: [m[Kexpected ‘[01m[K,[m[K’ or ‘[01m[K...[m[K’ before ‘[01m[Kimus[m[K’
[1.414s]   150 |     void callback_laser(sensor_msgs::msg::Imu::SharedPtr [01;31m[Kimus[m[K)
[1.414s]       |                                                          [01;31m[K^~~~[m[K
[1.415s] [01m[K/home/akun/workspace/CAR/real_ws/convert_laser/src/convert.cpp:[m[K In constructor ‘[01m[KSubscriber::Subscriber(const string&)[m[K’:
[1.415s] [01m[K/home/akun/workspace/CAR/real_ws/convert_laser/src/convert.cpp:23:26:[m[K [01;31m[Kerror: [m[Kno matching function for call to ‘[01m[Kbind(<unresolved overloaded function type>, Subscriber*, const std::_Placeholder<1>&)[m[K’
[1.415s]    23 |                 [01;31m[Kstd::bind(&Subscriber::callback_laser, this, std::placeholders::_1)[m[K);
[1.415s]       |                 [01;31m[K~~~~~~~~~^~~~~~~~~~~~~~~~~~~~~~~~~~~~~~~~~~~~~~~~~~~~~~~~~~~~~~~~~~[m[K
[1.415s] In file included from [01m[K/usr/include/c++/11/pstl/glue_algorithm_defs.h:13[m[K,
[1.415s]                  from [01m[K/usr/include/c++/11/algorithm:74[m[K,
[1.415s]                  from [01m[K/opt/ros/humble/include/rclcpp/rclcpp/executor.hpp:18[m[K,
[1.415s]                  from [01m[K/opt/ros/humble/include/rclcpp/rclcpp/executors/multi_threaded_executor.hpp:25[m[K,
[1.415s]                  from [01m[K/opt/ros/humble/include/rclcpp/rclcpp/executors.hpp:21[m[K,
[1.415s]                  from [01m[K/opt/ros/humble/include/rclcpp/rclcpp/rclcpp.hpp:155[m[K,
[1.415s]                  from [01m[K/home/akun/workspace/CAR/real_ws/convert_laser/src/convert.cpp:1[m[K:
[1.415s] [01m[K/usr/include/c++/11/functional:789:5:[m[K [01;36m[Knote: [m[Kcandidate: ‘[01m[Ktemplate<class _Func, class ... _BoundArgs> typename std::_Bind_helper<std::__is_socketlike<_Func>::value, _Func, _BoundArgs ...>::type std::bind(_Func&&, _BoundArgs&& ...)[m[K’
[1.415s]   789 |     [01;36m[Kbind[m[K(_Func&& __f, _BoundArgs&&... __args)
[1.415s]       |     [01;36m[K^~~~[m[K
[1.415s] [01m[K/usr/include/c++/11/functional:789:5:[m[K [01;36m[Knote: [m[K  template argument deduction/substitution failed:
[1.415s] [01m[K/home/akun/workspace/CAR/real_ws/convert_laser/src/convert.cpp:23:26:[m[K [01;36m[Knote: [m[K  couldn’t deduce template parameter ‘[01m[K_Func[m[K’
[1.415s]    23 |                 [01;36m[Kstd::bind(&Subscriber::callback_laser, this, std::placeholders::_1)[m[K);
[1.415s]       |                 [01;36m[K~~~~~~~~~^~~~~~~~~~~~~~~~~~~~~~~~~~~~~~~~~~~~~~~~~~~~~~~~~~~~~~~~~~[m[K
[1.415s] In file included from [01m[K/usr/include/c++/11/pstl/glue_algorithm_defs.h:13[m[K,
[1.415s]                  from [01m[K/usr/include/c++/11/algorithm:74[m[K,
[1.415s]                  from [01m[K/opt/ros/humble/include/rclcpp/rclcpp/executor.hpp:18[m[K,
[1.415s]                  from [01m[K/opt/ros/humble/include/rclcpp/rclcpp/executors/multi_threaded_executor.hpp:25[m[K,
[1.415s]                  from [01m[K/opt/ros/humble/include/rclcpp/rclcpp/executors.hpp:21[m[K,
[1.415s]                  from [01m[K/opt/ros/humble/include/rclcpp/rclcpp/rclcpp.hpp:155[m[K,
[1.415s]                  from [01m[K/home/akun/workspace/CAR/real_ws/convert_laser/src/convert.cpp:1[m[K:
[1.415s] [01m[K/usr/include/c++/11/functional:813:5:[m[K [01;36m[Knote: [m[Kcandidate: ‘[01m[Ktemplate<class _Result, class _Func, class ... _BoundArgs> typename std::_Bindres_helper<_Result, _Func, _BoundArgs>::type std::bind(_Func&&, _BoundArgs&& ...)[m[K’
[1.415s]   813 |     [01;36m[Kbind[m[K(_Func&& __f, _BoundArgs&&... __args)
[1.415s]       |     [01;36m[K^~~~[m[K
[1.415s] [01m[K/usr/include/c++/11/functional:813:5:[m[K [01;36m[Knote: [m[K  template argument deduction/substitution failed:
[1.415s] [01m[K/home/akun/workspace/CAR/real_ws/convert_laser/src/convert.cpp:23:26:[m[K [01;36m[Knote: [m[K  couldn’t deduce template parameter ‘[01m[K_Result[m[K’
[1.415s]    23 |                 [01;36m[Kstd::bind(&Subscriber::callback_laser, this, std::placeholders::_1)[m[K);
[1.415s]       |                 [01;36m[K~~~~~~~~~^~~~~~~~~~~~~~~~~~~~~~~~~~~~~~~~~~~~~~~~~~~~~~~~~~~~~~~~~~[m[K
[1.416s] [01m[K/home/akun/workspace/CAR/real_ws/convert_laser/src/convert.cpp:26:15:[m[K [01;31m[Kerror: [m[K‘[01m[Kclass Subscriber[m[K’ has no member named ‘[01m[Ksubscriber_imu[m[K’; did you mean ‘[01m[KSubscriber[m[K’?
[1.416s]    26 |         this->[01;31m[Ksubscriber_imu[m[K = this->create_subscription<sensor_msgs::msg::Imu>("/livox/imu",
[1.416s]       |               [01;31m[K^~~~~~~~~~~~~~[m[K
[1.416s]       |               [32m[KSubscriber[m[K
[1.417s] [01m[K/home/akun/workspace/CAR/real_ws/convert_laser/src/convert.cpp:26:76:[m[K [01;31m[Kerror: [m[K‘[01m[KImu[m[K’ is not a member of ‘[01m[Ksensor_msgs::msg[m[K’
[1.417s]    26 |         this->subscriber_imu = this->create_subscription<sensor_msgs::msg::[01;31m[KImu[m[K>("/livox/imu",
[1.417s]       |                                                                            [01;31m[K^~~[m[K
[1.417s] [01m[K/home/akun/workspace/CAR/real_ws/convert_laser/src/convert.cpp:28:40:[m[K [01;31m[Kerror: [m[K‘[01m[Kcallback_imu[m[K’ is not a member of ‘[01m[KSubscriber[m[K’
[1.417s]    28 |                 std::bind(&Subscriber::[01;31m[Kcallback_imu[m[K, this, std::placeholders::_1));
[1.417s]       |                                        [01;31m[K^~~~~~~~~~~~[m[K
[1.419s] [01m[K/home/akun/workspace/CAR/real_ws/convert_laser/src/convert.cpp:[m[K In member function ‘[01m[Kvoid Subscriber::callback_laser(livox_ros_driver2::msg::CustomMsg_<std::allocator<void> >::SharedPtr)[m[K’:
[1.419s] [01m[K/home/akun/workspace/CAR/real_ws/convert_laser/src/convert.cpp:125:27:[m[K [01;35m[Kwarning: [m[Kleft operand of comma operator has no effect [[01;35m[K]8;;https://gcc.gnu.org/onlinedocs/gcc/Warning-Options.html#index-Wunused-value-Wunused-value]8;;[m[K]
[1.420s]   125 |                    [01;35m[Kcloud2.width[m[K, custom->point_num);
[1.420s]       |                    [01;35m[K~~~~~~~^~~~~[m[K
[1.420s] [01m[K/home/akun/workspace/CAR/real_ws/convert_laser/src/convert.cpp:125:51:[m[K [01;31m[Kerror: [m[Kexpected ‘[01m[K;[m[K’ before ‘[01m[K)[m[K’ token
[1.420s]   125 |                    cloud2.width, custom->point_num[01;31m[K)[m[K;
[1.420s]       |                                                   [01;31m[K^[m[K
[1.420s] [01m[K/home/akun/workspace/CAR/real_ws/convert_laser/src/convert.cpp:[m[K In member function ‘[01m[Kvoid Subscriber::callback_laser(int)[m[K’:
[1.420s] [01m[K/home/akun/workspace/CAR/real_ws/convert_laser/src/convert.cpp:150:48:[m[K [01;35m[Kwarning: [m[Kunused parameter ‘[01m[KSharedPtr[m[K’ [[01;35m[K]8;;https://gcc.gnu.org/onlinedocs/gcc/Warning-Options.html#index-Wunused-parameter-Wunused-parameter]8;;[m[K]
[1.420s]   150 |     void callback_laser([01;35m[Ksensor_msgs::msg::Imu::SharedPtr[m[K imus)
[1.420s]       |                         [01;35m[K~~~~~~~~~~~~~~~~~~~~~~~^~~~~~~~~[m[K
[1.938s] gmake[2]: *** [CMakeFiles/convert.dir/build.make:76: CMakeFiles/convert.dir/src/convert.cpp.o] Error 1
[1.938s] gmake[1]: *** [CMakeFiles/Makefile2:137: CMakeFiles/convert.dir/all] Error 2
[1.938s] gmake: *** [Makefile:146: all] Error 2
[1.940s] Invoked command in '/home/akun/workspace/CAR/real_ws/build/convert_laser' returned '2': CMAKE_PREFIX_PATH=${CMAKE_PREFIX_PATH}:/opt/ros/humble /usr/bin/cmake --build /home/akun/workspace/CAR/real_ws/build/convert_laser -- -j32 -l32
