[0.015s] Invoking command in '/home/akun/workspace/CAR/real_ws/build/convert_laser': CMAKE_PREFIX_PATH=${CMAKE_PREFIX_PATH}:/opt/ros/humble /usr/bin/cmake --build /home/akun/workspace/CAR/real_ws/build/convert_laser -- -j32 -l32
[0.061s] [100%] Built target convert
[0.068s] Invoked command in '/home/akun/workspace/CAR/real_ws/build/convert_laser' returned '0': CMAKE_PREFIX_PATH=${CMAKE_PREFIX_PATH}:/opt/ros/humble /usr/bin/cmake --build /home/akun/workspace/CAR/real_ws/build/convert_laser -- -j32 -l32
[0.074s] Invoking command in '/home/akun/workspace/CAR/real_ws/build/convert_laser': CMAKE_PREFIX_PATH=${CMAKE_PREFIX_PATH}:/opt/ros/humble /usr/bin/cmake --install /home/akun/workspace/CAR/real_ws/build/convert_laser
[0.078s] -- Install configuration: ""
[0.078s] -- Up-to-date: /home/akun/workspace/CAR/real_ws/install/convert_laser/lib/convert_laser/convert
[0.078s] -- Up-to-date: /home/akun/workspace/CAR/real_ws/install/convert_laser/share/convert_laser/launch
[0.079s] -- Installing: /home/akun/workspace/CAR/real_ws/install/convert_laser/share/convert_laser/launch/run.launch.py
[0.079s] -- Up-to-date: /home/akun/workspace/CAR/real_ws/install/convert_laser/share/ament_index/resource_index/package_run_dependencies/convert_laser
[0.079s] -- Up-to-date: /home/akun/workspace/CAR/real_ws/install/convert_laser/share/ament_index/resource_index/parent_prefix_path/convert_laser
[0.079s] -- Up-to-date: /home/akun/workspace/CAR/real_ws/install/convert_laser/share/convert_laser/environment/ament_prefix_path.sh
[0.079s] -- Up-to-date: /home/akun/workspace/CAR/real_ws/install/convert_laser/share/convert_laser/environment/ament_prefix_path.dsv
[0.079s] -- Up-to-date: /home/akun/workspace/CAR/real_ws/install/convert_laser/share/convert_laser/environment/path.sh
[0.079s] -- Up-to-date: /home/akun/workspace/CAR/real_ws/install/convert_laser/share/convert_laser/environment/path.dsv
[0.079s] -- Up-to-date: /home/akun/workspace/CAR/real_ws/install/convert_laser/share/convert_laser/local_setup.bash
[0.079s] -- Up-to-date: /home/akun/workspace/CAR/real_ws/install/convert_laser/share/convert_laser/local_setup.sh
[0.079s] -- Up-to-date: /home/akun/workspace/CAR/real_ws/install/convert_laser/share/convert_laser/local_setup.zsh
[0.080s] -- Up-to-date: /home/akun/workspace/CAR/real_ws/install/convert_laser/share/convert_laser/local_setup.dsv
[0.080s] -- Installing: /home/akun/workspace/CAR/real_ws/install/convert_laser/share/convert_laser/package.dsv
[0.080s] -- Up-to-date: /home/akun/workspace/CAR/real_ws/install/convert_laser/share/ament_index/resource_index/packages/convert_laser
[0.080s] -- Up-to-date: /home/akun/workspace/CAR/real_ws/install/convert_laser/share/convert_laser/cmake/convert_laserConfig.cmake
[0.080s] -- Up-to-date: /home/akun/workspace/CAR/real_ws/install/convert_laser/share/convert_laser/cmake/convert_laserConfig-version.cmake
[0.080s] -- Up-to-date: /home/akun/workspace/CAR/real_ws/install/convert_laser/share/convert_laser/package.xml
[0.080s] Invoked command in '/home/akun/workspace/CAR/real_ws/build/convert_laser' returned '0': CMAKE_PREFIX_PATH=${CMAKE_PREFIX_PATH}:/opt/ros/humble /usr/bin/cmake --install /home/akun/workspace/CAR/real_ws/build/convert_laser
