[0.362s] Invoking command in '/home/akun/workspace/CAR/simulation_ws/cmd_vel_smooth': PYTHONPATH=/home/akun/workspace/CAR/simulation_ws/build/cmd_vel_smooth/prefix_override:/usr/lib/python3/dist-packages/colcon_core/task/python/colcon_distutils_commands:/home/akun/workspace/CAR/simulation_ws/install/cmd_vel_smooth/lib/python3.10/site-packages:${PYTHONPATH} /usr/bin/python3 -W ignore:setup.py install is deprecated -W ignore:easy_install command is deprecated setup.py egg_info --egg-base ../build/cmd_vel_smooth build --build-base /home/akun/workspace/CAR/simulation_ws/build/cmd_vel_smooth/build install --record /home/akun/workspace/CAR/simulation_ws/build/cmd_vel_smooth/install.log --single-version-externally-managed install_data
[0.471s] running egg_info
[0.471s] writing ../build/cmd_vel_smooth/cmd_vel_smooth.egg-info/PKG-INFO
[0.472s] writing dependency_links to ../build/cmd_vel_smooth/cmd_vel_smooth.egg-info/dependency_links.txt
[0.474s] writing entry points to ../build/cmd_vel_smooth/cmd_vel_smooth.egg-info/entry_points.txt
[0.474s] writing requirements to ../build/cmd_vel_smooth/cmd_vel_smooth.egg-info/requires.txt
[0.474s] writing top-level names to ../build/cmd_vel_smooth/cmd_vel_smooth.egg-info/top_level.txt
[0.475s] reading manifest file '../build/cmd_vel_smooth/cmd_vel_smooth.egg-info/SOURCES.txt'
[0.475s] writing manifest file '../build/cmd_vel_smooth/cmd_vel_smooth.egg-info/SOURCES.txt'
[0.475s] running build
[0.475s] running build_py
[0.475s] running install
[0.475s] running install_lib
[0.476s] running install_data
[0.476s] running install_egg_info
[0.477s] removing '/home/akun/workspace/CAR/simulation_ws/install/cmd_vel_smooth/lib/python3.10/site-packages/cmd_vel_smooth-0.0.0-py3.10.egg-info' (and everything under it)
[0.477s] Copying ../build/cmd_vel_smooth/cmd_vel_smooth.egg-info to /home/akun/workspace/CAR/simulation_ws/install/cmd_vel_smooth/lib/python3.10/site-packages/cmd_vel_smooth-0.0.0-py3.10.egg-info
[0.478s] running install_scripts
[0.489s] Installing cmd_vel_smooth script to /home/akun/workspace/CAR/simulation_ws/install/cmd_vel_smooth/lib/cmd_vel_smooth
[0.489s] writing list of installed files to '/home/akun/workspace/CAR/simulation_ws/build/cmd_vel_smooth/install.log'
[0.502s] Invoked command in '/home/akun/workspace/CAR/simulation_ws/cmd_vel_smooth' returned '0': PYTHONPATH=/home/akun/workspace/CAR/simulation_ws/build/cmd_vel_smooth/prefix_override:/usr/lib/python3/dist-packages/colcon_core/task/python/colcon_distutils_commands:/home/akun/workspace/CAR/simulation_ws/install/cmd_vel_smooth/lib/python3.10/site-packages:${PYTHONPATH} /usr/bin/python3 -W ignore:setup.py install is deprecated -W ignore:easy_install command is deprecated setup.py egg_info --egg-base ../build/cmd_vel_smooth build --build-base /home/akun/workspace/CAR/simulation_ws/build/cmd_vel_smooth/build install --record /home/akun/workspace/CAR/simulation_ws/build/cmd_vel_smooth/install.log --single-version-externally-managed install_data
