-- Install configuration: ""
-- Up-to-date: /home/akun/workspace/CAR/1_URDF_ws/install/robot/share/robot/launch
-- Up-to-date: /home/akun/workspace/CAR/1_URDF_ws/install/robot/share/robot/launch/my_launch.py
-- Installing: /home/akun/workspace/CAR/1_URDF_ws/install/robot/share/robot/launch/gazebo_sim.launch.py
-- Up-to-date: /home/akun/workspace/CAR/1_URDF_ws/install/robot/share/robot/urdf
-- Up-to-date: /home/akun/workspace/CAR/1_URDF_ws/install/robot/share/robot/urdf/first_robot.xacro
-- Up-to-date: /home/akun/workspace/CAR/1_URDF_ws/install/robot/share/robot/urdf/robot
-- Up-to-date: /home/akun/workspace/CAR/1_URDF_ws/install/robot/share/robot/urdf/robot/sensor
-- Up-to-date: /home/akun/workspace/CAR/1_URDF_ws/install/robot/share/robot/urdf/robot/sensor/laser.urdf.xacro
-- Up-to-date: /home/akun/workspace/CAR/1_URDF_ws/install/robot/share/robot/urdf/robot/sensor/imu.urdf.xacro
-- Up-to-date: /home/akun/workspace/CAR/1_URDF_ws/install/robot/share/robot/urdf/robot/sensor/camera.urdf.xacro
-- Up-to-date: /home/akun/workspace/CAR/1_URDF_ws/install/robot/share/robot/urdf/robot/sensor/laser_back.urdf.xacro
-- Up-to-date: /home/akun/workspace/CAR/1_URDF_ws/install/robot/share/robot/urdf/robot/common_inertial.xacro
-- Up-to-date: /home/akun/workspace/CAR/1_URDF_ws/install/robot/share/robot/urdf/robot/base.urdf.xacro
-- Up-to-date: /home/akun/workspace/CAR/1_URDF_ws/install/robot/share/robot/urdf/robot/actor
-- Up-to-date: /home/akun/workspace/CAR/1_URDF_ws/install/robot/share/robot/urdf/robot/actor/wheel_congdong.urdf.xacro
-- Up-to-date: /home/akun/workspace/CAR/1_URDF_ws/install/robot/share/robot/urdf/robot/actor/wheel.urdf.xacro
-- Up-to-date: /home/akun/workspace/CAR/1_URDF_ws/install/robot/share/robot/urdf/robot/robot.urdf.xacro
-- Up-to-date: /home/akun/workspace/CAR/1_URDF_ws/install/robot/share/robot/urdf/robot/plugins
-- Up-to-date: /home/akun/workspace/CAR/1_URDF_ws/install/robot/share/robot/urdf/robot/plugins/gazebo_control_plugin.xacro
-- Up-to-date: /home/akun/workspace/CAR/1_URDF_ws/install/robot/share/robot/urdf/robot/plugins/gazebo_laser_plugin_back.xacro
-- Up-to-date: /home/akun/workspace/CAR/1_URDF_ws/install/robot/share/robot/urdf/robot/plugins/gazebo_laser_plugin.xacro
-- Up-to-date: /home/akun/workspace/CAR/1_URDF_ws/install/robot/share/robot/urdf/robot/plugins/gazebo_imu_plugin.xacro
-- Up-to-date: /home/akun/workspace/CAR/1_URDF_ws/install/robot/share/robot/urdf/first_robot.pdf
-- Up-to-date: /home/akun/workspace/CAR/1_URDF_ws/install/robot/share/robot/urdf/first_robot.urdf
-- Up-to-date: /home/akun/workspace/CAR/1_URDF_ws/install/robot/share/robot/urdf/first_robot.gv
-- Up-to-date: /home/akun/workspace/CAR/1_URDF_ws/install/robot/share/robot/rviz_config
-- Up-to-date: /home/akun/workspace/CAR/1_URDF_ws/install/robot/share/robot/rviz_config/robot_model.rviz
-- Up-to-date: /home/akun/workspace/CAR/1_URDF_ws/install/robot/share/robot/world
-- Up-to-date: /home/akun/workspace/CAR/1_URDF_ws/install/robot/share/robot/world/room
-- Up-to-date: /home/akun/workspace/CAR/1_URDF_ws/install/robot/share/robot/world/room/model.sdf
-- Up-to-date: /home/akun/workspace/CAR/1_URDF_ws/install/robot/share/robot/world/room/model.config
-- Up-to-date: /home/akun/workspace/CAR/1_URDF_ws/install/robot/share/robot/world/custom_world.world
-- Up-to-date: /home/akun/workspace/CAR/1_URDF_ws/install/robot/share/robot/world/world
-- Up-to-date: /home/akun/workspace/CAR/1_URDF_ws/install/robot/share/robot/world/custom_room.world
-- Up-to-date: /home/akun/workspace/CAR/1_URDF_ws/install/robot/share/ament_index/resource_index/package_run_dependencies/robot
-- Up-to-date: /home/akun/workspace/CAR/1_URDF_ws/install/robot/share/ament_index/resource_index/parent_prefix_path/robot
-- Up-to-date: /home/akun/workspace/CAR/1_URDF_ws/install/robot/share/robot/environment/ament_prefix_path.sh
-- Up-to-date: /home/akun/workspace/CAR/1_URDF_ws/install/robot/share/robot/environment/ament_prefix_path.dsv
-- Up-to-date: /home/akun/workspace/CAR/1_URDF_ws/install/robot/share/robot/environment/path.sh
-- Up-to-date: /home/akun/workspace/CAR/1_URDF_ws/install/robot/share/robot/environment/path.dsv
-- Up-to-date: /home/akun/workspace/CAR/1_URDF_ws/install/robot/share/robot/local_setup.bash
-- Up-to-date: /home/akun/workspace/CAR/1_URDF_ws/install/robot/share/robot/local_setup.sh
-- Up-to-date: /home/akun/workspace/CAR/1_URDF_ws/install/robot/share/robot/local_setup.zsh
-- Up-to-date: /home/akun/workspace/CAR/1_URDF_ws/install/robot/share/robot/local_setup.dsv
-- Installing: /home/akun/workspace/CAR/1_URDF_ws/install/robot/share/robot/package.dsv
-- Up-to-date: /home/akun/workspace/CAR/1_URDF_ws/install/robot/share/ament_index/resource_index/packages/robot
-- Up-to-date: /home/akun/workspace/CAR/1_URDF_ws/install/robot/share/robot/cmake/robotConfig.cmake
-- Up-to-date: /home/akun/workspace/CAR/1_URDF_ws/install/robot/share/robot/cmake/robotConfig-version.cmake
-- Up-to-date: /home/akun/workspace/CAR/1_URDF_ws/install/robot/share/robot/package.xml
